TpTrace Verbose: 0 : 1668, 1, 2022/12/04, 20:02:17.369, 14532012209752, testhost.dll, Version: 16.11.0
TpTrace Information: 0 : 1668, 1, 2022/12/04, 20:02:17.377, 14532012269831, testhost.dll, DefaultEngineInvoker.Invoke: Testhost process started with args :[--port, 63559],[--endpoint, 127.0.0.1:063559],[--role, client],[--parentprocessid, 8296],[--diag, C:\EAD\ProjectTime\ProjectTimeWebApp.Test\bin\Debug\net6.0\fine-code-coverage\coverage-tool-output\diagnostics.host.22-12-04_20-02-17_17914_7.log],[--tracelevel, 4],[--datacollectionport, 63558],[--telemetryoptedin, false]
TpTrace Information: 0 : 1668, 1, 2022/12/04, 20:02:17.379, 14532012287596, testhost.dll, Setting up debug trace listener.
TpTrace Verbose: 0 : 1668, 1, 2022/12/04, 20:02:17.379, 14532012289331, testhost.dll, TestPlatformTraceListener.Setup: Replacing listener 0 with TestHostTraceListener.
TpTrace Verbose: 0 : 1668, 1, 2022/12/04, 20:02:17.379, 14532012289678, testhost.dll, TestPlatformTraceListener.Setup: Added test platform trace listener.
TpTrace Information: 0 : 1668, 1, 2022/12/04, 20:02:17.380, 14532012298499, testhost.dll, DefaultEngineInvoker.SetParentProcessExitCallback: Monitoring parent process with id: '8296'
TpTrace Information: 0 : 1668, 1, 2022/12/04, 20:02:17.386, 14532012357041, testhost.dll, DefaultEngineInvoker.GetConnectionInfo: Initialize communication on endpoint address: '127.0.0.1:063559'
TpTrace Information: 0 : 1668, 1, 2022/12/04, 20:02:17.394, 14532012437023, testhost.dll, SocketClient.Start: connecting to server endpoint: 127.0.0.1:063559
TpTrace Information: 0 : 1668, 1, 2022/12/04, 20:02:17.400, 14532012498078, testhost.dll, DefaultEngineInvoker.ConnectToDatacollector: Connecting to datacollector, port: 63558
TpTrace Information: 0 : 1668, 10, 2022/12/04, 20:02:17.401, 14532012510013, testhost.dll, SocketClient.OnServerConnected: connected to server endpoint: 127.0.0.1:063559
TpTrace Verbose: 0 : 1668, 10, 2022/12/04, 20:02:17.403, 14532012526009, testhost.dll, Connected to server, and starting MessageLoopAsync
TpTrace Information: 0 : 1668, 1, 2022/12/04, 20:02:17.404, 14532012530617, testhost.dll, Trying to connect to server on socket : 127.0.0.1:63558 
TpTrace Verbose: 0 : 1668, 1, 2022/12/04, 20:02:17.404, 14532012532896, testhost.dll, SocketCommunicationManager : SetupClientAsync : Attempting to connect to the server.
TpTrace Information: 0 : 1668, 9, 2022/12/04, 20:02:17.405, 14532012542368, testhost.dll, Connected to the server successfully 
TpTrace Information: 0 : 1668, 9, 2022/12/04, 20:02:17.405, 14532012542914, testhost.dll, Using the buffer size of 16384 bytes
TpTrace Information: 0 : 1668, 1, 2022/12/04, 20:02:17.405, 14532012546874, testhost.dll, DefaultEngineInvoker.Invoke: Start Request Processing.
TpTrace Information: 0 : 1668, 12, 2022/12/04, 20:02:17.406, 14532012553503, testhost.dll, DefaultEngineInvoker.StartProcessingAsync: Connected to vstest.console, Starting process requests.
TpTrace Verbose: 0 : 1668, 10, 2022/12/04, 20:02:17.406, 14532012554545, testhost.dll, TcpClientExtensions.MessageLoopAsync: Polling on remoteEndPoint: [::ffff:127.0.0.1]:63559 localEndPoint: [::ffff:127.0.0.1]:63560
TpTrace Verbose: 0 : 1668, 10, 2022/12/04, 20:02:17.406, 14532012558503, testhost.dll, TcpClientExtensions.MessageLoopAsync: NotifyDataAvailable remoteEndPoint: [::ffff:127.0.0.1]:63559 localEndPoint: [::ffff:127.0.0.1]:63560
TpTrace Information: 0 : 1668, 10, 2022/12/04, 20:02:17.497, 14532013467060, testhost.dll, TestRequestHandler.OnMessageReceived: received message: (ProtocolVersion) -> 7
TpTrace Verbose: 0 : 1668, 10, 2022/12/04, 20:02:17.521, 14532013700579, testhost.dll, TestRequestHandler.SendData:  sending data from testhost: {"Version":5,"MessageType":"TestSession.Message","Payload":{"MessageLevel":0,"Message":"Logging TestHost Diagnostics in file: C:\\EAD\\ProjectTime\\ProjectTimeWebApp.Test\\bin\\Debug\\net6.0\\fine-code-coverage\\coverage-tool-output\\diagnostics.host.22-12-04_20-02-17_17914_7.log"}}
TpTrace Verbose: 0 : 1668, 10, 2022/12/04, 20:02:17.521, 14532013702859, testhost.dll, TcpClientExtensions.MessageLoopAsync: Polling on remoteEndPoint: [::ffff:127.0.0.1]:63559 localEndPoint: [::ffff:127.0.0.1]:63560
TpTrace Verbose: 0 : 1668, 10, 2022/12/04, 20:02:17.521, 14532013704174, testhost.dll, TcpClientExtensions.MessageLoopAsync: NotifyDataAvailable remoteEndPoint: [::ffff:127.0.0.1]:63559 localEndPoint: [::ffff:127.0.0.1]:63560
TpTrace Information: 0 : 1668, 10, 2022/12/04, 20:02:17.526, 14532013751980, testhost.dll, TestRequestHandler.OnMessageReceived: received message: (TestExecution.Initialize) -> [
  "C:\\EAD\\ProjectTime\\ProjectTimeWebApp.Test\\bin\\Debug\\net6.0\\fine-code-coverage\\build-output\\Microsoft.VisualStudio.TestPlatform.MSTest.TestAdapter.dll",
  "C:\\EAD\\ProjectTime\\ProjectTimeWebApp.Test\\bin\\Debug\\net6.0\\fine-code-coverage\\build-output\\NUnit3.TestAdapter.dll",
  "C:\\EAD\\ProjectTime\\ProjectTimeWebApp.Test\\bin\\Debug\\net6.0\\fine-code-coverage\\build-output\\xunit.runner.visualstudio.dotnetcore.testadapter.dll"
]
TpTrace Verbose: 0 : 1668, 10, 2022/12/04, 20:02:17.532, 14532013813423, testhost.dll, TcpClientExtensions.MessageLoopAsync: Polling on remoteEndPoint: [::ffff:127.0.0.1]:63559 localEndPoint: [::ffff:127.0.0.1]:63560
TpTrace Verbose: 0 : 1668, 10, 2022/12/04, 20:02:17.532, 14532013815294, testhost.dll, TcpClientExtensions.MessageLoopAsync: NotifyDataAvailable remoteEndPoint: [::ffff:127.0.0.1]:63559 localEndPoint: [::ffff:127.0.0.1]:63560
TpTrace Information: 0 : 1668, 4, 2022/12/04, 20:02:17.532, 14532013818658, testhost.dll, TestRequestHandler.OnMessageReceived: Running job 'TestExecution.Initialize'.
TpTrace Verbose: 0 : 1668, 4, 2022/12/04, 20:02:17.534, 14532013838767, testhost.dll, TestExecutorService: Loading the extensions
TpTrace Information: 0 : 1668, 10, 2022/12/04, 20:02:17.536, 14532013855471, testhost.dll, TestRequestHandler.OnMessageReceived: received message: (TestExecution.StartWithSources) -> {
  "AdapterSourceMap": {
    "_none_": [
      "C:\\EAD\\ProjectTime\\ProjectTimeWebApp.Test\\bin\\Debug\\net6.0\\fine-code-coverage\\build-output\\ProjectTimeWebApp.Test.dll"
    ]
  },
  "RunSettings": "<RunSettings>\r\n  <RunConfiguration>\r\n    <ResultsDirectory>C:\\EAD\\ProjectTime\\ProjectTimeWebApp.Test\\bin\\Debug\\net6.0\\fine-code-coverage\\coverage-tool-output</ResultsDirectory>\r\n    <TargetFrameworkVersion>.NETCoreApp,Version=v6.0</TargetFrameworkVersion>\r\n    <DesignMode>False</DesignMode>\r\n    <CollectSourceInformation>False</CollectSourceInformation>\r\n  </RunConfiguration>\r\n  <LoggerRunSettings>\r\n    <Loggers>\r\n      <Logger friendlyName=\"blame\" enabled=\"True\" />\r\n      <Logger friendlyName=\"Console\" uri=\"logger://microsoft/TestPlatform/ConsoleLogger/v1\" assemblyQualifiedName=\"Microsoft.VisualStudio.TestPlatform.CommandLine.Internal.ConsoleLogger, vstest.console, Version=15.0.0.0, Culture=neutral, PublicKeyToken=b03f5f7f11d50a3a\" codeBase=\"C:\\Program Files\\dotnet\\sdk\\7.0.100\\vstest.console.dll\" enabled=\"True\" />\r\n    </Loggers>\r\n  </LoggerRunSettings>\r\n  <DataCollectionRunSettings>\r\n    <DataCollectors>\r\n      <DataCollector friendlyName=\"blame\" enabled=\"True\">\r\n        <Configuration>\r\n          <ResultsDirectory>C:\\EAD\\ProjectTime\\ProjectTimeWebApp.Test\\bin\\Debug\\net6.0\\fine-code-coverage\\coverage-tool-output</ResultsDirectory>\r\n        </Configuration>\r\n      </DataCollector>\r\n    </DataCollectors>\r\n  </DataCollectionRunSettings>\r\n</RunSettings>",
  "TestExecutionContext": {
    "FrequencyOfRunStatsChangeEvent": 10,
    "RunStatsChangeEventTimeout": "00:00:01.5000000",
    "InIsolation": false,
    "KeepAlive": false,
    "AreTestCaseLevelEventsRequired": false,
    "IsDebug": false,
    "TestCaseFilter": null,
    "FilterOptions": null
  },
  "Package": null
}
TpTrace Verbose: 0 : 1668, 4, 2022/12/04, 20:02:17.536, 14532013856030, testhost.dll, TestPluginCache.DiscoverTestExtensions: finding test extensions in assemblies ends with: TestAdapter.dll TPluginInfo: Microsoft.VisualStudio.TestPlatform.Common.ExtensionFramework.Utilities.TestExecutorPluginInformation TExtension: Microsoft.VisualStudio.TestPlatform.ObjectModel.Adapter.ITestExecutor
TpTrace Verbose: 0 : 1668, 4, 2022/12/04, 20:02:17.537, 14532013864534, testhost.dll, TestPluginCache.GetExtensionPaths: Filtered extension paths: 
TpTrace Verbose: 0 : 1668, 4, 2022/12/04, 20:02:17.537, 14532013867502, testhost.dll, TestPluginCache.GetExtensionPaths: Added default extension paths: C:\EAD\ProjectTime\ProjectTimeWebApp.Test\bin\Debug\net6.0\fine-code-coverage\build-output\Microsoft.VisualStudio.TestPlatform.MSTest.TestAdapter.dll
C:\EAD\ProjectTime\ProjectTimeWebApp.Test\bin\Debug\net6.0\fine-code-coverage\build-output\NUnit3.TestAdapter.dll
C:\EAD\ProjectTime\ProjectTimeWebApp.Test\bin\Debug\net6.0\fine-code-coverage\build-output\xunit.runner.visualstudio.dotnetcore.testadapter.dll
TpTrace Verbose: 0 : 1668, 4, 2022/12/04, 20:02:17.537, 14532013868005, testhost.dll, TestPluginCache.GetExtensionPaths: Added unfilterableExtensionPaths: 
TpTrace Information: 0 : 1668, 4, 2022/12/04, 20:02:17.539, 14532013883925, testhost.dll, AssemblyResolver.ctor: Creating AssemblyResolver with searchDirectories C:\EAD\ProjectTime\ProjectTimeWebApp.Test\bin\Debug\net6.0\fine-code-coverage\build-output
TpTrace Verbose: 0 : 1668, 4, 2022/12/04, 20:02:17.540, 14532013895401, testhost.dll, TestPluginCache.DiscoverTestExtensions: Discovering the extensions using extension path.
TpTrace Verbose: 0 : 1668, 4, 2022/12/04, 20:02:17.540, 14532013896629, testhost.dll, TestPluginCache.GetExtensionPaths: Filtered extension paths: 
TpTrace Verbose: 0 : 1668, 4, 2022/12/04, 20:02:17.540, 14532013897030, testhost.dll, TestPluginCache.GetExtensionPaths: Added default extension paths: C:\EAD\ProjectTime\ProjectTimeWebApp.Test\bin\Debug\net6.0\fine-code-coverage\build-output\Microsoft.VisualStudio.TestPlatform.MSTest.TestAdapter.dll
C:\EAD\ProjectTime\ProjectTimeWebApp.Test\bin\Debug\net6.0\fine-code-coverage\build-output\NUnit3.TestAdapter.dll
C:\EAD\ProjectTime\ProjectTimeWebApp.Test\bin\Debug\net6.0\fine-code-coverage\build-output\xunit.runner.visualstudio.dotnetcore.testadapter.dll
TpTrace Verbose: 0 : 1668, 4, 2022/12/04, 20:02:17.540, 14532013897365, testhost.dll, TestPluginCache.GetExtensionPaths: Added unfilterableExtensionPaths: 
TpTrace Verbose: 0 : 1668, 4, 2022/12/04, 20:02:17.540, 14532013897930, testhost.dll, TestPluginCache.DiscoverTestExtensions: Discovering the extensions using allExtensionPaths: C:\EAD\ProjectTime\ProjectTimeWebApp.Test\bin\Debug\net6.0\fine-code-coverage\build-output\Microsoft.VisualStudio.TestPlatform.MSTest.TestAdapter.dll
C:\EAD\ProjectTime\ProjectTimeWebApp.Test\bin\Debug\net6.0\fine-code-coverage\build-output\NUnit3.TestAdapter.dll
C:\EAD\ProjectTime\ProjectTimeWebApp.Test\bin\Debug\net6.0\fine-code-coverage\build-output\xunit.runner.visualstudio.dotnetcore.testadapter.dll
TpTrace Information: 0 : 1668, 4, 2022/12/04, 20:02:17.541, 14532013905830, testhost.dll, AssemblyResolver.AddSearchDirectories: Adding more searchDirectories C:\EAD\ProjectTime\ProjectTimeWebApp.Test\bin\Debug\net6.0\fine-code-coverage\build-output
TpTrace Information: 0 : 1668, 4, 2022/12/04, 20:02:17.541, 14532013906644, testhost.dll, AssemblyResolver.AddSearchDirectories: Adding more searchDirectories C:\EAD\ProjectTime\ProjectTimeWebApp.Test\bin\Debug\net6.0\fine-code-coverage\build-output
TpTrace Information: 0 : 1668, 4, 2022/12/04, 20:02:17.541, 14532013906994, testhost.dll, AssemblyResolver.AddSearchDirectories: Adding more searchDirectories C:\EAD\ProjectTime\ProjectTimeWebApp.Test\bin\Debug\net6.0\fine-code-coverage\build-output
TpTrace Information: 0 : 1668, 4, 2022/12/04, 20:02:17.545, 14532013948895, testhost.dll, AssemblyResolver.OnResolve: Microsoft.VisualStudio.TestPlatform.MSTest.TestAdapter: Resolving assembly.
TpTrace Information: 0 : 1668, 4, 2022/12/04, 20:02:17.546, 14532013950278, testhost.dll, AssemblyResolver.OnResolve: Microsoft.VisualStudio.TestPlatform.MSTest.TestAdapter: Searching in: 'C:\EAD\ProjectTime\ProjectTimeWebApp.Test\bin\Debug\net6.0\fine-code-coverage\build-output'.
TpTrace Information: 0 : 1668, 4, 2022/12/04, 20:02:17.547, 14532013961350, testhost.dll, AssemblyResolver.OnResolve: Microsoft.VisualStudio.TestPlatform.MSTest.TestAdapter: Loading assembly 'C:\EAD\ProjectTime\ProjectTimeWebApp.Test\bin\Debug\net6.0\fine-code-coverage\build-output\Microsoft.VisualStudio.TestPlatform.MSTest.TestAdapter.dll'.
TpTrace Information: 0 : 1668, 4, 2022/12/04, 20:02:17.547, 14532013968018, testhost.dll, AssemblyResolver.OnResolve: Resolved assembly: Microsoft.VisualStudio.TestPlatform.MSTest.TestAdapter, from path: C:\EAD\ProjectTime\ProjectTimeWebApp.Test\bin\Debug\net6.0\fine-code-coverage\build-output\Microsoft.VisualStudio.TestPlatform.MSTest.TestAdapter.dll
TpTrace Information: 0 : 1668, 4, 2022/12/04, 20:02:17.561, 14532014109577, testhost.dll, AssemblyResolver.OnResolve: NUnit3.TestAdapter: Resolving assembly.
TpTrace Information: 0 : 1668, 4, 2022/12/04, 20:02:17.562, 14532014110622, testhost.dll, AssemblyResolver.OnResolve: NUnit3.TestAdapter: Searching in: 'C:\EAD\ProjectTime\ProjectTimeWebApp.Test\bin\Debug\net6.0\fine-code-coverage\build-output'.
TpTrace Information: 0 : 1668, 4, 2022/12/04, 20:02:17.562, 14532014113501, testhost.dll, AssemblyResolver.OnResolve: NUnit3.TestAdapter: Loading assembly 'C:\EAD\ProjectTime\ProjectTimeWebApp.Test\bin\Debug\net6.0\fine-code-coverage\build-output\NUnit3.TestAdapter.dll'.
TpTrace Information: 0 : 1668, 4, 2022/12/04, 20:02:17.562, 14532014118493, testhost.dll, AssemblyResolver.OnResolve: Resolved assembly: NUnit3.TestAdapter, from path: C:\EAD\ProjectTime\ProjectTimeWebApp.Test\bin\Debug\net6.0\fine-code-coverage\build-output\NUnit3.TestAdapter.dll
TpTrace Information: 0 : 1668, 4, 2022/12/04, 20:02:17.564, 14532014133122, testhost.dll, AssemblyResolver.OnResolve: nunit.engine.api: Resolving assembly.
TpTrace Information: 0 : 1668, 4, 2022/12/04, 20:02:17.564, 14532014133822, testhost.dll, AssemblyResolver.OnResolve: nunit.engine.api: Searching in: 'C:\EAD\ProjectTime\ProjectTimeWebApp.Test\bin\Debug\net6.0\fine-code-coverage\build-output'.
TpTrace Information: 0 : 1668, 4, 2022/12/04, 20:02:17.564, 14532014136252, testhost.dll, AssemblyResolver.OnResolve: nunit.engine.api: Loading assembly 'C:\EAD\ProjectTime\ProjectTimeWebApp.Test\bin\Debug\net6.0\fine-code-coverage\build-output\nunit.engine.api.dll'.
TpTrace Information: 0 : 1668, 4, 2022/12/04, 20:02:17.565, 14532014144326, testhost.dll, AssemblyResolver.OnResolve: Resolved assembly: nunit.engine.api, from path: C:\EAD\ProjectTime\ProjectTimeWebApp.Test\bin\Debug\net6.0\fine-code-coverage\build-output\nunit.engine.api.dll
TpTrace Information: 0 : 1668, 4, 2022/12/04, 20:02:17.568, 14532014172762, testhost.dll, AssemblyResolver.OnResolve: xunit.runner.visualstudio.dotnetcore.testadapter: Resolving assembly.
TpTrace Information: 0 : 1668, 4, 2022/12/04, 20:02:17.568, 14532014173438, testhost.dll, AssemblyResolver.OnResolve: xunit.runner.visualstudio.dotnetcore.testadapter: Searching in: 'C:\EAD\ProjectTime\ProjectTimeWebApp.Test\bin\Debug\net6.0\fine-code-coverage\build-output'.
TpTrace Information: 0 : 1668, 4, 2022/12/04, 20:02:17.568, 14532014176246, testhost.dll, AssemblyResolver.OnResolve: xunit.runner.visualstudio.dotnetcore.testadapter: Loading assembly 'C:\EAD\ProjectTime\ProjectTimeWebApp.Test\bin\Debug\net6.0\fine-code-coverage\build-output\xunit.runner.visualstudio.dotnetcore.testadapter.dll'.
TpTrace Information: 0 : 1668, 4, 2022/12/04, 20:02:17.569, 14532014181326, testhost.dll, AssemblyResolver.OnResolve: Resolved assembly: xunit.runner.visualstudio.dotnetcore.testadapter, from path: C:\EAD\ProjectTime\ProjectTimeWebApp.Test\bin\Debug\net6.0\fine-code-coverage\build-output\xunit.runner.visualstudio.dotnetcore.testadapter.dll
TpTrace Information: 0 : 1668, 4, 2022/12/04, 20:02:17.570, 14532014193282, testhost.dll, AssemblyResolver.OnResolve: xunit.abstractions: Resolving assembly.
TpTrace Information: 0 : 1668, 4, 2022/12/04, 20:02:17.570, 14532014193880, testhost.dll, AssemblyResolver.OnResolve: xunit.abstractions: Searching in: 'C:\EAD\ProjectTime\ProjectTimeWebApp.Test\bin\Debug\net6.0\fine-code-coverage\build-output'.
TpTrace Information: 0 : 1668, 4, 2022/12/04, 20:02:17.570, 14532014196093, testhost.dll, AssemblyResolver.OnResolve: xunit.abstractions: Assembly path does not exist: 'C:\EAD\ProjectTime\ProjectTimeWebApp.Test\bin\Debug\net6.0\fine-code-coverage\build-output\xunit.abstractions.dll', returning.
TpTrace Information: 0 : 1668, 4, 2022/12/04, 20:02:17.570, 14532014197700, testhost.dll, AssemblyResolver.OnResolve: xunit.abstractions: Assembly path does not exist: 'C:\EAD\ProjectTime\ProjectTimeWebApp.Test\bin\Debug\net6.0\fine-code-coverage\build-output\xunit.abstractions.exe', returning.
TpTrace Information: 0 : 1668, 4, 2022/12/04, 20:02:17.570, 14532014199632, testhost.dll, AssemblyResolver.OnResolve: xunit.abstractions: Failed to load assembly.
TpTrace Verbose: 0 : 1668, 4, 2022/12/04, 20:02:17.571, 14532014202698, testhost.dll, CurrentDomainAssemblyResolve: Resolving assembly 'xunit.abstractions'.
TpTrace Information: 0 : 1668, 4, 2022/12/04, 20:02:17.571, 14532014203331, testhost.dll, AssemblyResolver.OnResolve: xunit.abstractions: Resolving assembly.
TpTrace Information: 0 : 1668, 4, 2022/12/04, 20:02:17.571, 14532014204288, testhost.dll, AssemblyResolver.OnResolve: xunit.abstractions: Resolved from cache.
TpTrace Verbose: 0 : 1668, 4, 2022/12/04, 20:02:17.571, 14532014205061, testhost.dll, CurrentDomainAssemblyResolve: Resolving assembly 'xunit.abstractions'.
TpTrace Verbose: 0 : 1668, 4, 2022/12/04, 20:02:17.571, 14532014205392, testhost.dll, CurrentDomainAssemblyResolve: Failed to resolve assembly 'xunit.abstractions'.
TpTrace Verbose: 0 : 1668, 10, 2022/12/04, 20:02:17.571, 14532014206032, testhost.dll, TcpClientExtensions.MessageLoopAsync: Polling on remoteEndPoint: [::ffff:127.0.0.1]:63559 localEndPoint: [::ffff:127.0.0.1]:63560
TpTrace Verbose: 0 : 1668, 4, 2022/12/04, 20:02:17.572, 14532014218736, testhost.dll, CurrentDomainAssemblyResolve: Failed to resolve assembly 'xunit.abstractions'.
TpTrace Information: 0 : 1668, 4, 2022/12/04, 20:02:17.573, 14532014226502, testhost.dll, AssemblyResolver.OnResolve: xunit.runner.utility.netcoreapp10: Resolving assembly.
TpTrace Information: 0 : 1668, 4, 2022/12/04, 20:02:17.573, 14532014227050, testhost.dll, AssemblyResolver.OnResolve: xunit.runner.utility.netcoreapp10: Searching in: 'C:\EAD\ProjectTime\ProjectTimeWebApp.Test\bin\Debug\net6.0\fine-code-coverage\build-output'.
TpTrace Information: 0 : 1668, 4, 2022/12/04, 20:02:17.574, 14532014230789, testhost.dll, AssemblyResolver.OnResolve: xunit.runner.utility.netcoreapp10: Loading assembly 'C:\EAD\ProjectTime\ProjectTimeWebApp.Test\bin\Debug\net6.0\fine-code-coverage\build-output\xunit.runner.utility.netcoreapp10.dll'.
TpTrace Information: 0 : 1668, 4, 2022/12/04, 20:02:17.574, 14532014238636, testhost.dll, AssemblyResolver.OnResolve: Resolved assembly: xunit.runner.utility.netcoreapp10, from path: C:\EAD\ProjectTime\ProjectTimeWebApp.Test\bin\Debug\net6.0\fine-code-coverage\build-output\xunit.runner.utility.netcoreapp10.dll
TpTrace Information: 0 : 1668, 4, 2022/12/04, 20:02:17.575, 14532014241709, testhost.dll, AssemblyResolver.OnResolve: xunit.abstractions: Resolving assembly.
TpTrace Information: 0 : 1668, 4, 2022/12/04, 20:02:17.575, 14532014242189, testhost.dll, AssemblyResolver.OnResolve: xunit.abstractions: Resolved from cache.
TpTrace Verbose: 0 : 1668, 4, 2022/12/04, 20:02:17.575, 14532014242551, testhost.dll, CurrentDomainAssemblyResolve: Resolving assembly 'xunit.abstractions'.
TpTrace Verbose: 0 : 1668, 4, 2022/12/04, 20:02:17.575, 14532014242827, testhost.dll, CurrentDomainAssemblyResolve: Failed to resolve assembly 'xunit.abstractions'.
TpTrace Information: 0 : 1668, 4, 2022/12/04, 20:02:17.575, 14532014244522, testhost.dll, AssemblyResolver.OnResolve: xunit.abstractions: Resolving assembly.
TpTrace Information: 0 : 1668, 4, 2022/12/04, 20:02:17.575, 14532014244917, testhost.dll, AssemblyResolver.OnResolve: xunit.abstractions: Resolved from cache.
TpTrace Verbose: 0 : 1668, 4, 2022/12/04, 20:02:17.575, 14532014245431, testhost.dll, CurrentDomainAssemblyResolve: Resolving assembly 'xunit.abstractions'.
TpTrace Verbose: 0 : 1668, 4, 2022/12/04, 20:02:17.575, 14532014245824, testhost.dll, CurrentDomainAssemblyResolve: Failed to resolve assembly 'xunit.abstractions'.
TpTrace Information: 0 : 1668, 4, 2022/12/04, 20:02:17.576, 14532014250659, testhost.dll, AssemblyResolver.OnResolve: xunit.abstractions: Resolving assembly.
TpTrace Information: 0 : 1668, 4, 2022/12/04, 20:02:17.576, 14532014251411, testhost.dll, AssemblyResolver.OnResolve: xunit.abstractions: Resolved from cache.
TpTrace Verbose: 0 : 1668, 4, 2022/12/04, 20:02:17.576, 14532014251819, testhost.dll, CurrentDomainAssemblyResolve: Resolving assembly 'xunit.abstractions'.
TpTrace Verbose: 0 : 1668, 4, 2022/12/04, 20:02:17.576, 14532014252133, testhost.dll, CurrentDomainAssemblyResolve: Failed to resolve assembly 'xunit.abstractions'.
TpTrace Warning: 0 : 1668, 4, 2022/12/04, 20:02:17.591, 14532014401954, testhost.dll, TestPluginDiscoverer: Failed to get types from assembly 'xunit.runner.visualstudio.dotnetcore.testadapter, Version=2.4.0.0, Culture=neutral, PublicKeyToken=8d05b1bb7a6fdb6c'.  Skipping test extension scan for this assembly.  Error: System.Reflection.ReflectionTypeLoadException: Unable to load one or more of the requested types.
Could not load file or assembly 'xunit.abstractions, Version=2.0.0.0, Culture=neutral, PublicKeyToken=8d05b1bb7a6fdb6c'. The system cannot find the file specified.
Could not load file or assembly 'xunit.abstractions, Version=2.0.0.0, Culture=neutral, PublicKeyToken=8d05b1bb7a6fdb6c'. The system cannot find the file specified.
Could not load file or assembly 'xunit.abstractions, Version=2.0.0.0, Culture=neutral, PublicKeyToken=8d05b1bb7a6fdb6c'. The system cannot find the file specified.
Could not load file or assembly 'xunit.abstractions, Version=2.0.0.0, Culture=neutral, PublicKeyToken=8d05b1bb7a6fdb6c'. The system cannot find the file specified.
   at System.Reflection.RuntimeModule.GetTypes(RuntimeModule module)
   at System.Reflection.Assembly.GetTypes()
   at Microsoft.VisualStudio.TestPlatform.Common.ExtensionFramework.TestPluginDiscoverer.GetTestExtensionsFromAssembly[TPluginInfo,TExtension](Assembly assembly, Dictionary`2 pluginInfos)
System.IO.FileNotFoundException: Could not load file or assembly 'xunit.abstractions, Version=2.0.0.0, Culture=neutral, PublicKeyToken=8d05b1bb7a6fdb6c'. The system cannot find the file specified.
File name: 'xunit.abstractions, Version=2.0.0.0, Culture=neutral, PublicKeyToken=8d05b1bb7a6fdb6c'
 ---> System.IO.FileNotFoundException: Could not load file or assembly 'xunit.abstractions, Culture=neutral, PublicKeyToken=null'. The system cannot find the file specified.
File name: 'xunit.abstractions, Culture=neutral, PublicKeyToken=null'
   at System.Reflection.RuntimeAssembly.InternalLoad(ObjectHandleOnStack assemblyName, ObjectHandleOnStack requestingAssembly, StackCrawlMarkHandle stackMark, Boolean throwOnFileNotFound, ObjectHandleOnStack assemblyLoadContext, ObjectHandleOnStack retAssembly)
   at System.Reflection.RuntimeAssembly.InternalLoad(AssemblyName assemblyName, RuntimeAssembly requestingAssembly, StackCrawlMark& stackMark, Boolean throwOnFileNotFound, AssemblyLoadContext assemblyLoadContext)
   at System.Reflection.Assembly.Load(AssemblyName assemblyRef)
   at Microsoft.VisualStudio.TestPlatform.Common.ExtensionFramework.TestPluginCache.CurrentDomainAssemblyResolve(Object sender, AssemblyResolveEventArgs args)
   at Microsoft.VisualStudio.TestPlatform.PlatformAbstractions.PlatformAssemblyResolver.AssemblyResolverEvent(Object sender, Object eventArgs)
   at System.Runtime.Loader.AssemblyLoadContext.GetFirstResolvedAssemblyFromResolvingEvent(AssemblyName assemblyName)
   at System.Runtime.Loader.AssemblyLoadContext.ResolveUsingEvent(AssemblyName assemblyName)
   at System.Runtime.Loader.AssemblyLoadContext.ResolveUsingResolvingEvent(IntPtr gchManagedAssemblyLoadContext, AssemblyName assemblyName)
System.IO.FileNotFoundException: Could not load file or assembly 'xunit.abstractions, Version=2.0.0.0, Culture=neutral, PublicKeyToken=8d05b1bb7a6fdb6c'. The system cannot find the file specified.
File name: 'xunit.abstractions, Version=2.0.0.0, Culture=neutral, PublicKeyToken=8d05b1bb7a6fdb6c'
System.IO.FileNotFoundException: Could not load file or assembly 'xunit.abstractions, Version=2.0.0.0, Culture=neutral, PublicKeyToken=8d05b1bb7a6fdb6c'. The system cannot find the file specified.
File name: 'xunit.abstractions, Version=2.0.0.0, Culture=neutral, PublicKeyToken=8d05b1bb7a6fdb6c'
System.IO.FileNotFoundException: Could not load file or assembly 'xunit.abstractions, Version=2.0.0.0, Culture=neutral, PublicKeyToken=8d05b1bb7a6fdb6c'. The system cannot find the file specified.
File name: 'xunit.abstractions, Version=2.0.0.0, Culture=neutral, PublicKeyToken=8d05b1bb7a6fdb6c'
TpTrace Warning: 0 : 1668, 4, 2022/12/04, 20:02:17.591, 14532014404226, testhost.dll, LoaderExceptions: System.IO.FileNotFoundException: Could not load file or assembly 'xunit.abstractions, Version=2.0.0.0, Culture=neutral, PublicKeyToken=8d05b1bb7a6fdb6c'. The system cannot find the file specified.
File name: 'xunit.abstractions, Version=2.0.0.0, Culture=neutral, PublicKeyToken=8d05b1bb7a6fdb6c'
 ---> System.IO.FileNotFoundException: Could not load file or assembly 'xunit.abstractions, Culture=neutral, PublicKeyToken=null'. The system cannot find the file specified.
File name: 'xunit.abstractions, Culture=neutral, PublicKeyToken=null'
   at System.Reflection.RuntimeAssembly.InternalLoad(ObjectHandleOnStack assemblyName, ObjectHandleOnStack requestingAssembly, StackCrawlMarkHandle stackMark, Boolean throwOnFileNotFound, ObjectHandleOnStack assemblyLoadContext, ObjectHandleOnStack retAssembly)
   at System.Reflection.RuntimeAssembly.InternalLoad(AssemblyName assemblyName, RuntimeAssembly requestingAssembly, StackCrawlMark& stackMark, Boolean throwOnFileNotFound, AssemblyLoadContext assemblyLoadContext)
   at System.Reflection.Assembly.Load(AssemblyName assemblyRef)
   at Microsoft.VisualStudio.TestPlatform.Common.ExtensionFramework.TestPluginCache.CurrentDomainAssemblyResolve(Object sender, AssemblyResolveEventArgs args)
   at Microsoft.VisualStudio.TestPlatform.PlatformAbstractions.PlatformAssemblyResolver.AssemblyResolverEvent(Object sender, Object eventArgs)
   at System.Runtime.Loader.AssemblyLoadContext.GetFirstResolvedAssemblyFromResolvingEvent(AssemblyName assemblyName)
   at System.Runtime.Loader.AssemblyLoadContext.ResolveUsingEvent(AssemblyName assemblyName)
   at System.Runtime.Loader.AssemblyLoadContext.ResolveUsingResolvingEvent(IntPtr gchManagedAssemblyLoadContext, AssemblyName assemblyName)
TpTrace Warning: 0 : 1668, 4, 2022/12/04, 20:02:17.591, 14532014404744, testhost.dll, LoaderExceptions: System.IO.FileNotFoundException: Could not load file or assembly 'xunit.abstractions, Version=2.0.0.0, Culture=neutral, PublicKeyToken=8d05b1bb7a6fdb6c'. The system cannot find the file specified.
File name: 'xunit.abstractions, Version=2.0.0.0, Culture=neutral, PublicKeyToken=8d05b1bb7a6fdb6c'
TpTrace Warning: 0 : 1668, 4, 2022/12/04, 20:02:17.591, 14532014405024, testhost.dll, LoaderExceptions: System.IO.FileNotFoundException: Could not load file or assembly 'xunit.abstractions, Version=2.0.0.0, Culture=neutral, PublicKeyToken=8d05b1bb7a6fdb6c'. The system cannot find the file specified.
File name: 'xunit.abstractions, Version=2.0.0.0, Culture=neutral, PublicKeyToken=8d05b1bb7a6fdb6c'
TpTrace Warning: 0 : 1668, 4, 2022/12/04, 20:02:17.591, 14532014405291, testhost.dll, LoaderExceptions: System.IO.FileNotFoundException: Could not load file or assembly 'xunit.abstractions, Version=2.0.0.0, Culture=neutral, PublicKeyToken=8d05b1bb7a6fdb6c'. The system cannot find the file specified.
File name: 'xunit.abstractions, Version=2.0.0.0, Culture=neutral, PublicKeyToken=8d05b1bb7a6fdb6c'
TpTrace Verbose: 0 : 1668, 4, 2022/12/04, 20:02:17.593, 14532014425845, testhost.dll, TestPluginCache: Discovered the extensions using extension path ''.
TpTrace Verbose: 0 : 1668, 4, 2022/12/04, 20:02:17.593, 14532014428915, testhost.dll, TestPluginCache: Discoverers are ''.
TpTrace Verbose: 0 : 1668, 4, 2022/12/04, 20:02:17.593, 14532014429479, testhost.dll, TestPluginCache: Executors are 'executor://MSTestAdapter/v2,executor://NUnit3TestExecutor'.
TpTrace Verbose: 0 : 1668, 4, 2022/12/04, 20:02:17.593, 14532014430077, testhost.dll, TestPluginCache: Executors2 are ''.
TpTrace Verbose: 0 : 1668, 4, 2022/12/04, 20:02:17.594, 14532014430484, testhost.dll, TestPluginCache: Setting providers are ''.
TpTrace Verbose: 0 : 1668, 4, 2022/12/04, 20:02:17.594, 14532014430789, testhost.dll, TestPluginCache: Loggers are ''.
TpTrace Verbose: 0 : 1668, 4, 2022/12/04, 20:02:17.596, 14532014451319, testhost.dll, TestPluginCache.DiscoverTestExtensions: finding test extensions in assemblies ends with: TestAdapter.dll TPluginInfo: Microsoft.VisualStudio.TestPlatform.Common.ExtensionFramework.Utilities.TestExecutorPluginInformation2 TExtension: Microsoft.VisualStudio.TestPlatform.ObjectModel.Adapter.ITestExecutor2
TpTrace Verbose: 0 : 1668, 4, 2022/12/04, 20:02:17.596, 14532014453363, testhost.dll, TestPluginCache.GetExtensionPaths: Filtered extension paths: 
TpTrace Verbose: 0 : 1668, 4, 2022/12/04, 20:02:17.596, 14532014453723, testhost.dll, TestPluginCache.GetExtensionPaths: Added default extension paths: C:\EAD\ProjectTime\ProjectTimeWebApp.Test\bin\Debug\net6.0\fine-code-coverage\build-output\Microsoft.VisualStudio.TestPlatform.MSTest.TestAdapter.dll
C:\EAD\ProjectTime\ProjectTimeWebApp.Test\bin\Debug\net6.0\fine-code-coverage\build-output\NUnit3.TestAdapter.dll
C:\EAD\ProjectTime\ProjectTimeWebApp.Test\bin\Debug\net6.0\fine-code-coverage\build-output\xunit.runner.visualstudio.dotnetcore.testadapter.dll
TpTrace Verbose: 0 : 1668, 4, 2022/12/04, 20:02:17.596, 14532014453913, testhost.dll, TestPluginCache.GetExtensionPaths: Added unfilterableExtensionPaths: 
TpTrace Information: 0 : 1668, 4, 2022/12/04, 20:02:17.596, 14532014455888, testhost.dll, AssemblyResolver.AddSearchDirectories: Adding more searchDirectories C:\EAD\ProjectTime\ProjectTimeWebApp.Test\bin\Debug\net6.0\fine-code-coverage\build-output
TpTrace Verbose: 0 : 1668, 4, 2022/12/04, 20:02:17.596, 14532014456320, testhost.dll, TestPluginCache.DiscoverTestExtensions: Discovering the extensions using extension path.
TpTrace Verbose: 0 : 1668, 4, 2022/12/04, 20:02:17.596, 14532014456517, testhost.dll, TestPluginCache.GetExtensionPaths: Filtered extension paths: 
TpTrace Verbose: 0 : 1668, 4, 2022/12/04, 20:02:17.596, 14532014456733, testhost.dll, TestPluginCache.GetExtensionPaths: Added default extension paths: C:\EAD\ProjectTime\ProjectTimeWebApp.Test\bin\Debug\net6.0\fine-code-coverage\build-output\Microsoft.VisualStudio.TestPlatform.MSTest.TestAdapter.dll
C:\EAD\ProjectTime\ProjectTimeWebApp.Test\bin\Debug\net6.0\fine-code-coverage\build-output\NUnit3.TestAdapter.dll
C:\EAD\ProjectTime\ProjectTimeWebApp.Test\bin\Debug\net6.0\fine-code-coverage\build-output\xunit.runner.visualstudio.dotnetcore.testadapter.dll
TpTrace Verbose: 0 : 1668, 4, 2022/12/04, 20:02:17.596, 14532014456977, testhost.dll, TestPluginCache.GetExtensionPaths: Added unfilterableExtensionPaths: 
TpTrace Verbose: 0 : 1668, 4, 2022/12/04, 20:02:17.596, 14532014457160, testhost.dll, TestPluginCache.DiscoverTestExtensions: Discovering the extensions using allExtensionPaths: C:\EAD\ProjectTime\ProjectTimeWebApp.Test\bin\Debug\net6.0\fine-code-coverage\build-output\Microsoft.VisualStudio.TestPlatform.MSTest.TestAdapter.dll
C:\EAD\ProjectTime\ProjectTimeWebApp.Test\bin\Debug\net6.0\fine-code-coverage\build-output\NUnit3.TestAdapter.dll
C:\EAD\ProjectTime\ProjectTimeWebApp.Test\bin\Debug\net6.0\fine-code-coverage\build-output\xunit.runner.visualstudio.dotnetcore.testadapter.dll
TpTrace Information: 0 : 1668, 4, 2022/12/04, 20:02:17.596, 14532014457495, testhost.dll, AssemblyResolver.AddSearchDirectories: Adding more searchDirectories C:\EAD\ProjectTime\ProjectTimeWebApp.Test\bin\Debug\net6.0\fine-code-coverage\build-output
TpTrace Information: 0 : 1668, 4, 2022/12/04, 20:02:17.596, 14532014457677, testhost.dll, AssemblyResolver.AddSearchDirectories: Adding more searchDirectories C:\EAD\ProjectTime\ProjectTimeWebApp.Test\bin\Debug\net6.0\fine-code-coverage\build-output
TpTrace Information: 0 : 1668, 4, 2022/12/04, 20:02:17.596, 14532014458303, testhost.dll, AssemblyResolver.AddSearchDirectories: Adding more searchDirectories C:\EAD\ProjectTime\ProjectTimeWebApp.Test\bin\Debug\net6.0\fine-code-coverage\build-output
TpTrace Information: 0 : 1668, 4, 2022/12/04, 20:02:17.597, 14532014460492, testhost.dll, AssemblyResolver.OnResolve: xunit.abstractions: Resolving assembly.
TpTrace Information: 0 : 1668, 4, 2022/12/04, 20:02:17.597, 14532014460828, testhost.dll, AssemblyResolver.OnResolve: xunit.abstractions: Resolved from cache.
TpTrace Verbose: 0 : 1668, 4, 2022/12/04, 20:02:17.597, 14532014461011, testhost.dll, CurrentDomainAssemblyResolve: Resolving assembly 'xunit.abstractions'.
TpTrace Information: 0 : 1668, 4, 2022/12/04, 20:02:17.597, 14532014461247, testhost.dll, AssemblyResolver.OnResolve: xunit.abstractions: Resolving assembly.
TpTrace Information: 0 : 1668, 4, 2022/12/04, 20:02:17.597, 14532014461407, testhost.dll, AssemblyResolver.OnResolve: xunit.abstractions: Resolved from cache.
TpTrace Verbose: 0 : 1668, 4, 2022/12/04, 20:02:17.597, 14532014461568, testhost.dll, CurrentDomainAssemblyResolve: Resolving assembly 'xunit.abstractions'.
TpTrace Verbose: 0 : 1668, 4, 2022/12/04, 20:02:17.597, 14532014461740, testhost.dll, CurrentDomainAssemblyResolve: Failed to resolve assembly 'xunit.abstractions'.
TpTrace Verbose: 0 : 1668, 4, 2022/12/04, 20:02:17.597, 14532014463006, testhost.dll, CurrentDomainAssemblyResolve: Failed to resolve assembly 'xunit.abstractions'.
TpTrace Information: 0 : 1668, 4, 2022/12/04, 20:02:17.597, 14532014464322, testhost.dll, AssemblyResolver.OnResolve: xunit.abstractions: Resolving assembly.
TpTrace Information: 0 : 1668, 4, 2022/12/04, 20:02:17.597, 14532014464543, testhost.dll, AssemblyResolver.OnResolve: xunit.abstractions: Resolved from cache.
TpTrace Verbose: 0 : 1668, 4, 2022/12/04, 20:02:17.597, 14532014464756, testhost.dll, CurrentDomainAssemblyResolve: Resolving assembly 'xunit.abstractions'.
TpTrace Verbose: 0 : 1668, 4, 2022/12/04, 20:02:17.597, 14532014464912, testhost.dll, CurrentDomainAssemblyResolve: Failed to resolve assembly 'xunit.abstractions'.
TpTrace Information: 0 : 1668, 4, 2022/12/04, 20:02:17.597, 14532014465882, testhost.dll, AssemblyResolver.OnResolve: xunit.abstractions: Resolving assembly.
TpTrace Information: 0 : 1668, 4, 2022/12/04, 20:02:17.597, 14532014466093, testhost.dll, AssemblyResolver.OnResolve: xunit.abstractions: Resolved from cache.
TpTrace Verbose: 0 : 1668, 4, 2022/12/04, 20:02:17.597, 14532014466266, testhost.dll, CurrentDomainAssemblyResolve: Resolving assembly 'xunit.abstractions'.
TpTrace Verbose: 0 : 1668, 4, 2022/12/04, 20:02:17.597, 14532014466451, testhost.dll, CurrentDomainAssemblyResolve: Failed to resolve assembly 'xunit.abstractions'.
TpTrace Information: 0 : 1668, 4, 2022/12/04, 20:02:17.597, 14532014467421, testhost.dll, AssemblyResolver.OnResolve: xunit.abstractions: Resolving assembly.
TpTrace Information: 0 : 1668, 4, 2022/12/04, 20:02:17.597, 14532014467597, testhost.dll, AssemblyResolver.OnResolve: xunit.abstractions: Resolved from cache.
TpTrace Verbose: 0 : 1668, 4, 2022/12/04, 20:02:17.597, 14532014467785, testhost.dll, CurrentDomainAssemblyResolve: Resolving assembly 'xunit.abstractions'.
TpTrace Verbose: 0 : 1668, 4, 2022/12/04, 20:02:17.597, 14532014467935, testhost.dll, CurrentDomainAssemblyResolve: Failed to resolve assembly 'xunit.abstractions'.
TpTrace Warning: 0 : 1668, 4, 2022/12/04, 20:02:17.598, 14532014470241, testhost.dll, TestPluginDiscoverer: Failed to get types from assembly 'xunit.runner.visualstudio.dotnetcore.testadapter, Version=2.4.0.0, Culture=neutral, PublicKeyToken=8d05b1bb7a6fdb6c'.  Skipping test extension scan for this assembly.  Error: System.Reflection.ReflectionTypeLoadException: Unable to load one or more of the requested types.
Could not load file or assembly 'xunit.abstractions, Version=2.0.0.0, Culture=neutral, PublicKeyToken=8d05b1bb7a6fdb6c'. The system cannot find the file specified.
Could not load file or assembly 'xunit.abstractions, Version=2.0.0.0, Culture=neutral, PublicKeyToken=8d05b1bb7a6fdb6c'. The system cannot find the file specified.
Could not load file or assembly 'xunit.abstractions, Version=2.0.0.0, Culture=neutral, PublicKeyToken=8d05b1bb7a6fdb6c'. The system cannot find the file specified.
Could not load file or assembly 'xunit.abstractions, Version=2.0.0.0, Culture=neutral, PublicKeyToken=8d05b1bb7a6fdb6c'. The system cannot find the file specified.
   at System.Reflection.RuntimeModule.GetTypes(RuntimeModule module)
   at System.Reflection.Assembly.GetTypes()
   at Microsoft.VisualStudio.TestPlatform.Common.ExtensionFramework.TestPluginDiscoverer.GetTestExtensionsFromAssembly[TPluginInfo,TExtension](Assembly assembly, Dictionary`2 pluginInfos)
System.IO.FileNotFoundException: Could not load file or assembly 'xunit.abstractions, Version=2.0.0.0, Culture=neutral, PublicKeyToken=8d05b1bb7a6fdb6c'. The system cannot find the file specified.
File name: 'xunit.abstractions, Version=2.0.0.0, Culture=neutral, PublicKeyToken=8d05b1bb7a6fdb6c'
 ---> System.IO.FileNotFoundException: Could not load file or assembly 'xunit.abstractions, Culture=neutral, PublicKeyToken=null'. The system cannot find the file specified.
File name: 'xunit.abstractions, Culture=neutral, PublicKeyToken=null'
   at System.Reflection.RuntimeAssembly.InternalLoad(ObjectHandleOnStack assemblyName, ObjectHandleOnStack requestingAssembly, StackCrawlMarkHandle stackMark, Boolean throwOnFileNotFound, ObjectHandleOnStack assemblyLoadContext, ObjectHandleOnStack retAssembly)
   at System.Reflection.RuntimeAssembly.InternalLoad(AssemblyName assemblyName, RuntimeAssembly requestingAssembly, StackCrawlMark& stackMark, Boolean throwOnFileNotFound, AssemblyLoadContext assemblyLoadContext)
   at System.Reflection.Assembly.Load(AssemblyName assemblyRef)
   at Microsoft.VisualStudio.TestPlatform.Common.ExtensionFramework.TestPluginCache.CurrentDomainAssemblyResolve(Object sender, AssemblyResolveEventArgs args)
   at Microsoft.VisualStudio.TestPlatform.PlatformAbstractions.PlatformAssemblyResolver.AssemblyResolverEvent(Object sender, Object eventArgs)
   at System.Runtime.Loader.AssemblyLoadContext.GetFirstResolvedAssemblyFromResolvingEvent(AssemblyName assemblyName)
   at System.Runtime.Loader.AssemblyLoadContext.ResolveUsingEvent(AssemblyName assemblyName)
   at System.Runtime.Loader.AssemblyLoadContext.ResolveUsingResolvingEvent(IntPtr gchManagedAssemblyLoadContext, AssemblyName assemblyName)
System.IO.FileNotFoundException: Could not load file or assembly 'xunit.abstractions, Version=2.0.0.0, Culture=neutral, PublicKeyToken=8d05b1bb7a6fdb6c'. The system cannot find the file specified.
File name: 'xunit.abstractions, Version=2.0.0.0, Culture=neutral, PublicKeyToken=8d05b1bb7a6fdb6c'
System.IO.FileNotFoundException: Could not load file or assembly 'xunit.abstractions, Version=2.0.0.0, Culture=neutral, PublicKeyToken=8d05b1bb7a6fdb6c'. The system cannot find the file specified.
File name: 'xunit.abstractions, Version=2.0.0.0, Culture=neutral, PublicKeyToken=8d05b1bb7a6fdb6c'
System.IO.FileNotFoundException: Could not load file or assembly 'xunit.abstractions, Version=2.0.0.0, Culture=neutral, PublicKeyToken=8d05b1bb7a6fdb6c'. The system cannot find the file specified.
File name: 'xunit.abstractions, Version=2.0.0.0, Culture=neutral, PublicKeyToken=8d05b1bb7a6fdb6c'
TpTrace Warning: 0 : 1668, 4, 2022/12/04, 20:02:17.598, 14532014471140, testhost.dll, LoaderExceptions: System.IO.FileNotFoundException: Could not load file or assembly 'xunit.abstractions, Version=2.0.0.0, Culture=neutral, PublicKeyToken=8d05b1bb7a6fdb6c'. The system cannot find the file specified.
File name: 'xunit.abstractions, Version=2.0.0.0, Culture=neutral, PublicKeyToken=8d05b1bb7a6fdb6c'
 ---> System.IO.FileNotFoundException: Could not load file or assembly 'xunit.abstractions, Culture=neutral, PublicKeyToken=null'. The system cannot find the file specified.
File name: 'xunit.abstractions, Culture=neutral, PublicKeyToken=null'
   at System.Reflection.RuntimeAssembly.InternalLoad(ObjectHandleOnStack assemblyName, ObjectHandleOnStack requestingAssembly, StackCrawlMarkHandle stackMark, Boolean throwOnFileNotFound, ObjectHandleOnStack assemblyLoadContext, ObjectHandleOnStack retAssembly)
   at System.Reflection.RuntimeAssembly.InternalLoad(AssemblyName assemblyName, RuntimeAssembly requestingAssembly, StackCrawlMark& stackMark, Boolean throwOnFileNotFound, AssemblyLoadContext assemblyLoadContext)
   at System.Reflection.Assembly.Load(AssemblyName assemblyRef)
   at Microsoft.VisualStudio.TestPlatform.Common.ExtensionFramework.TestPluginCache.CurrentDomainAssemblyResolve(Object sender, AssemblyResolveEventArgs args)
   at Microsoft.VisualStudio.TestPlatform.PlatformAbstractions.PlatformAssemblyResolver.AssemblyResolverEvent(Object sender, Object eventArgs)
   at System.Runtime.Loader.AssemblyLoadContext.GetFirstResolvedAssemblyFromResolvingEvent(AssemblyName assemblyName)
   at System.Runtime.Loader.AssemblyLoadContext.ResolveUsingEvent(AssemblyName assemblyName)
   at System.Runtime.Loader.AssemblyLoadContext.ResolveUsingResolvingEvent(IntPtr gchManagedAssemblyLoadContext, AssemblyName assemblyName)
TpTrace Warning: 0 : 1668, 4, 2022/12/04, 20:02:17.598, 14532014471451, testhost.dll, LoaderExceptions: System.IO.FileNotFoundException: Could not load file or assembly 'xunit.abstractions, Version=2.0.0.0, Culture=neutral, PublicKeyToken=8d05b1bb7a6fdb6c'. The system cannot find the file specified.
File name: 'xunit.abstractions, Version=2.0.0.0, Culture=neutral, PublicKeyToken=8d05b1bb7a6fdb6c'
TpTrace Warning: 0 : 1668, 4, 2022/12/04, 20:02:17.598, 14532014471656, testhost.dll, LoaderExceptions: System.IO.FileNotFoundException: Could not load file or assembly 'xunit.abstractions, Version=2.0.0.0, Culture=neutral, PublicKeyToken=8d05b1bb7a6fdb6c'. The system cannot find the file specified.
File name: 'xunit.abstractions, Version=2.0.0.0, Culture=neutral, PublicKeyToken=8d05b1bb7a6fdb6c'
TpTrace Warning: 0 : 1668, 4, 2022/12/04, 20:02:17.598, 14532014471817, testhost.dll, LoaderExceptions: System.IO.FileNotFoundException: Could not load file or assembly 'xunit.abstractions, Version=2.0.0.0, Culture=neutral, PublicKeyToken=8d05b1bb7a6fdb6c'. The system cannot find the file specified.
File name: 'xunit.abstractions, Version=2.0.0.0, Culture=neutral, PublicKeyToken=8d05b1bb7a6fdb6c'
TpTrace Verbose: 0 : 1668, 4, 2022/12/04, 20:02:17.598, 14532014472751, testhost.dll, TestPluginCache: Discovered the extensions using extension path ''.
TpTrace Verbose: 0 : 1668, 4, 2022/12/04, 20:02:17.598, 14532014473017, testhost.dll, TestPluginCache: Discoverers are ''.
TpTrace Verbose: 0 : 1668, 4, 2022/12/04, 20:02:17.598, 14532014473303, testhost.dll, TestPluginCache: Executors are 'executor://MSTestAdapter/v2,executor://NUnit3TestExecutor'.
TpTrace Verbose: 0 : 1668, 4, 2022/12/04, 20:02:17.598, 14532014473762, testhost.dll, TestPluginCache: Executors2 are ''.
TpTrace Verbose: 0 : 1668, 4, 2022/12/04, 20:02:17.598, 14532014473964, testhost.dll, TestPluginCache: Setting providers are ''.
TpTrace Verbose: 0 : 1668, 4, 2022/12/04, 20:02:17.598, 14532014474114, testhost.dll, TestPluginCache: Loggers are ''.
TpTrace Information: 0 : 1668, 4, 2022/12/04, 20:02:17.602, 14532014514285, testhost.dll, TestPluginManager.CreateTestExtension: Attempting to load test extension: Microsoft.VisualStudio.TestPlatform.MSTest.TestAdapter.MSTestExecutor
TpTrace Verbose: 0 : 1668, 4, 2022/12/04, 20:02:17.608, 14532014578289, testhost.dll, TestExecutorExtensionManager: Loading executor Microsoft.VisualStudio.TestPlatform.MSTest.TestAdapter.MSTestExecutor
TpTrace Information: 0 : 1668, 4, 2022/12/04, 20:02:17.609, 14532014580213, testhost.dll, TestPluginManager.CreateTestExtension: Attempting to load test extension: NUnit.VisualStudio.TestAdapter.NUnit3TestExecutor
TpTrace Verbose: 0 : 1668, 4, 2022/12/04, 20:02:17.609, 14532014584499, testhost.dll, TestExecutorExtensionManager: Loading executor NUnit.VisualStudio.TestAdapter.NUnit3TestExecutor
TpTrace Verbose: 0 : 1668, 4, 2022/12/04, 20:02:17.609, 14532014585006, testhost.dll, TestExecutorService: Loaded the executors
TpTrace Verbose: 0 : 1668, 4, 2022/12/04, 20:02:17.610, 14532014593130, testhost.dll, TestPluginCache.DiscoverTestExtensions: finding test extensions in assemblies ends with: TestAdapter.dll TPluginInfo: Microsoft.VisualStudio.TestPlatform.Common.ExtensionFramework.Utilities.TestSettingsProviderPluginInformation TExtension: Microsoft.VisualStudio.TestPlatform.ObjectModel.Adapter.ISettingsProvider
TpTrace Verbose: 0 : 1668, 4, 2022/12/04, 20:02:17.610, 14532014593912, testhost.dll, TestPluginCache.GetExtensionPaths: Filtered extension paths: 
TpTrace Verbose: 0 : 1668, 4, 2022/12/04, 20:02:17.610, 14532014594216, testhost.dll, TestPluginCache.GetExtensionPaths: Added default extension paths: C:\EAD\ProjectTime\ProjectTimeWebApp.Test\bin\Debug\net6.0\fine-code-coverage\build-output\Microsoft.VisualStudio.TestPlatform.MSTest.TestAdapter.dll
C:\EAD\ProjectTime\ProjectTimeWebApp.Test\bin\Debug\net6.0\fine-code-coverage\build-output\NUnit3.TestAdapter.dll
C:\EAD\ProjectTime\ProjectTimeWebApp.Test\bin\Debug\net6.0\fine-code-coverage\build-output\xunit.runner.visualstudio.dotnetcore.testadapter.dll
TpTrace Verbose: 0 : 1668, 4, 2022/12/04, 20:02:17.610, 14532014594392, testhost.dll, TestPluginCache.GetExtensionPaths: Added unfilterableExtensionPaths: 
TpTrace Information: 0 : 1668, 4, 2022/12/04, 20:02:17.610, 14532014596010, testhost.dll, AssemblyResolver.AddSearchDirectories: Adding more searchDirectories C:\EAD\ProjectTime\ProjectTimeWebApp.Test\bin\Debug\net6.0\fine-code-coverage\build-output
TpTrace Verbose: 0 : 1668, 4, 2022/12/04, 20:02:17.610, 14532014596396, testhost.dll, TestPluginCache.DiscoverTestExtensions: Discovering the extensions using extension path.
TpTrace Verbose: 0 : 1668, 4, 2022/12/04, 20:02:17.610, 14532014596595, testhost.dll, TestPluginCache.GetExtensionPaths: Filtered extension paths: 
TpTrace Verbose: 0 : 1668, 4, 2022/12/04, 20:02:17.610, 14532014596798, testhost.dll, TestPluginCache.GetExtensionPaths: Added default extension paths: C:\EAD\ProjectTime\ProjectTimeWebApp.Test\bin\Debug\net6.0\fine-code-coverage\build-output\Microsoft.VisualStudio.TestPlatform.MSTest.TestAdapter.dll
C:\EAD\ProjectTime\ProjectTimeWebApp.Test\bin\Debug\net6.0\fine-code-coverage\build-output\NUnit3.TestAdapter.dll
C:\EAD\ProjectTime\ProjectTimeWebApp.Test\bin\Debug\net6.0\fine-code-coverage\build-output\xunit.runner.visualstudio.dotnetcore.testadapter.dll
TpTrace Verbose: 0 : 1668, 4, 2022/12/04, 20:02:17.610, 14532014596961, testhost.dll, TestPluginCache.GetExtensionPaths: Added unfilterableExtensionPaths: 
TpTrace Verbose: 0 : 1668, 4, 2022/12/04, 20:02:17.610, 14532014597138, testhost.dll, TestPluginCache.DiscoverTestExtensions: Discovering the extensions using allExtensionPaths: C:\EAD\ProjectTime\ProjectTimeWebApp.Test\bin\Debug\net6.0\fine-code-coverage\build-output\Microsoft.VisualStudio.TestPlatform.MSTest.TestAdapter.dll
C:\EAD\ProjectTime\ProjectTimeWebApp.Test\bin\Debug\net6.0\fine-code-coverage\build-output\NUnit3.TestAdapter.dll
C:\EAD\ProjectTime\ProjectTimeWebApp.Test\bin\Debug\net6.0\fine-code-coverage\build-output\xunit.runner.visualstudio.dotnetcore.testadapter.dll
TpTrace Information: 0 : 1668, 4, 2022/12/04, 20:02:17.610, 14532014597461, testhost.dll, AssemblyResolver.AddSearchDirectories: Adding more searchDirectories C:\EAD\ProjectTime\ProjectTimeWebApp.Test\bin\Debug\net6.0\fine-code-coverage\build-output
TpTrace Information: 0 : 1668, 4, 2022/12/04, 20:02:17.610, 14532014597726, testhost.dll, AssemblyResolver.AddSearchDirectories: Adding more searchDirectories C:\EAD\ProjectTime\ProjectTimeWebApp.Test\bin\Debug\net6.0\fine-code-coverage\build-output
TpTrace Information: 0 : 1668, 4, 2022/12/04, 20:02:17.610, 14532014597900, testhost.dll, AssemblyResolver.AddSearchDirectories: Adding more searchDirectories C:\EAD\ProjectTime\ProjectTimeWebApp.Test\bin\Debug\net6.0\fine-code-coverage\build-output
TpTrace Information: 0 : 1668, 4, 2022/12/04, 20:02:17.611, 14532014600216, testhost.dll, AssemblyResolver.OnResolve: xunit.abstractions: Resolving assembly.
TpTrace Information: 0 : 1668, 4, 2022/12/04, 20:02:17.611, 14532014600567, testhost.dll, AssemblyResolver.OnResolve: xunit.abstractions: Resolved from cache.
TpTrace Verbose: 0 : 1668, 4, 2022/12/04, 20:02:17.611, 14532014600787, testhost.dll, CurrentDomainAssemblyResolve: Resolving assembly 'xunit.abstractions'.
TpTrace Information: 0 : 1668, 4, 2022/12/04, 20:02:17.611, 14532014601032, testhost.dll, AssemblyResolver.OnResolve: xunit.abstractions: Resolving assembly.
TpTrace Information: 0 : 1668, 4, 2022/12/04, 20:02:17.611, 14532014601270, testhost.dll, AssemblyResolver.OnResolve: xunit.abstractions: Resolved from cache.
TpTrace Verbose: 0 : 1668, 4, 2022/12/04, 20:02:17.611, 14532014601499, testhost.dll, CurrentDomainAssemblyResolve: Resolving assembly 'xunit.abstractions'.
TpTrace Verbose: 0 : 1668, 4, 2022/12/04, 20:02:17.611, 14532014601652, testhost.dll, CurrentDomainAssemblyResolve: Failed to resolve assembly 'xunit.abstractions'.
TpTrace Verbose: 0 : 1668, 4, 2022/12/04, 20:02:17.611, 14532014602748, testhost.dll, CurrentDomainAssemblyResolve: Failed to resolve assembly 'xunit.abstractions'.
TpTrace Information: 0 : 1668, 4, 2022/12/04, 20:02:17.611, 14532014604131, testhost.dll, AssemblyResolver.OnResolve: xunit.abstractions: Resolving assembly.
TpTrace Information: 0 : 1668, 4, 2022/12/04, 20:02:17.611, 14532014604377, testhost.dll, AssemblyResolver.OnResolve: xunit.abstractions: Resolved from cache.
TpTrace Verbose: 0 : 1668, 4, 2022/12/04, 20:02:17.611, 14532014604565, testhost.dll, CurrentDomainAssemblyResolve: Resolving assembly 'xunit.abstractions'.
TpTrace Verbose: 0 : 1668, 4, 2022/12/04, 20:02:17.611, 14532014604750, testhost.dll, CurrentDomainAssemblyResolve: Failed to resolve assembly 'xunit.abstractions'.
TpTrace Information: 0 : 1668, 4, 2022/12/04, 20:02:17.611, 14532014605615, testhost.dll, AssemblyResolver.OnResolve: xunit.abstractions: Resolving assembly.
TpTrace Information: 0 : 1668, 4, 2022/12/04, 20:02:17.611, 14532014605797, testhost.dll, AssemblyResolver.OnResolve: xunit.abstractions: Resolved from cache.
TpTrace Verbose: 0 : 1668, 4, 2022/12/04, 20:02:17.611, 14532014605967, testhost.dll, CurrentDomainAssemblyResolve: Resolving assembly 'xunit.abstractions'.
TpTrace Verbose: 0 : 1668, 4, 2022/12/04, 20:02:17.611, 14532014606119, testhost.dll, CurrentDomainAssemblyResolve: Failed to resolve assembly 'xunit.abstractions'.
TpTrace Information: 0 : 1668, 4, 2022/12/04, 20:02:17.611, 14532014607173, testhost.dll, AssemblyResolver.OnResolve: xunit.abstractions: Resolving assembly.
TpTrace Information: 0 : 1668, 4, 2022/12/04, 20:02:17.611, 14532014607357, testhost.dll, AssemblyResolver.OnResolve: xunit.abstractions: Resolved from cache.
TpTrace Verbose: 0 : 1668, 4, 2022/12/04, 20:02:17.611, 14532014607588, testhost.dll, CurrentDomainAssemblyResolve: Resolving assembly 'xunit.abstractions'.
TpTrace Verbose: 0 : 1668, 4, 2022/12/04, 20:02:17.611, 14532014607797, testhost.dll, CurrentDomainAssemblyResolve: Failed to resolve assembly 'xunit.abstractions'.
TpTrace Warning: 0 : 1668, 4, 2022/12/04, 20:02:17.612, 14532014610110, testhost.dll, TestPluginDiscoverer: Failed to get types from assembly 'xunit.runner.visualstudio.dotnetcore.testadapter, Version=2.4.0.0, Culture=neutral, PublicKeyToken=8d05b1bb7a6fdb6c'.  Skipping test extension scan for this assembly.  Error: System.Reflection.ReflectionTypeLoadException: Unable to load one or more of the requested types.
Could not load file or assembly 'xunit.abstractions, Version=2.0.0.0, Culture=neutral, PublicKeyToken=8d05b1bb7a6fdb6c'. The system cannot find the file specified.
Could not load file or assembly 'xunit.abstractions, Version=2.0.0.0, Culture=neutral, PublicKeyToken=8d05b1bb7a6fdb6c'. The system cannot find the file specified.
Could not load file or assembly 'xunit.abstractions, Version=2.0.0.0, Culture=neutral, PublicKeyToken=8d05b1bb7a6fdb6c'. The system cannot find the file specified.
Could not load file or assembly 'xunit.abstractions, Version=2.0.0.0, Culture=neutral, PublicKeyToken=8d05b1bb7a6fdb6c'. The system cannot find the file specified.
   at System.Reflection.RuntimeModule.GetTypes(RuntimeModule module)
   at System.Reflection.Assembly.GetTypes()
   at Microsoft.VisualStudio.TestPlatform.Common.ExtensionFramework.TestPluginDiscoverer.GetTestExtensionsFromAssembly[TPluginInfo,TExtension](Assembly assembly, Dictionary`2 pluginInfos)
System.IO.FileNotFoundException: Could not load file or assembly 'xunit.abstractions, Version=2.0.0.0, Culture=neutral, PublicKeyToken=8d05b1bb7a6fdb6c'. The system cannot find the file specified.
File name: 'xunit.abstractions, Version=2.0.0.0, Culture=neutral, PublicKeyToken=8d05b1bb7a6fdb6c'
 ---> System.IO.FileNotFoundException: Could not load file or assembly 'xunit.abstractions, Culture=neutral, PublicKeyToken=null'. The system cannot find the file specified.
File name: 'xunit.abstractions, Culture=neutral, PublicKeyToken=null'
   at System.Reflection.RuntimeAssembly.InternalLoad(ObjectHandleOnStack assemblyName, ObjectHandleOnStack requestingAssembly, StackCrawlMarkHandle stackMark, Boolean throwOnFileNotFound, ObjectHandleOnStack assemblyLoadContext, ObjectHandleOnStack retAssembly)
   at System.Reflection.RuntimeAssembly.InternalLoad(AssemblyName assemblyName, RuntimeAssembly requestingAssembly, StackCrawlMark& stackMark, Boolean throwOnFileNotFound, AssemblyLoadContext assemblyLoadContext)
   at System.Reflection.Assembly.Load(AssemblyName assemblyRef)
   at Microsoft.VisualStudio.TestPlatform.Common.ExtensionFramework.TestPluginCache.CurrentDomainAssemblyResolve(Object sender, AssemblyResolveEventArgs args)
   at Microsoft.VisualStudio.TestPlatform.PlatformAbstractions.PlatformAssemblyResolver.AssemblyResolverEvent(Object sender, Object eventArgs)
   at System.Runtime.Loader.AssemblyLoadContext.GetFirstResolvedAssemblyFromResolvingEvent(AssemblyName assemblyName)
   at System.Runtime.Loader.AssemblyLoadContext.ResolveUsingEvent(AssemblyName assemblyName)
   at System.Runtime.Loader.AssemblyLoadContext.ResolveUsingResolvingEvent(IntPtr gchManagedAssemblyLoadContext, AssemblyName assemblyName)
System.IO.FileNotFoundException: Could not load file or assembly 'xunit.abstractions, Version=2.0.0.0, Culture=neutral, PublicKeyToken=8d05b1bb7a6fdb6c'. The system cannot find the file specified.
File name: 'xunit.abstractions, Version=2.0.0.0, Culture=neutral, PublicKeyToken=8d05b1bb7a6fdb6c'
System.IO.FileNotFoundException: Could not load file or assembly 'xunit.abstractions, Version=2.0.0.0, Culture=neutral, PublicKeyToken=8d05b1bb7a6fdb6c'. The system cannot find the file specified.
File name: 'xunit.abstractions, Version=2.0.0.0, Culture=neutral, PublicKeyToken=8d05b1bb7a6fdb6c'
System.IO.FileNotFoundException: Could not load file or assembly 'xunit.abstractions, Version=2.0.0.0, Culture=neutral, PublicKeyToken=8d05b1bb7a6fdb6c'. The system cannot find the file specified.
File name: 'xunit.abstractions, Version=2.0.0.0, Culture=neutral, PublicKeyToken=8d05b1bb7a6fdb6c'
TpTrace Warning: 0 : 1668, 4, 2022/12/04, 20:02:17.612, 14532014611020, testhost.dll, LoaderExceptions: System.IO.FileNotFoundException: Could not load file or assembly 'xunit.abstractions, Version=2.0.0.0, Culture=neutral, PublicKeyToken=8d05b1bb7a6fdb6c'. The system cannot find the file specified.
File name: 'xunit.abstractions, Version=2.0.0.0, Culture=neutral, PublicKeyToken=8d05b1bb7a6fdb6c'
 ---> System.IO.FileNotFoundException: Could not load file or assembly 'xunit.abstractions, Culture=neutral, PublicKeyToken=null'. The system cannot find the file specified.
File name: 'xunit.abstractions, Culture=neutral, PublicKeyToken=null'
   at System.Reflection.RuntimeAssembly.InternalLoad(ObjectHandleOnStack assemblyName, ObjectHandleOnStack requestingAssembly, StackCrawlMarkHandle stackMark, Boolean throwOnFileNotFound, ObjectHandleOnStack assemblyLoadContext, ObjectHandleOnStack retAssembly)
   at System.Reflection.RuntimeAssembly.InternalLoad(AssemblyName assemblyName, RuntimeAssembly requestingAssembly, StackCrawlMark& stackMark, Boolean throwOnFileNotFound, AssemblyLoadContext assemblyLoadContext)
   at System.Reflection.Assembly.Load(AssemblyName assemblyRef)
   at Microsoft.VisualStudio.TestPlatform.Common.ExtensionFramework.TestPluginCache.CurrentDomainAssemblyResolve(Object sender, AssemblyResolveEventArgs args)
   at Microsoft.VisualStudio.TestPlatform.PlatformAbstractions.PlatformAssemblyResolver.AssemblyResolverEvent(Object sender, Object eventArgs)
   at System.Runtime.Loader.AssemblyLoadContext.GetFirstResolvedAssemblyFromResolvingEvent(AssemblyName assemblyName)
   at System.Runtime.Loader.AssemblyLoadContext.ResolveUsingEvent(AssemblyName assemblyName)
   at System.Runtime.Loader.AssemblyLoadContext.ResolveUsingResolvingEvent(IntPtr gchManagedAssemblyLoadContext, AssemblyName assemblyName)
TpTrace Warning: 0 : 1668, 4, 2022/12/04, 20:02:17.612, 14532014611315, testhost.dll, LoaderExceptions: System.IO.FileNotFoundException: Could not load file or assembly 'xunit.abstractions, Version=2.0.0.0, Culture=neutral, PublicKeyToken=8d05b1bb7a6fdb6c'. The system cannot find the file specified.
File name: 'xunit.abstractions, Version=2.0.0.0, Culture=neutral, PublicKeyToken=8d05b1bb7a6fdb6c'
TpTrace Warning: 0 : 1668, 4, 2022/12/04, 20:02:17.612, 14532014611516, testhost.dll, LoaderExceptions: System.IO.FileNotFoundException: Could not load file or assembly 'xunit.abstractions, Version=2.0.0.0, Culture=neutral, PublicKeyToken=8d05b1bb7a6fdb6c'. The system cannot find the file specified.
File name: 'xunit.abstractions, Version=2.0.0.0, Culture=neutral, PublicKeyToken=8d05b1bb7a6fdb6c'
TpTrace Warning: 0 : 1668, 4, 2022/12/04, 20:02:17.612, 14532014611682, testhost.dll, LoaderExceptions: System.IO.FileNotFoundException: Could not load file or assembly 'xunit.abstractions, Version=2.0.0.0, Culture=neutral, PublicKeyToken=8d05b1bb7a6fdb6c'. The system cannot find the file specified.
File name: 'xunit.abstractions, Version=2.0.0.0, Culture=neutral, PublicKeyToken=8d05b1bb7a6fdb6c'
TpTrace Verbose: 0 : 1668, 4, 2022/12/04, 20:02:17.612, 14532014612809, testhost.dll, TestPluginCache: Discovered the extensions using extension path ''.
TpTrace Verbose: 0 : 1668, 4, 2022/12/04, 20:02:17.612, 14532014613091, testhost.dll, TestPluginCache: Discoverers are ''.
TpTrace Verbose: 0 : 1668, 4, 2022/12/04, 20:02:17.612, 14532014613313, testhost.dll, TestPluginCache: Executors are 'executor://MSTestAdapter/v2,executor://NUnit3TestExecutor'.
TpTrace Verbose: 0 : 1668, 4, 2022/12/04, 20:02:17.612, 14532014613482, testhost.dll, TestPluginCache: Executors2 are ''.
TpTrace Verbose: 0 : 1668, 4, 2022/12/04, 20:02:17.612, 14532014613727, testhost.dll, TestPluginCache: Setting providers are ''.
TpTrace Verbose: 0 : 1668, 4, 2022/12/04, 20:02:17.612, 14532014613882, testhost.dll, TestPluginCache: Loggers are ''.
TpTrace Verbose: 0 : 1668, 4, 2022/12/04, 20:02:17.613, 14532014620113, testhost.dll, TestExecutorService: Loaded the settings providers
TpTrace Information: 0 : 1668, 4, 2022/12/04, 20:02:17.613, 14532014620526, testhost.dll, TestExecutorService: Loaded the extensions
TpTrace Information: 0 : 1668, 4, 2022/12/04, 20:02:17.613, 14532014623888, testhost.dll, TestRequestHandler.OnMessageReceived: Running job 'TestExecution.StartWithSources'.
TpTrace Information: 0 : 1668, 4, 2022/12/04, 20:02:17.672, 14532015210976, testhost.dll, TestDiscoveryManager: Discovering tests from sources C:\EAD\ProjectTime\ProjectTimeWebApp.Test\bin\Debug\net6.0\fine-code-coverage\build-output\ProjectTimeWebApp.Test.dll
TpTrace Verbose: 0 : 1668, 4, 2022/12/04, 20:02:17.674, 14532015230498, testhost.dll, TestPluginCache.DiscoverTestExtensions: finding test extensions in assemblies ends with: TestAdapter.dll TPluginInfo: Microsoft.VisualStudio.TestPlatform.Common.ExtensionFramework.Utilities.TestDiscovererPluginInformation TExtension: Microsoft.VisualStudio.TestPlatform.ObjectModel.Adapter.ITestDiscoverer
TpTrace Verbose: 0 : 1668, 4, 2022/12/04, 20:02:17.674, 14532015231451, testhost.dll, TestPluginCache.GetExtensionPaths: Filtered extension paths: 
TpTrace Verbose: 0 : 1668, 4, 2022/12/04, 20:02:17.674, 14532015231742, testhost.dll, TestPluginCache.GetExtensionPaths: Added default extension paths: C:\EAD\ProjectTime\ProjectTimeWebApp.Test\bin\Debug\net6.0\fine-code-coverage\build-output\Microsoft.VisualStudio.TestPlatform.MSTest.TestAdapter.dll
C:\EAD\ProjectTime\ProjectTimeWebApp.Test\bin\Debug\net6.0\fine-code-coverage\build-output\NUnit3.TestAdapter.dll
C:\EAD\ProjectTime\ProjectTimeWebApp.Test\bin\Debug\net6.0\fine-code-coverage\build-output\xunit.runner.visualstudio.dotnetcore.testadapter.dll
TpTrace Verbose: 0 : 1668, 4, 2022/12/04, 20:02:17.674, 14532015231965, testhost.dll, TestPluginCache.GetExtensionPaths: Added unfilterableExtensionPaths: 
TpTrace Information: 0 : 1668, 4, 2022/12/04, 20:02:17.674, 14532015233940, testhost.dll, AssemblyResolver.AddSearchDirectories: Adding more searchDirectories C:\EAD\ProjectTime\ProjectTimeWebApp.Test\bin\Debug\net6.0\fine-code-coverage\build-output
TpTrace Verbose: 0 : 1668, 4, 2022/12/04, 20:02:17.674, 14532015234539, testhost.dll, TestPluginCache.DiscoverTestExtensions: Discovering the extensions using extension path.
TpTrace Verbose: 0 : 1668, 4, 2022/12/04, 20:02:17.674, 14532015234816, testhost.dll, TestPluginCache.GetExtensionPaths: Filtered extension paths: 
TpTrace Verbose: 0 : 1668, 4, 2022/12/04, 20:02:17.674, 14532015235085, testhost.dll, TestPluginCache.GetExtensionPaths: Added default extension paths: C:\EAD\ProjectTime\ProjectTimeWebApp.Test\bin\Debug\net6.0\fine-code-coverage\build-output\Microsoft.VisualStudio.TestPlatform.MSTest.TestAdapter.dll
C:\EAD\ProjectTime\ProjectTimeWebApp.Test\bin\Debug\net6.0\fine-code-coverage\build-output\NUnit3.TestAdapter.dll
C:\EAD\ProjectTime\ProjectTimeWebApp.Test\bin\Debug\net6.0\fine-code-coverage\build-output\xunit.runner.visualstudio.dotnetcore.testadapter.dll
TpTrace Verbose: 0 : 1668, 4, 2022/12/04, 20:02:17.674, 14532015235301, testhost.dll, TestPluginCache.GetExtensionPaths: Added unfilterableExtensionPaths: 
TpTrace Verbose: 0 : 1668, 4, 2022/12/04, 20:02:17.674, 14532015235485, testhost.dll, TestPluginCache.DiscoverTestExtensions: Discovering the extensions using allExtensionPaths: C:\EAD\ProjectTime\ProjectTimeWebApp.Test\bin\Debug\net6.0\fine-code-coverage\build-output\Microsoft.VisualStudio.TestPlatform.MSTest.TestAdapter.dll
C:\EAD\ProjectTime\ProjectTimeWebApp.Test\bin\Debug\net6.0\fine-code-coverage\build-output\NUnit3.TestAdapter.dll
C:\EAD\ProjectTime\ProjectTimeWebApp.Test\bin\Debug\net6.0\fine-code-coverage\build-output\xunit.runner.visualstudio.dotnetcore.testadapter.dll
TpTrace Information: 0 : 1668, 4, 2022/12/04, 20:02:17.674, 14532015235768, testhost.dll, AssemblyResolver.AddSearchDirectories: Adding more searchDirectories C:\EAD\ProjectTime\ProjectTimeWebApp.Test\bin\Debug\net6.0\fine-code-coverage\build-output
TpTrace Information: 0 : 1668, 4, 2022/12/04, 20:02:17.674, 14532015235972, testhost.dll, AssemblyResolver.AddSearchDirectories: Adding more searchDirectories C:\EAD\ProjectTime\ProjectTimeWebApp.Test\bin\Debug\net6.0\fine-code-coverage\build-output
TpTrace Information: 0 : 1668, 4, 2022/12/04, 20:02:17.674, 14532015236159, testhost.dll, AssemblyResolver.AddSearchDirectories: Adding more searchDirectories C:\EAD\ProjectTime\ProjectTimeWebApp.Test\bin\Debug\net6.0\fine-code-coverage\build-output
TpTrace Information: 0 : 1668, 4, 2022/12/04, 20:02:17.676, 14532015256961, testhost.dll, AssemblyResolver.OnResolve: xunit.abstractions: Resolving assembly.
TpTrace Information: 0 : 1668, 4, 2022/12/04, 20:02:17.676, 14532015257564, testhost.dll, AssemblyResolver.OnResolve: xunit.abstractions: Resolved from cache.
TpTrace Verbose: 0 : 1668, 4, 2022/12/04, 20:02:17.676, 14532015257899, testhost.dll, CurrentDomainAssemblyResolve: Resolving assembly 'xunit.abstractions'.
TpTrace Information: 0 : 1668, 4, 2022/12/04, 20:02:17.676, 14532015258375, testhost.dll, AssemblyResolver.OnResolve: xunit.abstractions: Resolving assembly.
TpTrace Information: 0 : 1668, 4, 2022/12/04, 20:02:17.676, 14532015259818, testhost.dll, AssemblyResolver.OnResolve: xunit.abstractions: Resolved from cache.
TpTrace Verbose: 0 : 1668, 4, 2022/12/04, 20:02:17.677, 14532015260201, testhost.dll, CurrentDomainAssemblyResolve: Resolving assembly 'xunit.abstractions'.
TpTrace Verbose: 0 : 1668, 4, 2022/12/04, 20:02:17.677, 14532015260470, testhost.dll, CurrentDomainAssemblyResolve: Failed to resolve assembly 'xunit.abstractions'.
TpTrace Verbose: 0 : 1668, 4, 2022/12/04, 20:02:17.677, 14532015262045, testhost.dll, CurrentDomainAssemblyResolve: Failed to resolve assembly 'xunit.abstractions'.
TpTrace Information: 0 : 1668, 4, 2022/12/04, 20:02:17.677, 14532015263769, testhost.dll, AssemblyResolver.OnResolve: xunit.abstractions: Resolving assembly.
TpTrace Information: 0 : 1668, 4, 2022/12/04, 20:02:17.677, 14532015264053, testhost.dll, AssemblyResolver.OnResolve: xunit.abstractions: Resolved from cache.
TpTrace Verbose: 0 : 1668, 4, 2022/12/04, 20:02:17.677, 14532015264240, testhost.dll, CurrentDomainAssemblyResolve: Resolving assembly 'xunit.abstractions'.
TpTrace Verbose: 0 : 1668, 4, 2022/12/04, 20:02:17.677, 14532015264406, testhost.dll, CurrentDomainAssemblyResolve: Failed to resolve assembly 'xunit.abstractions'.
TpTrace Information: 0 : 1668, 4, 2022/12/04, 20:02:17.677, 14532015265293, testhost.dll, AssemblyResolver.OnResolve: xunit.abstractions: Resolving assembly.
TpTrace Information: 0 : 1668, 4, 2022/12/04, 20:02:17.677, 14532015265525, testhost.dll, AssemblyResolver.OnResolve: xunit.abstractions: Resolved from cache.
TpTrace Verbose: 0 : 1668, 4, 2022/12/04, 20:02:17.677, 14532015265775, testhost.dll, CurrentDomainAssemblyResolve: Resolving assembly 'xunit.abstractions'.
TpTrace Verbose: 0 : 1668, 4, 2022/12/04, 20:02:17.677, 14532015265963, testhost.dll, CurrentDomainAssemblyResolve: Failed to resolve assembly 'xunit.abstractions'.
TpTrace Information: 0 : 1668, 4, 2022/12/04, 20:02:17.677, 14532015266892, testhost.dll, AssemblyResolver.OnResolve: xunit.abstractions: Resolving assembly.
TpTrace Information: 0 : 1668, 4, 2022/12/04, 20:02:17.677, 14532015267080, testhost.dll, AssemblyResolver.OnResolve: xunit.abstractions: Resolved from cache.
TpTrace Verbose: 0 : 1668, 4, 2022/12/04, 20:02:17.677, 14532015267248, testhost.dll, CurrentDomainAssemblyResolve: Resolving assembly 'xunit.abstractions'.
TpTrace Verbose: 0 : 1668, 4, 2022/12/04, 20:02:17.677, 14532015267399, testhost.dll, CurrentDomainAssemblyResolve: Failed to resolve assembly 'xunit.abstractions'.
TpTrace Warning: 0 : 1668, 4, 2022/12/04, 20:02:17.677, 14532015269697, testhost.dll, TestPluginDiscoverer: Failed to get types from assembly 'xunit.runner.visualstudio.dotnetcore.testadapter, Version=2.4.0.0, Culture=neutral, PublicKeyToken=8d05b1bb7a6fdb6c'.  Skipping test extension scan for this assembly.  Error: System.Reflection.ReflectionTypeLoadException: Unable to load one or more of the requested types.
Could not load file or assembly 'xunit.abstractions, Version=2.0.0.0, Culture=neutral, PublicKeyToken=8d05b1bb7a6fdb6c'. The system cannot find the file specified.
Could not load file or assembly 'xunit.abstractions, Version=2.0.0.0, Culture=neutral, PublicKeyToken=8d05b1bb7a6fdb6c'. The system cannot find the file specified.
Could not load file or assembly 'xunit.abstractions, Version=2.0.0.0, Culture=neutral, PublicKeyToken=8d05b1bb7a6fdb6c'. The system cannot find the file specified.
Could not load file or assembly 'xunit.abstractions, Version=2.0.0.0, Culture=neutral, PublicKeyToken=8d05b1bb7a6fdb6c'. The system cannot find the file specified.
   at System.Reflection.RuntimeModule.GetTypes(RuntimeModule module)
   at System.Reflection.Assembly.GetTypes()
   at Microsoft.VisualStudio.TestPlatform.Common.ExtensionFramework.TestPluginDiscoverer.GetTestExtensionsFromAssembly[TPluginInfo,TExtension](Assembly assembly, Dictionary`2 pluginInfos)
System.IO.FileNotFoundException: Could not load file or assembly 'xunit.abstractions, Version=2.0.0.0, Culture=neutral, PublicKeyToken=8d05b1bb7a6fdb6c'. The system cannot find the file specified.
File name: 'xunit.abstractions, Version=2.0.0.0, Culture=neutral, PublicKeyToken=8d05b1bb7a6fdb6c'
 ---> System.IO.FileNotFoundException: Could not load file or assembly 'xunit.abstractions, Culture=neutral, PublicKeyToken=null'. The system cannot find the file specified.
File name: 'xunit.abstractions, Culture=neutral, PublicKeyToken=null'
   at System.Reflection.RuntimeAssembly.InternalLoad(ObjectHandleOnStack assemblyName, ObjectHandleOnStack requestingAssembly, StackCrawlMarkHandle stackMark, Boolean throwOnFileNotFound, ObjectHandleOnStack assemblyLoadContext, ObjectHandleOnStack retAssembly)
   at System.Reflection.RuntimeAssembly.InternalLoad(AssemblyName assemblyName, RuntimeAssembly requestingAssembly, StackCrawlMark& stackMark, Boolean throwOnFileNotFound, AssemblyLoadContext assemblyLoadContext)
   at System.Reflection.Assembly.Load(AssemblyName assemblyRef)
   at Microsoft.VisualStudio.TestPlatform.Common.ExtensionFramework.TestPluginCache.CurrentDomainAssemblyResolve(Object sender, AssemblyResolveEventArgs args)
   at Microsoft.VisualStudio.TestPlatform.PlatformAbstractions.PlatformAssemblyResolver.AssemblyResolverEvent(Object sender, Object eventArgs)
   at System.Runtime.Loader.AssemblyLoadContext.GetFirstResolvedAssemblyFromResolvingEvent(AssemblyName assemblyName)
   at System.Runtime.Loader.AssemblyLoadContext.ResolveUsingEvent(AssemblyName assemblyName)
   at System.Runtime.Loader.AssemblyLoadContext.ResolveUsingResolvingEvent(IntPtr gchManagedAssemblyLoadContext, AssemblyName assemblyName)
System.IO.FileNotFoundException: Could not load file or assembly 'xunit.abstractions, Version=2.0.0.0, Culture=neutral, PublicKeyToken=8d05b1bb7a6fdb6c'. The system cannot find the file specified.
File name: 'xunit.abstractions, Version=2.0.0.0, Culture=neutral, PublicKeyToken=8d05b1bb7a6fdb6c'
System.IO.FileNotFoundException: Could not load file or assembly 'xunit.abstractions, Version=2.0.0.0, Culture=neutral, PublicKeyToken=8d05b1bb7a6fdb6c'. The system cannot find the file specified.
File name: 'xunit.abstractions, Version=2.0.0.0, Culture=neutral, PublicKeyToken=8d05b1bb7a6fdb6c'
System.IO.FileNotFoundException: Could not load file or assembly 'xunit.abstractions, Version=2.0.0.0, Culture=neutral, PublicKeyToken=8d05b1bb7a6fdb6c'. The system cannot find the file specified.
File name: 'xunit.abstractions, Version=2.0.0.0, Culture=neutral, PublicKeyToken=8d05b1bb7a6fdb6c'
TpTrace Warning: 0 : 1668, 4, 2022/12/04, 20:02:17.678, 14532015270685, testhost.dll, LoaderExceptions: System.IO.FileNotFoundException: Could not load file or assembly 'xunit.abstractions, Version=2.0.0.0, Culture=neutral, PublicKeyToken=8d05b1bb7a6fdb6c'. The system cannot find the file specified.
File name: 'xunit.abstractions, Version=2.0.0.0, Culture=neutral, PublicKeyToken=8d05b1bb7a6fdb6c'
 ---> System.IO.FileNotFoundException: Could not load file or assembly 'xunit.abstractions, Culture=neutral, PublicKeyToken=null'. The system cannot find the file specified.
File name: 'xunit.abstractions, Culture=neutral, PublicKeyToken=null'
   at System.Reflection.RuntimeAssembly.InternalLoad(ObjectHandleOnStack assemblyName, ObjectHandleOnStack requestingAssembly, StackCrawlMarkHandle stackMark, Boolean throwOnFileNotFound, ObjectHandleOnStack assemblyLoadContext, ObjectHandleOnStack retAssembly)
   at System.Reflection.RuntimeAssembly.InternalLoad(AssemblyName assemblyName, RuntimeAssembly requestingAssembly, StackCrawlMark& stackMark, Boolean throwOnFileNotFound, AssemblyLoadContext assemblyLoadContext)
   at System.Reflection.Assembly.Load(AssemblyName assemblyRef)
   at Microsoft.VisualStudio.TestPlatform.Common.ExtensionFramework.TestPluginCache.CurrentDomainAssemblyResolve(Object sender, AssemblyResolveEventArgs args)
   at Microsoft.VisualStudio.TestPlatform.PlatformAbstractions.PlatformAssemblyResolver.AssemblyResolverEvent(Object sender, Object eventArgs)
   at System.Runtime.Loader.AssemblyLoadContext.GetFirstResolvedAssemblyFromResolvingEvent(AssemblyName assemblyName)
   at System.Runtime.Loader.AssemblyLoadContext.ResolveUsingEvent(AssemblyName assemblyName)
   at System.Runtime.Loader.AssemblyLoadContext.ResolveUsingResolvingEvent(IntPtr gchManagedAssemblyLoadContext, AssemblyName assemblyName)
TpTrace Warning: 0 : 1668, 4, 2022/12/04, 20:02:17.678, 14532015271038, testhost.dll, LoaderExceptions: System.IO.FileNotFoundException: Could not load file or assembly 'xunit.abstractions, Version=2.0.0.0, Culture=neutral, PublicKeyToken=8d05b1bb7a6fdb6c'. The system cannot find the file specified.
File name: 'xunit.abstractions, Version=2.0.0.0, Culture=neutral, PublicKeyToken=8d05b1bb7a6fdb6c'
TpTrace Warning: 0 : 1668, 4, 2022/12/04, 20:02:17.678, 14532015271214, testhost.dll, LoaderExceptions: System.IO.FileNotFoundException: Could not load file or assembly 'xunit.abstractions, Version=2.0.0.0, Culture=neutral, PublicKeyToken=8d05b1bb7a6fdb6c'. The system cannot find the file specified.
File name: 'xunit.abstractions, Version=2.0.0.0, Culture=neutral, PublicKeyToken=8d05b1bb7a6fdb6c'
TpTrace Warning: 0 : 1668, 4, 2022/12/04, 20:02:17.678, 14532015271385, testhost.dll, LoaderExceptions: System.IO.FileNotFoundException: Could not load file or assembly 'xunit.abstractions, Version=2.0.0.0, Culture=neutral, PublicKeyToken=8d05b1bb7a6fdb6c'. The system cannot find the file specified.
File name: 'xunit.abstractions, Version=2.0.0.0, Culture=neutral, PublicKeyToken=8d05b1bb7a6fdb6c'
TpTrace Verbose: 0 : 1668, 4, 2022/12/04, 20:02:17.678, 14532015272382, testhost.dll, TestPluginCache: Discovered the extensions using extension path ''.
TpTrace Verbose: 0 : 1668, 4, 2022/12/04, 20:02:17.678, 14532015272751, testhost.dll, TestPluginCache: Discoverers are 'Microsoft.VisualStudio.TestPlatform.MSTest.TestAdapter.MSTestDiscoverer, Microsoft.VisualStudio.TestPlatform.MSTest.TestAdapter, Version=14.0.0.0, Culture=neutral, PublicKeyToken=b03f5f7f11d50a3a,NUnit.VisualStudio.TestAdapter.NUnit3TestDiscoverer, NUnit3.TestAdapter, Version=4.2.0.0, Culture=neutral, PublicKeyToken=4cb40d35494691ac'.
TpTrace Verbose: 0 : 1668, 4, 2022/12/04, 20:02:17.678, 14532015273003, testhost.dll, TestPluginCache: Executors are 'executor://MSTestAdapter/v2,executor://NUnit3TestExecutor'.
TpTrace Verbose: 0 : 1668, 4, 2022/12/04, 20:02:17.678, 14532015273177, testhost.dll, TestPluginCache: Executors2 are ''.
TpTrace Verbose: 0 : 1668, 4, 2022/12/04, 20:02:17.678, 14532015273337, testhost.dll, TestPluginCache: Setting providers are ''.
TpTrace Verbose: 0 : 1668, 4, 2022/12/04, 20:02:17.678, 14532015273494, testhost.dll, TestPluginCache: Loggers are ''.
TpTrace Information: 0 : 1668, 4, 2022/12/04, 20:02:17.681, 14532015306987, testhost.dll, PEReaderHelper.GetAssemblyType: Determined assemblyType:'Managed' for source: 'C:\EAD\ProjectTime\ProjectTimeWebApp.Test\bin\Debug\net6.0\fine-code-coverage\build-output\ProjectTimeWebApp.Test.dll'
TpTrace Verbose: 0 : 1668, 4, 2022/12/04, 20:02:17.685, 14532015348586, testhost.dll, BaseRunTests.RunTestInternalWithExecutors: Running tests for executor://MSTestAdapter/v2
TpTrace Information: 0 : 1668, 4, 2022/12/04, 20:02:17.686, 14532015352332, testhost.dll, AssemblyResolver.OnResolve: Microsoft.VisualStudio.TestPlatform.MSTestAdapter.PlatformServices.Interface: Resolving assembly.
TpTrace Information: 0 : 1668, 4, 2022/12/04, 20:02:17.686, 14532015352942, testhost.dll, AssemblyResolver.OnResolve: Microsoft.VisualStudio.TestPlatform.MSTestAdapter.PlatformServices.Interface: Searching in: 'C:\EAD\ProjectTime\ProjectTimeWebApp.Test\bin\Debug\net6.0\fine-code-coverage\build-output'.
TpTrace Information: 0 : 1668, 4, 2022/12/04, 20:02:17.686, 14532015355748, testhost.dll, AssemblyResolver.OnResolve: Microsoft.VisualStudio.TestPlatform.MSTestAdapter.PlatformServices.Interface: Loading assembly 'C:\EAD\ProjectTime\ProjectTimeWebApp.Test\bin\Debug\net6.0\fine-code-coverage\build-output\Microsoft.VisualStudio.TestPlatform.MSTestAdapter.PlatformServices.Interface.dll'.
TpTrace Information: 0 : 1668, 4, 2022/12/04, 20:02:17.686, 14532015358835, testhost.dll, AssemblyResolver.OnResolve: Resolved assembly: Microsoft.VisualStudio.TestPlatform.MSTestAdapter.PlatformServices.Interface, from path: C:\EAD\ProjectTime\ProjectTimeWebApp.Test\bin\Debug\net6.0\fine-code-coverage\build-output\Microsoft.VisualStudio.TestPlatform.MSTestAdapter.PlatformServices.Interface.dll
TpTrace Information: 0 : 1668, 4, 2022/12/04, 20:02:17.687, 14532015366316, testhost.dll, AssemblyResolver.OnResolve: Microsoft.VisualStudio.TestPlatform.MSTestAdapter.PlatformServices: Resolving assembly.
TpTrace Information: 0 : 1668, 4, 2022/12/04, 20:02:17.687, 14532015366847, testhost.dll, AssemblyResolver.OnResolve: Microsoft.VisualStudio.TestPlatform.MSTestAdapter.PlatformServices: Searching in: 'C:\EAD\ProjectTime\ProjectTimeWebApp.Test\bin\Debug\net6.0\fine-code-coverage\build-output'.
TpTrace Information: 0 : 1668, 4, 2022/12/04, 20:02:17.687, 14532015368677, testhost.dll, AssemblyResolver.OnResolve: Microsoft.VisualStudio.TestPlatform.MSTestAdapter.PlatformServices: Loading assembly 'C:\EAD\ProjectTime\ProjectTimeWebApp.Test\bin\Debug\net6.0\fine-code-coverage\build-output\Microsoft.VisualStudio.TestPlatform.MSTestAdapter.PlatformServices.dll'.
TpTrace Information: 0 : 1668, 4, 2022/12/04, 20:02:17.688, 14532015371400, testhost.dll, AssemblyResolver.OnResolve: Resolved assembly: Microsoft.VisualStudio.TestPlatform.MSTestAdapter.PlatformServices, from path: C:\EAD\ProjectTime\ProjectTimeWebApp.Test\bin\Debug\net6.0\fine-code-coverage\build-output\Microsoft.VisualStudio.TestPlatform.MSTestAdapter.PlatformServices.dll
TpTrace Information: 0 : 1668, 4, 2022/12/04, 20:02:17.688, 14532015373207, testhost.dll, MSTest - MSTestExecutor.RunTests: Running tests from sources.
TpTrace Information: 0 : 1668, 4, 2022/12/04, 20:02:17.690, 14532015399440, testhost.dll, MSTest - CollectSourceInformation value Found : False 
TpTrace Information: 0 : 1668, 4, 2022/12/04, 20:02:17.704, 14532015532716, testhost.dll, MSTest - DictionaryHelper.ConcatWithOverwrites: The source is null or empty, returning the overwrite dictionary.
TpTrace Information: 0 : 1668, 4, 2022/12/04, 20:02:17.708, 14532015571738, testhost.dll, MSTest - DictionaryHelper.ConcatWithOverwrites: The source is null or empty, returning the overwrite dictionary.
TpTrace Information: 0 : 1668, 4, 2022/12/04, 20:02:17.708, 14532015574155, testhost.dll, MSTest - DictionaryHelper.ConcatWithOverwrites: The source is null or empty, returning the overwrite dictionary.
TpTrace Information: 0 : 1668, 4, 2022/12/04, 20:02:17.708, 14532015574881, testhost.dll, MSTest - DictionaryHelper.ConcatWithOverwrites: The source is null or empty, returning the overwrite dictionary.
TpTrace Information: 0 : 1668, 4, 2022/12/04, 20:02:17.708, 14532015576045, testhost.dll, MSTest - DictionaryHelper.ConcatWithOverwrites: The source is null or empty, returning the overwrite dictionary.
TpTrace Information: 0 : 1668, 4, 2022/12/04, 20:02:17.713, 14532015626987, testhost.dll, MSTest - DictionaryHelper.ConcatWithOverwrites: The source is null or empty, returning the overwrite dictionary.
TpTrace Information: 0 : 1668, 4, 2022/12/04, 20:02:17.714, 14532015634202, testhost.dll, MSTest - DictionaryHelper.ConcatWithOverwrites: The source is null or empty, returning the overwrite dictionary.
TpTrace Information: 0 : 1668, 4, 2022/12/04, 20:02:17.714, 14532015635181, testhost.dll, MSTest - DictionaryHelper.ConcatWithOverwrites: The source is null or empty, returning the overwrite dictionary.
TpTrace Information: 0 : 1668, 4, 2022/12/04, 20:02:17.714, 14532015636125, testhost.dll, MSTest - DictionaryHelper.ConcatWithOverwrites: The source is null or empty, returning the overwrite dictionary.
TpTrace Information: 0 : 1668, 4, 2022/12/04, 20:02:17.714, 14532015637335, testhost.dll, MSTest - DictionaryHelper.ConcatWithOverwrites: The source is null or empty, returning the overwrite dictionary.
TpTrace Information: 0 : 1668, 4, 2022/12/04, 20:02:17.714, 14532015637848, testhost.dll, MSTest - DictionaryHelper.ConcatWithOverwrites: The source is null or empty, returning the overwrite dictionary.
TpTrace Information: 0 : 1668, 4, 2022/12/04, 20:02:17.714, 14532015639082, testhost.dll, MSTest - DictionaryHelper.ConcatWithOverwrites: The source is null or empty, returning the overwrite dictionary.
TpTrace Information: 0 : 1668, 4, 2022/12/04, 20:02:17.714, 14532015639656, testhost.dll, MSTest - DictionaryHelper.ConcatWithOverwrites: The source is null or empty, returning the overwrite dictionary.
TpTrace Information: 0 : 1668, 4, 2022/12/04, 20:02:17.715, 14532015640890, testhost.dll, MSTest - DictionaryHelper.ConcatWithOverwrites: The source is null or empty, returning the overwrite dictionary.
TpTrace Information: 0 : 1668, 4, 2022/12/04, 20:02:17.715, 14532015641380, testhost.dll, MSTest - DictionaryHelper.ConcatWithOverwrites: The source is null or empty, returning the overwrite dictionary.
TpTrace Information: 0 : 1668, 4, 2022/12/04, 20:02:17.715, 14532015642508, testhost.dll, MSTest - DictionaryHelper.ConcatWithOverwrites: The source is null or empty, returning the overwrite dictionary.
TpTrace Information: 0 : 1668, 4, 2022/12/04, 20:02:17.715, 14532015643016, testhost.dll, MSTest - DictionaryHelper.ConcatWithOverwrites: The source is null or empty, returning the overwrite dictionary.
TpTrace Information: 0 : 1668, 4, 2022/12/04, 20:02:17.715, 14532015644121, testhost.dll, MSTest - DictionaryHelper.ConcatWithOverwrites: The source is null or empty, returning the overwrite dictionary.
TpTrace Information: 0 : 1668, 4, 2022/12/04, 20:02:17.715, 14532015644616, testhost.dll, MSTest - DictionaryHelper.ConcatWithOverwrites: The source is null or empty, returning the overwrite dictionary.
TpTrace Information: 0 : 1668, 4, 2022/12/04, 20:02:17.715, 14532015645641, testhost.dll, MSTest - DictionaryHelper.ConcatWithOverwrites: The source is null or empty, returning the overwrite dictionary.
TpTrace Information: 0 : 1668, 4, 2022/12/04, 20:02:17.715, 14532015646849, testhost.dll, MSTest - DictionaryHelper.ConcatWithOverwrites: The source is null or empty, returning the overwrite dictionary.
TpTrace Information: 0 : 1668, 4, 2022/12/04, 20:02:17.715, 14532015647353, testhost.dll, MSTest - DictionaryHelper.ConcatWithOverwrites: The source is null or empty, returning the overwrite dictionary.
TpTrace Information: 0 : 1668, 4, 2022/12/04, 20:02:17.718, 14532015675695, testhost.dll, AssemblyResolver.OnResolve: Microsoft.VisualStudio.TestPlatform.MSTestAdapter.PlatformServices.resources: Resolving assembly.
TpTrace Information: 0 : 1668, 4, 2022/12/04, 20:02:17.718, 14532015676711, testhost.dll, AssemblyResolver.OnResolve: Microsoft.VisualStudio.TestPlatform.MSTestAdapter.PlatformServices.resources: Searching in: 'C:\EAD\ProjectTime\ProjectTimeWebApp.Test\bin\Debug\net6.0\fine-code-coverage\build-output'.
TpTrace Information: 0 : 1668, 4, 2022/12/04, 20:02:17.718, 14532015678151, testhost.dll, AssemblyResolver.OnResolve: Microsoft.VisualStudio.TestPlatform.MSTestAdapter.PlatformServices.resources: Assembly path does not exist: 'C:\EAD\ProjectTime\ProjectTimeWebApp.Test\bin\Debug\net6.0\fine-code-coverage\build-output\Microsoft.VisualStudio.TestPlatform.MSTestAdapter.PlatformServices.resources.dll', returning.
TpTrace Information: 0 : 1668, 4, 2022/12/04, 20:02:17.718, 14532015679280, testhost.dll, AssemblyResolver.OnResolve: Microsoft.VisualStudio.TestPlatform.MSTestAdapter.PlatformServices.resources: Assembly path does not exist: 'C:\EAD\ProjectTime\ProjectTimeWebApp.Test\bin\Debug\net6.0\fine-code-coverage\build-output\Microsoft.VisualStudio.TestPlatform.MSTestAdapter.PlatformServices.resources.exe', returning.
TpTrace Information: 0 : 1668, 4, 2022/12/04, 20:02:17.718, 14532015679518, testhost.dll, AssemblyResolver.OnResolve: Microsoft.VisualStudio.TestPlatform.MSTestAdapter.PlatformServices.resources: Failed to load assembly.
TpTrace Information: 0 : 1668, 4, 2022/12/04, 20:02:17.719, 14532015681037, testhost.dll, AssemblyResolver.OnResolve: Microsoft.VisualStudio.TestPlatform.MSTestAdapter.PlatformServices.resources: Resolving assembly.
TpTrace Information: 0 : 1668, 4, 2022/12/04, 20:02:17.719, 14532015681307, testhost.dll, AssemblyResolver.OnResolve: Microsoft.VisualStudio.TestPlatform.MSTestAdapter.PlatformServices.resources: Resolved from cache.
TpTrace Information: 0 : 1668, 4, 2022/12/04, 20:02:17.724, 14532015737292, testhost.dll, Deleting deployment directory C:\EAD\ProjectTime\ProjectTimeWebApp.Test\bin\Debug\net6.0\fine-code-coverage\coverage-tool-output\Deploy_ciaran.russell 2022-12-04 20_02_17
TpTrace Information: 0 : 1668, 4, 2022/12/04, 20:02:17.727, 14532015769162, testhost.dll, Deleted deployment directory C:\EAD\ProjectTime\ProjectTimeWebApp.Test\bin\Debug\net6.0\fine-code-coverage\coverage-tool-output\Deploy_ciaran.russell 2022-12-04 20_02_17
TpTrace Verbose: 0 : 1668, 4, 2022/12/04, 20:02:17.728, 14532015772480, testhost.dll, BaseRunTests.RunTestInternalWithExecutors: Completed running tests for executor://MSTestAdapter/v2
TpTrace Verbose: 0 : 1668, 4, 2022/12/04, 20:02:17.728, 14532015773470, testhost.dll, BaseRunTests.RunTestInternalWithExecutors: Running tests for executor://NUnit3TestExecutor
TpTrace Information: 0 : 1668, 4, 2022/12/04, 20:02:17.731, 14532015804510, testhost.dll, AssemblyResolver.OnResolve: nunit.engine.core: Resolving assembly.
TpTrace Information: 0 : 1668, 4, 2022/12/04, 20:02:17.731, 14532015805615, testhost.dll, AssemblyResolver.OnResolve: nunit.engine.core: Searching in: 'C:\EAD\ProjectTime\ProjectTimeWebApp.Test\bin\Debug\net6.0\fine-code-coverage\build-output'.
TpTrace Information: 0 : 1668, 4, 2022/12/04, 20:02:17.731, 14532015808257, testhost.dll, AssemblyResolver.OnResolve: nunit.engine.core: Loading assembly 'C:\EAD\ProjectTime\ProjectTimeWebApp.Test\bin\Debug\net6.0\fine-code-coverage\build-output\nunit.engine.core.dll'.
TpTrace Information: 0 : 1668, 4, 2022/12/04, 20:02:17.732, 14532015812408, testhost.dll, AssemblyResolver.OnResolve: Resolved assembly: nunit.engine.core, from path: C:\EAD\ProjectTime\ProjectTimeWebApp.Test\bin\Debug\net6.0\fine-code-coverage\build-output\nunit.engine.core.dll
TpTrace Information: 0 : 1668, 4, 2022/12/04, 20:02:17.741, 14532015903343, testhost.dll, NUnit Adapter 4.2.0.0: Test execution started
TpTrace Verbose: 0 : 1668, 4, 2022/12/04, 20:02:17.741, 14532015906150, testhost.dll, TestRequestHandler.SendData:  sending data from testhost: {"Version":5,"MessageType":"TestSession.Message","Payload":{"MessageLevel":0,"Message":"NUnit Adapter 4.2.0.0: Test execution started"}}
TpTrace Information: 0 : 1668, 4, 2022/12/04, 20:02:17.763, 14532016124116, testhost.dll, Running all tests in C:\EAD\ProjectTime\ProjectTimeWebApp.Test\bin\Debug\net6.0\fine-code-coverage\build-output\ProjectTimeWebApp.Test.dll
TpTrace Verbose: 0 : 1668, 4, 2022/12/04, 20:02:17.763, 14532016125595, testhost.dll, TestRequestHandler.SendData:  sending data from testhost: {"Version":5,"MessageType":"TestSession.Message","Payload":{"MessageLevel":0,"Message":"Running all tests in C:\\EAD\\ProjectTime\\ProjectTimeWebApp.Test\\bin\\Debug\\net6.0\\fine-code-coverage\\build-output\\ProjectTimeWebApp.Test.dll"}}
TpTrace Information: 0 : 1668, 4, 2022/12/04, 20:02:17.772, 14532016214904, testhost.dll, AssemblyResolver.OnResolve: testcentric.engine.metadata: Resolving assembly.
TpTrace Information: 0 : 1668, 4, 2022/12/04, 20:02:17.772, 14532016215712, testhost.dll, AssemblyResolver.OnResolve: testcentric.engine.metadata: Searching in: 'C:\EAD\ProjectTime\ProjectTimeWebApp.Test\bin\Debug\net6.0\fine-code-coverage\build-output'.
TpTrace Information: 0 : 1668, 4, 2022/12/04, 20:02:17.772, 14532016217797, testhost.dll, AssemblyResolver.OnResolve: testcentric.engine.metadata: Loading assembly 'C:\EAD\ProjectTime\ProjectTimeWebApp.Test\bin\Debug\net6.0\fine-code-coverage\build-output\testcentric.engine.metadata.dll'.
TpTrace Information: 0 : 1668, 4, 2022/12/04, 20:02:17.773, 14532016222375, testhost.dll, AssemblyResolver.OnResolve: Resolved assembly: testcentric.engine.metadata, from path: C:\EAD\ProjectTime\ProjectTimeWebApp.Test\bin\Debug\net6.0\fine-code-coverage\build-output\testcentric.engine.metadata.dll
TpTrace Information: 0 : 1668, 4, 2022/12/04, 20:02:17.865, 14532017148118, testhost.dll,    NUnit3TestExecutor discovered 64 of 64 NUnit test cases using Current Discovery mode, Non-Explicit run
TpTrace Verbose: 0 : 1668, 4, 2022/12/04, 20:02:17.865, 14532017149638, testhost.dll, TestRequestHandler.SendData:  sending data from testhost: {"Version":5,"MessageType":"TestSession.Message","Payload":{"MessageLevel":0,"Message":"   NUnit3TestExecutor discovered 64 of 64 NUnit test cases using Current Discovery mode, Non-Explicit run"}}
TpTrace Verbose: 0 : 1668, 14, 2022/12/04, 20:02:18.449, 14532022987789, testhost.dll, TestExecutionRecorder.RecordStart: Starting test: ProjectTimeWebApp.Test.Controller.TestActualVEstimateController.Test_Controller_Index_ReturnsSuccess().
TpTrace Verbose: 0 : 1668, 14, 2022/12/04, 20:02:18.483, 14532023320647, testhost.dll, TestExecutionRecorder.RecordEnd: test: ProjectTimeWebApp.Test.Controller.TestActualVEstimateController.Test_Controller_Index_ReturnsSuccess() execution completed.
TpTrace Verbose: 0 : 1668, 14, 2022/12/04, 20:02:18.492, 14532023412073, testhost.dll, TestExecutionRecorder.RecordResult: Received result for test: ProjectTimeWebApp.Test.Controller.TestActualVEstimateController.Test_Controller_Index_ReturnsSuccess().
TpTrace Warning: 0 : 1668, 14, 2022/12/04, 20:02:18.495, 14532023444637, testhost.dll, TestRunCache: InProgressTests is null
TpTrace Warning: 0 : 1668, 14, 2022/12/04, 20:02:18.495, 14532023445607, testhost.dll, TestRunCache: No test found corresponding to testResult 'Test_Controller_Index_ReturnsSuccess()' in inProgress list.
TpTrace Verbose: 0 : 1668, 14, 2022/12/04, 20:02:18.496, 14532023451846, testhost.dll, TestExecutionRecorder.RecordStart: Starting test: ProjectTimeWebApp.Test.Controller.TestActualVEstimateController.Test_Controller_IndexProjectTracker_ReturnsSuccess().
TpTrace Verbose: 0 : 1668, 10, 2022/12/04, 20:02:18.583, 14532024329152, testhost.dll, TcpClientExtensions.MessageLoopAsync: Polling on remoteEndPoint: [::ffff:127.0.0.1]:63559 localEndPoint: [::ffff:127.0.0.1]:63560
TpTrace Information: 0 : 1668, 15, 2022/12/04, 20:02:18.620, 14532024691526, testhost.dll, AssemblyResolver.OnResolve: System.Design: Resolving assembly.
TpTrace Information: 0 : 1668, 15, 2022/12/04, 20:02:18.620, 14532024692605, testhost.dll, AssemblyResolver.OnResolve: System.Design: Searching in: 'C:\EAD\ProjectTime\ProjectTimeWebApp.Test\bin\Debug\net6.0\fine-code-coverage\build-output'.
TpTrace Information: 0 : 1668, 15, 2022/12/04, 20:02:18.620, 14532024694473, testhost.dll, AssemblyResolver.OnResolve: System.Design: Assembly path does not exist: 'C:\EAD\ProjectTime\ProjectTimeWebApp.Test\bin\Debug\net6.0\fine-code-coverage\build-output\System.Design.dll', returning.
TpTrace Information: 0 : 1668, 15, 2022/12/04, 20:02:18.620, 14532024695476, testhost.dll, AssemblyResolver.OnResolve: System.Design: Assembly path does not exist: 'C:\EAD\ProjectTime\ProjectTimeWebApp.Test\bin\Debug\net6.0\fine-code-coverage\build-output\System.Design.exe', returning.
TpTrace Information: 0 : 1668, 15, 2022/12/04, 20:02:18.620, 14532024695691, testhost.dll, AssemblyResolver.OnResolve: System.Design: Failed to load assembly.
TpTrace Verbose: 0 : 1668, 14, 2022/12/04, 20:02:18.622, 14532024712853, testhost.dll, TestExecutionRecorder.RecordEnd: test: ProjectTimeWebApp.Test.Controller.TestActualVEstimateController.Test_Controller_IndexProjectTracker_ReturnsSuccess() execution completed.
TpTrace Verbose: 0 : 1668, 14, 2022/12/04, 20:02:18.623, 14532024727865, testhost.dll, TestExecutionRecorder.RecordResult: Received result for test: ProjectTimeWebApp.Test.Controller.TestActualVEstimateController.Test_Controller_IndexProjectTracker_ReturnsSuccess().
TpTrace Warning: 0 : 1668, 14, 2022/12/04, 20:02:18.623, 14532024728542, testhost.dll, TestRunCache: InProgressTests is null
TpTrace Warning: 0 : 1668, 14, 2022/12/04, 20:02:18.623, 14532024728753, testhost.dll, TestRunCache: No test found corresponding to testResult 'Test_Controller_IndexProjectTracker_ReturnsSuccess()' in inProgress list.
TpTrace Verbose: 0 : 1668, 14, 2022/12/04, 20:02:18.624, 14532024731697, testhost.dll, TestExecutionRecorder.RecordStart: Starting test: ProjectTimeWebApp.Test.Controller.TestActualVEstimateController.Test_Controller_IndexProjectTrackerCost_ReturnsSuccess().
TpTrace Verbose: 0 : 1668, 14, 2022/12/04, 20:02:18.625, 14532024740272, testhost.dll, TestExecutionRecorder.RecordEnd: test: ProjectTimeWebApp.Test.Controller.TestActualVEstimateController.Test_Controller_IndexProjectTrackerCost_ReturnsSuccess() execution completed.
TpTrace Verbose: 0 : 1668, 14, 2022/12/04, 20:02:18.625, 14532024746398, testhost.dll, TestExecutionRecorder.RecordResult: Received result for test: ProjectTimeWebApp.Test.Controller.TestActualVEstimateController.Test_Controller_IndexProjectTrackerCost_ReturnsSuccess().
TpTrace Warning: 0 : 1668, 14, 2022/12/04, 20:02:18.625, 14532024746932, testhost.dll, TestRunCache: InProgressTests is null
TpTrace Warning: 0 : 1668, 14, 2022/12/04, 20:02:18.625, 14532024747155, testhost.dll, TestRunCache: No test found corresponding to testResult 'Test_Controller_IndexProjectTrackerCost_ReturnsSuccess()' in inProgress list.
TpTrace Verbose: 0 : 1668, 14, 2022/12/04, 20:02:18.741, 14532025906254, testhost.dll, TestExecutionRecorder.RecordStart: Starting test: ProjectTimeWebApp.Test.Controller.TestDepartmentController.Test_CreateDepartmentPost_WithResponse.
TpTrace Verbose: 0 : 1668, 14, 2022/12/04, 20:02:18.773, 14532026221542, testhost.dll, TestExecutionRecorder.RecordEnd: test: ProjectTimeWebApp.Test.Controller.TestDepartmentController.Test_CreateDepartmentPost_WithResponse execution completed.
TpTrace Verbose: 0 : 1668, 14, 2022/12/04, 20:02:18.774, 14532026236031, testhost.dll, TestExecutionRecorder.RecordResult: Received result for test: ProjectTimeWebApp.Test.Controller.TestDepartmentController.Test_CreateDepartmentPost_WithResponse.
TpTrace Warning: 0 : 1668, 14, 2022/12/04, 20:02:18.774, 14532026236961, testhost.dll, TestRunCache: InProgressTests is null
TpTrace Warning: 0 : 1668, 14, 2022/12/04, 20:02:18.774, 14532026237181, testhost.dll, TestRunCache: No test found corresponding to testResult 'Test_CreateDepartmentPost_WithResponse' in inProgress list.
TpTrace Information: 0 : 1668, 15, 2022/12/04, 20:02:18.774, 14532026237957, testhost.dll, AssemblyResolver.OnResolve: System.Design: Resolving assembly.
TpTrace Information: 0 : 1668, 15, 2022/12/04, 20:02:18.774, 14532026238446, testhost.dll, AssemblyResolver.OnResolve: System.Design: Resolved from cache.
TpTrace Verbose: 0 : 1668, 14, 2022/12/04, 20:02:18.774, 14532026238035, testhost.dll, TestExecutionRecorder.RecordStart: Starting test: ProjectTimeWebApp.Test.Controller.TestDepartmentController.Test_CreateControllerGet_ReturnsSuccess.
TpTrace Verbose: 0 : 1668, 14, 2022/12/04, 20:02:18.775, 14532026247016, testhost.dll, TestExecutionRecorder.RecordEnd: test: ProjectTimeWebApp.Test.Controller.TestDepartmentController.Test_CreateControllerGet_ReturnsSuccess execution completed.
TpTrace Verbose: 0 : 1668, 14, 2022/12/04, 20:02:18.776, 14532026253610, testhost.dll, TestExecutionRecorder.RecordResult: Received result for test: ProjectTimeWebApp.Test.Controller.TestDepartmentController.Test_CreateControllerGet_ReturnsSuccess.
TpTrace Warning: 0 : 1668, 14, 2022/12/04, 20:02:18.776, 14532026254088, testhost.dll, TestRunCache: InProgressTests is null
TpTrace Warning: 0 : 1668, 14, 2022/12/04, 20:02:18.776, 14532026254284, testhost.dll, TestRunCache: No test found corresponding to testResult 'Test_CreateControllerGet_ReturnsSuccess' in inProgress list.
TpTrace Verbose: 0 : 1668, 14, 2022/12/04, 20:02:18.776, 14532026254850, testhost.dll, TestExecutionRecorder.RecordStart: Starting test: ProjectTimeWebApp.Test.Controller.TestDepartmentController.Test_DepartmentController_Index_ReturnsSuccess.
TpTrace Verbose: 0 : 1668, 14, 2022/12/04, 20:02:18.777, 14532026262049, testhost.dll, TestExecutionRecorder.RecordEnd: test: ProjectTimeWebApp.Test.Controller.TestDepartmentController.Test_DepartmentController_Index_ReturnsSuccess execution completed.
TpTrace Verbose: 0 : 1668, 14, 2022/12/04, 20:02:18.777, 14532026269892, testhost.dll, TestExecutionRecorder.RecordResult: Received result for test: ProjectTimeWebApp.Test.Controller.TestDepartmentController.Test_DepartmentController_Index_ReturnsSuccess.
TpTrace Warning: 0 : 1668, 14, 2022/12/04, 20:02:18.778, 14532026270563, testhost.dll, TestRunCache: InProgressTests is null
TpTrace Warning: 0 : 1668, 14, 2022/12/04, 20:02:18.778, 14532026270810, testhost.dll, TestRunCache: No test found corresponding to testResult 'Test_DepartmentController_Index_ReturnsSuccess' in inProgress list.
TpTrace Verbose: 0 : 1668, 14, 2022/12/04, 20:02:18.778, 14532026271431, testhost.dll, TestExecutionRecorder.RecordStart: Starting test: ProjectTimeWebApp.Test.Controller.TestDepartmentController.Test_DeleteDepartmentGet_WithResponse.
TpTrace Verbose: 0 : 1668, 14, 2022/12/04, 20:02:18.780, 14532026297338, testhost.dll, TestExecutionRecorder.RecordEnd: test: ProjectTimeWebApp.Test.Controller.TestDepartmentController.Test_DeleteDepartmentGet_WithResponse execution completed.
TpTrace Verbose: 0 : 1668, 14, 2022/12/04, 20:02:18.781, 14532026306634, testhost.dll, TestExecutionRecorder.RecordResult: Received result for test: ProjectTimeWebApp.Test.Controller.TestDepartmentController.Test_DeleteDepartmentGet_WithResponse.
TpTrace Warning: 0 : 1668, 14, 2022/12/04, 20:02:18.781, 14532026307237, testhost.dll, TestRunCache: InProgressTests is null
TpTrace Warning: 0 : 1668, 14, 2022/12/04, 20:02:18.781, 14532026307434, testhost.dll, TestRunCache: No test found corresponding to testResult 'Test_DeleteDepartmentGet_WithResponse' in inProgress list.
TpTrace Verbose: 0 : 1668, 14, 2022/12/04, 20:02:18.781, 14532026308025, testhost.dll, TestExecutionRecorder.RecordStart: Starting test: ProjectTimeWebApp.Test.Controller.TestDepartmentController.Test_DeleteDepartmentPost_WithResponse.
TpTrace Verbose: 0 : 1668, 14, 2022/12/04, 20:02:18.782, 14532026317101, testhost.dll, TestExecutionRecorder.RecordEnd: test: ProjectTimeWebApp.Test.Controller.TestDepartmentController.Test_DeleteDepartmentPost_WithResponse execution completed.
TpTrace Verbose: 0 : 1668, 14, 2022/12/04, 20:02:18.783, 14532026324390, testhost.dll, TestExecutionRecorder.RecordResult: Received result for test: ProjectTimeWebApp.Test.Controller.TestDepartmentController.Test_DeleteDepartmentPost_WithResponse.
TpTrace Warning: 0 : 1668, 14, 2022/12/04, 20:02:18.783, 14532026324997, testhost.dll, TestRunCache: InProgressTests is null
TpTrace Warning: 0 : 1668, 14, 2022/12/04, 20:02:18.783, 14532026325198, testhost.dll, TestRunCache: No test found corresponding to testResult 'Test_DeleteDepartmentPost_WithResponse' in inProgress list.
TpTrace Verbose: 0 : 1668, 14, 2022/12/04, 20:02:18.783, 14532026325792, testhost.dll, TestExecutionRecorder.RecordStart: Starting test: ProjectTimeWebApp.Test.Controller.TestDepartmentController.Test_EditDepartmentPost_WithResponse.
TpTrace Verbose: 0 : 1668, 14, 2022/12/04, 20:02:18.796, 14532026454061, testhost.dll, TestExecutionRecorder.RecordEnd: test: ProjectTimeWebApp.Test.Controller.TestDepartmentController.Test_EditDepartmentPost_WithResponse execution completed.
TpTrace Verbose: 0 : 1668, 14, 2022/12/04, 20:02:18.797, 14532026465153, testhost.dll, TestExecutionRecorder.RecordResult: Received result for test: ProjectTimeWebApp.Test.Controller.TestDepartmentController.Test_EditDepartmentPost_WithResponse.
TpTrace Warning: 0 : 1668, 14, 2022/12/04, 20:02:18.797, 14532026466119, testhost.dll, TestRunCache: InProgressTests is null
TpTrace Warning: 0 : 1668, 14, 2022/12/04, 20:02:18.797, 14532026466330, testhost.dll, TestRunCache: No test found corresponding to testResult 'Test_EditDepartmentPost_WithResponse' in inProgress list.
TpTrace Verbose: 0 : 1668, 14, 2022/12/04, 20:02:18.797, 14532026467109, testhost.dll, TestExecutionRecorder.RecordStart: Starting test: ProjectTimeWebApp.Test.Controller.TestDepartmentController.Test_EditDepartmentGet_WithResponse.
TpTrace Information: 0 : 1668, 14, 2022/12/04, 20:02:18.799, 14532026483598, testhost.dll, Sending test run statistics
TpTrace Verbose: 0 : 1668, 14, 2022/12/04, 20:02:18.819, 14532026682810, testhost.dll, TestRequestHandler.SendData:  sending data from testhost: {"Version":5,"MessageType":"TestExecution.StatsChange","Payload":{"NewTestResults":[{"TestCase":{"Id":"5f846a91-aa12-3eeb-1746-c88b6dfe54cd","FullyQualifiedName":"ProjectTimeWebApp.Test.Controller.TestActualVEstimateController.Test_Controller_Index_ReturnsSuccess()","DisplayName":"Test_Controller_Index_ReturnsSuccess()","ExecutorUri":"executor://NUnit3TestExecutor","Source":"C:\\EAD\\ProjectTime\\ProjectTimeWebApp.Test\\bin\\Debug\\net6.0\\fine-code-coverage\\build-output\\ProjectTimeWebApp.Test.dll","CodeFilePath":null,"LineNumber":0,"Properties":[{"Key":{"Id":"NUnit.Seed","Label":"Seed","Category":"","Description":"","Attributes":0,"ValueType":"System.String"},"Value":"1554519382"}]},"Attachments":[],"Outcome":1,"ErrorMessage":null,"ErrorStackTrace":null,"DisplayName":"Test_Controller_Index_ReturnsSuccess()","Messages":[],"ComputerName":"UPE002616","Duration":"00:00:00.0098590","StartTime":"2022-12-04T20:02:18.448423+00:00","EndTime":"2022-12-04T20:02:18.4582304+00:00","Properties":[{"Key":{"Id":"NUnit.Seed","Label":"Seed","Category":"","Description":"","Attributes":0,"ValueType":"System.String"},"Value":"1554519382"}]},{"TestCase":{"Id":"2c73cce8-d685-a192-e844-7fa54b081437","FullyQualifiedName":"ProjectTimeWebApp.Test.Controller.TestActualVEstimateController.Test_Controller_IndexProjectTracker_ReturnsSuccess()","DisplayName":"Test_Controller_IndexProjectTracker_ReturnsSuccess()","ExecutorUri":"executor://NUnit3TestExecutor","Source":"C:\\EAD\\ProjectTime\\ProjectTimeWebApp.Test\\bin\\Debug\\net6.0\\fine-code-coverage\\build-output\\ProjectTimeWebApp.Test.dll","CodeFilePath":null,"LineNumber":0,"Properties":[{"Key":{"Id":"NUnit.Seed","Label":"Seed","Category":"","Description":"","Attributes":0,"ValueType":"System.String"},"Value":"2051753270"}]},"Attachments":[],"Outcome":1,"ErrorMessage":null,"ErrorStackTrace":null,"DisplayName":"Test_Controller_IndexProjectTracker_ReturnsSuccess()","Messages":[],"ComputerName":"UPE002616","Duration":"00:00:00.1613840","StartTime":"2022-12-04T20:02:18.4605657+00:00","EndTime":"2022-12-04T20:02:18.6219491+00:00","Properties":[{"Key":{"Id":"NUnit.Seed","Label":"Seed","Category":"","Description":"","Attributes":0,"ValueType":"System.String"},"Value":"2051753270"}]},{"TestCase":{"Id":"5b5a6a38-09e4-02a8-9fd3-c378cba2877f","FullyQualifiedName":"ProjectTimeWebApp.Test.Controller.TestActualVEstimateController.Test_Controller_IndexProjectTrackerCost_ReturnsSuccess()","DisplayName":"Test_Controller_IndexProjectTrackerCost_ReturnsSuccess()","ExecutorUri":"executor://NUnit3TestExecutor","Source":"C:\\EAD\\ProjectTime\\ProjectTimeWebApp.Test\\bin\\Debug\\net6.0\\fine-code-coverage\\build-output\\ProjectTimeWebApp.Test.dll","CodeFilePath":null,"LineNumber":0,"Properties":[{"Key":{"Id":"NUnit.Seed","Label":"Seed","Category":"","Description":"","Attributes":0,"ValueType":"System.String"},"Value":"1936264753"}]},"Attachments":[],"Outcome":1,"ErrorMessage":null,"ErrorStackTrace":null,"DisplayName":"Test_Controller_IndexProjectTrackerCost_ReturnsSuccess()","Messages":[],"ComputerName":"UPE002616","Duration":"00:00:00.0020230","StartTime":"2022-12-04T20:02:18.6220194+00:00","EndTime":"2022-12-04T20:02:18.624042+00:00","Properties":[{"Key":{"Id":"NUnit.Seed","Label":"Seed","Category":"","Description":"","Attributes":0,"ValueType":"System.String"},"Value":"1936264753"}]},{"TestCase":{"Id":"43d22218-4203-88ea-aaa1-e899b1f43b82","FullyQualifiedName":"ProjectTimeWebApp.Test.Controller.TestDepartmentController.Test_CreateDepartmentPost_WithResponse","DisplayName":"Test_CreateDepartmentPost_WithResponse","ExecutorUri":"executor://NUnit3TestExecutor","Source":"C:\\EAD\\ProjectTime\\ProjectTimeWebApp.Test\\bin\\Debug\\net6.0\\fine-code-coverage\\build-output\\ProjectTimeWebApp.Test.dll","CodeFilePath":null,"LineNumber":0,"Properties":[{"Key":{"Id":"NUnit.Seed","Label":"Seed","Category":"","Description":"","Attributes":0,"ValueType":"System.String"},"Value":"888074965"}]},"Attachments":[],"Outcome":1,"ErrorMessage":null,"ErrorStackTrace":null,"DisplayName":"Test_CreateDepartmentPost_WithResponse","Messages":[],"ComputerName":"UPE002616","Duration":"00:00:00.0313170","StartTime":"2022-12-04T20:02:18.7414755+00:00","EndTime":"2022-12-04T20:02:18.7727934+00:00","Properties":[{"Key":{"Id":"NUnit.Seed","Label":"Seed","Category":"","Description":"","Attributes":0,"ValueType":"System.String"},"Value":"888074965"}]},{"TestCase":{"Id":"531e941e-d3e5-2067-ba3c-bdf19d286fa7","FullyQualifiedName":"ProjectTimeWebApp.Test.Controller.TestDepartmentController.Test_CreateControllerGet_ReturnsSuccess","DisplayName":"Test_CreateControllerGet_ReturnsSuccess","ExecutorUri":"executor://NUnit3TestExecutor","Source":"C:\\EAD\\ProjectTime\\ProjectTimeWebApp.Test\\bin\\Debug\\net6.0\\fine-code-coverage\\build-output\\ProjectTimeWebApp.Test.dll","CodeFilePath":null,"LineNumber":0,"Properties":[{"Key":{"Id":"NUnit.Seed","Label":"Seed","Category":"","Description":"","Attributes":0,"ValueType":"System.String"},"Value":"465651963"}]},"Attachments":[],"Outcome":1,"ErrorMessage":null,"ErrorStackTrace":null,"DisplayName":"Test_CreateControllerGet_ReturnsSuccess","Messages":[],"ComputerName":"UPE002616","Duration":"00:00:00.0013000","StartTime":"2022-12-04T20:02:18.7728353+00:00","EndTime":"2022-12-04T20:02:18.774135+00:00","Properties":[{"Key":{"Id":"NUnit.Seed","Label":"Seed","Category":"","Description":"","Attributes":0,"ValueType":"System.String"},"Value":"465651963"}]},{"TestCase":{"Id":"8de5d3c3-e2d1-2caa-c9bd-ac99e0b2a30c","FullyQualifiedName":"ProjectTimeWebApp.Test.Controller.TestDepartmentController.Test_DepartmentController_Index_ReturnsSuccess","DisplayName":"Test_DepartmentController_Index_ReturnsSuccess","ExecutorUri":"executor://NUnit3TestExecutor","Source":"C:\\EAD\\ProjectTime\\ProjectTimeWebApp.Test\\bin\\Debug\\net6.0\\fine-code-coverage\\build-output\\ProjectTimeWebApp.Test.dll","CodeFilePath":null,"LineNumber":0,"Properties":[{"Key":{"Id":"NUnit.Seed","Label":"Seed","Category":"","Description":"","Attributes":0,"ValueType":"System.String"},"Value":"1868253961"}]},"Attachments":[],"Outcome":1,"ErrorMessage":null,"ErrorStackTrace":null,"DisplayName":"Test_DepartmentController_Index_ReturnsSuccess","Messages":[],"ComputerName":"UPE002616","Duration":"00:00:00.0007490","StartTime":"2022-12-04T20:02:18.7741518+00:00","EndTime":"2022-12-04T20:02:18.7749009+00:00","Properties":[{"Key":{"Id":"NUnit.Seed","Label":"Seed","Category":"","Description":"","Attributes":0,"ValueType":"System.String"},"Value":"1868253961"}]},{"TestCase":{"Id":"0b1fe11f-41a4-e6fa-3f93-e5e4ceb0427a","FullyQualifiedName":"ProjectTimeWebApp.Test.Controller.TestDepartmentController.Test_DeleteDepartmentGet_WithResponse","DisplayName":"Test_DeleteDepartmentGet_WithResponse","ExecutorUri":"executor://NUnit3TestExecutor","Source":"C:\\EAD\\ProjectTime\\ProjectTimeWebApp.Test\\bin\\Debug\\net6.0\\fine-code-coverage\\build-output\\ProjectTimeWebApp.Test.dll","CodeFilePath":null,"LineNumber":0,"Properties":[{"Key":{"Id":"NUnit.Seed","Label":"Seed","Category":"","Description":"","Attributes":0,"ValueType":"System.String"},"Value":"1941111674"}]},"Attachments":[],"Outcome":1,"ErrorMessage":null,"ErrorStackTrace":null,"DisplayName":"Test_DeleteDepartmentGet_WithResponse","Messages":[],"ComputerName":"UPE002616","Duration":"00:00:00.0055400","StartTime":"2022-12-04T20:02:18.77491+00:00","EndTime":"2022-12-04T20:02:18.7804492+00:00","Properties":[{"Key":{"Id":"NUnit.Seed","Label":"Seed","Category":"","Description":"","Attributes":0,"ValueType":"System.String"},"Value":"1941111674"}]},{"TestCase":{"Id":"f79e7f21-b43f-c48e-d463-0fc041ace2b5","FullyQualifiedName":"ProjectTimeWebApp.Test.Controller.TestDepartmentController.Test_DeleteDepartmentPost_WithResponse","DisplayName":"Test_DeleteDepartmentPost_WithResponse","ExecutorUri":"executor://NUnit3TestExecutor","Source":"C:\\EAD\\ProjectTime\\ProjectTimeWebApp.Test\\bin\\Debug\\net6.0\\fine-code-coverage\\build-output\\ProjectTimeWebApp.Test.dll","CodeFilePath":null,"LineNumber":0,"Properties":[{"Key":{"Id":"NUnit.Seed","Label":"Seed","Category":"","Description":"","Attributes":0,"ValueType":"System.String"},"Value":"79106864"}]},"Attachments":[],"Outcome":1,"ErrorMessage":null,"ErrorStackTrace":null,"DisplayName":"Test_DeleteDepartmentPost_WithResponse","Messages":[],"ComputerName":"UPE002616","Duration":"00:00:00.0020750","StartTime":"2022-12-04T20:02:18.7804718+00:00","EndTime":"2022-12-04T20:02:18.7825465+00:00","Properties":[{"Key":{"Id":"NUnit.Seed","Label":"Seed","Category":"","Description":"","Attributes":0,"ValueType":"System.String"},"Value":"79106864"}]},{"TestCase":{"Id":"147dd41f-815d-3d68-6c94-7a93b8d47320","FullyQualifiedName":"ProjectTimeWebApp.Test.Controller.TestDepartmentController.Test_EditDepartmentPost_WithResponse","DisplayName":"Test_EditDepartmentPost_WithResponse","ExecutorUri":"executor://NUnit3TestExecutor","Source":"C:\\EAD\\ProjectTime\\ProjectTimeWebApp.Test\\bin\\Debug\\net6.0\\fine-code-coverage\\build-output\\ProjectTimeWebApp.Test.dll","CodeFilePath":null,"LineNumber":0,"Properties":[{"Key":{"Id":"NUnit.Seed","Label":"Seed","Category":"","Description":"","Attributes":0,"ValueType":"System.String"},"Value":"1908512458"}]},"Attachments":[],"Outcome":1,"ErrorMessage":null,"ErrorStackTrace":null,"DisplayName":"Test_EditDepartmentPost_WithResponse","Messages":[],"ComputerName":"UPE002616","Duration":"00:00:00.0135550","StartTime":"2022-12-04T20:02:18.7825593+00:00","EndTime":"2022-12-04T20:02:18.7961139+00:00","Properties":[{"Key":{"Id":"NUnit.Seed","Label":"Seed","Category":"","Description":"","Attributes":0,"ValueType":"System.String"},"Value":"1908512458"}]}],"TestRunStatistics":{"ExecutedTests":9,"Stats":{"Passed":9}},"ActiveTests":[{"Id":"4c55138a-684f-5583-c827-637bd8c03d68","FullyQualifiedName":"ProjectTimeWebApp.Test.Controller.TestDepartmentController.Test_EditDepartmentGet_WithResponse","DisplayName":"Test_EditDepartmentGet_WithResponse","ExecutorUri":"executor://NUnit3TestExecutor","Source":"C:\\EAD\\ProjectTime\\ProjectTimeWebApp.Test\\bin\\Debug\\net6.0\\fine-code-coverage\\build-output\\ProjectTimeWebApp.Test.dll","CodeFilePath":null,"LineNumber":0,"Properties":[{"Key":{"Id":"NUnit.Seed","Label":"Seed","Category":"","Description":"","Attributes":0,"ValueType":"System.String"},"Value":"2004435745"}]}]}}
TpTrace Verbose: 0 : 1668, 14, 2022/12/04, 20:02:18.819, 14532026686126, testhost.dll, TestRunCache: OnNewTestResult: Notified the onCacheHit callback.
TpTrace Verbose: 0 : 1668, 14, 2022/12/04, 20:02:18.820, 14532026699690, testhost.dll, TestExecutionRecorder.RecordEnd: test: ProjectTimeWebApp.Test.Controller.TestDepartmentController.Test_EditDepartmentGet_WithResponse execution completed.
TpTrace Warning: 0 : 1668, 14, 2022/12/04, 20:02:18.821, 14532026700484, testhost.dll, TestRunCache: InProgressTests is null
TpTrace Verbose: 0 : 1668, 14, 2022/12/04, 20:02:18.821, 14532026708315, testhost.dll, TestExecutionRecorder.RecordResult: Received result for test: ProjectTimeWebApp.Test.Controller.TestDepartmentController.Test_EditDepartmentGet_WithResponse.
TpTrace Warning: 0 : 1668, 14, 2022/12/04, 20:02:18.821, 14532026709137, testhost.dll, TestRunCache: InProgressTests is null
TpTrace Warning: 0 : 1668, 14, 2022/12/04, 20:02:18.821, 14532026709383, testhost.dll, TestRunCache: No test found corresponding to testResult 'Test_EditDepartmentGet_WithResponse' in inProgress list.
TpTrace Verbose: 0 : 1668, 14, 2022/12/04, 20:02:18.822, 14532026711904, testhost.dll, TestExecutionRecorder.RecordStart: Starting test: ProjectTimeWebApp.Test.Controller.TestHomeController.Test_HomeControllerIndex_WithResponse.
TpTrace Verbose: 0 : 1668, 14, 2022/12/04, 20:02:18.823, 14532026721927, testhost.dll, TestExecutionRecorder.RecordEnd: test: ProjectTimeWebApp.Test.Controller.TestHomeController.Test_HomeControllerIndex_WithResponse execution completed.
TpTrace Verbose: 0 : 1668, 14, 2022/12/04, 20:02:18.823, 14532026729134, testhost.dll, TestExecutionRecorder.RecordResult: Received result for test: ProjectTimeWebApp.Test.Controller.TestHomeController.Test_HomeControllerIndex_WithResponse.
TpTrace Warning: 0 : 1668, 14, 2022/12/04, 20:02:18.823, 14532026729867, testhost.dll, TestRunCache: InProgressTests is null
TpTrace Warning: 0 : 1668, 14, 2022/12/04, 20:02:18.824, 14532026730245, testhost.dll, TestRunCache: No test found corresponding to testResult 'Test_HomeControllerIndex_WithResponse' in inProgress list.
TpTrace Verbose: 0 : 1668, 14, 2022/12/04, 20:02:18.824, 14532026731257, testhost.dll, TestExecutionRecorder.RecordStart: Starting test: ProjectTimeWebApp.Test.Controller.TestHomeController.Test_PrivacyControllerIndex_WithResponse.
TpTrace Verbose: 0 : 1668, 14, 2022/12/04, 20:02:18.825, 14532026745780, testhost.dll, TestExecutionRecorder.RecordEnd: test: ProjectTimeWebApp.Test.Controller.TestHomeController.Test_PrivacyControllerIndex_WithResponse execution completed.
TpTrace Verbose: 0 : 1668, 14, 2022/12/04, 20:02:18.826, 14532026752585, testhost.dll, TestExecutionRecorder.RecordResult: Received result for test: ProjectTimeWebApp.Test.Controller.TestHomeController.Test_PrivacyControllerIndex_WithResponse.
TpTrace Warning: 0 : 1668, 14, 2022/12/04, 20:02:18.826, 14532026753374, testhost.dll, TestRunCache: InProgressTests is null
TpTrace Warning: 0 : 1668, 14, 2022/12/04, 20:02:18.826, 14532026753829, testhost.dll, TestRunCache: No test found corresponding to testResult 'Test_PrivacyControllerIndex_WithResponse' in inProgress list.
TpTrace Verbose: 0 : 1668, 14, 2022/12/04, 20:02:18.834, 14532026833927, testhost.dll, TestExecutionRecorder.RecordStart: Starting test: ProjectTimeWebApp.Test.Controller.TestNonWorkingDaysController.Test_Controller_Index_ReturnsSuccess().
TpTrace Information: 0 : 1668, 15, 2022/12/04, 20:02:18.835, 14532026843442, testhost.dll, AssemblyResolver.OnResolve: System.Design: Resolving assembly.
TpTrace Information: 0 : 1668, 15, 2022/12/04, 20:02:18.835, 14532026844016, testhost.dll, AssemblyResolver.OnResolve: System.Design: Resolved from cache.
TpTrace Verbose: 0 : 1668, 14, 2022/12/04, 20:02:18.836, 14532026851732, testhost.dll, TestExecutionRecorder.RecordEnd: test: ProjectTimeWebApp.Test.Controller.TestNonWorkingDaysController.Test_Controller_Index_ReturnsSuccess() execution completed.
TpTrace Verbose: 0 : 1668, 14, 2022/12/04, 20:02:18.837, 14532026861104, testhost.dll, TestExecutionRecorder.RecordResult: Received result for test: ProjectTimeWebApp.Test.Controller.TestNonWorkingDaysController.Test_Controller_Index_ReturnsSuccess().
TpTrace Warning: 0 : 1668, 14, 2022/12/04, 20:02:18.837, 14532026861738, testhost.dll, TestRunCache: InProgressTests is null
TpTrace Warning: 0 : 1668, 14, 2022/12/04, 20:02:18.837, 14532026862012, testhost.dll, TestRunCache: No test found corresponding to testResult 'Test_Controller_Index_ReturnsSuccess()' in inProgress list.
TpTrace Verbose: 0 : 1668, 14, 2022/12/04, 20:02:18.837, 14532026863911, testhost.dll, TestExecutionRecorder.RecordStart: Starting test: ProjectTimeWebApp.Test.Controller.TestNonWorkingDaysController.Test_CreateControllerGet_ReturnsSuccess.
TpTrace Verbose: 0 : 1668, 14, 2022/12/04, 20:02:18.838, 14532026874814, testhost.dll, TestExecutionRecorder.RecordEnd: test: ProjectTimeWebApp.Test.Controller.TestNonWorkingDaysController.Test_CreateControllerGet_ReturnsSuccess execution completed.
TpTrace Verbose: 0 : 1668, 14, 2022/12/04, 20:02:18.839, 14532026883475, testhost.dll, TestExecutionRecorder.RecordResult: Received result for test: ProjectTimeWebApp.Test.Controller.TestNonWorkingDaysController.Test_CreateControllerGet_ReturnsSuccess.
TpTrace Warning: 0 : 1668, 14, 2022/12/04, 20:02:18.839, 14532026884131, testhost.dll, TestRunCache: InProgressTests is null
TpTrace Warning: 0 : 1668, 14, 2022/12/04, 20:02:18.839, 14532026884479, testhost.dll, TestRunCache: No test found corresponding to testResult 'Test_CreateControllerGet_ReturnsSuccess' in inProgress list.
TpTrace Verbose: 0 : 1668, 14, 2022/12/04, 20:02:18.839, 14532026885345, testhost.dll, TestExecutionRecorder.RecordStart: Starting test: ProjectTimeWebApp.Test.Controller.TestNonWorkingDaysController.Test_CreateControllerPost_WithResponse.
TpTrace Verbose: 0 : 1668, 14, 2022/12/04, 20:02:18.846, 14532026957255, testhost.dll, TestExecutionRecorder.RecordEnd: test: ProjectTimeWebApp.Test.Controller.TestNonWorkingDaysController.Test_CreateControllerPost_WithResponse execution completed.
TpTrace Verbose: 0 : 1668, 14, 2022/12/04, 20:02:18.847, 14532026967674, testhost.dll, TestExecutionRecorder.RecordResult: Received result for test: ProjectTimeWebApp.Test.Controller.TestNonWorkingDaysController.Test_CreateControllerPost_WithResponse.
TpTrace Warning: 0 : 1668, 14, 2022/12/04, 20:02:18.847, 14532026968385, testhost.dll, TestRunCache: InProgressTests is null
TpTrace Warning: 0 : 1668, 14, 2022/12/04, 20:02:18.847, 14532026968615, testhost.dll, TestRunCache: No test found corresponding to testResult 'Test_CreateControllerPost_WithResponse' in inProgress list.
TpTrace Verbose: 0 : 1668, 14, 2022/12/04, 20:02:18.847, 14532026969616, testhost.dll, TestExecutionRecorder.RecordStart: Starting test: ProjectTimeWebApp.Test.Controller.TestNonWorkingDaysController.Test_EditNWDsPost_WithResponse.
TpTrace Verbose: 0 : 1668, 14, 2022/12/04, 20:02:18.857, 14532027067110, testhost.dll, TestExecutionRecorder.RecordEnd: test: ProjectTimeWebApp.Test.Controller.TestNonWorkingDaysController.Test_EditNWDsPost_WithResponse execution completed.
TpTrace Verbose: 0 : 1668, 14, 2022/12/04, 20:02:18.858, 14532027078807, testhost.dll, TestExecutionRecorder.RecordResult: Received result for test: ProjectTimeWebApp.Test.Controller.TestNonWorkingDaysController.Test_EditNWDsPost_WithResponse.
TpTrace Warning: 0 : 1668, 14, 2022/12/04, 20:02:18.858, 14532027079708, testhost.dll, TestRunCache: InProgressTests is null
TpTrace Warning: 0 : 1668, 14, 2022/12/04, 20:02:18.858, 14532027080046, testhost.dll, TestRunCache: No test found corresponding to testResult 'Test_EditNWDsPost_WithResponse' in inProgress list.
TpTrace Verbose: 0 : 1668, 14, 2022/12/04, 20:02:18.859, 14532027081035, testhost.dll, TestExecutionRecorder.RecordStart: Starting test: ProjectTimeWebApp.Test.Controller.TestNonWorkingDaysController.Test_EditNWDsGet_WithResponse.
TpTrace Verbose: 0 : 1668, 14, 2022/12/04, 20:02:18.862, 14532027119129, testhost.dll, TestExecutionRecorder.RecordEnd: test: ProjectTimeWebApp.Test.Controller.TestNonWorkingDaysController.Test_EditNWDsGet_WithResponse execution completed.
TpTrace Verbose: 0 : 1668, 14, 2022/12/04, 20:02:18.863, 14532027127718, testhost.dll, TestExecutionRecorder.RecordResult: Received result for test: ProjectTimeWebApp.Test.Controller.TestNonWorkingDaysController.Test_EditNWDsGet_WithResponse.
TpTrace Warning: 0 : 1668, 14, 2022/12/04, 20:02:18.863, 14532027128417, testhost.dll, TestRunCache: InProgressTests is null
TpTrace Warning: 0 : 1668, 14, 2022/12/04, 20:02:18.863, 14532027128730, testhost.dll, TestRunCache: No test found corresponding to testResult 'Test_EditNWDsGet_WithResponse' in inProgress list.
TpTrace Verbose: 0 : 1668, 14, 2022/12/04, 20:02:18.863, 14532027129630, testhost.dll, TestExecutionRecorder.RecordStart: Starting test: ProjectTimeWebApp.Test.Controller.TestNonWorkingDaysController.Test_DeleteNWDsGet_WithResponse.
TpTrace Verbose: 0 : 1668, 14, 2022/12/04, 20:02:18.868, 14532027176123, testhost.dll, TestExecutionRecorder.RecordEnd: test: ProjectTimeWebApp.Test.Controller.TestNonWorkingDaysController.Test_DeleteNWDsGet_WithResponse execution completed.
TpTrace Verbose: 0 : 1668, 14, 2022/12/04, 20:02:18.869, 14532027183964, testhost.dll, TestExecutionRecorder.RecordResult: Received result for test: ProjectTimeWebApp.Test.Controller.TestNonWorkingDaysController.Test_DeleteNWDsGet_WithResponse.
TpTrace Warning: 0 : 1668, 14, 2022/12/04, 20:02:18.869, 14532027184697, testhost.dll, TestRunCache: InProgressTests is null
TpTrace Warning: 0 : 1668, 14, 2022/12/04, 20:02:18.869, 14532027185020, testhost.dll, TestRunCache: No test found corresponding to testResult 'Test_DeleteNWDsGet_WithResponse' in inProgress list.
TpTrace Verbose: 0 : 1668, 14, 2022/12/04, 20:02:18.869, 14532027185940, testhost.dll, TestExecutionRecorder.RecordStart: Starting test: ProjectTimeWebApp.Test.Controller.TestNonWorkingDaysController.Test_DeleteNWDsPost_WithResponse.
TpTrace Information: 0 : 1668, 14, 2022/12/04, 20:02:18.869, 14532027186699, testhost.dll, Sending test run statistics
TpTrace Verbose: 0 : 1668, 14, 2022/12/04, 20:02:18.870, 14532027195820, testhost.dll, TestRequestHandler.SendData:  sending data from testhost: {"Version":5,"MessageType":"TestExecution.StatsChange","Payload":{"NewTestResults":[{"TestCase":{"Id":"4c55138a-684f-5583-c827-637bd8c03d68","FullyQualifiedName":"ProjectTimeWebApp.Test.Controller.TestDepartmentController.Test_EditDepartmentGet_WithResponse","DisplayName":"Test_EditDepartmentGet_WithResponse","ExecutorUri":"executor://NUnit3TestExecutor","Source":"C:\\EAD\\ProjectTime\\ProjectTimeWebApp.Test\\bin\\Debug\\net6.0\\fine-code-coverage\\build-output\\ProjectTimeWebApp.Test.dll","CodeFilePath":null,"LineNumber":0,"Properties":[{"Key":{"Id":"NUnit.Seed","Label":"Seed","Category":"","Description":"","Attributes":0,"ValueType":"System.String"},"Value":"2004435745"}]},"Attachments":[],"Outcome":1,"ErrorMessage":null,"ErrorStackTrace":null,"DisplayName":"Test_EditDepartmentGet_WithResponse","Messages":[],"ComputerName":"UPE002616","Duration":"00:00:00.0007930","StartTime":"2022-12-04T20:02:18.7961524+00:00","EndTime":"2022-12-04T20:02:18.7969457+00:00","Properties":[{"Key":{"Id":"NUnit.Seed","Label":"Seed","Category":"","Description":"","Attributes":0,"ValueType":"System.String"},"Value":"2004435745"}]},{"TestCase":{"Id":"3dd3992a-b4bf-0f6e-5db4-3124cd9755f3","FullyQualifiedName":"ProjectTimeWebApp.Test.Controller.TestHomeController.Test_HomeControllerIndex_WithResponse","DisplayName":"Test_HomeControllerIndex_WithResponse","ExecutorUri":"executor://NUnit3TestExecutor","Source":"C:\\EAD\\ProjectTime\\ProjectTimeWebApp.Test\\bin\\Debug\\net6.0\\fine-code-coverage\\build-output\\ProjectTimeWebApp.Test.dll","CodeFilePath":null,"LineNumber":0,"Properties":[{"Key":{"Id":"NUnit.Seed","Label":"Seed","Category":"","Description":"","Attributes":0,"ValueType":"System.String"},"Value":"58449196"}]},"Attachments":[],"Outcome":1,"ErrorMessage":null,"ErrorStackTrace":null,"DisplayName":"Test_HomeControllerIndex_WithResponse","Messages":[],"ComputerName":"UPE002616","Duration":"00:00:00.0019990","StartTime":"2022-12-04T20:02:18.7971625+00:00","EndTime":"2022-12-04T20:02:18.7991614+00:00","Properties":[{"Key":{"Id":"NUnit.Seed","Label":"Seed","Category":"","Description":"","Attributes":0,"ValueType":"System.String"},"Value":"58449196"}]},{"TestCase":{"Id":"796d0a99-6e74-4f43-0588-c97b6cdf41a0","FullyQualifiedName":"ProjectTimeWebApp.Test.Controller.TestHomeController.Test_PrivacyControllerIndex_WithResponse","DisplayName":"Test_PrivacyControllerIndex_WithResponse","ExecutorUri":"executor://NUnit3TestExecutor","Source":"C:\\EAD\\ProjectTime\\ProjectTimeWebApp.Test\\bin\\Debug\\net6.0\\fine-code-coverage\\build-output\\ProjectTimeWebApp.Test.dll","CodeFilePath":null,"LineNumber":0,"Properties":[{"Key":{"Id":"NUnit.Seed","Label":"Seed","Category":"","Description":"","Attributes":0,"ValueType":"System.String"},"Value":"15991627"}]},"Attachments":[],"Outcome":1,"ErrorMessage":null,"ErrorStackTrace":null,"DisplayName":"Test_PrivacyControllerIndex_WithResponse","Messages":[],"ComputerName":"UPE002616","Duration":"00:00:00.0003070","StartTime":"2022-12-04T20:02:18.7991743+00:00","EndTime":"2022-12-04T20:02:18.7994808+00:00","Properties":[{"Key":{"Id":"NUnit.Seed","Label":"Seed","Category":"","Description":"","Attributes":0,"ValueType":"System.String"},"Value":"15991627"}]},{"TestCase":{"Id":"719ef39b-a56c-3847-6e0e-4ae6ac9332c4","FullyQualifiedName":"ProjectTimeWebApp.Test.Controller.TestNonWorkingDaysController.Test_Controller_Index_ReturnsSuccess()","DisplayName":"Test_Controller_Index_ReturnsSuccess()","ExecutorUri":"executor://NUnit3TestExecutor","Source":"C:\\EAD\\ProjectTime\\ProjectTimeWebApp.Test\\bin\\Debug\\net6.0\\fine-code-coverage\\build-output\\ProjectTimeWebApp.Test.dll","CodeFilePath":null,"LineNumber":0,"Properties":[{"Key":{"Id":"NUnit.Seed","Label":"Seed","Category":"","Description":"","Attributes":0,"ValueType":"System.String"},"Value":"771784685"}]},"Attachments":[],"Outcome":1,"ErrorMessage":null,"ErrorStackTrace":null,"DisplayName":"Test_Controller_Index_ReturnsSuccess()","Messages":[],"ComputerName":"UPE002616","Duration":"00:00:00.0012590","StartTime":"2022-12-04T20:02:18.8342027+00:00","EndTime":"2022-12-04T20:02:18.8354617+00:00","Properties":[{"Key":{"Id":"NUnit.Seed","Label":"Seed","Category":"","Description":"","Attributes":0,"ValueType":"System.String"},"Value":"771784685"}]},{"TestCase":{"Id":"cd8abbe4-df00-9d87-7dd2-5ef70ba515f6","FullyQualifiedName":"ProjectTimeWebApp.Test.Controller.TestNonWorkingDaysController.Test_CreateControllerGet_ReturnsSuccess","DisplayName":"Test_CreateControllerGet_ReturnsSuccess","ExecutorUri":"executor://NUnit3TestExecutor","Source":"C:\\EAD\\ProjectTime\\ProjectTimeWebApp.Test\\bin\\Debug\\net6.0\\fine-code-coverage\\build-output\\ProjectTimeWebApp.Test.dll","CodeFilePath":null,"LineNumber":0,"Properties":[{"Key":{"Id":"NUnit.Seed","Label":"Seed","Category":"","Description":"","Attributes":0,"ValueType":"System.String"},"Value":"2101590028"}]},"Attachments":[],"Outcome":1,"ErrorMessage":null,"ErrorStackTrace":null,"DisplayName":"Test_CreateControllerGet_ReturnsSuccess","Messages":[],"ComputerName":"UPE002616","Duration":"00:00:00.0004900","StartTime":"2022-12-04T20:02:18.8354865+00:00","EndTime":"2022-12-04T20:02:18.835976+00:00","Properties":[{"Key":{"Id":"NUnit.Seed","Label":"Seed","Category":"","Description":"","Attributes":0,"ValueType":"System.String"},"Value":"2101590028"}]},{"TestCase":{"Id":"f2dfd5e4-e312-2dd1-1afb-b0b5493e6957","FullyQualifiedName":"ProjectTimeWebApp.Test.Controller.TestNonWorkingDaysController.Test_CreateControllerPost_WithResponse","DisplayName":"Test_CreateControllerPost_WithResponse","ExecutorUri":"executor://NUnit3TestExecutor","Source":"C:\\EAD\\ProjectTime\\ProjectTimeWebApp.Test\\bin\\Debug\\net6.0\\fine-code-coverage\\build-output\\ProjectTimeWebApp.Test.dll","CodeFilePath":null,"LineNumber":0,"Properties":[{"Key":{"Id":"NUnit.Seed","Label":"Seed","Category":"","Description":"","Attributes":0,"ValueType":"System.String"},"Value":"981726975"}]},"Attachments":[],"Outcome":1,"ErrorMessage":null,"ErrorStackTrace":null,"DisplayName":"Test_CreateControllerPost_WithResponse","Messages":[],"ComputerName":"UPE002616","Duration":"00:00:00.0104050","StartTime":"2022-12-04T20:02:18.8359897+00:00","EndTime":"2022-12-04T20:02:18.8463939+00:00","Properties":[{"Key":{"Id":"NUnit.Seed","Label":"Seed","Category":"","Description":"","Attributes":0,"ValueType":"System.String"},"Value":"981726975"}]},{"TestCase":{"Id":"8dd81402-30b1-b336-56c6-c49c5ad15b47","FullyQualifiedName":"ProjectTimeWebApp.Test.Controller.TestNonWorkingDaysController.Test_EditNWDsPost_WithResponse","DisplayName":"Test_EditNWDsPost_WithResponse","ExecutorUri":"executor://NUnit3TestExecutor","Source":"C:\\EAD\\ProjectTime\\ProjectTimeWebApp.Test\\bin\\Debug\\net6.0\\fine-code-coverage\\build-output\\ProjectTimeWebApp.Test.dll","CodeFilePath":null,"LineNumber":0,"Properties":[{"Key":{"Id":"NUnit.Seed","Label":"Seed","Category":"","Description":"","Attributes":0,"ValueType":"System.String"},"Value":"408689035"}]},"Attachments":[],"Outcome":1,"ErrorMessage":null,"ErrorStackTrace":null,"DisplayName":"Test_EditNWDsPost_WithResponse","Messages":[],"ComputerName":"UPE002616","Duration":"00:00:00.0110330","StartTime":"2022-12-04T20:02:18.8464182+00:00","EndTime":"2022-12-04T20:02:18.8574503+00:00","Properties":[{"Key":{"Id":"NUnit.Seed","Label":"Seed","Category":"","Description":"","Attributes":0,"ValueType":"System.String"},"Value":"408689035"}]},{"TestCase":{"Id":"72784ad8-e89d-26f2-5c68-cbd3e71e58a7","FullyQualifiedName":"ProjectTimeWebApp.Test.Controller.TestNonWorkingDaysController.Test_EditNWDsGet_WithResponse","DisplayName":"Test_EditNWDsGet_WithResponse","ExecutorUri":"executor://NUnit3TestExecutor","Source":"C:\\EAD\\ProjectTime\\ProjectTimeWebApp.Test\\bin\\Debug\\net6.0\\fine-code-coverage\\build-output\\ProjectTimeWebApp.Test.dll","CodeFilePath":null,"LineNumber":0,"Properties":[{"Key":{"Id":"NUnit.Seed","Label":"Seed","Category":"","Description":"","Attributes":0,"ValueType":"System.String"},"Value":"124898275"}]},"Attachments":[],"Outcome":1,"ErrorMessage":null,"ErrorStackTrace":null,"DisplayName":"Test_EditNWDsGet_WithResponse","Messages":[],"ComputerName":"UPE002616","Duration":"00:00:00.0052119","StartTime":"2022-12-04T20:02:18.8574748+00:00","EndTime":"2022-12-04T20:02:18.8626864+00:00","Properties":[{"Key":{"Id":"NUnit.Seed","Label":"Seed","Category":"","Description":"","Attributes":0,"ValueType":"System.String"},"Value":"124898275"}]},{"TestCase":{"Id":"c6d47ef6-e637-7b8a-932f-24fe828bb9f4","FullyQualifiedName":"ProjectTimeWebApp.Test.Controller.TestNonWorkingDaysController.Test_DeleteNWDsGet_WithResponse","DisplayName":"Test_DeleteNWDsGet_WithResponse","ExecutorUri":"executor://NUnit3TestExecutor","Source":"C:\\EAD\\ProjectTime\\ProjectTimeWebApp.Test\\bin\\Debug\\net6.0\\fine-code-coverage\\build-output\\ProjectTimeWebApp.Test.dll","CodeFilePath":null,"LineNumber":0,"Properties":[{"Key":{"Id":"NUnit.Seed","Label":"Seed","Category":"","Description":"","Attributes":0,"ValueType":"System.String"},"Value":"360825997"}]},"Attachments":[],"Outcome":1,"ErrorMessage":null,"ErrorStackTrace":null,"DisplayName":"Test_DeleteNWDsGet_WithResponse","Messages":[],"ComputerName":"UPE002616","Duration":"00:00:00.0011019","StartTime":"2022-12-04T20:02:18.8627196+00:00","EndTime":"2022-12-04T20:02:18.8638215+00:00","Properties":[{"Key":{"Id":"NUnit.Seed","Label":"Seed","Category":"","Description":"","Attributes":0,"ValueType":"System.String"},"Value":"360825997"}]}],"TestRunStatistics":{"ExecutedTests":18,"Stats":{"Passed":18}},"ActiveTests":[{"Id":"e763a97b-824a-7f4e-68cf-1b5765bb4e93","FullyQualifiedName":"ProjectTimeWebApp.Test.Controller.TestNonWorkingDaysController.Test_DeleteNWDsPost_WithResponse","DisplayName":"Test_DeleteNWDsPost_WithResponse","ExecutorUri":"executor://NUnit3TestExecutor","Source":"C:\\EAD\\ProjectTime\\ProjectTimeWebApp.Test\\bin\\Debug\\net6.0\\fine-code-coverage\\build-output\\ProjectTimeWebApp.Test.dll","CodeFilePath":null,"LineNumber":0,"Properties":[{"Key":{"Id":"NUnit.Seed","Label":"Seed","Category":"","Description":"","Attributes":0,"ValueType":"System.String"},"Value":"1799588537"}]}]}}
TpTrace Verbose: 0 : 1668, 14, 2022/12/04, 20:02:18.870, 14532027198191, testhost.dll, TestRunCache: OnNewTestResult: Notified the onCacheHit callback.
TpTrace Verbose: 0 : 1668, 14, 2022/12/04, 20:02:18.874, 14532027237464, testhost.dll, TestExecutionRecorder.RecordEnd: test: ProjectTimeWebApp.Test.Controller.TestNonWorkingDaysController.Test_DeleteNWDsPost_WithResponse execution completed.
TpTrace Warning: 0 : 1668, 14, 2022/12/04, 20:02:18.874, 14532027238028, testhost.dll, TestRunCache: InProgressTests is null
TpTrace Verbose: 0 : 1668, 14, 2022/12/04, 20:02:18.875, 14532027246068, testhost.dll, TestExecutionRecorder.RecordResult: Received result for test: ProjectTimeWebApp.Test.Controller.TestNonWorkingDaysController.Test_DeleteNWDsPost_WithResponse.
TpTrace Warning: 0 : 1668, 14, 2022/12/04, 20:02:18.875, 14532027246776, testhost.dll, TestRunCache: InProgressTests is null
TpTrace Warning: 0 : 1668, 14, 2022/12/04, 20:02:18.875, 14532027247088, testhost.dll, TestRunCache: No test found corresponding to testResult 'Test_DeleteNWDsPost_WithResponse' in inProgress list.
TpTrace Verbose: 0 : 1668, 14, 2022/12/04, 20:02:18.894, 14532027438820, testhost.dll, TestExecutionRecorder.RecordStart: Starting test: ProjectTimeWebApp.Test.Controller.TestProjectController.Test_CreateConrollerPost_WithResponse.
TpTrace Verbose: 0 : 1668, 14, 2022/12/04, 20:02:18.907, 14532027563084, testhost.dll, TestExecutionRecorder.RecordEnd: test: ProjectTimeWebApp.Test.Controller.TestProjectController.Test_CreateConrollerPost_WithResponse execution completed.
TpTrace Verbose: 0 : 1668, 14, 2022/12/04, 20:02:18.908, 14532027571012, testhost.dll, TestExecutionRecorder.RecordResult: Received result for test: ProjectTimeWebApp.Test.Controller.TestProjectController.Test_CreateConrollerPost_WithResponse.
TpTrace Warning: 0 : 1668, 14, 2022/12/04, 20:02:18.908, 14532027572011, testhost.dll, TestRunCache: InProgressTests is null
TpTrace Warning: 0 : 1668, 14, 2022/12/04, 20:02:18.908, 14532027572248, testhost.dll, TestRunCache: No test found corresponding to testResult 'Test_CreateConrollerPost_WithResponse' in inProgress list.
TpTrace Verbose: 0 : 1668, 14, 2022/12/04, 20:02:18.908, 14532027572903, testhost.dll, TestExecutionRecorder.RecordStart: Starting test: ProjectTimeWebApp.Test.Controller.TestProjectController.Test_CreateControllerGet_ReturnsSuccess.
TpTrace Verbose: 0 : 1668, 14, 2022/12/04, 20:02:18.908, 14532027579042, testhost.dll, TestExecutionRecorder.RecordEnd: test: ProjectTimeWebApp.Test.Controller.TestProjectController.Test_CreateControllerGet_ReturnsSuccess execution completed.
TpTrace Verbose: 0 : 1668, 14, 2022/12/04, 20:02:18.909, 14532027583395, testhost.dll, TestExecutionRecorder.RecordResult: Received result for test: ProjectTimeWebApp.Test.Controller.TestProjectController.Test_CreateControllerGet_ReturnsSuccess.
TpTrace Warning: 0 : 1668, 14, 2022/12/04, 20:02:18.909, 14532027583848, testhost.dll, TestRunCache: InProgressTests is null
TpTrace Warning: 0 : 1668, 14, 2022/12/04, 20:02:18.909, 14532027584021, testhost.dll, TestRunCache: No test found corresponding to testResult 'Test_CreateControllerGet_ReturnsSuccess' in inProgress list.
TpTrace Verbose: 0 : 1668, 14, 2022/12/04, 20:02:18.909, 14532027584527, testhost.dll, TestExecutionRecorder.RecordStart: Starting test: ProjectTimeWebApp.Test.Controller.TestProjectController.Test_ProjectController_Index_ReturnsSuccess.
TpTrace Verbose: 0 : 1668, 14, 2022/12/04, 20:02:18.916, 14532027658523, testhost.dll, TestExecutionRecorder.RecordEnd: test: ProjectTimeWebApp.Test.Controller.TestProjectController.Test_ProjectController_Index_ReturnsSuccess execution completed.
TpTrace Verbose: 0 : 1668, 14, 2022/12/04, 20:02:18.917, 14532027667020, testhost.dll, TestExecutionRecorder.RecordResult: Received result for test: ProjectTimeWebApp.Test.Controller.TestProjectController.Test_ProjectController_Index_ReturnsSuccess.
TpTrace Warning: 0 : 1668, 14, 2022/12/04, 20:02:18.917, 14532027667636, testhost.dll, TestRunCache: InProgressTests is null
TpTrace Warning: 0 : 1668, 14, 2022/12/04, 20:02:18.917, 14532027667835, testhost.dll, TestRunCache: No test found corresponding to testResult 'Test_ProjectController_Index_ReturnsSuccess' in inProgress list.
TpTrace Verbose: 0 : 1668, 14, 2022/12/04, 20:02:18.917, 14532027668447, testhost.dll, TestExecutionRecorder.RecordStart: Starting test: ProjectTimeWebApp.Test.Controller.TestProjectController.Test_DeleteProjectGet_WithResponse.
TpTrace Verbose: 0 : 1668, 14, 2022/12/04, 20:02:18.920, 14532027698014, testhost.dll, TestExecutionRecorder.RecordEnd: test: ProjectTimeWebApp.Test.Controller.TestProjectController.Test_DeleteProjectGet_WithResponse execution completed.
TpTrace Verbose: 0 : 1668, 14, 2022/12/04, 20:02:18.921, 14532027703066, testhost.dll, TestExecutionRecorder.RecordResult: Received result for test: ProjectTimeWebApp.Test.Controller.TestProjectController.Test_DeleteProjectGet_WithResponse.
TpTrace Warning: 0 : 1668, 14, 2022/12/04, 20:02:18.921, 14532027703587, testhost.dll, TestRunCache: InProgressTests is null
TpTrace Warning: 0 : 1668, 14, 2022/12/04, 20:02:18.921, 14532027703782, testhost.dll, TestRunCache: No test found corresponding to testResult 'Test_DeleteProjectGet_WithResponse' in inProgress list.
TpTrace Verbose: 0 : 1668, 14, 2022/12/04, 20:02:18.921, 14532027704305, testhost.dll, TestExecutionRecorder.RecordStart: Starting test: ProjectTimeWebApp.Test.Controller.TestProjectController.Test_DeleteProjectPost_WithResponse.
TpTrace Verbose: 0 : 1668, 14, 2022/12/04, 20:02:18.922, 14532027716379, testhost.dll, TestExecutionRecorder.RecordEnd: test: ProjectTimeWebApp.Test.Controller.TestProjectController.Test_DeleteProjectPost_WithResponse execution completed.
TpTrace Verbose: 0 : 1668, 14, 2022/12/04, 20:02:18.923, 14532027725286, testhost.dll, TestExecutionRecorder.RecordResult: Received result for test: ProjectTimeWebApp.Test.Controller.TestProjectController.Test_DeleteProjectPost_WithResponse.
TpTrace Warning: 0 : 1668, 14, 2022/12/04, 20:02:18.923, 14532027726490, testhost.dll, TestRunCache: InProgressTests is null
TpTrace Warning: 0 : 1668, 14, 2022/12/04, 20:02:18.923, 14532027726824, testhost.dll, TestRunCache: No test found corresponding to testResult 'Test_DeleteProjectPost_WithResponse' in inProgress list.
TpTrace Verbose: 0 : 1668, 14, 2022/12/04, 20:02:18.923, 14532027727691, testhost.dll, TestExecutionRecorder.RecordStart: Starting test: ProjectTimeWebApp.Test.Controller.TestProjectController.Test_EditProjectPost_WithResponse.
TpTrace Verbose: 0 : 1668, 14, 2022/12/04, 20:02:18.941, 14532027908566, testhost.dll, TestExecutionRecorder.RecordEnd: test: ProjectTimeWebApp.Test.Controller.TestProjectController.Test_EditProjectPost_WithResponse execution completed.
TpTrace Verbose: 0 : 1668, 14, 2022/12/04, 20:02:18.944, 14532027933017, testhost.dll, TestExecutionRecorder.RecordResult: Received result for test: ProjectTimeWebApp.Test.Controller.TestProjectController.Test_EditProjectPost_WithResponse.
TpTrace Warning: 0 : 1668, 14, 2022/12/04, 20:02:18.944, 14532027937586, testhost.dll, TestRunCache: InProgressTests is null
TpTrace Warning: 0 : 1668, 14, 2022/12/04, 20:02:18.944, 14532027938114, testhost.dll, TestRunCache: No test found corresponding to testResult 'Test_EditProjectPost_WithResponse' in inProgress list.
TpTrace Verbose: 0 : 1668, 14, 2022/12/04, 20:02:18.945, 14532027944035, testhost.dll, TestExecutionRecorder.RecordStart: Starting test: ProjectTimeWebApp.Test.Controller.TestProjectController.Test_EditProjectGet_WithResponse.
TpTrace Verbose: 0 : 1668, 14, 2022/12/04, 20:02:18.949, 14532027981773, testhost.dll, TestExecutionRecorder.RecordEnd: test: ProjectTimeWebApp.Test.Controller.TestProjectController.Test_EditProjectGet_WithResponse execution completed.
TpTrace Verbose: 0 : 1668, 14, 2022/12/04, 20:02:18.952, 14532028013406, testhost.dll, TestExecutionRecorder.RecordResult: Received result for test: ProjectTimeWebApp.Test.Controller.TestProjectController.Test_EditProjectGet_WithResponse.
TpTrace Warning: 0 : 1668, 14, 2022/12/04, 20:02:18.952, 14532028014889, testhost.dll, TestRunCache: InProgressTests is null
TpTrace Warning: 0 : 1668, 14, 2022/12/04, 20:02:18.952, 14532028015289, testhost.dll, TestRunCache: No test found corresponding to testResult 'Test_EditProjectGet_WithResponse' in inProgress list.
TpTrace Verbose: 0 : 1668, 14, 2022/12/04, 20:02:18.967, 14532028162943, testhost.dll, TestExecutionRecorder.RecordStart: Starting test: ProjectTimeWebApp.Test.Controller.TestProjectEstimateController.Test_Controller_Index_ReturnsSuccess().
TpTrace Verbose: 0 : 1668, 14, 2022/12/04, 20:02:18.968, 14532028178911, testhost.dll, TestExecutionRecorder.RecordEnd: test: ProjectTimeWebApp.Test.Controller.TestProjectEstimateController.Test_Controller_Index_ReturnsSuccess() execution completed.
TpTrace Verbose: 0 : 1668, 14, 2022/12/04, 20:02:18.969, 14532028187197, testhost.dll, TestExecutionRecorder.RecordResult: Received result for test: ProjectTimeWebApp.Test.Controller.TestProjectEstimateController.Test_Controller_Index_ReturnsSuccess().
TpTrace Warning: 0 : 1668, 14, 2022/12/04, 20:02:18.969, 14532028187878, testhost.dll, TestRunCache: InProgressTests is null
TpTrace Warning: 0 : 1668, 14, 2022/12/04, 20:02:18.969, 14532028188114, testhost.dll, TestRunCache: No test found corresponding to testResult 'Test_Controller_Index_ReturnsSuccess()' in inProgress list.
TpTrace Verbose: 0 : 1668, 14, 2022/12/04, 20:02:18.970, 14532028190960, testhost.dll, TestExecutionRecorder.RecordStart: Starting test: ProjectTimeWebApp.Test.Controller.TestProjectEstimateController.Test_Controller_IndexProjectEstimate_ReturnsSuccess().
TpTrace Information: 0 : 1668, 14, 2022/12/04, 20:02:18.970, 14532028191354, testhost.dll, Sending test run statistics
TpTrace Verbose: 0 : 1668, 14, 2022/12/04, 20:02:18.970, 14532028196825, testhost.dll, TestRequestHandler.SendData:  sending data from testhost: {"Version":5,"MessageType":"TestExecution.StatsChange","Payload":{"NewTestResults":[{"TestCase":{"Id":"e763a97b-824a-7f4e-68cf-1b5765bb4e93","FullyQualifiedName":"ProjectTimeWebApp.Test.Controller.TestNonWorkingDaysController.Test_DeleteNWDsPost_WithResponse","DisplayName":"Test_DeleteNWDsPost_WithResponse","ExecutorUri":"executor://NUnit3TestExecutor","Source":"C:\\EAD\\ProjectTime\\ProjectTimeWebApp.Test\\bin\\Debug\\net6.0\\fine-code-coverage\\build-output\\ProjectTimeWebApp.Test.dll","CodeFilePath":null,"LineNumber":0,"Properties":[{"Key":{"Id":"NUnit.Seed","Label":"Seed","Category":"","Description":"","Attributes":0,"ValueType":"System.String"},"Value":"1799588537"}]},"Attachments":[],"Outcome":1,"ErrorMessage":null,"ErrorStackTrace":null,"DisplayName":"Test_DeleteNWDsPost_WithResponse","Messages":[],"ComputerName":"UPE002616","Duration":"00:00:00.0106750","StartTime":"2022-12-04T20:02:18.8638341+00:00","EndTime":"2022-12-04T20:02:18.8745078+00:00","Properties":[{"Key":{"Id":"NUnit.Seed","Label":"Seed","Category":"","Description":"","Attributes":0,"ValueType":"System.String"},"Value":"1799588537"}]},{"TestCase":{"Id":"2aa38865-7438-228d-729b-13deac7ad58b","FullyQualifiedName":"ProjectTimeWebApp.Test.Controller.TestProjectController.Test_CreateConrollerPost_WithResponse","DisplayName":"Test_CreateConrollerPost_WithResponse","ExecutorUri":"executor://NUnit3TestExecutor","Source":"C:\\EAD\\ProjectTime\\ProjectTimeWebApp.Test\\bin\\Debug\\net6.0\\fine-code-coverage\\build-output\\ProjectTimeWebApp.Test.dll","CodeFilePath":null,"LineNumber":0,"Properties":[{"Key":{"Id":"NUnit.Seed","Label":"Seed","Category":"","Description":"","Attributes":0,"ValueType":"System.String"},"Value":"1328088262"}]},"Attachments":[],"Outcome":1,"ErrorMessage":null,"ErrorStackTrace":null,"DisplayName":"Test_CreateConrollerPost_WithResponse","Messages":[],"ComputerName":"UPE002616","Duration":"00:00:00.0122890","StartTime":"2022-12-04T20:02:18.8947014+00:00","EndTime":"2022-12-04T20:02:18.9069901+00:00","Properties":[{"Key":{"Id":"NUnit.Seed","Label":"Seed","Category":"","Description":"","Attributes":0,"ValueType":"System.String"},"Value":"1328088262"}]},{"TestCase":{"Id":"86ccd76d-b13d-1f02-b0da-cdac2699f2e2","FullyQualifiedName":"ProjectTimeWebApp.Test.Controller.TestProjectController.Test_CreateControllerGet_ReturnsSuccess","DisplayName":"Test_CreateControllerGet_ReturnsSuccess","ExecutorUri":"executor://NUnit3TestExecutor","Source":"C:\\EAD\\ProjectTime\\ProjectTimeWebApp.Test\\bin\\Debug\\net6.0\\fine-code-coverage\\build-output\\ProjectTimeWebApp.Test.dll","CodeFilePath":null,"LineNumber":0,"Properties":[{"Key":{"Id":"NUnit.Seed","Label":"Seed","Category":"","Description":"","Attributes":0,"ValueType":"System.String"},"Value":"358857451"}]},"Attachments":[],"Outcome":1,"ErrorMessage":null,"ErrorStackTrace":null,"DisplayName":"Test_CreateControllerGet_ReturnsSuccess","Messages":[],"ComputerName":"UPE002616","Duration":"00:00:00.0005230","StartTime":"2022-12-04T20:02:18.9070156+00:00","EndTime":"2022-12-04T20:02:18.9075379+00:00","Properties":[{"Key":{"Id":"NUnit.Seed","Label":"Seed","Category":"","Description":"","Attributes":0,"ValueType":"System.String"},"Value":"358857451"}]},{"TestCase":{"Id":"96a6d3cb-32bd-8568-27b5-7c4719c90892","FullyQualifiedName":"ProjectTimeWebApp.Test.Controller.TestProjectController.Test_ProjectController_Index_ReturnsSuccess","DisplayName":"Test_ProjectController_Index_ReturnsSuccess","ExecutorUri":"executor://NUnit3TestExecutor","Source":"C:\\EAD\\ProjectTime\\ProjectTimeWebApp.Test\\bin\\Debug\\net6.0\\fine-code-coverage\\build-output\\ProjectTimeWebApp.Test.dll","CodeFilePath":null,"LineNumber":0,"Properties":[{"Key":{"Id":"NUnit.Seed","Label":"Seed","Category":"","Description":"","Attributes":0,"ValueType":"System.String"},"Value":"1606913071"}]},"Attachments":[],"Outcome":1,"ErrorMessage":null,"ErrorStackTrace":null,"DisplayName":"Test_ProjectController_Index_ReturnsSuccess","Messages":[],"ComputerName":"UPE002616","Duration":"00:00:00.0090340","StartTime":"2022-12-04T20:02:18.9075472+00:00","EndTime":"2022-12-04T20:02:18.9165803+00:00","Properties":[{"Key":{"Id":"NUnit.Seed","Label":"Seed","Category":"","Description":"","Attributes":0,"ValueType":"System.String"},"Value":"1606913071"}]},{"TestCase":{"Id":"2b0d0817-ded4-a640-e95b-ec9661be0d7a","FullyQualifiedName":"ProjectTimeWebApp.Test.Controller.TestProjectController.Test_DeleteProjectGet_WithResponse","DisplayName":"Test_DeleteProjectGet_WithResponse","ExecutorUri":"executor://NUnit3TestExecutor","Source":"C:\\EAD\\ProjectTime\\ProjectTimeWebApp.Test\\bin\\Debug\\net6.0\\fine-code-coverage\\build-output\\ProjectTimeWebApp.Test.dll","CodeFilePath":null,"LineNumber":0,"Properties":[{"Key":{"Id":"NUnit.Seed","Label":"Seed","Category":"","Description":"","Attributes":0,"ValueType":"System.String"},"Value":"241737668"}]},"Attachments":[],"Outcome":1,"ErrorMessage":null,"ErrorStackTrace":null,"DisplayName":"Test_DeleteProjectGet_WithResponse","Messages":[],"ComputerName":"UPE002616","Duration":"00:00:00.0039769","StartTime":"2022-12-04T20:02:18.9166004+00:00","EndTime":"2022-12-04T20:02:18.9205775+00:00","Properties":[{"Key":{"Id":"NUnit.Seed","Label":"Seed","Category":"","Description":"","Attributes":0,"ValueType":"System.String"},"Value":"241737668"}]},{"TestCase":{"Id":"8fc45136-5e0e-ffe4-46c5-870c487cd1e1","FullyQualifiedName":"ProjectTimeWebApp.Test.Controller.TestProjectController.Test_DeleteProjectPost_WithResponse","DisplayName":"Test_DeleteProjectPost_WithResponse","ExecutorUri":"executor://NUnit3TestExecutor","Source":"C:\\EAD\\ProjectTime\\ProjectTimeWebApp.Test\\bin\\Debug\\net6.0\\fine-code-coverage\\build-output\\ProjectTimeWebApp.Test.dll","CodeFilePath":null,"LineNumber":0,"Properties":[{"Key":{"Id":"NUnit.Seed","Label":"Seed","Category":"","Description":"","Attributes":0,"ValueType":"System.String"},"Value":"2009255882"}]},"Attachments":[],"Outcome":1,"ErrorMessage":null,"ErrorStackTrace":null,"DisplayName":"Test_DeleteProjectPost_WithResponse","Messages":[],"ComputerName":"UPE002616","Duration":"00:00:00.0018830","StartTime":"2022-12-04T20:02:18.9205905+00:00","EndTime":"2022-12-04T20:02:18.9224737+00:00","Properties":[{"Key":{"Id":"NUnit.Seed","Label":"Seed","Category":"","Description":"","Attributes":0,"ValueType":"System.String"},"Value":"2009255882"}]},{"TestCase":{"Id":"85bbb0d4-b793-d2de-67c8-b545c8db429d","FullyQualifiedName":"ProjectTimeWebApp.Test.Controller.TestProjectController.Test_EditProjectPost_WithResponse","DisplayName":"Test_EditProjectPost_WithResponse","ExecutorUri":"executor://NUnit3TestExecutor","Source":"C:\\EAD\\ProjectTime\\ProjectTimeWebApp.Test\\bin\\Debug\\net6.0\\fine-code-coverage\\build-output\\ProjectTimeWebApp.Test.dll","CodeFilePath":null,"LineNumber":0,"Properties":[{"Key":{"Id":"NUnit.Seed","Label":"Seed","Category":"","Description":"","Attributes":0,"ValueType":"System.String"},"Value":"943995227"}]},"Attachments":[],"Outcome":1,"ErrorMessage":null,"ErrorStackTrace":null,"DisplayName":"Test_EditProjectPost_WithResponse","Messages":[],"ComputerName":"UPE002616","Duration":"00:00:00.0189800","StartTime":"2022-12-04T20:02:18.9224889+00:00","EndTime":"2022-12-04T20:02:18.9414684+00:00","Properties":[{"Key":{"Id":"NUnit.Seed","Label":"Seed","Category":"","Description":"","Attributes":0,"ValueType":"System.String"},"Value":"943995227"}]},{"TestCase":{"Id":"310e351a-462e-2e13-977c-39eaefe51dc3","FullyQualifiedName":"ProjectTimeWebApp.Test.Controller.TestProjectController.Test_EditProjectGet_WithResponse","DisplayName":"Test_EditProjectGet_WithResponse","ExecutorUri":"executor://NUnit3TestExecutor","Source":"C:\\EAD\\ProjectTime\\ProjectTimeWebApp.Test\\bin\\Debug\\net6.0\\fine-code-coverage\\build-output\\ProjectTimeWebApp.Test.dll","CodeFilePath":null,"LineNumber":0,"Properties":[{"Key":{"Id":"NUnit.Seed","Label":"Seed","Category":"","Description":"","Attributes":0,"ValueType":"System.String"},"Value":"616597649"}]},"Attachments":[],"Outcome":1,"ErrorMessage":null,"ErrorStackTrace":null,"DisplayName":"Test_EditProjectGet_WithResponse","Messages":[],"ComputerName":"UPE002616","Duration":"00:00:00.0019390","StartTime":"2022-12-04T20:02:18.941547+00:00","EndTime":"2022-12-04T20:02:18.943485+00:00","Properties":[{"Key":{"Id":"NUnit.Seed","Label":"Seed","Category":"","Description":"","Attributes":0,"ValueType":"System.String"},"Value":"616597649"}]},{"TestCase":{"Id":"b8d8f1de-cbea-6da8-d338-945dc197e426","FullyQualifiedName":"ProjectTimeWebApp.Test.Controller.TestProjectEstimateController.Test_Controller_Index_ReturnsSuccess()","DisplayName":"Test_Controller_Index_ReturnsSuccess()","ExecutorUri":"executor://NUnit3TestExecutor","Source":"C:\\EAD\\ProjectTime\\ProjectTimeWebApp.Test\\bin\\Debug\\net6.0\\fine-code-coverage\\build-output\\ProjectTimeWebApp.Test.dll","CodeFilePath":null,"LineNumber":0,"Properties":[{"Key":{"Id":"NUnit.Seed","Label":"Seed","Category":"","Description":"","Attributes":0,"ValueType":"System.String"},"Value":"662828413"}]},"Attachments":[],"Outcome":1,"ErrorMessage":null,"ErrorStackTrace":null,"DisplayName":"Test_Controller_Index_ReturnsSuccess()","Messages":[],"ComputerName":"UPE002616","Duration":"00:00:00.0009440","StartTime":"2022-12-04T20:02:18.9671612+00:00","EndTime":"2022-12-04T20:02:18.9681051+00:00","Properties":[{"Key":{"Id":"NUnit.Seed","Label":"Seed","Category":"","Description":"","Attributes":0,"ValueType":"System.String"},"Value":"662828413"}]}],"TestRunStatistics":{"ExecutedTests":27,"Stats":{"Passed":27}},"ActiveTests":[{"Id":"135cd1c3-cd35-8d9f-b8a6-e5cc534000eb","FullyQualifiedName":"ProjectTimeWebApp.Test.Controller.TestProjectEstimateController.Test_Controller_IndexProjectEstimate_ReturnsSuccess()","DisplayName":"Test_Controller_IndexProjectEstimate_ReturnsSuccess()","ExecutorUri":"executor://NUnit3TestExecutor","Source":"C:\\EAD\\ProjectTime\\ProjectTimeWebApp.Test\\bin\\Debug\\net6.0\\fine-code-coverage\\build-output\\ProjectTimeWebApp.Test.dll","CodeFilePath":null,"LineNumber":0,"Properties":[{"Key":{"Id":"NUnit.Seed","Label":"Seed","Category":"","Description":"","Attributes":0,"ValueType":"System.String"},"Value":"2115051296"}]}]}}
TpTrace Verbose: 0 : 1668, 14, 2022/12/04, 20:02:18.970, 14532028199891, testhost.dll, TestRunCache: OnNewTestResult: Notified the onCacheHit callback.
TpTrace Verbose: 0 : 1668, 14, 2022/12/04, 20:02:19.056, 14532029056802, testhost.dll, TestExecutionRecorder.RecordEnd: test: ProjectTimeWebApp.Test.Controller.TestProjectEstimateController.Test_Controller_IndexProjectEstimate_ReturnsSuccess() execution completed.
TpTrace Warning: 0 : 1668, 14, 2022/12/04, 20:02:19.056, 14532029057974, testhost.dll, TestRunCache: InProgressTests is null
TpTrace Verbose: 0 : 1668, 14, 2022/12/04, 20:02:19.058, 14532029071023, testhost.dll, TestExecutionRecorder.RecordResult: Received result for test: ProjectTimeWebApp.Test.Controller.TestProjectEstimateController.Test_Controller_IndexProjectEstimate_ReturnsSuccess().
TpTrace Warning: 0 : 1668, 14, 2022/12/04, 20:02:19.058, 14532029072433, testhost.dll, TestRunCache: InProgressTests is null
TpTrace Warning: 0 : 1668, 14, 2022/12/04, 20:02:19.058, 14532029072794, testhost.dll, TestRunCache: No test found corresponding to testResult 'Test_Controller_IndexProjectEstimate_ReturnsSuccess()' in inProgress list.
TpTrace Verbose: 0 : 1668, 14, 2022/12/04, 20:02:19.058, 14532029075847, testhost.dll, TestExecutionRecorder.RecordStart: Starting test: ProjectTimeWebApp.Test.Controller.TestProjectEstimateController.Test_CreateControllerGet_ReturnsSuccess.
TpTrace Verbose: 0 : 1668, 14, 2022/12/04, 20:02:19.102, 14532029518464, testhost.dll, TestExecutionRecorder.RecordEnd: test: ProjectTimeWebApp.Test.Controller.TestProjectEstimateController.Test_CreateControllerGet_ReturnsSuccess execution completed.
TpTrace Verbose: 0 : 1668, 14, 2022/12/04, 20:02:19.104, 14532029532051, testhost.dll, TestExecutionRecorder.RecordResult: Received result for test: ProjectTimeWebApp.Test.Controller.TestProjectEstimateController.Test_CreateControllerGet_ReturnsSuccess.
TpTrace Warning: 0 : 1668, 14, 2022/12/04, 20:02:19.104, 14532029533262, testhost.dll, TestRunCache: InProgressTests is null
TpTrace Warning: 0 : 1668, 14, 2022/12/04, 20:02:19.104, 14532029533656, testhost.dll, TestRunCache: No test found corresponding to testResult 'Test_CreateControllerGet_ReturnsSuccess' in inProgress list.
TpTrace Verbose: 0 : 1668, 14, 2022/12/04, 20:02:19.104, 14532029535075, testhost.dll, TestExecutionRecorder.RecordStart: Starting test: ProjectTimeWebApp.Test.Controller.TestProjectEstimateController.Test_CreateControllerPost_WithResponseAsync.
TpTrace Verbose: 0 : 1668, 14, 2022/12/04, 20:02:19.119, 14532029680798, testhost.dll, TestExecutionRecorder.RecordEnd: test: ProjectTimeWebApp.Test.Controller.TestProjectEstimateController.Test_CreateControllerPost_WithResponseAsync execution completed.
TpTrace Verbose: 0 : 1668, 14, 2022/12/04, 20:02:19.120, 14532029692117, testhost.dll, TestExecutionRecorder.RecordResult: Received result for test: ProjectTimeWebApp.Test.Controller.TestProjectEstimateController.Test_CreateControllerPost_WithResponseAsync.
TpTrace Warning: 0 : 1668, 14, 2022/12/04, 20:02:19.120, 14532029693194, testhost.dll, TestRunCache: InProgressTests is null
TpTrace Warning: 0 : 1668, 14, 2022/12/04, 20:02:19.120, 14532029693508, testhost.dll, TestRunCache: No test found corresponding to testResult 'Test_CreateControllerPost_WithResponseAsync' in inProgress list.
TpTrace Verbose: 0 : 1668, 14, 2022/12/04, 20:02:19.120, 14532029694577, testhost.dll, TestExecutionRecorder.RecordStart: Starting test: ProjectTimeWebApp.Test.Controller.TestProjectEstimateController.Test_EditPost_WithResponse.
TpTrace Verbose: 0 : 1668, 14, 2022/12/04, 20:02:19.122, 14532029712930, testhost.dll, TestExecutionRecorder.RecordEnd: test: ProjectTimeWebApp.Test.Controller.TestProjectEstimateController.Test_EditPost_WithResponse execution completed.
TpTrace Verbose: 0 : 1668, 14, 2022/12/04, 20:02:19.123, 14532029721801, testhost.dll, TestExecutionRecorder.RecordResult: Received result for test: ProjectTimeWebApp.Test.Controller.TestProjectEstimateController.Test_EditPost_WithResponse.
TpTrace Warning: 0 : 1668, 14, 2022/12/04, 20:02:19.123, 14532029722515, testhost.dll, TestRunCache: InProgressTests is null
TpTrace Warning: 0 : 1668, 14, 2022/12/04, 20:02:19.123, 14532029722781, testhost.dll, TestRunCache: No test found corresponding to testResult 'Test_EditPost_WithResponse' in inProgress list.
TpTrace Verbose: 0 : 1668, 14, 2022/12/04, 20:02:19.123, 14532029723643, testhost.dll, TestExecutionRecorder.RecordStart: Starting test: ProjectTimeWebApp.Test.Controller.TestProjectEstimateController.Test_EditGet_WithResponse.
TpTrace Verbose: 0 : 1668, 14, 2022/12/04, 20:02:19.127, 14532029763043, testhost.dll, TestExecutionRecorder.RecordEnd: test: ProjectTimeWebApp.Test.Controller.TestProjectEstimateController.Test_EditGet_WithResponse execution completed.
TpTrace Verbose: 0 : 1668, 14, 2022/12/04, 20:02:19.128, 14532029775729, testhost.dll, TestExecutionRecorder.RecordResult: Received result for test: ProjectTimeWebApp.Test.Controller.TestProjectEstimateController.Test_EditGet_WithResponse.
TpTrace Warning: 0 : 1668, 14, 2022/12/04, 20:02:19.128, 14532029776683, testhost.dll, TestRunCache: InProgressTests is null
TpTrace Warning: 0 : 1668, 14, 2022/12/04, 20:02:19.128, 14532029776862, testhost.dll, TestRunCache: No test found corresponding to testResult 'Test_EditGet_WithResponse' in inProgress list.
TpTrace Verbose: 0 : 1668, 14, 2022/12/04, 20:02:19.128, 14532029777745, testhost.dll, TestExecutionRecorder.RecordStart: Starting test: ProjectTimeWebApp.Test.Controller.TestProjectEstimateController.Test_DeleteGet_WithResponse.
TpTrace Verbose: 0 : 1668, 14, 2022/12/04, 20:02:19.133, 14532029825044, testhost.dll, TestExecutionRecorder.RecordEnd: test: ProjectTimeWebApp.Test.Controller.TestProjectEstimateController.Test_DeleteGet_WithResponse execution completed.
TpTrace Verbose: 0 : 1668, 14, 2022/12/04, 20:02:19.134, 14532029833860, testhost.dll, TestExecutionRecorder.RecordResult: Received result for test: ProjectTimeWebApp.Test.Controller.TestProjectEstimateController.Test_DeleteGet_WithResponse.
TpTrace Warning: 0 : 1668, 14, 2022/12/04, 20:02:19.134, 14532029834531, testhost.dll, TestRunCache: InProgressTests is null
TpTrace Warning: 0 : 1668, 14, 2022/12/04, 20:02:19.134, 14532029834749, testhost.dll, TestRunCache: No test found corresponding to testResult 'Test_DeleteGet_WithResponse' in inProgress list.
TpTrace Verbose: 0 : 1668, 14, 2022/12/04, 20:02:19.134, 14532029835481, testhost.dll, TestExecutionRecorder.RecordStart: Starting test: ProjectTimeWebApp.Test.Controller.TestProjectEstimateController.Test_DeletePost_WithResponse.
TpTrace Verbose: 0 : 1668, 14, 2022/12/04, 20:02:19.160, 14532030096174, testhost.dll, TestExecutionRecorder.RecordEnd: test: ProjectTimeWebApp.Test.Controller.TestProjectEstimateController.Test_DeletePost_WithResponse execution completed.
TpTrace Verbose: 0 : 1668, 14, 2022/12/04, 20:02:19.161, 14532030108735, testhost.dll, TestExecutionRecorder.RecordResult: Received result for test: ProjectTimeWebApp.Test.Controller.TestProjectEstimateController.Test_DeletePost_WithResponse.
TpTrace Warning: 0 : 1668, 14, 2022/12/04, 20:02:19.161, 14532030109853, testhost.dll, TestRunCache: InProgressTests is null
TpTrace Warning: 0 : 1668, 14, 2022/12/04, 20:02:19.161, 14532030110097, testhost.dll, TestRunCache: No test found corresponding to testResult 'Test_DeletePost_WithResponse' in inProgress list.
TpTrace Verbose: 0 : 1668, 14, 2022/12/04, 20:02:19.172, 14532030219565, testhost.dll, TestExecutionRecorder.RecordStart: Starting test: ProjectTimeWebApp.Test.Controller.TestProjectStageController.Test_Controller_Index_ReturnsSuccess().
TpTrace Verbose: 0 : 1668, 14, 2022/12/04, 20:02:19.174, 14532030231876, testhost.dll, TestExecutionRecorder.RecordEnd: test: ProjectTimeWebApp.Test.Controller.TestProjectStageController.Test_Controller_Index_ReturnsSuccess() execution completed.
TpTrace Verbose: 0 : 1668, 14, 2022/12/04, 20:02:19.174, 14532030238043, testhost.dll, TestExecutionRecorder.RecordResult: Received result for test: ProjectTimeWebApp.Test.Controller.TestProjectStageController.Test_Controller_Index_ReturnsSuccess().
TpTrace Warning: 0 : 1668, 14, 2022/12/04, 20:02:19.174, 14532030238569, testhost.dll, TestRunCache: InProgressTests is null
TpTrace Warning: 0 : 1668, 14, 2022/12/04, 20:02:19.174, 14532030238755, testhost.dll, TestRunCache: No test found corresponding to testResult 'Test_Controller_Index_ReturnsSuccess()' in inProgress list.
TpTrace Verbose: 0 : 1668, 14, 2022/12/04, 20:02:19.174, 14532030240130, testhost.dll, TestExecutionRecorder.RecordStart: Starting test: ProjectTimeWebApp.Test.Controller.TestProjectStageController.Test_CreateControllerGet_ReturnsSuccess.
TpTrace Verbose: 0 : 1668, 14, 2022/12/04, 20:02:19.175, 14532030246392, testhost.dll, TestExecutionRecorder.RecordEnd: test: ProjectTimeWebApp.Test.Controller.TestProjectStageController.Test_CreateControllerGet_ReturnsSuccess execution completed.
TpTrace Verbose: 0 : 1668, 14, 2022/12/04, 20:02:19.175, 14532030249794, testhost.dll, TestExecutionRecorder.RecordResult: Received result for test: ProjectTimeWebApp.Test.Controller.TestProjectStageController.Test_CreateControllerGet_ReturnsSuccess.
TpTrace Warning: 0 : 1668, 14, 2022/12/04, 20:02:19.176, 14532030250177, testhost.dll, TestRunCache: InProgressTests is null
TpTrace Warning: 0 : 1668, 14, 2022/12/04, 20:02:19.176, 14532030250345, testhost.dll, TestRunCache: No test found corresponding to testResult 'Test_CreateControllerGet_ReturnsSuccess' in inProgress list.
TpTrace Verbose: 0 : 1668, 14, 2022/12/04, 20:02:19.176, 14532030250825, testhost.dll, TestExecutionRecorder.RecordStart: Starting test: ProjectTimeWebApp.Test.Controller.TestProjectStageController.Test_CreateControllerPost_WithResponse.
TpTrace Information: 0 : 1668, 14, 2022/12/04, 20:02:19.176, 14532030251038, testhost.dll, Sending test run statistics
TpTrace Verbose: 0 : 1668, 14, 2022/12/04, 20:02:19.176, 14532030254706, testhost.dll, TestRequestHandler.SendData:  sending data from testhost: {"Version":5,"MessageType":"TestExecution.StatsChange","Payload":{"NewTestResults":[{"TestCase":{"Id":"135cd1c3-cd35-8d9f-b8a6-e5cc534000eb","FullyQualifiedName":"ProjectTimeWebApp.Test.Controller.TestProjectEstimateController.Test_Controller_IndexProjectEstimate_ReturnsSuccess()","DisplayName":"Test_Controller_IndexProjectEstimate_ReturnsSuccess()","ExecutorUri":"executor://NUnit3TestExecutor","Source":"C:\\EAD\\ProjectTime\\ProjectTimeWebApp.Test\\bin\\Debug\\net6.0\\fine-code-coverage\\build-output\\ProjectTimeWebApp.Test.dll","CodeFilePath":null,"LineNumber":0,"Properties":[{"Key":{"Id":"NUnit.Seed","Label":"Seed","Category":"","Description":"","Attributes":0,"ValueType":"System.String"},"Value":"2115051296"}]},"Attachments":[],"Outcome":1,"ErrorMessage":null,"ErrorStackTrace":null,"DisplayName":"Test_Controller_IndexProjectEstimate_ReturnsSuccess()","Messages":[],"ComputerName":"UPE002616","Duration":"00:00:00.0882260","StartTime":"2022-12-04T20:02:18.9681646+00:00","EndTime":"2022-12-04T20:02:19.0563901+00:00","Properties":[{"Key":{"Id":"NUnit.Seed","Label":"Seed","Category":"","Description":"","Attributes":0,"ValueType":"System.String"},"Value":"2115051296"}]},{"TestCase":{"Id":"9308290c-f007-84cd-458e-8b9857888636","FullyQualifiedName":"ProjectTimeWebApp.Test.Controller.TestProjectEstimateController.Test_CreateControllerGet_ReturnsSuccess","DisplayName":"Test_CreateControllerGet_ReturnsSuccess","ExecutorUri":"executor://NUnit3TestExecutor","Source":"C:\\EAD\\ProjectTime\\ProjectTimeWebApp.Test\\bin\\Debug\\net6.0\\fine-code-coverage\\build-output\\ProjectTimeWebApp.Test.dll","CodeFilePath":null,"LineNumber":0,"Properties":[{"Key":{"Id":"NUnit.Seed","Label":"Seed","Category":"","Description":"","Attributes":0,"ValueType":"System.String"},"Value":"1263381065"}]},"Attachments":[],"Outcome":1,"ErrorMessage":null,"ErrorStackTrace":null,"DisplayName":"Test_CreateControllerGet_ReturnsSuccess","Messages":[],"ComputerName":"UPE002616","Duration":"00:00:00.0460310","StartTime":"2022-12-04T20:02:19.056445+00:00","EndTime":"2022-12-04T20:02:19.1024749+00:00","Properties":[{"Key":{"Id":"NUnit.Seed","Label":"Seed","Category":"","Description":"","Attributes":0,"ValueType":"System.String"},"Value":"1263381065"}]},{"TestCase":{"Id":"03602bac-7c2e-5f43-63b7-333fcc8e076d","FullyQualifiedName":"ProjectTimeWebApp.Test.Controller.TestProjectEstimateController.Test_CreateControllerPost_WithResponseAsync","DisplayName":"Test_CreateControllerPost_WithResponseAsync","ExecutorUri":"executor://NUnit3TestExecutor","Source":"C:\\EAD\\ProjectTime\\ProjectTimeWebApp.Test\\bin\\Debug\\net6.0\\fine-code-coverage\\build-output\\ProjectTimeWebApp.Test.dll","CodeFilePath":null,"LineNumber":0,"Properties":[{"Key":{"Id":"NUnit.Seed","Label":"Seed","Category":"","Description":"","Attributes":0,"ValueType":"System.String"},"Value":"1645327274"}]},"Attachments":[],"Outcome":1,"ErrorMessage":null,"ErrorStackTrace":null,"DisplayName":"Test_CreateControllerPost_WithResponseAsync","Messages":[],"ComputerName":"UPE002616","Duration":"00:00:00.0162480","StartTime":"2022-12-04T20:02:19.1025134+00:00","EndTime":"2022-12-04T20:02:19.1187603+00:00","Properties":[{"Key":{"Id":"NUnit.Seed","Label":"Seed","Category":"","Description":"","Attributes":0,"ValueType":"System.String"},"Value":"1645327274"}]},{"TestCase":{"Id":"cf449d01-e9aa-8293-2a1a-cbe75b0818b4","FullyQualifiedName":"ProjectTimeWebApp.Test.Controller.TestProjectEstimateController.Test_EditPost_WithResponse","DisplayName":"Test_EditPost_WithResponse","ExecutorUri":"executor://NUnit3TestExecutor","Source":"C:\\EAD\\ProjectTime\\ProjectTimeWebApp.Test\\bin\\Debug\\net6.0\\fine-code-coverage\\build-output\\ProjectTimeWebApp.Test.dll","CodeFilePath":null,"LineNumber":0,"Properties":[{"Key":{"Id":"NUnit.Seed","Label":"Seed","Category":"","Description":"","Attributes":0,"ValueType":"System.String"},"Value":"991836835"}]},"Attachments":[],"Outcome":1,"ErrorMessage":null,"ErrorStackTrace":null,"DisplayName":"Test_EditPost_WithResponse","Messages":[],"ComputerName":"UPE002616","Duration":"00:00:00.0032429","StartTime":"2022-12-04T20:02:19.1187948+00:00","EndTime":"2022-12-04T20:02:19.1220373+00:00","Properties":[{"Key":{"Id":"NUnit.Seed","Label":"Seed","Category":"","Description":"","Attributes":0,"ValueType":"System.String"},"Value":"991836835"}]},{"TestCase":{"Id":"2903add4-2326-38bc-429d-2a5188101b23","FullyQualifiedName":"ProjectTimeWebApp.Test.Controller.TestProjectEstimateController.Test_EditGet_WithResponse","DisplayName":"Test_EditGet_WithResponse","ExecutorUri":"executor://NUnit3TestExecutor","Source":"C:\\EAD\\ProjectTime\\ProjectTimeWebApp.Test\\bin\\Debug\\net6.0\\fine-code-coverage\\build-output\\ProjectTimeWebApp.Test.dll","CodeFilePath":null,"LineNumber":0,"Properties":[{"Key":{"Id":"NUnit.Seed","Label":"Seed","Category":"","Description":"","Attributes":0,"ValueType":"System.String"},"Value":"577311854"}]},"Attachments":[],"Outcome":1,"ErrorMessage":null,"ErrorStackTrace":null,"DisplayName":"Test_EditGet_WithResponse","Messages":[],"ComputerName":"UPE002616","Duration":"00:00:00.0050159","StartTime":"2022-12-04T20:02:19.1220614+00:00","EndTime":"2022-12-04T20:02:19.1270765+00:00","Properties":[{"Key":{"Id":"NUnit.Seed","Label":"Seed","Category":"","Description":"","Attributes":0,"ValueType":"System.String"},"Value":"577311854"}]},{"TestCase":{"Id":"71ca04e4-8484-3baf-5138-9050aa2ca453","FullyQualifiedName":"ProjectTimeWebApp.Test.Controller.TestProjectEstimateController.Test_DeleteGet_WithResponse","DisplayName":"Test_DeleteGet_WithResponse","ExecutorUri":"executor://NUnit3TestExecutor","Source":"C:\\EAD\\ProjectTime\\ProjectTimeWebApp.Test\\bin\\Debug\\net6.0\\fine-code-coverage\\build-output\\ProjectTimeWebApp.Test.dll","CodeFilePath":null,"LineNumber":0,"Properties":[{"Key":{"Id":"NUnit.Seed","Label":"Seed","Category":"","Description":"","Attributes":0,"ValueType":"System.String"},"Value":"1231915616"}]},"Attachments":[],"Outcome":1,"ErrorMessage":null,"ErrorStackTrace":null,"DisplayName":"Test_DeleteGet_WithResponse","Messages":[],"ComputerName":"UPE002616","Duration":"00:00:00.0061500","StartTime":"2022-12-04T20:02:19.1271019+00:00","EndTime":"2022-12-04T20:02:19.1332515+00:00","Properties":[{"Key":{"Id":"NUnit.Seed","Label":"Seed","Category":"","Description":"","Attributes":0,"ValueType":"System.String"},"Value":"1231915616"}]},{"TestCase":{"Id":"d4f864a3-1825-083c-7233-324fd396f0fe","FullyQualifiedName":"ProjectTimeWebApp.Test.Controller.TestProjectEstimateController.Test_DeletePost_WithResponse","DisplayName":"Test_DeletePost_WithResponse","ExecutorUri":"executor://NUnit3TestExecutor","Source":"C:\\EAD\\ProjectTime\\ProjectTimeWebApp.Test\\bin\\Debug\\net6.0\\fine-code-coverage\\build-output\\ProjectTimeWebApp.Test.dll","CodeFilePath":null,"LineNumber":0,"Properties":[{"Key":{"Id":"NUnit.Seed","Label":"Seed","Category":"","Description":"","Attributes":0,"ValueType":"System.String"},"Value":"451258756"}]},"Attachments":[],"Outcome":1,"ErrorMessage":null,"ErrorStackTrace":null,"DisplayName":"Test_DeletePost_WithResponse","Messages":[],"ComputerName":"UPE002616","Duration":"00:00:00.0271040","StartTime":"2022-12-04T20:02:19.1332756+00:00","EndTime":"2022-12-04T20:02:19.1603794+00:00","Properties":[{"Key":{"Id":"NUnit.Seed","Label":"Seed","Category":"","Description":"","Attributes":0,"ValueType":"System.String"},"Value":"451258756"}]},{"TestCase":{"Id":"7e4568cf-47cc-6796-1bbf-5526bebe96b4","FullyQualifiedName":"ProjectTimeWebApp.Test.Controller.TestProjectStageController.Test_Controller_Index_ReturnsSuccess()","DisplayName":"Test_Controller_Index_ReturnsSuccess()","ExecutorUri":"executor://NUnit3TestExecutor","Source":"C:\\EAD\\ProjectTime\\ProjectTimeWebApp.Test\\bin\\Debug\\net6.0\\fine-code-coverage\\build-output\\ProjectTimeWebApp.Test.dll","CodeFilePath":null,"LineNumber":0,"Properties":[{"Key":{"Id":"NUnit.Seed","Label":"Seed","Category":"","Description":"","Attributes":0,"ValueType":"System.String"},"Value":"934409450"}]},"Attachments":[],"Outcome":1,"ErrorMessage":null,"ErrorStackTrace":null,"DisplayName":"Test_Controller_Index_ReturnsSuccess()","Messages":[],"ComputerName":"UPE002616","Duration":"00:00:00.0003940","StartTime":"2022-12-04T20:02:19.1728399+00:00","EndTime":"2022-12-04T20:02:19.1732335+00:00","Properties":[{"Key":{"Id":"NUnit.Seed","Label":"Seed","Category":"","Description":"","Attributes":0,"ValueType":"System.String"},"Value":"934409450"}]},{"TestCase":{"Id":"94447c16-2ef2-1368-494e-9cde85490ac3","FullyQualifiedName":"ProjectTimeWebApp.Test.Controller.TestProjectStageController.Test_CreateControllerGet_ReturnsSuccess","DisplayName":"Test_CreateControllerGet_ReturnsSuccess","ExecutorUri":"executor://NUnit3TestExecutor","Source":"C:\\EAD\\ProjectTime\\ProjectTimeWebApp.Test\\bin\\Debug\\net6.0\\fine-code-coverage\\build-output\\ProjectTimeWebApp.Test.dll","CodeFilePath":null,"LineNumber":0,"Properties":[{"Key":{"Id":"NUnit.Seed","Label":"Seed","Category":"","Description":"","Attributes":0,"ValueType":"System.String"},"Value":"1100948161"}]},"Attachments":[],"Outcome":1,"ErrorMessage":null,"ErrorStackTrace":null,"DisplayName":"Test_CreateControllerGet_ReturnsSuccess","Messages":[],"ComputerName":"UPE002616","Duration":"00:00:00.0003800","StartTime":"2022-12-04T20:02:19.1732549+00:00","EndTime":"2022-12-04T20:02:19.1736349+00:00","Properties":[{"Key":{"Id":"NUnit.Seed","Label":"Seed","Category":"","Description":"","Attributes":0,"ValueType":"System.String"},"Value":"1100948161"}]}],"TestRunStatistics":{"ExecutedTests":36,"Stats":{"Passed":36}},"ActiveTests":[{"Id":"c5a2b1ac-c28f-f2eb-5947-9d8c8f0c9a74","FullyQualifiedName":"ProjectTimeWebApp.Test.Controller.TestProjectStageController.Test_CreateControllerPost_WithResponse","DisplayName":"Test_CreateControllerPost_WithResponse","ExecutorUri":"executor://NUnit3TestExecutor","Source":"C:\\EAD\\ProjectTime\\ProjectTimeWebApp.Test\\bin\\Debug\\net6.0\\fine-code-coverage\\build-output\\ProjectTimeWebApp.Test.dll","CodeFilePath":null,"LineNumber":0,"Properties":[{"Key":{"Id":"NUnit.Seed","Label":"Seed","Category":"","Description":"","Attributes":0,"ValueType":"System.String"},"Value":"1722923052"}]}]}}
TpTrace Verbose: 0 : 1668, 14, 2022/12/04, 20:02:19.176, 14532030255829, testhost.dll, TestRunCache: OnNewTestResult: Notified the onCacheHit callback.
TpTrace Verbose: 0 : 1668, 14, 2022/12/04, 20:02:19.180, 14532030297665, testhost.dll, TestExecutionRecorder.RecordEnd: test: ProjectTimeWebApp.Test.Controller.TestProjectStageController.Test_CreateControllerPost_WithResponse execution completed.
TpTrace Warning: 0 : 1668, 14, 2022/12/04, 20:02:19.180, 14532030298528, testhost.dll, TestRunCache: InProgressTests is null
TpTrace Verbose: 0 : 1668, 14, 2022/12/04, 20:02:19.181, 14532030305663, testhost.dll, TestExecutionRecorder.RecordResult: Received result for test: ProjectTimeWebApp.Test.Controller.TestProjectStageController.Test_CreateControllerPost_WithResponse.
TpTrace Warning: 0 : 1668, 14, 2022/12/04, 20:02:19.181, 14532030306233, testhost.dll, TestRunCache: InProgressTests is null
TpTrace Warning: 0 : 1668, 14, 2022/12/04, 20:02:19.181, 14532030306407, testhost.dll, TestRunCache: No test found corresponding to testResult 'Test_CreateControllerPost_WithResponse' in inProgress list.
TpTrace Verbose: 0 : 1668, 14, 2022/12/04, 20:02:19.181, 14532030307125, testhost.dll, TestExecutionRecorder.RecordStart: Starting test: ProjectTimeWebApp.Test.Controller.TestProjectStageController.Test_EditControllerPost_WithResponse.
TpTrace Verbose: 0 : 1668, 14, 2022/12/04, 20:02:19.184, 14532030333438, testhost.dll, TestExecutionRecorder.RecordEnd: test: ProjectTimeWebApp.Test.Controller.TestProjectStageController.Test_EditControllerPost_WithResponse execution completed.
TpTrace Verbose: 0 : 1668, 14, 2022/12/04, 20:02:19.184, 14532030337567, testhost.dll, TestExecutionRecorder.RecordResult: Received result for test: ProjectTimeWebApp.Test.Controller.TestProjectStageController.Test_EditControllerPost_WithResponse.
TpTrace Warning: 0 : 1668, 14, 2022/12/04, 20:02:19.184, 14532030338015, testhost.dll, TestRunCache: InProgressTests is null
TpTrace Warning: 0 : 1668, 14, 2022/12/04, 20:02:19.184, 14532030338184, testhost.dll, TestRunCache: No test found corresponding to testResult 'Test_EditControllerPost_WithResponse' in inProgress list.
TpTrace Verbose: 0 : 1668, 14, 2022/12/04, 20:02:19.184, 14532030338755, testhost.dll, TestExecutionRecorder.RecordStart: Starting test: ProjectTimeWebApp.Test.Controller.TestProjectStageController.Test_EditGet_WithResponse.
TpTrace Verbose: 0 : 1668, 14, 2022/12/04, 20:02:19.187, 14532030361727, testhost.dll, TestExecutionRecorder.RecordEnd: test: ProjectTimeWebApp.Test.Controller.TestProjectStageController.Test_EditGet_WithResponse execution completed.
TpTrace Verbose: 0 : 1668, 14, 2022/12/04, 20:02:19.187, 14532030365616, testhost.dll, TestExecutionRecorder.RecordResult: Received result for test: ProjectTimeWebApp.Test.Controller.TestProjectStageController.Test_EditGet_WithResponse.
TpTrace Warning: 0 : 1668, 14, 2022/12/04, 20:02:19.187, 14532030366008, testhost.dll, TestRunCache: InProgressTests is null
TpTrace Warning: 0 : 1668, 14, 2022/12/04, 20:02:19.187, 14532030366173, testhost.dll, TestRunCache: No test found corresponding to testResult 'Test_EditGet_WithResponse' in inProgress list.
TpTrace Verbose: 0 : 1668, 14, 2022/12/04, 20:02:19.187, 14532030366653, testhost.dll, TestExecutionRecorder.RecordStart: Starting test: ProjectTimeWebApp.Test.Controller.TestProjectStageController.Test_DeleteControllerGet_WithResponse.
TpTrace Verbose: 0 : 1668, 14, 2022/12/04, 20:02:19.188, 14532030370568, testhost.dll, TestExecutionRecorder.RecordEnd: test: ProjectTimeWebApp.Test.Controller.TestProjectStageController.Test_DeleteControllerGet_WithResponse execution completed.
TpTrace Verbose: 0 : 1668, 14, 2022/12/04, 20:02:19.188, 14532030373870, testhost.dll, TestExecutionRecorder.RecordResult: Received result for test: ProjectTimeWebApp.Test.Controller.TestProjectStageController.Test_DeleteControllerGet_WithResponse.
TpTrace Warning: 0 : 1668, 14, 2022/12/04, 20:02:19.188, 14532030374242, testhost.dll, TestRunCache: InProgressTests is null
TpTrace Warning: 0 : 1668, 14, 2022/12/04, 20:02:19.188, 14532030374406, testhost.dll, TestRunCache: No test found corresponding to testResult 'Test_DeleteControllerGet_WithResponse' in inProgress list.
TpTrace Verbose: 0 : 1668, 14, 2022/12/04, 20:02:19.188, 14532030375281, testhost.dll, TestExecutionRecorder.RecordStart: Starting test: ProjectTimeWebApp.Test.Controller.TestProjectStageController.Test_DeleteControllerPost_WithResponse.
TpTrace Verbose: 0 : 1668, 14, 2022/12/04, 20:02:19.189, 14532030384633, testhost.dll, TestExecutionRecorder.RecordEnd: test: ProjectTimeWebApp.Test.Controller.TestProjectStageController.Test_DeleteControllerPost_WithResponse execution completed.
TpTrace Verbose: 0 : 1668, 14, 2022/12/04, 20:02:19.189, 14532030388651, testhost.dll, TestExecutionRecorder.RecordResult: Received result for test: ProjectTimeWebApp.Test.Controller.TestProjectStageController.Test_DeleteControllerPost_WithResponse.
TpTrace Warning: 0 : 1668, 14, 2022/12/04, 20:02:19.189, 14532030389043, testhost.dll, TestRunCache: InProgressTests is null
TpTrace Warning: 0 : 1668, 14, 2022/12/04, 20:02:19.189, 14532030389209, testhost.dll, TestRunCache: No test found corresponding to testResult 'Test_DeleteControllerPost_WithResponse' in inProgress list.
TpTrace Verbose: 0 : 1668, 14, 2022/12/04, 20:02:19.200, 14532030497659, testhost.dll, TestExecutionRecorder.RecordStart: Starting test: ProjectTimeWebApp.Test.Controller.TestProjectUserController.Test_CreateConrollerPost_WithResponse.
TpTrace Verbose: 0 : 1668, 14, 2022/12/04, 20:02:19.211, 14532030609927, testhost.dll, TestExecutionRecorder.RecordEnd: test: ProjectTimeWebApp.Test.Controller.TestProjectUserController.Test_CreateConrollerPost_WithResponse execution completed.
TpTrace Verbose: 0 : 1668, 14, 2022/12/04, 20:02:19.213, 14532030622076, testhost.dll, TestExecutionRecorder.RecordResult: Received result for test: ProjectTimeWebApp.Test.Controller.TestProjectUserController.Test_CreateConrollerPost_WithResponse.
TpTrace Warning: 0 : 1668, 14, 2022/12/04, 20:02:19.213, 14532030622910, testhost.dll, TestRunCache: InProgressTests is null
TpTrace Warning: 0 : 1668, 14, 2022/12/04, 20:02:19.213, 14532030623116, testhost.dll, TestRunCache: No test found corresponding to testResult 'Test_CreateConrollerPost_WithResponse' in inProgress list.
TpTrace Verbose: 0 : 1668, 14, 2022/12/04, 20:02:19.213, 14532030624540, testhost.dll, TestExecutionRecorder.RecordStart: Starting test: ProjectTimeWebApp.Test.Controller.TestProjectUserController.Test_CreateControllerGet_ReturnsSuccess.
TpTrace Verbose: 0 : 1668, 14, 2022/12/04, 20:02:19.214, 14532030634616, testhost.dll, TestExecutionRecorder.RecordEnd: test: ProjectTimeWebApp.Test.Controller.TestProjectUserController.Test_CreateControllerGet_ReturnsSuccess execution completed.
TpTrace Verbose: 0 : 1668, 14, 2022/12/04, 20:02:19.215, 14532030640697, testhost.dll, TestExecutionRecorder.RecordResult: Received result for test: ProjectTimeWebApp.Test.Controller.TestProjectUserController.Test_CreateControllerGet_ReturnsSuccess.
TpTrace Warning: 0 : 1668, 14, 2022/12/04, 20:02:19.215, 14532030641234, testhost.dll, TestRunCache: InProgressTests is null
TpTrace Warning: 0 : 1668, 14, 2022/12/04, 20:02:19.215, 14532030641430, testhost.dll, TestRunCache: No test found corresponding to testResult 'Test_CreateControllerGet_ReturnsSuccess' in inProgress list.
TpTrace Verbose: 0 : 1668, 14, 2022/12/04, 20:02:19.215, 14532030641979, testhost.dll, TestExecutionRecorder.RecordStart: Starting test: ProjectTimeWebApp.Test.Controller.TestProjectUserController.Test_ProjectUserController_Index_ReturnsSuccess.
TpTrace Verbose: 0 : 1668, 14, 2022/12/04, 20:02:19.252, 14532031016478, testhost.dll, TestExecutionRecorder.RecordEnd: test: ProjectTimeWebApp.Test.Controller.TestProjectUserController.Test_ProjectUserController_Index_ReturnsSuccess execution completed.
TpTrace Verbose: 0 : 1668, 14, 2022/12/04, 20:02:19.253, 14532031027846, testhost.dll, TestExecutionRecorder.RecordResult: Received result for test: ProjectTimeWebApp.Test.Controller.TestProjectUserController.Test_ProjectUserController_Index_ReturnsSuccess.
TpTrace Warning: 0 : 1668, 14, 2022/12/04, 20:02:19.253, 14532031028467, testhost.dll, TestRunCache: InProgressTests is null
TpTrace Warning: 0 : 1668, 14, 2022/12/04, 20:02:19.253, 14532031028695, testhost.dll, TestRunCache: No test found corresponding to testResult 'Test_ProjectUserController_Index_ReturnsSuccess' in inProgress list.
TpTrace Verbose: 0 : 1668, 14, 2022/12/04, 20:02:19.253, 14532031029370, testhost.dll, TestExecutionRecorder.RecordStart: Starting test: ProjectTimeWebApp.Test.Controller.TestProjectUserController.Test_DeleteProjectUserGet_WithResponse.
TpTrace Verbose: 0 : 1668, 14, 2022/12/04, 20:02:19.256, 14532031057446, testhost.dll, TestExecutionRecorder.RecordEnd: test: ProjectTimeWebApp.Test.Controller.TestProjectUserController.Test_DeleteProjectUserGet_WithResponse execution completed.
TpTrace Verbose: 0 : 1668, 14, 2022/12/04, 20:02:19.257, 14532031063993, testhost.dll, TestExecutionRecorder.RecordResult: Received result for test: ProjectTimeWebApp.Test.Controller.TestProjectUserController.Test_DeleteProjectUserGet_WithResponse.
TpTrace Warning: 0 : 1668, 14, 2022/12/04, 20:02:19.257, 14532031064507, testhost.dll, TestRunCache: InProgressTests is null
TpTrace Warning: 0 : 1668, 14, 2022/12/04, 20:02:19.257, 14532031064707, testhost.dll, TestRunCache: No test found corresponding to testResult 'Test_DeleteProjectUserGet_WithResponse' in inProgress list.
TpTrace Verbose: 0 : 1668, 14, 2022/12/04, 20:02:19.257, 14532031065250, testhost.dll, TestExecutionRecorder.RecordStart: Starting test: ProjectTimeWebApp.Test.Controller.TestProjectUserController.Test_DeleteProjectUserPost_WithResponse.
TpTrace Information: 0 : 1668, 14, 2022/12/04, 20:02:19.257, 14532031065466, testhost.dll, Sending test run statistics
TpTrace Verbose: 0 : 1668, 14, 2022/12/04, 20:02:19.257, 14532031069135, testhost.dll, TestRequestHandler.SendData:  sending data from testhost: {"Version":5,"MessageType":"TestExecution.StatsChange","Payload":{"NewTestResults":[{"TestCase":{"Id":"c5a2b1ac-c28f-f2eb-5947-9d8c8f0c9a74","FullyQualifiedName":"ProjectTimeWebApp.Test.Controller.TestProjectStageController.Test_CreateControllerPost_WithResponse","DisplayName":"Test_CreateControllerPost_WithResponse","ExecutorUri":"executor://NUnit3TestExecutor","Source":"C:\\EAD\\ProjectTime\\ProjectTimeWebApp.Test\\bin\\Debug\\net6.0\\fine-code-coverage\\build-output\\ProjectTimeWebApp.Test.dll","CodeFilePath":null,"LineNumber":0,"Properties":[{"Key":{"Id":"NUnit.Seed","Label":"Seed","Category":"","Description":"","Attributes":0,"ValueType":"System.String"},"Value":"1722923052"}]},"Attachments":[],"Outcome":1,"ErrorMessage":null,"ErrorStackTrace":null,"DisplayName":"Test_CreateControllerPost_WithResponse","Messages":[],"ComputerName":"UPE002616","Duration":"00:00:00.0069040","StartTime":"2022-12-04T20:02:19.173647+00:00","EndTime":"2022-12-04T20:02:19.1805502+00:00","Properties":[{"Key":{"Id":"NUnit.Seed","Label":"Seed","Category":"","Description":"","Attributes":0,"ValueType":"System.String"},"Value":"1722923052"}]},{"TestCase":{"Id":"655b7622-5f3f-2e4a-8db8-9b0a7846dcbc","FullyQualifiedName":"ProjectTimeWebApp.Test.Controller.TestProjectStageController.Test_EditControllerPost_WithResponse","DisplayName":"Test_EditControllerPost_WithResponse","ExecutorUri":"executor://NUnit3TestExecutor","Source":"C:\\EAD\\ProjectTime\\ProjectTimeWebApp.Test\\bin\\Debug\\net6.0\\fine-code-coverage\\build-output\\ProjectTimeWebApp.Test.dll","CodeFilePath":null,"LineNumber":0,"Properties":[{"Key":{"Id":"NUnit.Seed","Label":"Seed","Category":"","Description":"","Attributes":0,"ValueType":"System.String"},"Value":"277544259"}]},"Attachments":[],"Outcome":1,"ErrorMessage":null,"ErrorStackTrace":null,"DisplayName":"Test_EditControllerPost_WithResponse","Messages":[],"ComputerName":"UPE002616","Duration":"00:00:00.0004560","StartTime":"2022-12-04T20:02:19.1805735+00:00","EndTime":"2022-12-04T20:02:19.1810293+00:00","Properties":[{"Key":{"Id":"NUnit.Seed","Label":"Seed","Category":"","Description":"","Attributes":0,"ValueType":"System.String"},"Value":"277544259"}]},{"TestCase":{"Id":"12736a3e-ec9b-6063-5f5d-c427fb6159e7","FullyQualifiedName":"ProjectTimeWebApp.Test.Controller.TestProjectStageController.Test_EditGet_WithResponse","DisplayName":"Test_EditGet_WithResponse","ExecutorUri":"executor://NUnit3TestExecutor","Source":"C:\\EAD\\ProjectTime\\ProjectTimeWebApp.Test\\bin\\Debug\\net6.0\\fine-code-coverage\\build-output\\ProjectTimeWebApp.Test.dll","CodeFilePath":null,"LineNumber":0,"Properties":[{"Key":{"Id":"NUnit.Seed","Label":"Seed","Category":"","Description":"","Attributes":0,"ValueType":"System.String"},"Value":"1019417388"}]},"Attachments":[],"Outcome":1,"ErrorMessage":null,"ErrorStackTrace":null,"DisplayName":"Test_EditGet_WithResponse","Messages":[],"ComputerName":"UPE002616","Duration":"00:00:00.0059840","StartTime":"2022-12-04T20:02:19.1810404+00:00","EndTime":"2022-12-04T20:02:19.1870239+00:00","Properties":[{"Key":{"Id":"NUnit.Seed","Label":"Seed","Category":"","Description":"","Attributes":0,"ValueType":"System.String"},"Value":"1019417388"}]},{"TestCase":{"Id":"1dc6ef10-3e68-62b7-5778-6f78f27ccd35","FullyQualifiedName":"ProjectTimeWebApp.Test.Controller.TestProjectStageController.Test_DeleteControllerGet_WithResponse","DisplayName":"Test_DeleteControllerGet_WithResponse","ExecutorUri":"executor://NUnit3TestExecutor","Source":"C:\\EAD\\ProjectTime\\ProjectTimeWebApp.Test\\bin\\Debug\\net6.0\\fine-code-coverage\\build-output\\ProjectTimeWebApp.Test.dll","CodeFilePath":null,"LineNumber":0,"Properties":[{"Key":{"Id":"NUnit.Seed","Label":"Seed","Category":"","Description":"","Attributes":0,"ValueType":"System.String"},"Value":"1610840034"}]},"Attachments":[],"Outcome":1,"ErrorMessage":null,"ErrorStackTrace":null,"DisplayName":"Test_DeleteControllerGet_WithResponse","Messages":[],"ComputerName":"UPE002616","Duration":"00:00:00.0007370","StartTime":"2022-12-04T20:02:19.1870424+00:00","EndTime":"2022-12-04T20:02:19.1877789+00:00","Properties":[{"Key":{"Id":"NUnit.Seed","Label":"Seed","Category":"","Description":"","Attributes":0,"ValueType":"System.String"},"Value":"1610840034"}]},{"TestCase":{"Id":"676d2e43-6f7c-5cab-3d92-a454448cca61","FullyQualifiedName":"ProjectTimeWebApp.Test.Controller.TestProjectStageController.Test_DeleteControllerPost_WithResponse","DisplayName":"Test_DeleteControllerPost_WithResponse","ExecutorUri":"executor://NUnit3TestExecutor","Source":"C:\\EAD\\ProjectTime\\ProjectTimeWebApp.Test\\bin\\Debug\\net6.0\\fine-code-coverage\\build-output\\ProjectTimeWebApp.Test.dll","CodeFilePath":null,"LineNumber":0,"Properties":[{"Key":{"Id":"NUnit.Seed","Label":"Seed","Category":"","Description":"","Attributes":0,"ValueType":"System.String"},"Value":"1718505079"}]},"Attachments":[],"Outcome":1,"ErrorMessage":null,"ErrorStackTrace":null,"DisplayName":"Test_DeleteControllerPost_WithResponse","Messages":[],"ComputerName":"UPE002616","Duration":"00:00:00.0015360","StartTime":"2022-12-04T20:02:19.1877872+00:00","EndTime":"2022-12-04T20:02:19.1893229+00:00","Properties":[{"Key":{"Id":"NUnit.Seed","Label":"Seed","Category":"","Description":"","Attributes":0,"ValueType":"System.String"},"Value":"1718505079"}]},{"TestCase":{"Id":"738782a9-e4e6-60e6-3b8c-df35fb345bd9","FullyQualifiedName":"ProjectTimeWebApp.Test.Controller.TestProjectUserController.Test_CreateConrollerPost_WithResponse","DisplayName":"Test_CreateConrollerPost_WithResponse","ExecutorUri":"executor://NUnit3TestExecutor","Source":"C:\\EAD\\ProjectTime\\ProjectTimeWebApp.Test\\bin\\Debug\\net6.0\\fine-code-coverage\\build-output\\ProjectTimeWebApp.Test.dll","CodeFilePath":null,"LineNumber":0,"Properties":[{"Key":{"Id":"NUnit.Seed","Label":"Seed","Category":"","Description":"","Attributes":0,"ValueType":"System.String"},"Value":"583456002"}]},"Attachments":[],"Outcome":1,"ErrorMessage":null,"ErrorStackTrace":null,"DisplayName":"Test_CreateConrollerPost_WithResponse","Messages":[],"ComputerName":"UPE002616","Duration":"00:00:00.0110820","StartTime":"2022-12-04T20:02:19.2006571+00:00","EndTime":"2022-12-04T20:02:19.2117394+00:00","Properties":[{"Key":{"Id":"NUnit.Seed","Label":"Seed","Category":"","Description":"","Attributes":0,"ValueType":"System.String"},"Value":"583456002"}]},{"TestCase":{"Id":"e4b9bd16-60fc-faed-5cdb-fdc862991b38","FullyQualifiedName":"ProjectTimeWebApp.Test.Controller.TestProjectUserController.Test_CreateControllerGet_ReturnsSuccess","DisplayName":"Test_CreateControllerGet_ReturnsSuccess","ExecutorUri":"executor://NUnit3TestExecutor","Source":"C:\\EAD\\ProjectTime\\ProjectTimeWebApp.Test\\bin\\Debug\\net6.0\\fine-code-coverage\\build-output\\ProjectTimeWebApp.Test.dll","CodeFilePath":null,"LineNumber":0,"Properties":[{"Key":{"Id":"NUnit.Seed","Label":"Seed","Category":"","Description":"","Attributes":0,"ValueType":"System.String"},"Value":"550057210"}]},"Attachments":[],"Outcome":1,"ErrorMessage":null,"ErrorStackTrace":null,"DisplayName":"Test_CreateControllerGet_ReturnsSuccess","Messages":[],"ComputerName":"UPE002616","Duration":"00:00:00.0005910","StartTime":"2022-12-04T20:02:19.2117785+00:00","EndTime":"2022-12-04T20:02:19.2123692+00:00","Properties":[{"Key":{"Id":"NUnit.Seed","Label":"Seed","Category":"","Description":"","Attributes":0,"ValueType":"System.String"},"Value":"550057210"}]},{"TestCase":{"Id":"fd91e3ff-1ad6-cc1d-3179-11ad5c9445b6","FullyQualifiedName":"ProjectTimeWebApp.Test.Controller.TestProjectUserController.Test_ProjectUserController_Index_ReturnsSuccess","DisplayName":"Test_ProjectUserController_Index_ReturnsSuccess","ExecutorUri":"executor://NUnit3TestExecutor","Source":"C:\\EAD\\ProjectTime\\ProjectTimeWebApp.Test\\bin\\Debug\\net6.0\\fine-code-coverage\\build-output\\ProjectTimeWebApp.Test.dll","CodeFilePath":null,"LineNumber":0,"Properties":[{"Key":{"Id":"NUnit.Seed","Label":"Seed","Category":"","Description":"","Attributes":0,"ValueType":"System.String"},"Value":"601091899"}]},"Attachments":[],"Outcome":1,"ErrorMessage":null,"ErrorStackTrace":null,"DisplayName":"Test_ProjectUserController_Index_ReturnsSuccess","Messages":[],"ComputerName":"UPE002616","Duration":"00:00:00.0400360","StartTime":"2022-12-04T20:02:19.2123866+00:00","EndTime":"2022-12-04T20:02:19.2524221+00:00","Properties":[{"Key":{"Id":"NUnit.Seed","Label":"Seed","Category":"","Description":"","Attributes":0,"ValueType":"System.String"},"Value":"601091899"}]},{"TestCase":{"Id":"cdeef165-4e36-6b4f-894e-9a10522f7de8","FullyQualifiedName":"ProjectTimeWebApp.Test.Controller.TestProjectUserController.Test_DeleteProjectUserGet_WithResponse","DisplayName":"Test_DeleteProjectUserGet_WithResponse","ExecutorUri":"executor://NUnit3TestExecutor","Source":"C:\\EAD\\ProjectTime\\ProjectTimeWebApp.Test\\bin\\Debug\\net6.0\\fine-code-coverage\\build-output\\ProjectTimeWebApp.Test.dll","CodeFilePath":null,"LineNumber":0,"Properties":[{"Key":{"Id":"NUnit.Seed","Label":"Seed","Category":"","Description":"","Attributes":0,"ValueType":"System.String"},"Value":"877264414"}]},"Attachments":[],"Outcome":1,"ErrorMessage":null,"ErrorStackTrace":null,"DisplayName":"Test_DeleteProjectUserGet_WithResponse","Messages":[],"ComputerName":"UPE002616","Duration":"00:00:00.0040810","StartTime":"2022-12-04T20:02:19.2524413+00:00","EndTime":"2022-12-04T20:02:19.2565222+00:00","Properties":[{"Key":{"Id":"NUnit.Seed","Label":"Seed","Category":"","Description":"","Attributes":0,"ValueType":"System.String"},"Value":"877264414"}]}],"TestRunStatistics":{"ExecutedTests":45,"Stats":{"Passed":45}},"ActiveTests":[{"Id":"30ec68c4-8663-0daa-c796-dccdeb1b3bd1","FullyQualifiedName":"ProjectTimeWebApp.Test.Controller.TestProjectUserController.Test_DeleteProjectUserPost_WithResponse","DisplayName":"Test_DeleteProjectUserPost_WithResponse","ExecutorUri":"executor://NUnit3TestExecutor","Source":"C:\\EAD\\ProjectTime\\ProjectTimeWebApp.Test\\bin\\Debug\\net6.0\\fine-code-coverage\\build-output\\ProjectTimeWebApp.Test.dll","CodeFilePath":null,"LineNumber":0,"Properties":[{"Key":{"Id":"NUnit.Seed","Label":"Seed","Category":"","Description":"","Attributes":0,"ValueType":"System.String"},"Value":"1960998477"}]}]}}
TpTrace Verbose: 0 : 1668, 14, 2022/12/04, 20:02:19.258, 14532031070623, testhost.dll, TestRunCache: OnNewTestResult: Notified the onCacheHit callback.
TpTrace Verbose: 0 : 1668, 14, 2022/12/04, 20:02:19.272, 14532031217188, testhost.dll, TestExecutionRecorder.RecordEnd: test: ProjectTimeWebApp.Test.Controller.TestProjectUserController.Test_DeleteProjectUserPost_WithResponse execution completed.
TpTrace Warning: 0 : 1668, 14, 2022/12/04, 20:02:19.272, 14532031218006, testhost.dll, TestRunCache: InProgressTests is null
TpTrace Verbose: 0 : 1668, 14, 2022/12/04, 20:02:19.273, 14532031227037, testhost.dll, TestExecutionRecorder.RecordResult: Received result for test: ProjectTimeWebApp.Test.Controller.TestProjectUserController.Test_DeleteProjectUserPost_WithResponse.
TpTrace Warning: 0 : 1668, 14, 2022/12/04, 20:02:19.273, 14532031227666, testhost.dll, TestRunCache: InProgressTests is null
TpTrace Warning: 0 : 1668, 14, 2022/12/04, 20:02:19.273, 14532031227858, testhost.dll, TestRunCache: No test found corresponding to testResult 'Test_DeleteProjectUserPost_WithResponse' in inProgress list.
TpTrace Verbose: 0 : 1668, 14, 2022/12/04, 20:02:19.273, 14532031228535, testhost.dll, TestExecutionRecorder.RecordStart: Starting test: ProjectTimeWebApp.Test.Controller.TestProjectUserController.Test_EditProjectUserPost_WithResponse.
TpTrace Verbose: 0 : 1668, 14, 2022/12/04, 20:02:19.283, 14532031321506, testhost.dll, TestExecutionRecorder.RecordEnd: test: ProjectTimeWebApp.Test.Controller.TestProjectUserController.Test_EditProjectUserPost_WithResponse execution completed.
TpTrace Verbose: 0 : 1668, 14, 2022/12/04, 20:02:19.283, 14532031329378, testhost.dll, TestExecutionRecorder.RecordResult: Received result for test: ProjectTimeWebApp.Test.Controller.TestProjectUserController.Test_EditProjectUserPost_WithResponse.
TpTrace Warning: 0 : 1668, 14, 2022/12/04, 20:02:19.283, 14532031330004, testhost.dll, TestRunCache: InProgressTests is null
TpTrace Warning: 0 : 1668, 14, 2022/12/04, 20:02:19.284, 14532031330205, testhost.dll, TestRunCache: No test found corresponding to testResult 'Test_EditProjectUserPost_WithResponse' in inProgress list.
TpTrace Verbose: 0 : 1668, 14, 2022/12/04, 20:02:19.284, 14532031330948, testhost.dll, TestExecutionRecorder.RecordStart: Starting test: ProjectTimeWebApp.Test.Controller.TestProjectUserController.Test_EditProjectUserGet_WithResponse.
TpTrace Verbose: 0 : 1668, 14, 2022/12/04, 20:02:19.284, 14532031336896, testhost.dll, TestExecutionRecorder.RecordEnd: test: ProjectTimeWebApp.Test.Controller.TestProjectUserController.Test_EditProjectUserGet_WithResponse execution completed.
TpTrace Verbose: 0 : 1668, 14, 2022/12/04, 20:02:19.285, 14532031341168, testhost.dll, TestExecutionRecorder.RecordResult: Received result for test: ProjectTimeWebApp.Test.Controller.TestProjectUserController.Test_EditProjectUserGet_WithResponse.
TpTrace Warning: 0 : 1668, 14, 2022/12/04, 20:02:19.285, 14532031341718, testhost.dll, TestRunCache: InProgressTests is null
TpTrace Warning: 0 : 1668, 14, 2022/12/04, 20:02:19.285, 14532031341911, testhost.dll, TestRunCache: No test found corresponding to testResult 'Test_EditProjectUserGet_WithResponse' in inProgress list.
TpTrace Verbose: 0 : 1668, 14, 2022/12/04, 20:02:19.285, 14532031343225, testhost.dll, TestExecutionRecorder.RecordStart: Starting test: ProjectTimeWebApp.Test.Controller.TestReportsController.Test_Controller_TimeLogReport_ReturnsSuccess().
TpTrace Verbose: 0 : 1668, 14, 2022/12/04, 20:02:19.285, 14532031348069, testhost.dll, TestExecutionRecorder.RecordEnd: test: ProjectTimeWebApp.Test.Controller.TestReportsController.Test_Controller_TimeLogReport_ReturnsSuccess() execution completed.
TpTrace Verbose: 0 : 1668, 14, 2022/12/04, 20:02:19.286, 14532031352185, testhost.dll, TestExecutionRecorder.RecordResult: Received result for test: ProjectTimeWebApp.Test.Controller.TestReportsController.Test_Controller_TimeLogReport_ReturnsSuccess().
TpTrace Warning: 0 : 1668, 14, 2022/12/04, 20:02:19.286, 14532031352713, testhost.dll, TestRunCache: InProgressTests is null
TpTrace Warning: 0 : 1668, 14, 2022/12/04, 20:02:19.286, 14532031352907, testhost.dll, TestRunCache: No test found corresponding to testResult 'Test_Controller_TimeLogReport_ReturnsSuccess()' in inProgress list.
TpTrace Verbose: 0 : 1668, 14, 2022/12/04, 20:02:19.286, 14532031354617, testhost.dll, TestExecutionRecorder.RecordStart: Starting test: ProjectTimeWebApp.Test.Controller.TestReportsController.Test_Controller_ProjectEstimateSummaryReport_ReturnsSuccess().
TpTrace Verbose: 0 : 1668, 14, 2022/12/04, 20:02:19.286, 14532031359868, testhost.dll, TestExecutionRecorder.RecordEnd: test: ProjectTimeWebApp.Test.Controller.TestReportsController.Test_Controller_ProjectEstimateSummaryReport_ReturnsSuccess() execution completed.
TpTrace Verbose: 0 : 1668, 14, 2022/12/04, 20:02:19.287, 14532031364140, testhost.dll, TestExecutionRecorder.RecordResult: Received result for test: ProjectTimeWebApp.Test.Controller.TestReportsController.Test_Controller_ProjectEstimateSummaryReport_ReturnsSuccess().
TpTrace Warning: 0 : 1668, 14, 2022/12/04, 20:02:19.287, 14532031364668, testhost.dll, TestRunCache: InProgressTests is null
TpTrace Warning: 0 : 1668, 14, 2022/12/04, 20:02:19.287, 14532031364861, testhost.dll, TestRunCache: No test found corresponding to testResult 'Test_Controller_ProjectEstimateSummaryReport_ReturnsSuccess()' in inProgress list.
TpTrace Verbose: 0 : 1668, 14, 2022/12/04, 20:02:19.287, 14532031366593, testhost.dll, TestExecutionRecorder.RecordStart: Starting test: ProjectTimeWebApp.Test.Controller.TestReportsController.Test_Controller_ProjectEstimateReport_ReturnsSuccess().
TpTrace Verbose: 0 : 1668, 14, 2022/12/04, 20:02:19.289, 14532031389704, testhost.dll, TestExecutionRecorder.RecordEnd: test: ProjectTimeWebApp.Test.Controller.TestReportsController.Test_Controller_ProjectEstimateReport_ReturnsSuccess() execution completed.
TpTrace Verbose: 0 : 1668, 14, 2022/12/04, 20:02:19.290, 14532031397641, testhost.dll, TestExecutionRecorder.RecordResult: Received result for test: ProjectTimeWebApp.Test.Controller.TestReportsController.Test_Controller_ProjectEstimateReport_ReturnsSuccess().
TpTrace Warning: 0 : 1668, 14, 2022/12/04, 20:02:19.290, 14532031398213, testhost.dll, TestRunCache: InProgressTests is null
TpTrace Warning: 0 : 1668, 14, 2022/12/04, 20:02:19.290, 14532031398415, testhost.dll, TestRunCache: No test found corresponding to testResult 'Test_Controller_ProjectEstimateReport_ReturnsSuccess()' in inProgress list.
TpTrace Verbose: 0 : 1668, 14, 2022/12/04, 20:02:19.290, 14532031400019, testhost.dll, TestExecutionRecorder.RecordStart: Starting test: ProjectTimeWebApp.Test.Controller.TestReportsController.Test_Controller_ActualVEstimateEffortReport_ReturnsSuccess().
TpTrace Verbose: 0 : 1668, 14, 2022/12/04, 20:02:19.291, 14532031406131, testhost.dll, TestExecutionRecorder.RecordEnd: test: ProjectTimeWebApp.Test.Controller.TestReportsController.Test_Controller_ActualVEstimateEffortReport_ReturnsSuccess() execution completed.
TpTrace Verbose: 0 : 1668, 14, 2022/12/04, 20:02:19.292, 14532031411988, testhost.dll, TestExecutionRecorder.RecordResult: Received result for test: ProjectTimeWebApp.Test.Controller.TestReportsController.Test_Controller_ActualVEstimateEffortReport_ReturnsSuccess().
TpTrace Warning: 0 : 1668, 14, 2022/12/04, 20:02:19.292, 14532031412475, testhost.dll, TestRunCache: InProgressTests is null
TpTrace Warning: 0 : 1668, 14, 2022/12/04, 20:02:19.292, 14532031412664, testhost.dll, TestRunCache: No test found corresponding to testResult 'Test_Controller_ActualVEstimateEffortReport_ReturnsSuccess()' in inProgress list.
TpTrace Verbose: 0 : 1668, 14, 2022/12/04, 20:02:19.292, 14532031413960, testhost.dll, TestExecutionRecorder.RecordStart: Starting test: ProjectTimeWebApp.Test.Controller.TestReportsController.Test_Controller_ActualVEstimateVarianceReport_ReturnsSuccess().
TpTrace Verbose: 0 : 1668, 14, 2022/12/04, 20:02:19.293, 14532031420417, testhost.dll, TestExecutionRecorder.RecordEnd: test: ProjectTimeWebApp.Test.Controller.TestReportsController.Test_Controller_ActualVEstimateVarianceReport_ReturnsSuccess() execution completed.
TpTrace Verbose: 0 : 1668, 14, 2022/12/04, 20:02:19.293, 14532031425484, testhost.dll, TestExecutionRecorder.RecordResult: Received result for test: ProjectTimeWebApp.Test.Controller.TestReportsController.Test_Controller_ActualVEstimateVarianceReport_ReturnsSuccess().
TpTrace Warning: 0 : 1668, 14, 2022/12/04, 20:02:19.293, 14532031425996, testhost.dll, TestRunCache: InProgressTests is null
TpTrace Warning: 0 : 1668, 14, 2022/12/04, 20:02:19.293, 14532031426187, testhost.dll, TestRunCache: No test found corresponding to testResult 'Test_Controller_ActualVEstimateVarianceReport_ReturnsSuccess()' in inProgress list.
TpTrace Verbose: 0 : 1668, 14, 2022/12/04, 20:02:19.293, 14532031427476, testhost.dll, TestExecutionRecorder.RecordStart: Starting test: ProjectTimeWebApp.Test.Controller.TestReportsController.Test_Controller_ActualVEstimateSummaryReport_ReturnsSuccess().
TpTrace Verbose: 0 : 1668, 14, 2022/12/04, 20:02:19.294, 14532031433942, testhost.dll, TestExecutionRecorder.RecordEnd: test: ProjectTimeWebApp.Test.Controller.TestReportsController.Test_Controller_ActualVEstimateSummaryReport_ReturnsSuccess() execution completed.
TpTrace Verbose: 0 : 1668, 14, 2022/12/04, 20:02:19.294, 14532031439505, testhost.dll, TestExecutionRecorder.RecordResult: Received result for test: ProjectTimeWebApp.Test.Controller.TestReportsController.Test_Controller_ActualVEstimateSummaryReport_ReturnsSuccess().
TpTrace Warning: 0 : 1668, 14, 2022/12/04, 20:02:19.294, 14532031440098, testhost.dll, TestRunCache: InProgressTests is null
TpTrace Warning: 0 : 1668, 14, 2022/12/04, 20:02:19.295, 14532031440524, testhost.dll, TestRunCache: No test found corresponding to testResult 'Test_Controller_ActualVEstimateSummaryReport_ReturnsSuccess()' in inProgress list.
TpTrace Verbose: 0 : 1668, 14, 2022/12/04, 20:02:19.295, 14532031441898, testhost.dll, TestExecutionRecorder.RecordStart: Starting test: ProjectTimeWebApp.Test.Controller.TestReportsController.Test_Controller_RescourcingReport_ReturnsSuccess().
TpTrace Information: 0 : 1668, 14, 2022/12/04, 20:02:19.295, 14532031442183, testhost.dll, Sending test run statistics
TpTrace Verbose: 0 : 1668, 14, 2022/12/04, 20:02:19.295, 14532031447606, testhost.dll, TestRequestHandler.SendData:  sending data from testhost: {"Version":5,"MessageType":"TestExecution.StatsChange","Payload":{"NewTestResults":[{"TestCase":{"Id":"30ec68c4-8663-0daa-c796-dccdeb1b3bd1","FullyQualifiedName":"ProjectTimeWebApp.Test.Controller.TestProjectUserController.Test_DeleteProjectUserPost_WithResponse","DisplayName":"Test_DeleteProjectUserPost_WithResponse","ExecutorUri":"executor://NUnit3TestExecutor","Source":"C:\\EAD\\ProjectTime\\ProjectTimeWebApp.Test\\bin\\Debug\\net6.0\\fine-code-coverage\\build-output\\ProjectTimeWebApp.Test.dll","CodeFilePath":null,"LineNumber":0,"Properties":[{"Key":{"Id":"NUnit.Seed","Label":"Seed","Category":"","Description":"","Attributes":0,"ValueType":"System.String"},"Value":"1960998477"}]},"Attachments":[],"Outcome":1,"ErrorMessage":null,"ErrorStackTrace":null,"DisplayName":"Test_DeleteProjectUserPost_WithResponse","Messages":[],"ComputerName":"UPE002616","Duration":"00:00:00.0158770","StartTime":"2022-12-04T20:02:19.2565369+00:00","EndTime":"2022-12-04T20:02:19.2724133+00:00","Properties":[{"Key":{"Id":"NUnit.Seed","Label":"Seed","Category":"","Description":"","Attributes":0,"ValueType":"System.String"},"Value":"1960998477"}]},{"TestCase":{"Id":"c97a66b5-81a0-0269-c976-fefba20a17af","FullyQualifiedName":"ProjectTimeWebApp.Test.Controller.TestProjectUserController.Test_EditProjectUserPost_WithResponse","DisplayName":"Test_EditProjectUserPost_WithResponse","ExecutorUri":"executor://NUnit3TestExecutor","Source":"C:\\EAD\\ProjectTime\\ProjectTimeWebApp.Test\\bin\\Debug\\net6.0\\fine-code-coverage\\build-output\\ProjectTimeWebApp.Test.dll","CodeFilePath":null,"LineNumber":0,"Properties":[{"Key":{"Id":"NUnit.Seed","Label":"Seed","Category":"","Description":"","Attributes":0,"ValueType":"System.String"},"Value":"303342444"}]},"Attachments":[],"Outcome":1,"ErrorMessage":null,"ErrorStackTrace":null,"DisplayName":"Test_EditProjectUserPost_WithResponse","Messages":[],"ComputerName":"UPE002616","Duration":"00:00:00.0104250","StartTime":"2022-12-04T20:02:19.2724364+00:00","EndTime":"2022-12-04T20:02:19.2828609+00:00","Properties":[{"Key":{"Id":"NUnit.Seed","Label":"Seed","Category":"","Description":"","Attributes":0,"ValueType":"System.String"},"Value":"303342444"}]},{"TestCase":{"Id":"d6d43b8c-5e7b-a8eb-8526-f9f76ef0c000","FullyQualifiedName":"ProjectTimeWebApp.Test.Controller.TestProjectUserController.Test_EditProjectUserGet_WithResponse","DisplayName":"Test_EditProjectUserGet_WithResponse","ExecutorUri":"executor://NUnit3TestExecutor","Source":"C:\\EAD\\ProjectTime\\ProjectTimeWebApp.Test\\bin\\Debug\\net6.0\\fine-code-coverage\\build-output\\ProjectTimeWebApp.Test.dll","CodeFilePath":null,"LineNumber":0,"Properties":[{"Key":{"Id":"NUnit.Seed","Label":"Seed","Category":"","Description":"","Attributes":0,"ValueType":"System.String"},"Value":"1277494342"}]},"Attachments":[],"Outcome":1,"ErrorMessage":null,"ErrorStackTrace":null,"DisplayName":"Test_EditProjectUserGet_WithResponse","Messages":[],"ComputerName":"UPE002616","Duration":"00:00:00.0013940","StartTime":"2022-12-04T20:02:19.2828874+00:00","EndTime":"2022-12-04T20:02:19.2842807+00:00","Properties":[{"Key":{"Id":"NUnit.Seed","Label":"Seed","Category":"","Description":"","Attributes":0,"ValueType":"System.String"},"Value":"1277494342"}]},{"TestCase":{"Id":"cfdf3ed5-02ba-b4af-1f3a-15ef0d9a7e78","FullyQualifiedName":"ProjectTimeWebApp.Test.Controller.TestReportsController.Test_Controller_TimeLogReport_ReturnsSuccess()","DisplayName":"Test_Controller_TimeLogReport_ReturnsSuccess()","ExecutorUri":"executor://NUnit3TestExecutor","Source":"C:\\EAD\\ProjectTime\\ProjectTimeWebApp.Test\\bin\\Debug\\net6.0\\fine-code-coverage\\build-output\\ProjectTimeWebApp.Test.dll","CodeFilePath":null,"LineNumber":0,"Properties":[{"Key":{"Id":"NUnit.Seed","Label":"Seed","Category":"","Description":"","Attributes":0,"ValueType":"System.String"},"Value":"2082641261"}]},"Attachments":[],"Outcome":1,"ErrorMessage":null,"ErrorStackTrace":null,"DisplayName":"Test_Controller_TimeLogReport_ReturnsSuccess()","Messages":[],"ComputerName":"UPE002616","Duration":"00:00:00.0004190","StartTime":"2022-12-04T20:02:19.2845212+00:00","EndTime":"2022-12-04T20:02:19.2849399+00:00","Properties":[{"Key":{"Id":"NUnit.Seed","Label":"Seed","Category":"","Description":"","Attributes":0,"ValueType":"System.String"},"Value":"2082641261"}]},{"TestCase":{"Id":"75d7f2ae-62cc-57d9-c862-494a967b509f","FullyQualifiedName":"ProjectTimeWebApp.Test.Controller.TestReportsController.Test_Controller_ProjectEstimateSummaryReport_ReturnsSuccess()","DisplayName":"Test_Controller_ProjectEstimateSummaryReport_ReturnsSuccess()","ExecutorUri":"executor://NUnit3TestExecutor","Source":"C:\\EAD\\ProjectTime\\ProjectTimeWebApp.Test\\bin\\Debug\\net6.0\\fine-code-coverage\\build-output\\ProjectTimeWebApp.Test.dll","CodeFilePath":null,"LineNumber":0,"Properties":[{"Key":{"Id":"NUnit.Seed","Label":"Seed","Category":"","Description":"","Attributes":0,"ValueType":"System.String"},"Value":"1180435477"}]},"Attachments":[],"Outcome":1,"ErrorMessage":null,"ErrorStackTrace":null,"DisplayName":"Test_Controller_ProjectEstimateSummaryReport_ReturnsSuccess()","Messages":[],"ComputerName":"UPE002616","Duration":"00:00:00.0002490","StartTime":"2022-12-04T20:02:19.2849725+00:00","EndTime":"2022-12-04T20:02:19.285221+00:00","Properties":[{"Key":{"Id":"NUnit.Seed","Label":"Seed","Category":"","Description":"","Attributes":0,"ValueType":"System.String"},"Value":"1180435477"}]},{"TestCase":{"Id":"5c92e74f-daff-3da9-1dcc-863abe0f1c55","FullyQualifiedName":"ProjectTimeWebApp.Test.Controller.TestReportsController.Test_Controller_ProjectEstimateReport_ReturnsSuccess()","DisplayName":"Test_Controller_ProjectEstimateReport_ReturnsSuccess()","ExecutorUri":"executor://NUnit3TestExecutor","Source":"C:\\EAD\\ProjectTime\\ProjectTimeWebApp.Test\\bin\\Debug\\net6.0\\fine-code-coverage\\build-output\\ProjectTimeWebApp.Test.dll","CodeFilePath":null,"LineNumber":0,"Properties":[{"Key":{"Id":"NUnit.Seed","Label":"Seed","Category":"","Description":"","Attributes":0,"ValueType":"System.String"},"Value":"1283582087"}]},"Attachments":[],"Outcome":1,"ErrorMessage":null,"ErrorStackTrace":null,"DisplayName":"Test_Controller_ProjectEstimateReport_ReturnsSuccess()","Messages":[],"ComputerName":"UPE002616","Duration":"00:00:00.0002040","StartTime":"2022-12-04T20:02:19.2852482+00:00","EndTime":"2022-12-04T20:02:19.2854518+00:00","Properties":[{"Key":{"Id":"NUnit.Seed","Label":"Seed","Category":"","Description":"","Attributes":0,"ValueType":"System.String"},"Value":"1283582087"}]},{"TestCase":{"Id":"92904dea-0490-d2ef-72d8-898ebde87590","FullyQualifiedName":"ProjectTimeWebApp.Test.Controller.TestReportsController.Test_Controller_ActualVEstimateEffortReport_ReturnsSuccess()","DisplayName":"Test_Controller_ActualVEstimateEffortReport_ReturnsSuccess()","ExecutorUri":"executor://NUnit3TestExecutor","Source":"C:\\EAD\\ProjectTime\\ProjectTimeWebApp.Test\\bin\\Debug\\net6.0\\fine-code-coverage\\build-output\\ProjectTimeWebApp.Test.dll","CodeFilePath":null,"LineNumber":0,"Properties":[{"Key":{"Id":"NUnit.Seed","Label":"Seed","Category":"","Description":"","Attributes":0,"ValueType":"System.String"},"Value":"517611472"}]},"Attachments":[],"Outcome":1,"ErrorMessage":null,"ErrorStackTrace":null,"DisplayName":"Test_Controller_ActualVEstimateEffortReport_ReturnsSuccess()","Messages":[],"ComputerName":"UPE002616","Duration":"00:00:00.0001930","StartTime":"2022-12-04T20:02:19.2854771+00:00","EndTime":"2022-12-04T20:02:19.2856704+00:00","Properties":[{"Key":{"Id":"NUnit.Seed","Label":"Seed","Category":"","Description":"","Attributes":0,"ValueType":"System.String"},"Value":"517611472"}]},{"TestCase":{"Id":"9e1e7dec-f6b5-8aa2-8393-cfcd5ffef076","FullyQualifiedName":"ProjectTimeWebApp.Test.Controller.TestReportsController.Test_Controller_ActualVEstimateVarianceReport_ReturnsSuccess()","DisplayName":"Test_Controller_ActualVEstimateVarianceReport_ReturnsSuccess()","ExecutorUri":"executor://NUnit3TestExecutor","Source":"C:\\EAD\\ProjectTime\\ProjectTimeWebApp.Test\\bin\\Debug\\net6.0\\fine-code-coverage\\build-output\\ProjectTimeWebApp.Test.dll","CodeFilePath":null,"LineNumber":0,"Properties":[{"Key":{"Id":"NUnit.Seed","Label":"Seed","Category":"","Description":"","Attributes":0,"ValueType":"System.String"},"Value":"2095231574"}]},"Attachments":[],"Outcome":1,"ErrorMessage":null,"ErrorStackTrace":null,"DisplayName":"Test_Controller_ActualVEstimateVarianceReport_ReturnsSuccess()","Messages":[],"ComputerName":"UPE002616","Duration":"00:00:00.0001990","StartTime":"2022-12-04T20:02:19.2856979+00:00","EndTime":"2022-12-04T20:02:19.2858972+00:00","Properties":[{"Key":{"Id":"NUnit.Seed","Label":"Seed","Category":"","Description":"","Attributes":0,"ValueType":"System.String"},"Value":"2095231574"}]},{"TestCase":{"Id":"cf695297-318c-f53d-5a94-e50ba8df94ac","FullyQualifiedName":"ProjectTimeWebApp.Test.Controller.TestReportsController.Test_Controller_ActualVEstimateSummaryReport_ReturnsSuccess()","DisplayName":"Test_Controller_ActualVEstimateSummaryReport_ReturnsSuccess()","ExecutorUri":"executor://NUnit3TestExecutor","Source":"C:\\EAD\\ProjectTime\\ProjectTimeWebApp.Test\\bin\\Debug\\net6.0\\fine-code-coverage\\build-output\\ProjectTimeWebApp.Test.dll","CodeFilePath":null,"LineNumber":0,"Properties":[{"Key":{"Id":"NUnit.Seed","Label":"Seed","Category":"","Description":"","Attributes":0,"ValueType":"System.String"},"Value":"1845739371"}]},"Attachments":[],"Outcome":1,"ErrorMessage":null,"ErrorStackTrace":null,"DisplayName":"Test_Controller_ActualVEstimateSummaryReport_ReturnsSuccess()","Messages":[],"ComputerName":"UPE002616","Duration":"00:00:00.0002130","StartTime":"2022-12-04T20:02:19.2859243+00:00","EndTime":"2022-12-04T20:02:19.286137+00:00","Properties":[{"Key":{"Id":"NUnit.Seed","Label":"Seed","Category":"","Description":"","Attributes":0,"ValueType":"System.String"},"Value":"1845739371"}]}],"TestRunStatistics":{"ExecutedTests":54,"Stats":{"Passed":54}},"ActiveTests":[{"Id":"b97d69d4-4cc3-dd64-f480-e97ec5f913d3","FullyQualifiedName":"ProjectTimeWebApp.Test.Controller.TestReportsController.Test_Controller_RescourcingReport_ReturnsSuccess()","DisplayName":"Test_Controller_RescourcingReport_ReturnsSuccess()","ExecutorUri":"executor://NUnit3TestExecutor","Source":"C:\\EAD\\ProjectTime\\ProjectTimeWebApp.Test\\bin\\Debug\\net6.0\\fine-code-coverage\\build-output\\ProjectTimeWebApp.Test.dll","CodeFilePath":null,"LineNumber":0,"Properties":[{"Key":{"Id":"NUnit.Seed","Label":"Seed","Category":"","Description":"","Attributes":0,"ValueType":"System.String"},"Value":"279643742"}]}]}}
TpTrace Verbose: 0 : 1668, 14, 2022/12/04, 20:02:19.295, 14532031449410, testhost.dll, TestRunCache: OnNewTestResult: Notified the onCacheHit callback.
TpTrace Verbose: 0 : 1668, 14, 2022/12/04, 20:02:19.296, 14532031457830, testhost.dll, TestExecutionRecorder.RecordEnd: test: ProjectTimeWebApp.Test.Controller.TestReportsController.Test_Controller_RescourcingReport_ReturnsSuccess() execution completed.
TpTrace Warning: 0 : 1668, 14, 2022/12/04, 20:02:19.296, 14532031458178, testhost.dll, TestRunCache: InProgressTests is null
TpTrace Verbose: 0 : 1668, 14, 2022/12/04, 20:02:19.297, 14532031465288, testhost.dll, TestExecutionRecorder.RecordResult: Received result for test: ProjectTimeWebApp.Test.Controller.TestReportsController.Test_Controller_RescourcingReport_ReturnsSuccess().
TpTrace Warning: 0 : 1668, 14, 2022/12/04, 20:02:19.297, 14532031465851, testhost.dll, TestRunCache: InProgressTests is null
TpTrace Warning: 0 : 1668, 14, 2022/12/04, 20:02:19.297, 14532031466055, testhost.dll, TestRunCache: No test found corresponding to testResult 'Test_Controller_RescourcingReport_ReturnsSuccess()' in inProgress list.
TpTrace Verbose: 0 : 1668, 14, 2022/12/04, 20:02:19.297, 14532031467571, testhost.dll, TestExecutionRecorder.RecordStart: Starting test: ProjectTimeWebApp.Test.Controller.TestReportsController.Test_Controller_TimeLogSummaryReport_ReturnsSuccess().
TpTrace Verbose: 0 : 1668, 14, 2022/12/04, 20:02:19.298, 14532031474850, testhost.dll, TestExecutionRecorder.RecordEnd: test: ProjectTimeWebApp.Test.Controller.TestReportsController.Test_Controller_TimeLogSummaryReport_ReturnsSuccess() execution completed.
TpTrace Verbose: 0 : 1668, 14, 2022/12/04, 20:02:19.299, 14532031480983, testhost.dll, TestExecutionRecorder.RecordResult: Received result for test: ProjectTimeWebApp.Test.Controller.TestReportsController.Test_Controller_TimeLogSummaryReport_ReturnsSuccess().
TpTrace Warning: 0 : 1668, 14, 2022/12/04, 20:02:19.299, 14532031481517, testhost.dll, TestRunCache: InProgressTests is null
TpTrace Warning: 0 : 1668, 14, 2022/12/04, 20:02:19.299, 14532031481742, testhost.dll, TestRunCache: No test found corresponding to testResult 'Test_Controller_TimeLogSummaryReport_ReturnsSuccess()' in inProgress list.
TpTrace Verbose: 0 : 1668, 14, 2022/12/04, 20:02:19.300, 14532031490514, testhost.dll, TestExecutionRecorder.RecordStart: Starting test: ProjectTimeWebApp.Test.Controller.TestTimeLogController.Test_Controller_Index_ReturnsSuccess().
TpTrace Information: 0 : 1668, 15, 2022/12/04, 20:02:19.344, 14532031935682, testhost.dll, AssemblyResolver.OnResolve: System.Design: Resolving assembly.
TpTrace Information: 0 : 1668, 15, 2022/12/04, 20:02:19.344, 14532031936671, testhost.dll, AssemblyResolver.OnResolve: System.Design: Resolved from cache.
TpTrace Verbose: 0 : 1668, 14, 2022/12/04, 20:02:19.345, 14532031940171, testhost.dll, TestExecutionRecorder.RecordEnd: test: ProjectTimeWebApp.Test.Controller.TestTimeLogController.Test_Controller_Index_ReturnsSuccess() execution completed.
TpTrace Verbose: 0 : 1668, 14, 2022/12/04, 20:02:19.345, 14532031947904, testhost.dll, TestExecutionRecorder.RecordResult: Received result for test: ProjectTimeWebApp.Test.Controller.TestTimeLogController.Test_Controller_Index_ReturnsSuccess().
TpTrace Warning: 0 : 1668, 14, 2022/12/04, 20:02:19.345, 14532031948415, testhost.dll, TestRunCache: InProgressTests is null
TpTrace Warning: 0 : 1668, 14, 2022/12/04, 20:02:19.345, 14532031948617, testhost.dll, TestRunCache: No test found corresponding to testResult 'Test_Controller_Index_ReturnsSuccess()' in inProgress list.
TpTrace Verbose: 0 : 1668, 14, 2022/12/04, 20:02:19.346, 14532031950149, testhost.dll, TestExecutionRecorder.RecordStart: Starting test: ProjectTimeWebApp.Test.Controller.TestTimeLogController.Test_Controller_IndexTimeLog_ReturnsSuccess().
TpTrace Verbose: 0 : 1668, 14, 2022/12/04, 20:02:19.347, 14532031960430, testhost.dll, TestExecutionRecorder.RecordEnd: test: ProjectTimeWebApp.Test.Controller.TestTimeLogController.Test_Controller_IndexTimeLog_ReturnsSuccess() execution completed.
TpTrace Verbose: 0 : 1668, 14, 2022/12/04, 20:02:19.347, 14532031966572, testhost.dll, TestExecutionRecorder.RecordResult: Received result for test: ProjectTimeWebApp.Test.Controller.TestTimeLogController.Test_Controller_IndexTimeLog_ReturnsSuccess().
TpTrace Warning: 0 : 1668, 14, 2022/12/04, 20:02:19.347, 14532031967092, testhost.dll, TestRunCache: InProgressTests is null
TpTrace Warning: 0 : 1668, 14, 2022/12/04, 20:02:19.347, 14532031967299, testhost.dll, TestRunCache: No test found corresponding to testResult 'Test_Controller_IndexTimeLog_ReturnsSuccess()' in inProgress list.
TpTrace Verbose: 0 : 1668, 14, 2022/12/04, 20:02:19.347, 14532031968534, testhost.dll, TestExecutionRecorder.RecordStart: Starting test: ProjectTimeWebApp.Test.Controller.TestTimeLogController.Test_CreateControllerGet_ReturnsSuccess.
TpTrace Verbose: 0 : 1668, 14, 2022/12/04, 20:02:19.354, 14532032032390, testhost.dll, TestExecutionRecorder.RecordEnd: test: ProjectTimeWebApp.Test.Controller.TestTimeLogController.Test_CreateControllerGet_ReturnsSuccess execution completed.
TpTrace Verbose: 0 : 1668, 14, 2022/12/04, 20:02:19.354, 14532032039621, testhost.dll, TestExecutionRecorder.RecordResult: Received result for test: ProjectTimeWebApp.Test.Controller.TestTimeLogController.Test_CreateControllerGet_ReturnsSuccess.
TpTrace Warning: 0 : 1668, 14, 2022/12/04, 20:02:19.355, 14532032040180, testhost.dll, TestRunCache: InProgressTests is null
TpTrace Warning: 0 : 1668, 14, 2022/12/04, 20:02:19.355, 14532032040386, testhost.dll, TestRunCache: No test found corresponding to testResult 'Test_CreateControllerGet_ReturnsSuccess' in inProgress list.
TpTrace Verbose: 0 : 1668, 14, 2022/12/04, 20:02:19.355, 14532032040984, testhost.dll, TestExecutionRecorder.RecordStart: Starting test: ProjectTimeWebApp.Test.Controller.TestTimeLogController.Test_CreateControllerPost_WithResponseAsync.
TpTrace Verbose: 0 : 1668, 14, 2022/12/04, 20:02:19.379, 14532032285802, testhost.dll, TestExecutionRecorder.RecordEnd: test: ProjectTimeWebApp.Test.Controller.TestTimeLogController.Test_CreateControllerPost_WithResponseAsync execution completed.
TpTrace Verbose: 0 : 1668, 14, 2022/12/04, 20:02:19.380, 14532032296442, testhost.dll, TestExecutionRecorder.RecordResult: Received result for test: ProjectTimeWebApp.Test.Controller.TestTimeLogController.Test_CreateControllerPost_WithResponseAsync.
TpTrace Warning: 0 : 1668, 14, 2022/12/04, 20:02:19.380, 14532032297100, testhost.dll, TestRunCache: InProgressTests is null
TpTrace Warning: 0 : 1668, 14, 2022/12/04, 20:02:19.380, 14532032297292, testhost.dll, TestRunCache: No test found corresponding to testResult 'Test_CreateControllerPost_WithResponseAsync' in inProgress list.
TpTrace Verbose: 0 : 1668, 14, 2022/12/04, 20:02:19.380, 14532032298094, testhost.dll, TestExecutionRecorder.RecordStart: Starting test: ProjectTimeWebApp.Test.Controller.TestTimeLogController.Test_EditTimeLogPost_WithResponse.
TpTrace Verbose: 0 : 1668, 14, 2022/12/04, 20:02:19.392, 14532032413774, testhost.dll, TestExecutionRecorder.RecordEnd: test: ProjectTimeWebApp.Test.Controller.TestTimeLogController.Test_EditTimeLogPost_WithResponse execution completed.
TpTrace Verbose: 0 : 1668, 14, 2022/12/04, 20:02:19.393, 14532032423491, testhost.dll, TestExecutionRecorder.RecordResult: Received result for test: ProjectTimeWebApp.Test.Controller.TestTimeLogController.Test_EditTimeLogPost_WithResponse.
TpTrace Warning: 0 : 1668, 14, 2022/12/04, 20:02:19.393, 14532032424162, testhost.dll, TestRunCache: InProgressTests is null
TpTrace Warning: 0 : 1668, 14, 2022/12/04, 20:02:19.393, 14532032424395, testhost.dll, TestRunCache: No test found corresponding to testResult 'Test_EditTimeLogPost_WithResponse' in inProgress list.
TpTrace Verbose: 0 : 1668, 14, 2022/12/04, 20:02:19.393, 14532032425053, testhost.dll, TestExecutionRecorder.RecordStart: Starting test: ProjectTimeWebApp.Test.Controller.TestTimeLogController.Test_EditTimeLogtGet_WithResponse.
TpTrace Verbose: 0 : 1668, 14, 2022/12/04, 20:02:19.422, 14532032712178, testhost.dll, TestExecutionRecorder.RecordEnd: test: ProjectTimeWebApp.Test.Controller.TestTimeLogController.Test_EditTimeLogtGet_WithResponse execution completed.
TpTrace Verbose: 0 : 1668, 14, 2022/12/04, 20:02:19.423, 14532032721189, testhost.dll, TestExecutionRecorder.RecordResult: Received result for test: ProjectTimeWebApp.Test.Controller.TestTimeLogController.Test_EditTimeLogtGet_WithResponse.
TpTrace Warning: 0 : 1668, 14, 2022/12/04, 20:02:19.423, 14532032721711, testhost.dll, TestRunCache: InProgressTests is null
TpTrace Warning: 0 : 1668, 14, 2022/12/04, 20:02:19.423, 14532032721902, testhost.dll, TestRunCache: No test found corresponding to testResult 'Test_EditTimeLogtGet_WithResponse' in inProgress list.
TpTrace Verbose: 0 : 1668, 14, 2022/12/04, 20:02:19.423, 14532032722562, testhost.dll, TestExecutionRecorder.RecordStart: Starting test: ProjectTimeWebApp.Test.Controller.TestTimeLogController.Test_DeleteTimeLogtGet_WithResponse.
TpTrace Verbose: 0 : 1668, 14, 2022/12/04, 20:02:19.426, 14532032756228, testhost.dll, TestExecutionRecorder.RecordEnd: test: ProjectTimeWebApp.Test.Controller.TestTimeLogController.Test_DeleteTimeLogtGet_WithResponse execution completed.
TpTrace Verbose: 0 : 1668, 14, 2022/12/04, 20:02:19.427, 14532032761662, testhost.dll, TestExecutionRecorder.RecordResult: Received result for test: ProjectTimeWebApp.Test.Controller.TestTimeLogController.Test_DeleteTimeLogtGet_WithResponse.
TpTrace Warning: 0 : 1668, 14, 2022/12/04, 20:02:19.427, 14532032762055, testhost.dll, TestRunCache: InProgressTests is null
TpTrace Warning: 0 : 1668, 14, 2022/12/04, 20:02:19.427, 14532032762236, testhost.dll, TestRunCache: No test found corresponding to testResult 'Test_DeleteTimeLogtGet_WithResponse' in inProgress list.
TpTrace Verbose: 0 : 1668, 14, 2022/12/04, 20:02:19.427, 14532032762767, testhost.dll, TestExecutionRecorder.RecordStart: Starting test: ProjectTimeWebApp.Test.Controller.TestTimeLogController.Test_DeleteTimeLogPost_WithResponse.
TpTrace Information: 0 : 1668, 14, 2022/12/04, 20:02:19.427, 14532032763023, testhost.dll, Sending test run statistics
TpTrace Verbose: 0 : 1668, 14, 2022/12/04, 20:02:19.427, 14532032766894, testhost.dll, TestRequestHandler.SendData:  sending data from testhost: {"Version":5,"MessageType":"TestExecution.StatsChange","Payload":{"NewTestResults":[{"TestCase":{"Id":"b97d69d4-4cc3-dd64-f480-e97ec5f913d3","FullyQualifiedName":"ProjectTimeWebApp.Test.Controller.TestReportsController.Test_Controller_RescourcingReport_ReturnsSuccess()","DisplayName":"Test_Controller_RescourcingReport_ReturnsSuccess()","ExecutorUri":"executor://NUnit3TestExecutor","Source":"C:\\EAD\\ProjectTime\\ProjectTimeWebApp.Test\\bin\\Debug\\net6.0\\fine-code-coverage\\build-output\\ProjectTimeWebApp.Test.dll","CodeFilePath":null,"LineNumber":0,"Properties":[{"Key":{"Id":"NUnit.Seed","Label":"Seed","Category":"","Description":"","Attributes":0,"ValueType":"System.String"},"Value":"279643742"}]},"Attachments":[],"Outcome":1,"ErrorMessage":null,"ErrorStackTrace":null,"DisplayName":"Test_Controller_RescourcingReport_ReturnsSuccess()","Messages":[],"ComputerName":"UPE002616","Duration":"00:00:00.0002100","StartTime":"2022-12-04T20:02:19.2861694+00:00","EndTime":"2022-12-04T20:02:19.2863795+00:00","Properties":[{"Key":{"Id":"NUnit.Seed","Label":"Seed","Category":"","Description":"","Attributes":0,"ValueType":"System.String"},"Value":"279643742"}]},{"TestCase":{"Id":"2fc725bf-5c23-3179-6a9f-66bacf5acb66","FullyQualifiedName":"ProjectTimeWebApp.Test.Controller.TestReportsController.Test_Controller_TimeLogSummaryReport_ReturnsSuccess()","DisplayName":"Test_Controller_TimeLogSummaryReport_ReturnsSuccess()","ExecutorUri":"executor://NUnit3TestExecutor","Source":"C:\\EAD\\ProjectTime\\ProjectTimeWebApp.Test\\bin\\Debug\\net6.0\\fine-code-coverage\\build-output\\ProjectTimeWebApp.Test.dll","CodeFilePath":null,"LineNumber":0,"Properties":[{"Key":{"Id":"NUnit.Seed","Label":"Seed","Category":"","Description":"","Attributes":0,"ValueType":"System.String"},"Value":"502113722"}]},"Attachments":[],"Outcome":1,"ErrorMessage":null,"ErrorStackTrace":null,"DisplayName":"Test_Controller_TimeLogSummaryReport_ReturnsSuccess()","Messages":[],"ComputerName":"UPE002616","Duration":"00:00:00.0001979","StartTime":"2022-12-04T20:02:19.286411+00:00","EndTime":"2022-12-04T20:02:19.2866085+00:00","Properties":[{"Key":{"Id":"NUnit.Seed","Label":"Seed","Category":"","Description":"","Attributes":0,"ValueType":"System.String"},"Value":"502113722"}]},{"TestCase":{"Id":"7982cd1d-10d8-f878-f40a-a772c5c4eb14","FullyQualifiedName":"ProjectTimeWebApp.Test.Controller.TestTimeLogController.Test_Controller_Index_ReturnsSuccess()","DisplayName":"Test_Controller_Index_ReturnsSuccess()","ExecutorUri":"executor://NUnit3TestExecutor","Source":"C:\\EAD\\ProjectTime\\ProjectTimeWebApp.Test\\bin\\Debug\\net6.0\\fine-code-coverage\\build-output\\ProjectTimeWebApp.Test.dll","CodeFilePath":null,"LineNumber":0,"Properties":[{"Key":{"Id":"NUnit.Seed","Label":"Seed","Category":"","Description":"","Attributes":0,"ValueType":"System.String"},"Value":"810269784"}]},"Attachments":[],"Outcome":1,"ErrorMessage":null,"ErrorStackTrace":null,"DisplayName":"Test_Controller_Index_ReturnsSuccess()","Messages":[],"ComputerName":"UPE002616","Duration":"00:00:00.0448039","StartTime":"2022-12-04T20:02:19.2999217+00:00","EndTime":"2022-12-04T20:02:19.3447256+00:00","Properties":[{"Key":{"Id":"NUnit.Seed","Label":"Seed","Category":"","Description":"","Attributes":0,"ValueType":"System.String"},"Value":"810269784"}]},{"TestCase":{"Id":"fb62690b-60f9-3bdb-9184-5eeca0860706","FullyQualifiedName":"ProjectTimeWebApp.Test.Controller.TestTimeLogController.Test_Controller_IndexTimeLog_ReturnsSuccess()","DisplayName":"Test_Controller_IndexTimeLog_ReturnsSuccess()","ExecutorUri":"executor://NUnit3TestExecutor","Source":"C:\\EAD\\ProjectTime\\ProjectTimeWebApp.Test\\bin\\Debug\\net6.0\\fine-code-coverage\\build-output\\ProjectTimeWebApp.Test.dll","CodeFilePath":null,"LineNumber":0,"Properties":[{"Key":{"Id":"NUnit.Seed","Label":"Seed","Category":"","Description":"","Attributes":0,"ValueType":"System.String"},"Value":"962850528"}]},"Attachments":[],"Outcome":1,"ErrorMessage":null,"ErrorStackTrace":null,"DisplayName":"Test_Controller_IndexTimeLog_ReturnsSuccess()","Messages":[],"ComputerName":"UPE002616","Duration":"00:00:00.0004440","StartTime":"2022-12-04T20:02:19.3447877+00:00","EndTime":"2022-12-04T20:02:19.3452317+00:00","Properties":[{"Key":{"Id":"NUnit.Seed","Label":"Seed","Category":"","Description":"","Attributes":0,"ValueType":"System.String"},"Value":"962850528"}]},{"TestCase":{"Id":"a15635b3-3b2d-9a6a-66c2-854ffaf7c4f9","FullyQualifiedName":"ProjectTimeWebApp.Test.Controller.TestTimeLogController.Test_CreateControllerGet_ReturnsSuccess","DisplayName":"Test_CreateControllerGet_ReturnsSuccess","ExecutorUri":"executor://NUnit3TestExecutor","Source":"C:\\EAD\\ProjectTime\\ProjectTimeWebApp.Test\\bin\\Debug\\net6.0\\fine-code-coverage\\build-output\\ProjectTimeWebApp.Test.dll","CodeFilePath":null,"LineNumber":0,"Properties":[{"Key":{"Id":"NUnit.Seed","Label":"Seed","Category":"","Description":"","Attributes":0,"ValueType":"System.String"},"Value":"314766048"}]},"Attachments":[],"Outcome":1,"ErrorMessage":null,"ErrorStackTrace":null,"DisplayName":"Test_CreateControllerGet_ReturnsSuccess","Messages":[],"ComputerName":"UPE002616","Duration":"00:00:00.0087379","StartTime":"2022-12-04T20:02:19.3452501+00:00","EndTime":"2022-12-04T20:02:19.3539874+00:00","Properties":[{"Key":{"Id":"NUnit.Seed","Label":"Seed","Category":"","Description":"","Attributes":0,"ValueType":"System.String"},"Value":"314766048"}]},{"TestCase":{"Id":"ef8eaaf2-d8e5-74cb-c6ed-5a81dc87210e","FullyQualifiedName":"ProjectTimeWebApp.Test.Controller.TestTimeLogController.Test_CreateControllerPost_WithResponseAsync","DisplayName":"Test_CreateControllerPost_WithResponseAsync","ExecutorUri":"executor://NUnit3TestExecutor","Source":"C:\\EAD\\ProjectTime\\ProjectTimeWebApp.Test\\bin\\Debug\\net6.0\\fine-code-coverage\\build-output\\ProjectTimeWebApp.Test.dll","CodeFilePath":null,"LineNumber":0,"Properties":[{"Key":{"Id":"NUnit.Seed","Label":"Seed","Category":"","Description":"","Attributes":0,"ValueType":"System.String"},"Value":"455689637"}]},"Attachments":[],"Outcome":1,"ErrorMessage":null,"ErrorStackTrace":null,"DisplayName":"Test_CreateControllerPost_WithResponseAsync","Messages":[],"ComputerName":"UPE002616","Duration":"00:00:00.0253229","StartTime":"2022-12-04T20:02:19.3540086+00:00","EndTime":"2022-12-04T20:02:19.3793315+00:00","Properties":[{"Key":{"Id":"NUnit.Seed","Label":"Seed","Category":"","Description":"","Attributes":0,"ValueType":"System.String"},"Value":"455689637"}]},{"TestCase":{"Id":"57ae7b6d-d496-1bb5-b1db-caf7dd450b3f","FullyQualifiedName":"ProjectTimeWebApp.Test.Controller.TestTimeLogController.Test_EditTimeLogPost_WithResponse","DisplayName":"Test_EditTimeLogPost_WithResponse","ExecutorUri":"executor://NUnit3TestExecutor","Source":"C:\\EAD\\ProjectTime\\ProjectTimeWebApp.Test\\bin\\Debug\\net6.0\\fine-code-coverage\\build-output\\ProjectTimeWebApp.Test.dll","CodeFilePath":null,"LineNumber":0,"Properties":[{"Key":{"Id":"NUnit.Seed","Label":"Seed","Category":"","Description":"","Attributes":0,"ValueType":"System.String"},"Value":"2110486497"}]},"Attachments":[],"Outcome":1,"ErrorMessage":null,"ErrorStackTrace":null,"DisplayName":"Test_EditTimeLogPost_WithResponse","Messages":[],"ComputerName":"UPE002616","Duration":"00:00:00.0126890","StartTime":"2022-12-04T20:02:19.3793539+00:00","EndTime":"2022-12-04T20:02:19.3920426+00:00","Properties":[{"Key":{"Id":"NUnit.Seed","Label":"Seed","Category":"","Description":"","Attributes":0,"ValueType":"System.String"},"Value":"2110486497"}]},{"TestCase":{"Id":"01921568-e17b-87f0-07d6-ced6351ee828","FullyQualifiedName":"ProjectTimeWebApp.Test.Controller.TestTimeLogController.Test_EditTimeLogtGet_WithResponse","DisplayName":"Test_EditTimeLogtGet_WithResponse","ExecutorUri":"executor://NUnit3TestExecutor","Source":"C:\\EAD\\ProjectTime\\ProjectTimeWebApp.Test\\bin\\Debug\\net6.0\\fine-code-coverage\\build-output\\ProjectTimeWebApp.Test.dll","CodeFilePath":null,"LineNumber":0,"Properties":[{"Key":{"Id":"NUnit.Seed","Label":"Seed","Category":"","Description":"","Attributes":0,"ValueType":"System.String"},"Value":"533943052"}]},"Attachments":[],"Outcome":1,"ErrorMessage":null,"ErrorStackTrace":null,"DisplayName":"Test_EditTimeLogtGet_WithResponse","Messages":[],"ComputerName":"UPE002616","Duration":"00:00:00.0299250","StartTime":"2022-12-04T20:02:19.3920745+00:00","EndTime":"2022-12-04T20:02:19.421999+00:00","Properties":[{"Key":{"Id":"NUnit.Seed","Label":"Seed","Category":"","Description":"","Attributes":0,"ValueType":"System.String"},"Value":"533943052"}]},{"TestCase":{"Id":"1a99562d-47cc-688a-d96d-a1b8fe06cc6b","FullyQualifiedName":"ProjectTimeWebApp.Test.Controller.TestTimeLogController.Test_DeleteTimeLogtGet_WithResponse","DisplayName":"Test_DeleteTimeLogtGet_WithResponse","ExecutorUri":"executor://NUnit3TestExecutor","Source":"C:\\EAD\\ProjectTime\\ProjectTimeWebApp.Test\\bin\\Debug\\net6.0\\fine-code-coverage\\build-output\\ProjectTimeWebApp.Test.dll","CodeFilePath":null,"LineNumber":0,"Properties":[{"Key":{"Id":"NUnit.Seed","Label":"Seed","Category":"","Description":"","Attributes":0,"ValueType":"System.String"},"Value":"959875391"}]},"Attachments":[],"Outcome":1,"ErrorMessage":null,"ErrorStackTrace":null,"DisplayName":"Test_DeleteTimeLogtGet_WithResponse","Messages":[],"ComputerName":"UPE002616","Duration":"00:00:00.0044430","StartTime":"2022-12-04T20:02:19.422021+00:00","EndTime":"2022-12-04T20:02:19.4264641+00:00","Properties":[{"Key":{"Id":"NUnit.Seed","Label":"Seed","Category":"","Description":"","Attributes":0,"ValueType":"System.String"},"Value":"959875391"}]}],"TestRunStatistics":{"ExecutedTests":63,"Stats":{"Passed":63}},"ActiveTests":[{"Id":"265c29b4-c14a-551f-23c5-182ba4084bb1","FullyQualifiedName":"ProjectTimeWebApp.Test.Controller.TestTimeLogController.Test_DeleteTimeLogPost_WithResponse","DisplayName":"Test_DeleteTimeLogPost_WithResponse","ExecutorUri":"executor://NUnit3TestExecutor","Source":"C:\\EAD\\ProjectTime\\ProjectTimeWebApp.Test\\bin\\Debug\\net6.0\\fine-code-coverage\\build-output\\ProjectTimeWebApp.Test.dll","CodeFilePath":null,"LineNumber":0,"Properties":[{"Key":{"Id":"NUnit.Seed","Label":"Seed","Category":"","Description":"","Attributes":0,"ValueType":"System.String"},"Value":"618014457"}]}]}}
TpTrace Verbose: 0 : 1668, 14, 2022/12/04, 20:02:19.427, 14532032768043, testhost.dll, TestRunCache: OnNewTestResult: Notified the onCacheHit callback.
TpTrace Verbose: 0 : 1668, 14, 2022/12/04, 20:02:19.447, 14532032968536, testhost.dll, TestExecutionRecorder.RecordEnd: test: ProjectTimeWebApp.Test.Controller.TestTimeLogController.Test_DeleteTimeLogPost_WithResponse execution completed.
TpTrace Warning: 0 : 1668, 14, 2022/12/04, 20:02:19.447, 14532032969499, testhost.dll, TestRunCache: InProgressTests is null
TpTrace Verbose: 0 : 1668, 14, 2022/12/04, 20:02:19.448, 14532032977525, testhost.dll, TestExecutionRecorder.RecordResult: Received result for test: ProjectTimeWebApp.Test.Controller.TestTimeLogController.Test_DeleteTimeLogPost_WithResponse.
TpTrace Warning: 0 : 1668, 14, 2022/12/04, 20:02:19.448, 14532032978118, testhost.dll, TestRunCache: InProgressTests is null
TpTrace Warning: 0 : 1668, 14, 2022/12/04, 20:02:19.448, 14532032978333, testhost.dll, TestRunCache: No test found corresponding to testResult 'Test_DeleteTimeLogPost_WithResponse' in inProgress list.
TpTrace Information: 0 : 1668, 4, 2022/12/04, 20:02:19.457, 14532033060507, testhost.dll, NUnit Adapter 4.2.0.0: Test execution complete
TpTrace Verbose: 0 : 1668, 4, 2022/12/04, 20:02:19.457, 14532033061623, testhost.dll, TestRequestHandler.SendData:  sending data from testhost: {"Version":5,"MessageType":"TestSession.Message","Payload":{"MessageLevel":0,"Message":"NUnit Adapter 4.2.0.0: Test execution complete"}}
TpTrace Verbose: 0 : 1668, 4, 2022/12/04, 20:02:19.461, 14532033103868, testhost.dll, BaseRunTests.RunTestInternalWithExecutors: Completed running tests for executor://NUnit3TestExecutor
TpTrace Information: 0 : 1668, 4, 2022/12/04, 20:02:19.463, 14532033120902, testhost.dll, Sending test run complete
TpTrace Verbose: 0 : 1668, 4, 2022/12/04, 20:02:19.469, 14532033180294, testhost.dll, TestRequestHandler.SendData:  sending data from testhost: {"Version":5,"MessageType":"TestExecution.Completed","Payload":{"TestRunCompleteArgs":{"TestRunStatistics":{"ExecutedTests":64,"Stats":{"Passed":64}},"IsCanceled":false,"IsAborted":false,"Error":null,"AttachmentSets":[],"ElapsedTimeInRunningTests":"00:00:01.7787826","Metrics":{}},"LastRunTests":{"NewTestResults":[{"TestCase":{"Id":"265c29b4-c14a-551f-23c5-182ba4084bb1","FullyQualifiedName":"ProjectTimeWebApp.Test.Controller.TestTimeLogController.Test_DeleteTimeLogPost_WithResponse","DisplayName":"Test_DeleteTimeLogPost_WithResponse","ExecutorUri":"executor://NUnit3TestExecutor","Source":"C:\\EAD\\ProjectTime\\ProjectTimeWebApp.Test\\bin\\Debug\\net6.0\\fine-code-coverage\\build-output\\ProjectTimeWebApp.Test.dll","CodeFilePath":null,"LineNumber":0,"Properties":[{"Key":{"Id":"NUnit.Seed","Label":"Seed","Category":"","Description":"","Attributes":0,"ValueType":"System.String"},"Value":"618014457"}]},"Attachments":[],"Outcome":1,"ErrorMessage":null,"ErrorStackTrace":null,"DisplayName":"Test_DeleteTimeLogPost_WithResponse","Messages":[],"ComputerName":"UPE002616","Duration":"00:00:00.0210740","StartTime":"2022-12-04T20:02:19.4264814+00:00","EndTime":"2022-12-04T20:02:19.4475546+00:00","Properties":[{"Key":{"Id":"NUnit.Seed","Label":"Seed","Category":"","Description":"","Attributes":0,"ValueType":"System.String"},"Value":"618014457"}]}],"TestRunStatistics":{"ExecutedTests":64,"Stats":{"Passed":64}},"ActiveTests":[]},"RunAttachments":[],"ExecutorUris":["executor://nunit3testexecutor/"]}}
TpTrace Verbose: 0 : 1668, 4, 2022/12/04, 20:02:19.469, 14532033182740, testhost.dll, BaseRunTests.RunTests: Run is complete.
TpTrace Verbose: 0 : 1668, 10, 2022/12/04, 20:02:19.469, 14532033186177, testhost.dll, TcpClientExtensions.MessageLoopAsync: NotifyDataAvailable remoteEndPoint: [::ffff:127.0.0.1]:63559 localEndPoint: [::ffff:127.0.0.1]:63560
TpTrace Information: 0 : 1668, 10, 2022/12/04, 20:02:19.469, 14532033187019, testhost.dll, TestRequestHandler.OnMessageReceived: received message: (TestSession.Terminate) -> null
TpTrace Information: 0 : 1668, 10, 2022/12/04, 20:02:19.469, 14532033187282, testhost.dll, Session End message received from server. Closing the connection.
TpTrace Information: 0 : 1668, 10, 2022/12/04, 20:02:19.469, 14532033188945, testhost.dll, SocketClient.Stop: Stop communication from server endpoint: 127.0.0.1:063559
TpTrace Information: 0 : 1668, 10, 2022/12/04, 20:02:19.469, 14532033189390, testhost.dll, SocketClient: Stop: Cancellation requested. Stopping message loop.
TpTrace Verbose: 0 : 1668, 10, 2022/12/04, 20:02:19.469, 14532033190043, testhost.dll, LengthPrefixCommunicationChannel.Dispose: Dispose reader and writer.
TpTrace Information: 0 : 1668, 10, 2022/12/04, 20:02:19.470, 14532033190337, testhost.dll, Closing the connection !
TpTrace Information: 0 : 1668, 10, 2022/12/04, 20:02:19.470, 14532033191692, testhost.dll, SocketClient.PrivateStop: Stop communication from server endpoint: 127.0.0.1:063559, error:
TpTrace Information: 0 : 1668, 1, 2022/12/04, 20:02:19.470, 14532033197041, testhost.dll, Closing the connection !
TpTrace Verbose: 0 : 1668, 10, 2022/12/04, 20:02:19.470, 14532033197077, testhost.dll, LengthPrefixCommunicationChannel.Dispose: Dispose reader and writer.
TpTrace Information: 0 : 1668, 1, 2022/12/04, 20:02:19.470, 14532033197612, testhost.dll, SocketClient.Stop: Stop communication from server endpoint: 127.0.0.1:063559
TpTrace Verbose: 0 : 1668, 10, 2022/12/04, 20:02:19.470, 14532033198058, testhost.dll, TcpClientExtensions.MessageLoopAsync: exiting MessageLoopAsync remoteEndPoint: [::ffff:127.0.0.1]:63559 localEndPoint: [::ffff:127.0.0.1]:63560
TpTrace Verbose: 0 : 1668, 1, 2022/12/04, 20:02:19.470, 14532033198250, testhost.dll, LengthPrefixCommunicationChannel.Dispose: Dispose reader and writer.
TpTrace Information: 0 : 1668, 1, 2022/12/04, 20:02:19.470, 14532033199050, testhost.dll, Testhost process exiting.
