TpTrace Verbose: 0 : 8296, 1, 2022/12/04, 20:02:16.246, 14532000959172, vstest.console.dll, Version: 17.4.0-release-20221019-01 Current process architecture: X64
TpTrace Verbose: 0 : 8296, 1, 2022/12/04, 20:02:16.248, 14532000970864, vstest.console.dll, Runtime location: C:\Program Files\dotnet\shared\Microsoft.NETCore.App\7.0.0
TpTrace Verbose: 0 : 8296, 1, 2022/12/04, 20:02:16.250, 14532000994698, vstest.console.dll, ArtifactProcessingPostProcessModeProcessorExecutor.Initialize: ArtifactProcessingMode.Collect
TpTrace Verbose: 0 : 8296, 1, 2022/12/04, 20:02:16.250, 14532000995752, vstest.console.dll, TestSessionCorrelationIdProcessorModeProcessorExecutor.Initialize: TestSessionCorrelationId '19868_ffae2ba9-7412-403f-bef7-f49a809b4fc6'
TpTrace Information: 0 : 8296, 1, 2022/12/04, 20:02:16.255, 14532001048416, vstest.console.dll, FilePatternParser: The given file C:\EAD\ProjectTime\ProjectTimeWebApp.Test\bin\Debug\net6.0\fine-code-coverage\build-output\ProjectTimeWebApp.Test.dll is a full path.
TpTrace Verbose: 0 : 8296, 1, 2022/12/04, 20:02:16.260, 14532001093207, vstest.console.dll, TestPluginCache.DiscoverTestExtensions: finding test extensions in assemblies ends with: RuntimeProvider.dll TPluginInfo: Microsoft.VisualStudio.TestPlatform.Common.ExtensionFramework.Utilities.TestRuntimePluginInformation TExtension: Microsoft.VisualStudio.TestPlatform.ObjectModel.Host.ITestRuntimeProvider
TpTrace Verbose: 0 : 8296, 1, 2022/12/04, 20:02:16.260, 14532001095539, vstest.console.dll, TestPluginCache.GetExtensionPaths: Filtered extension paths: 
TpTrace Verbose: 0 : 8296, 1, 2022/12/04, 20:02:16.260, 14532001096470, vstest.console.dll, TestPluginCache.GetExtensionPaths: Added default extension paths: C:\Program Files\dotnet\sdk\7.0.100\Extensions\Microsoft.Diagnostics.NETCore.Client.dll
C:\Program Files\dotnet\sdk\7.0.100\Extensions\Microsoft.TestPlatform.Extensions.BlameDataCollector.dll
C:\Program Files\dotnet\sdk\7.0.100\Extensions\Microsoft.TestPlatform.Extensions.EventLogCollector.dll
C:\Program Files\dotnet\sdk\7.0.100\Extensions\Microsoft.TestPlatform.TestHostRuntimeProvider.dll
C:\Program Files\dotnet\sdk\7.0.100\Extensions\Microsoft.VisualStudio.TestPlatform.Extensions.Html.TestLogger.dll
C:\Program Files\dotnet\sdk\7.0.100\Extensions\Microsoft.VisualStudio.TestPlatform.Extensions.Trx.TestLogger.dll
TpTrace Verbose: 0 : 8296, 1, 2022/12/04, 20:02:16.260, 14532001096836, vstest.console.dll, TestPluginCache.GetExtensionPaths: Added unfilterableExtensionPaths: 
TpTrace Information: 0 : 8296, 1, 2022/12/04, 20:02:16.261, 14532001104019, vstest.console.dll, AssemblyResolver.ctor: Creating AssemblyResolver with searchDirectories C:\Program Files\dotnet\sdk\7.0.100\Extensions,C:\Program Files\dotnet\sdk\7.0.100
TpTrace Verbose: 0 : 8296, 1, 2022/12/04, 20:02:16.262, 14532001115873, vstest.console.dll, TestPluginCache.DiscoverTestExtensions: Discovering the extensions using extension path.
TpTrace Verbose: 0 : 8296, 1, 2022/12/04, 20:02:16.262, 14532001117009, vstest.console.dll, TestPluginCache.GetExtensionPaths: Filtered extension paths: 
TpTrace Verbose: 0 : 8296, 1, 2022/12/04, 20:02:16.262, 14532001117452, vstest.console.dll, TestPluginCache.GetExtensionPaths: Added default extension paths: C:\Program Files\dotnet\sdk\7.0.100\Extensions\Microsoft.Diagnostics.NETCore.Client.dll
C:\Program Files\dotnet\sdk\7.0.100\Extensions\Microsoft.TestPlatform.Extensions.BlameDataCollector.dll
C:\Program Files\dotnet\sdk\7.0.100\Extensions\Microsoft.TestPlatform.Extensions.EventLogCollector.dll
C:\Program Files\dotnet\sdk\7.0.100\Extensions\Microsoft.TestPlatform.TestHostRuntimeProvider.dll
C:\Program Files\dotnet\sdk\7.0.100\Extensions\Microsoft.VisualStudio.TestPlatform.Extensions.Html.TestLogger.dll
C:\Program Files\dotnet\sdk\7.0.100\Extensions\Microsoft.VisualStudio.TestPlatform.Extensions.Trx.TestLogger.dll
TpTrace Verbose: 0 : 8296, 1, 2022/12/04, 20:02:16.262, 14532001117788, vstest.console.dll, TestPluginCache.GetExtensionPaths: Added unfilterableExtensionPaths: 
TpTrace Verbose: 0 : 8296, 1, 2022/12/04, 20:02:16.262, 14532001118615, vstest.console.dll, TestPluginCache.DiscoverTestExtensions: Discovering the extensions using allExtensionPaths: C:\Program Files\dotnet\sdk\7.0.100\Extensions\Microsoft.Diagnostics.NETCore.Client.dll
C:\Program Files\dotnet\sdk\7.0.100\Extensions\Microsoft.TestPlatform.Extensions.BlameDataCollector.dll
C:\Program Files\dotnet\sdk\7.0.100\Extensions\Microsoft.TestPlatform.Extensions.EventLogCollector.dll
C:\Program Files\dotnet\sdk\7.0.100\Extensions\Microsoft.TestPlatform.TestHostRuntimeProvider.dll
C:\Program Files\dotnet\sdk\7.0.100\Extensions\Microsoft.VisualStudio.TestPlatform.Extensions.Html.TestLogger.dll
C:\Program Files\dotnet\sdk\7.0.100\Extensions\Microsoft.VisualStudio.TestPlatform.Extensions.Trx.TestLogger.dll
TpTrace Information: 0 : 8296, 1, 2022/12/04, 20:02:16.263, 14532001120151, vstest.console.dll, AssemblyResolver.AddSearchDirectories: Adding more searchDirectories C:\Program Files\dotnet\sdk\7.0.100\Extensions,C:\Program Files\dotnet\sdk\7.0.100
TpTrace Information: 0 : 8296, 1, 2022/12/04, 20:02:16.263, 14532001120701, vstest.console.dll, AssemblyResolver.AddSearchDirectories: Adding more searchDirectories C:\Program Files\dotnet\sdk\7.0.100\Extensions,C:\Program Files\dotnet\sdk\7.0.100
TpTrace Information: 0 : 8296, 1, 2022/12/04, 20:02:16.263, 14532001121072, vstest.console.dll, AssemblyResolver.AddSearchDirectories: Adding more searchDirectories C:\Program Files\dotnet\sdk\7.0.100\Extensions,C:\Program Files\dotnet\sdk\7.0.100
TpTrace Information: 0 : 8296, 1, 2022/12/04, 20:02:16.263, 14532001121362, vstest.console.dll, AssemblyResolver.AddSearchDirectories: Adding more searchDirectories C:\Program Files\dotnet\sdk\7.0.100\Extensions,C:\Program Files\dotnet\sdk\7.0.100
TpTrace Information: 0 : 8296, 1, 2022/12/04, 20:02:16.263, 14532001121540, vstest.console.dll, AssemblyResolver.AddSearchDirectories: Adding more searchDirectories C:\Program Files\dotnet\sdk\7.0.100\Extensions,C:\Program Files\dotnet\sdk\7.0.100
TpTrace Information: 0 : 8296, 1, 2022/12/04, 20:02:16.263, 14532001121725, vstest.console.dll, AssemblyResolver.AddSearchDirectories: Adding more searchDirectories C:\Program Files\dotnet\sdk\7.0.100\Extensions,C:\Program Files\dotnet\sdk\7.0.100
TpTrace Information: 0 : 8296, 1, 2022/12/04, 20:02:16.263, 14532001124942, vstest.console.dll, AssemblyResolver.OnResolve: Microsoft.Diagnostics.NETCore.Client: Resolving assembly.
TpTrace Information: 0 : 8296, 1, 2022/12/04, 20:02:16.263, 14532001125522, vstest.console.dll, AssemblyResolver.OnResolve: Microsoft.Diagnostics.NETCore.Client: Searching in: 'C:\Program Files\dotnet\sdk\7.0.100\Extensions'.
TpTrace Information: 0 : 8296, 1, 2022/12/04, 20:02:16.270, 14532001191416, vstest.console.dll, AssemblyResolver.OnResolve: Microsoft.Diagnostics.NETCore.Client: Loading assembly 'C:\Program Files\dotnet\sdk\7.0.100\Extensions\Microsoft.Diagnostics.NETCore.Client.dll'.
TpTrace Information: 0 : 8296, 1, 2022/12/04, 20:02:16.270, 14532001196443, vstest.console.dll, AssemblyResolver.OnResolve: Resolved assembly: Microsoft.Diagnostics.NETCore.Client, from path: C:\Program Files\dotnet\sdk\7.0.100\Extensions\Microsoft.Diagnostics.NETCore.Client.dll
TpTrace Verbose: 0 : 8296, 1, 2022/12/04, 20:02:16.271, 14532001207240, vstest.console.dll, MetadataReaderExtensionsHelper: Discovering extensions inside assembly 'Microsoft.Diagnostics.NETCore.Client, Version=0.2.6.42401, Culture=neutral, PublicKeyToken=31bf3856ad364e35' file path 'C:\Program Files\dotnet\sdk\7.0.100\Extensions\Microsoft.Diagnostics.NETCore.Client.dll'
TpTrace Information: 0 : 8296, 1, 2022/12/04, 20:02:16.275, 14532001249442, vstest.console.dll, AssemblyResolver.OnResolve: Microsoft.Bcl.AsyncInterfaces: Resolving assembly.
TpTrace Information: 0 : 8296, 1, 2022/12/04, 20:02:16.276, 14532001250283, vstest.console.dll, AssemblyResolver.OnResolve: Microsoft.Bcl.AsyncInterfaces: Searching in: 'C:\Program Files\dotnet\sdk\7.0.100\Extensions'.
TpTrace Information: 0 : 8296, 1, 2022/12/04, 20:02:16.276, 14532001251641, vstest.console.dll, AssemblyResolver.OnResolve: Microsoft.Bcl.AsyncInterfaces: Assembly path does not exist: 'C:\Program Files\dotnet\sdk\7.0.100\Extensions\Microsoft.Bcl.AsyncInterfaces.dll', returning.
TpTrace Information: 0 : 8296, 1, 2022/12/04, 20:02:16.276, 14532001253795, vstest.console.dll, AssemblyResolver.OnResolve: Microsoft.Bcl.AsyncInterfaces: Assembly path does not exist: 'C:\Program Files\dotnet\sdk\7.0.100\Extensions\Microsoft.Bcl.AsyncInterfaces.exe', returning.
TpTrace Information: 0 : 8296, 1, 2022/12/04, 20:02:16.276, 14532001254205, vstest.console.dll, AssemblyResolver.OnResolve: Microsoft.Bcl.AsyncInterfaces: Searching in: 'C:\Program Files\dotnet\sdk\7.0.100'.
TpTrace Information: 0 : 8296, 1, 2022/12/04, 20:02:16.276, 14532001255415, vstest.console.dll, AssemblyResolver.OnResolve: Microsoft.Bcl.AsyncInterfaces: Assembly path does not exist: 'C:\Program Files\dotnet\sdk\7.0.100\Microsoft.Bcl.AsyncInterfaces.dll', returning.
TpTrace Information: 0 : 8296, 1, 2022/12/04, 20:02:16.276, 14532001256636, vstest.console.dll, AssemblyResolver.OnResolve: Microsoft.Bcl.AsyncInterfaces: Assembly path does not exist: 'C:\Program Files\dotnet\sdk\7.0.100\Microsoft.Bcl.AsyncInterfaces.exe', returning.
TpTrace Information: 0 : 8296, 1, 2022/12/04, 20:02:16.276, 14532001256972, vstest.console.dll, AssemblyResolver.OnResolve: Microsoft.Bcl.AsyncInterfaces: Failed to load assembly.
TpTrace Verbose: 0 : 8296, 1, 2022/12/04, 20:02:16.276, 14532001257401, vstest.console.dll, CurrentDomainAssemblyResolve: Resolving assembly 'Microsoft.Bcl.AsyncInterfaces'.
TpTrace Information: 0 : 8296, 1, 2022/12/04, 20:02:16.276, 14532001257995, vstest.console.dll, AssemblyResolver.OnResolve: Microsoft.Bcl.AsyncInterfaces: Resolving assembly.
TpTrace Information: 0 : 8296, 1, 2022/12/04, 20:02:16.276, 14532001258435, vstest.console.dll, AssemblyResolver.OnResolve: Microsoft.Bcl.AsyncInterfaces: Resolved from cache.
TpTrace Verbose: 0 : 8296, 1, 2022/12/04, 20:02:16.276, 14532001258728, vstest.console.dll, CurrentDomainAssemblyResolve: Resolving assembly 'Microsoft.Bcl.AsyncInterfaces'.
TpTrace Verbose: 0 : 8296, 1, 2022/12/04, 20:02:16.276, 14532001259073, vstest.console.dll, CurrentDomainAssemblyResolve: Failed to resolve assembly 'Microsoft.Bcl.AsyncInterfaces'.
TpTrace Verbose: 0 : 8296, 1, 2022/12/04, 20:02:16.277, 14532001270049, vstest.console.dll, CurrentDomainAssemblyResolve: Failed to resolve assembly 'Microsoft.Bcl.AsyncInterfaces'.
TpTrace Warning: 0 : 8296, 1, 2022/12/04, 20:02:16.283, 14532001329694, vstest.console.dll, TestPluginDiscoverer: Failed to get types from assembly 'Microsoft.Diagnostics.NETCore.Client, Version=0.2.6.42401, Culture=neutral, PublicKeyToken=31bf3856ad364e35'. Error: System.Reflection.ReflectionTypeLoadException: Unable to load one or more of the requested types.
Could not load file or assembly 'Microsoft.Bcl.AsyncInterfaces, Version=1.0.0.0, Culture=neutral, PublicKeyToken=cc7b13ffcd2ddd51'. The system cannot find the file specified.
   at System.Reflection.RuntimeModule.GetTypes(RuntimeModule module)
   at System.Reflection.Assembly.GetTypes()
   at Microsoft.VisualStudio.TestPlatform.Common.ExtensionFramework.TestPluginDiscoverer.GetTestExtensionsFromAssembly[TPluginInfo,TExtension](Assembly assembly, Dictionary`2 pluginInfos, String filePath)
System.IO.FileNotFoundException: Could not load file or assembly 'Microsoft.Bcl.AsyncInterfaces, Version=1.0.0.0, Culture=neutral, PublicKeyToken=cc7b13ffcd2ddd51'. The system cannot find the file specified.
File name: 'Microsoft.Bcl.AsyncInterfaces, Version=1.0.0.0, Culture=neutral, PublicKeyToken=cc7b13ffcd2ddd51'
 ---> System.IO.FileNotFoundException: Could not load file or assembly 'Microsoft.Bcl.AsyncInterfaces, Culture=neutral, PublicKeyToken=null'. The system cannot find the file specified.
File name: 'Microsoft.Bcl.AsyncInterfaces, Culture=neutral, PublicKeyToken=null'
   at System.Reflection.RuntimeAssembly.InternalLoad(AssemblyName assemblyName, StackCrawlMark& stackMark, AssemblyLoadContext assemblyLoadContext, RuntimeAssembly requestingAssembly, Boolean throwOnFileNotFound)
   at System.Reflection.Assembly.Load(AssemblyName assemblyRef)
   at Microsoft.VisualStudio.TestPlatform.Common.ExtensionFramework.TestPluginCache.CurrentDomainAssemblyResolve(Object sender, AssemblyResolveEventArgs args)
   at System.Runtime.Loader.AssemblyLoadContext.GetFirstResolvedAssemblyFromResolvingEvent(AssemblyName assemblyName)
   at System.Runtime.Loader.AssemblyLoadContext.ResolveUsingEvent(AssemblyName assemblyName)
   at System.Runtime.Loader.AssemblyLoadContext.ResolveUsingResolvingEvent(IntPtr gchManagedAssemblyLoadContext, AssemblyName assemblyName)
TpTrace Warning: 0 : 8296, 1, 2022/12/04, 20:02:16.284, 14532001333280, vstest.console.dll, LoaderExceptions: System.IO.FileNotFoundException: Could not load file or assembly 'Microsoft.Bcl.AsyncInterfaces, Version=1.0.0.0, Culture=neutral, PublicKeyToken=cc7b13ffcd2ddd51'. The system cannot find the file specified.
File name: 'Microsoft.Bcl.AsyncInterfaces, Version=1.0.0.0, Culture=neutral, PublicKeyToken=cc7b13ffcd2ddd51'
 ---> System.IO.FileNotFoundException: Could not load file or assembly 'Microsoft.Bcl.AsyncInterfaces, Culture=neutral, PublicKeyToken=null'. The system cannot find the file specified.
File name: 'Microsoft.Bcl.AsyncInterfaces, Culture=neutral, PublicKeyToken=null'
   at System.Reflection.RuntimeAssembly.InternalLoad(AssemblyName assemblyName, StackCrawlMark& stackMark, AssemblyLoadContext assemblyLoadContext, RuntimeAssembly requestingAssembly, Boolean throwOnFileNotFound)
   at System.Reflection.Assembly.Load(AssemblyName assemblyRef)
   at Microsoft.VisualStudio.TestPlatform.Common.ExtensionFramework.TestPluginCache.CurrentDomainAssemblyResolve(Object sender, AssemblyResolveEventArgs args)
   at System.Runtime.Loader.AssemblyLoadContext.GetFirstResolvedAssemblyFromResolvingEvent(AssemblyName assemblyName)
   at System.Runtime.Loader.AssemblyLoadContext.ResolveUsingEvent(AssemblyName assemblyName)
   at System.Runtime.Loader.AssemblyLoadContext.ResolveUsingResolvingEvent(IntPtr gchManagedAssemblyLoadContext, AssemblyName assemblyName)
TpTrace Information: 0 : 8296, 1, 2022/12/04, 20:02:16.284, 14532001334841, vstest.console.dll, AssemblyResolver.OnResolve: Microsoft.TestPlatform.Extensions.BlameDataCollector: Resolving assembly.
TpTrace Information: 0 : 8296, 1, 2022/12/04, 20:02:16.284, 14532001335251, vstest.console.dll, AssemblyResolver.OnResolve: Microsoft.TestPlatform.Extensions.BlameDataCollector: Searching in: 'C:\Program Files\dotnet\sdk\7.0.100\Extensions'.
TpTrace Information: 0 : 8296, 1, 2022/12/04, 20:02:16.284, 14532001338245, vstest.console.dll, AssemblyResolver.OnResolve: Microsoft.TestPlatform.Extensions.BlameDataCollector: Loading assembly 'C:\Program Files\dotnet\sdk\7.0.100\Extensions\Microsoft.TestPlatform.Extensions.BlameDataCollector.dll'.
TpTrace Information: 0 : 8296, 1, 2022/12/04, 20:02:16.285, 14532001342249, vstest.console.dll, AssemblyResolver.OnResolve: Resolved assembly: Microsoft.TestPlatform.Extensions.BlameDataCollector, from path: C:\Program Files\dotnet\sdk\7.0.100\Extensions\Microsoft.TestPlatform.Extensions.BlameDataCollector.dll
TpTrace Verbose: 0 : 8296, 1, 2022/12/04, 20:02:16.285, 14532001342991, vstest.console.dll, MetadataReaderExtensionsHelper: Discovering extensions inside assembly 'Microsoft.TestPlatform.Extensions.BlameDataCollector, Version=15.0.0.0, Culture=neutral, PublicKeyToken=b03f5f7f11d50a3a' file path 'C:\Program Files\dotnet\sdk\7.0.100\Extensions\Microsoft.TestPlatform.Extensions.BlameDataCollector.dll'
TpTrace Information: 0 : 8296, 1, 2022/12/04, 20:02:16.286, 14532001355362, vstest.console.dll, AssemblyResolver.OnResolve: Microsoft.TestPlatform.Extensions.EventLogCollector: Resolving assembly.
TpTrace Information: 0 : 8296, 1, 2022/12/04, 20:02:16.286, 14532001355838, vstest.console.dll, AssemblyResolver.OnResolve: Microsoft.TestPlatform.Extensions.EventLogCollector: Searching in: 'C:\Program Files\dotnet\sdk\7.0.100\Extensions'.
TpTrace Information: 0 : 8296, 1, 2022/12/04, 20:02:16.286, 14532001358086, vstest.console.dll, AssemblyResolver.OnResolve: Microsoft.TestPlatform.Extensions.EventLogCollector: Loading assembly 'C:\Program Files\dotnet\sdk\7.0.100\Extensions\Microsoft.TestPlatform.Extensions.EventLogCollector.dll'.
TpTrace Information: 0 : 8296, 1, 2022/12/04, 20:02:16.287, 14532001361775, vstest.console.dll, AssemblyResolver.OnResolve: Resolved assembly: Microsoft.TestPlatform.Extensions.EventLogCollector, from path: C:\Program Files\dotnet\sdk\7.0.100\Extensions\Microsoft.TestPlatform.Extensions.EventLogCollector.dll
TpTrace Verbose: 0 : 8296, 1, 2022/12/04, 20:02:16.287, 14532001362904, vstest.console.dll, MetadataReaderExtensionsHelper: Discovering extensions inside assembly 'Microsoft.TestPlatform.Extensions.EventLogCollector, Version=15.0.0.0, Culture=neutral, PublicKeyToken=b03f5f7f11d50a3a' file path 'C:\Program Files\dotnet\sdk\7.0.100\Extensions\Microsoft.TestPlatform.Extensions.EventLogCollector.dll'
TpTrace Information: 0 : 8296, 1, 2022/12/04, 20:02:16.288, 14532001377065, vstest.console.dll, AssemblyResolver.OnResolve: Microsoft.TestPlatform.TestHostRuntimeProvider: Resolving assembly.
TpTrace Information: 0 : 8296, 1, 2022/12/04, 20:02:16.288, 14532001377532, vstest.console.dll, AssemblyResolver.OnResolve: Microsoft.TestPlatform.TestHostRuntimeProvider: Searching in: 'C:\Program Files\dotnet\sdk\7.0.100\Extensions'.
TpTrace Information: 0 : 8296, 1, 2022/12/04, 20:02:16.288, 14532001379110, vstest.console.dll, AssemblyResolver.OnResolve: Microsoft.TestPlatform.TestHostRuntimeProvider: Loading assembly 'C:\Program Files\dotnet\sdk\7.0.100\Extensions\Microsoft.TestPlatform.TestHostRuntimeProvider.dll'.
TpTrace Information: 0 : 8296, 1, 2022/12/04, 20:02:16.289, 14532001382962, vstest.console.dll, AssemblyResolver.OnResolve: Resolved assembly: Microsoft.TestPlatform.TestHostRuntimeProvider, from path: C:\Program Files\dotnet\sdk\7.0.100\Extensions\Microsoft.TestPlatform.TestHostRuntimeProvider.dll
TpTrace Verbose: 0 : 8296, 1, 2022/12/04, 20:02:16.289, 14532001383463, vstest.console.dll, MetadataReaderExtensionsHelper: Discovering extensions inside assembly 'Microsoft.TestPlatform.TestHostRuntimeProvider, Version=15.0.0.0, Culture=neutral, PublicKeyToken=b03f5f7f11d50a3a' file path 'C:\Program Files\dotnet\sdk\7.0.100\Extensions\Microsoft.TestPlatform.TestHostRuntimeProvider.dll'
TpTrace Information: 0 : 8296, 1, 2022/12/04, 20:02:16.290, 14532001395821, vstest.console.dll, GetTestExtensionFromType: Register extension with identifier data 'HostProvider://DefaultTestHost' and type 'Microsoft.VisualStudio.TestPlatform.CrossPlatEngine.Hosting.DefaultTestHostManager, Microsoft.TestPlatform.TestHostRuntimeProvider, Version=15.0.0.0, Culture=neutral, PublicKeyToken=b03f5f7f11d50a3a' inside file 'C:\Program Files\dotnet\sdk\7.0.100\Extensions\Microsoft.TestPlatform.TestHostRuntimeProvider.dll'
TpTrace Information: 0 : 8296, 1, 2022/12/04, 20:02:16.290, 14532001397714, vstest.console.dll, GetTestExtensionFromType: Register extension with identifier data 'HostProvider://DotnetTestHost' and type 'Microsoft.VisualStudio.TestPlatform.CrossPlatEngine.Hosting.DotnetTestHostManager, Microsoft.TestPlatform.TestHostRuntimeProvider, Version=15.0.0.0, Culture=neutral, PublicKeyToken=b03f5f7f11d50a3a' inside file 'C:\Program Files\dotnet\sdk\7.0.100\Extensions\Microsoft.TestPlatform.TestHostRuntimeProvider.dll'
TpTrace Information: 0 : 8296, 1, 2022/12/04, 20:02:16.290, 14532001398226, vstest.console.dll, AssemblyResolver.OnResolve: Microsoft.VisualStudio.TestPlatform.Extensions.Html.TestLogger: Resolving assembly.
TpTrace Information: 0 : 8296, 1, 2022/12/04, 20:02:16.290, 14532001398424, vstest.console.dll, AssemblyResolver.OnResolve: Microsoft.VisualStudio.TestPlatform.Extensions.Html.TestLogger: Searching in: 'C:\Program Files\dotnet\sdk\7.0.100\Extensions'.
TpTrace Information: 0 : 8296, 1, 2022/12/04, 20:02:16.291, 14532001400137, vstest.console.dll, AssemblyResolver.OnResolve: Microsoft.VisualStudio.TestPlatform.Extensions.Html.TestLogger: Loading assembly 'C:\Program Files\dotnet\sdk\7.0.100\Extensions\Microsoft.VisualStudio.TestPlatform.Extensions.Html.TestLogger.dll'.
TpTrace Information: 0 : 8296, 1, 2022/12/04, 20:02:16.291, 14532001404146, vstest.console.dll, AssemblyResolver.OnResolve: Resolved assembly: Microsoft.VisualStudio.TestPlatform.Extensions.Html.TestLogger, from path: C:\Program Files\dotnet\sdk\7.0.100\Extensions\Microsoft.VisualStudio.TestPlatform.Extensions.Html.TestLogger.dll
TpTrace Verbose: 0 : 8296, 1, 2022/12/04, 20:02:16.291, 14532001404682, vstest.console.dll, MetadataReaderExtensionsHelper: Discovering extensions inside assembly 'Microsoft.VisualStudio.TestPlatform.Extensions.Html.TestLogger, Version=15.0.0.0, Culture=neutral, PublicKeyToken=b03f5f7f11d50a3a' file path 'C:\Program Files\dotnet\sdk\7.0.100\Extensions\Microsoft.VisualStudio.TestPlatform.Extensions.Html.TestLogger.dll'
TpTrace Information: 0 : 8296, 1, 2022/12/04, 20:02:16.291, 14532001409037, vstest.console.dll, AssemblyResolver.OnResolve: Microsoft.VisualStudio.TestPlatform.Extensions.Trx.TestLogger: Resolving assembly.
TpTrace Information: 0 : 8296, 1, 2022/12/04, 20:02:16.291, 14532001409364, vstest.console.dll, AssemblyResolver.OnResolve: Microsoft.VisualStudio.TestPlatform.Extensions.Trx.TestLogger: Searching in: 'C:\Program Files\dotnet\sdk\7.0.100\Extensions'.
TpTrace Information: 0 : 8296, 1, 2022/12/04, 20:02:16.292, 14532001410828, vstest.console.dll, AssemblyResolver.OnResolve: Microsoft.VisualStudio.TestPlatform.Extensions.Trx.TestLogger: Loading assembly 'C:\Program Files\dotnet\sdk\7.0.100\Extensions\Microsoft.VisualStudio.TestPlatform.Extensions.Trx.TestLogger.dll'.
TpTrace Information: 0 : 8296, 1, 2022/12/04, 20:02:16.292, 14532001414860, vstest.console.dll, AssemblyResolver.OnResolve: Resolved assembly: Microsoft.VisualStudio.TestPlatform.Extensions.Trx.TestLogger, from path: C:\Program Files\dotnet\sdk\7.0.100\Extensions\Microsoft.VisualStudio.TestPlatform.Extensions.Trx.TestLogger.dll
TpTrace Verbose: 0 : 8296, 1, 2022/12/04, 20:02:16.292, 14532001415326, vstest.console.dll, MetadataReaderExtensionsHelper: Discovering extensions inside assembly 'Microsoft.VisualStudio.TestPlatform.Extensions.Trx.TestLogger, Version=15.0.0.0, Culture=neutral, PublicKeyToken=b03f5f7f11d50a3a' file path 'C:\Program Files\dotnet\sdk\7.0.100\Extensions\Microsoft.VisualStudio.TestPlatform.Extensions.Trx.TestLogger.dll'
TpTrace Verbose: 0 : 8296, 1, 2022/12/04, 20:02:16.293, 14532001422182, vstest.console.dll, TestPluginCache: Discovered the extensions using extension path ''.
TpTrace Verbose: 0 : 8296, 1, 2022/12/04, 20:02:16.293, 14532001422695, vstest.console.dll, TestPluginCache: Discoverers are ''.
TpTrace Verbose: 0 : 8296, 1, 2022/12/04, 20:02:16.293, 14532001422955, vstest.console.dll, TestPluginCache: Executors are ''.
TpTrace Verbose: 0 : 8296, 1, 2022/12/04, 20:02:16.293, 14532001423176, vstest.console.dll, TestPluginCache: Executors2 are ''.
TpTrace Verbose: 0 : 8296, 1, 2022/12/04, 20:02:16.293, 14532001423388, vstest.console.dll, TestPluginCache: Setting providers are ''.
TpTrace Verbose: 0 : 8296, 1, 2022/12/04, 20:02:16.293, 14532001423600, vstest.console.dll, TestPluginCache: Loggers are ''.
TpTrace Verbose: 0 : 8296, 1, 2022/12/04, 20:02:16.293, 14532001424215, vstest.console.dll, TestPluginCache: TestHosts are 'HostProvider://DefaultTestHost,HostProvider://DotnetTestHost'.
TpTrace Verbose: 0 : 8296, 1, 2022/12/04, 20:02:16.293, 14532001424506, vstest.console.dll, TestPluginCache: DataCollectors are ''.
TpTrace Information: 0 : 8296, 1, 2022/12/04, 20:02:16.300, 14532001492106, vstest.console.dll, RunTestsArgumentProcessor:Execute: Test run is starting.
TpTrace Verbose: 0 : 8296, 1, 2022/12/04, 20:02:16.300, 14532001492753, vstest.console.dll, RunTestsArgumentProcessor:Execute: Queuing Test run.
TpTrace Information: 0 : 8296, 1, 2022/12/04, 20:02:16.300, 14532001494253, vstest.console.dll, TestRequestManager.RunTests: run tests started.
TpTrace Information: 0 : 8296, 1, 2022/12/04, 20:02:16.841, 14532006910276, vstest.console.dll, AssemblyMetadataProvider.GetFrameworkName: Determined framework:'.NETCoreApp,Version=v6.0' for source: 'C:\EAD\ProjectTime\ProjectTimeWebApp.Test\bin\Debug\net6.0\fine-code-coverage\build-output\ProjectTimeWebApp.Test.dll'
TpTrace Information: 0 : 8296, 1, 2022/12/04, 20:02:16.842, 14532006912555, vstest.console.dll, Determined framework for all sources: .NETCoreApp,Version=v6.0
TpTrace Verbose: 0 : 8296, 1, 2022/12/04, 20:02:16.842, 14532006915956, vstest.console.dll, TestRequestManager.UpdateRunSettingsIfRequired: Default architecture: X64 IsDefaultTargetArchitecture: True, Current process architecture: X64 OperatingSystem: Windows.
TpTrace Information: 0 : 8296, 1, 2022/12/04, 20:02:16.843, 14532006929752, vstest.console.dll, AssemblyMetadataProvider.GetArchitecture: Determined architecture:AnyCPU info for assembly: C:\EAD\ProjectTime\ProjectTimeWebApp.Test\bin\Debug\net6.0\fine-code-coverage\build-output\ProjectTimeWebApp.Test.dll
TpTrace Information: 0 : 8296, 1, 2022/12/04, 20:02:16.844, 14532006930316, vstest.console.dll, Determined platform for source 'C:\EAD\ProjectTime\ProjectTimeWebApp.Test\bin\Debug\net6.0\fine-code-coverage\build-output\ProjectTimeWebApp.Test.dll' was AnyCPU and it will use the default plaform X64.
TpTrace Information: 0 : 8296, 1, 2022/12/04, 20:02:16.844, 14532006930566, vstest.console.dll, None of the sources provided any runnable platform, using the default platform: X64
TpTrace Information: 0 : 8296, 1, 2022/12/04, 20:02:16.844, 14532006931346, vstest.console.dll, Platform was updated to 'X64'.
TpTrace Information: 0 : 8296, 1, 2022/12/04, 20:02:16.846, 14532006954813, vstest.console.dll, InferRunSettingsHelper.IsTestSettingsEnabled: Unable to navigate to RunSettings/MSTest. Current node: RunSettings
TpTrace Information: 0 : 8296, 1, 2022/12/04, 20:02:16.846, 14532006960070, vstest.console.dll, AssemblyResolver.OnResolve: Microsoft.VisualStudio.TestPlatform.Fakes: Resolving assembly.
TpTrace Information: 0 : 8296, 1, 2022/12/04, 20:02:16.847, 14532006960558, vstest.console.dll, AssemblyResolver.OnResolve: Microsoft.VisualStudio.TestPlatform.Fakes: Searching in: 'C:\Program Files\dotnet\sdk\7.0.100\Extensions'.
TpTrace Information: 0 : 8296, 1, 2022/12/04, 20:02:16.847, 14532006962152, vstest.console.dll, AssemblyResolver.OnResolve: Microsoft.VisualStudio.TestPlatform.Fakes: Assembly path does not exist: 'C:\Program Files\dotnet\sdk\7.0.100\Extensions\Microsoft.VisualStudio.TestPlatform.Fakes.dll', returning.
TpTrace Information: 0 : 8296, 1, 2022/12/04, 20:02:16.847, 14532006963280, vstest.console.dll, AssemblyResolver.OnResolve: Microsoft.VisualStudio.TestPlatform.Fakes: Assembly path does not exist: 'C:\Program Files\dotnet\sdk\7.0.100\Extensions\Microsoft.VisualStudio.TestPlatform.Fakes.exe', returning.
TpTrace Information: 0 : 8296, 1, 2022/12/04, 20:02:16.847, 14532006963545, vstest.console.dll, AssemblyResolver.OnResolve: Microsoft.VisualStudio.TestPlatform.Fakes: Searching in: 'C:\Program Files\dotnet\sdk\7.0.100'.
TpTrace Information: 0 : 8296, 1, 2022/12/04, 20:02:16.847, 14532006964381, vstest.console.dll, AssemblyResolver.OnResolve: Microsoft.VisualStudio.TestPlatform.Fakes: Assembly path does not exist: 'C:\Program Files\dotnet\sdk\7.0.100\Microsoft.VisualStudio.TestPlatform.Fakes.dll', returning.
TpTrace Information: 0 : 8296, 1, 2022/12/04, 20:02:16.847, 14532006965299, vstest.console.dll, AssemblyResolver.OnResolve: Microsoft.VisualStudio.TestPlatform.Fakes: Assembly path does not exist: 'C:\Program Files\dotnet\sdk\7.0.100\Microsoft.VisualStudio.TestPlatform.Fakes.exe', returning.
TpTrace Information: 0 : 8296, 1, 2022/12/04, 20:02:16.847, 14532006965599, vstest.console.dll, AssemblyResolver.OnResolve: Microsoft.VisualStudio.TestPlatform.Fakes: Failed to load assembly.
TpTrace Information: 0 : 8296, 1, 2022/12/04, 20:02:16.847, 14532006967696, vstest.console.dll, Failed to load assembly Microsoft.VisualStudio.TestPlatform.Fakes, Version=17.0.0.0, Culture=neutral. Reason:System.IO.FileNotFoundException: Could not load file or assembly 'Microsoft.VisualStudio.TestPlatform.Fakes, Version=17.0.0.0, Culture=neutral, PublicKeyToken=null'. The system cannot find the file specified.
File name: 'Microsoft.VisualStudio.TestPlatform.Fakes, Version=17.0.0.0, Culture=neutral, PublicKeyToken=null'
   at System.Reflection.RuntimeAssembly.InternalLoad(AssemblyName assemblyName, StackCrawlMark& stackMark, AssemblyLoadContext assemblyLoadContext, RuntimeAssembly requestingAssembly, Boolean throwOnFileNotFound)
   at System.Reflection.Assembly.Load(AssemblyName assemblyRef)
   at Microsoft.VisualStudio.TestPlatform.Common.Utilities.FakesUtilities.LoadTestPlatformAssembly()
TpTrace Verbose: 0 : 8296, 1, 2022/12/04, 20:02:16.851, 14532007000181, vstest.console.dll, TestPluginCache.DiscoverTestExtensions: finding test extensions in assemblies ends with: TestLogger.dll TPluginInfo: Microsoft.VisualStudio.TestPlatform.Common.ExtensionFramework.Utilities.TestLoggerPluginInformation TExtension: Microsoft.VisualStudio.TestPlatform.ObjectModel.Client.ITestLogger
TpTrace Verbose: 0 : 8296, 1, 2022/12/04, 20:02:16.851, 14532007001221, vstest.console.dll, TestPluginCache.GetExtensionPaths: Filtered extension paths: 
TpTrace Verbose: 0 : 8296, 1, 2022/12/04, 20:02:16.851, 14532007001522, vstest.console.dll, TestPluginCache.GetExtensionPaths: Added default extension paths: C:\Program Files\dotnet\sdk\7.0.100\Extensions\Microsoft.Diagnostics.NETCore.Client.dll
C:\Program Files\dotnet\sdk\7.0.100\Extensions\Microsoft.TestPlatform.Extensions.BlameDataCollector.dll
C:\Program Files\dotnet\sdk\7.0.100\Extensions\Microsoft.TestPlatform.Extensions.EventLogCollector.dll
C:\Program Files\dotnet\sdk\7.0.100\Extensions\Microsoft.TestPlatform.TestHostRuntimeProvider.dll
C:\Program Files\dotnet\sdk\7.0.100\Extensions\Microsoft.VisualStudio.TestPlatform.Extensions.Html.TestLogger.dll
C:\Program Files\dotnet\sdk\7.0.100\Extensions\Microsoft.VisualStudio.TestPlatform.Extensions.Trx.TestLogger.dll
TpTrace Verbose: 0 : 8296, 1, 2022/12/04, 20:02:16.851, 14532007001734, vstest.console.dll, TestPluginCache.GetExtensionPaths: Added unfilterableExtensionPaths: 
TpTrace Information: 0 : 8296, 1, 2022/12/04, 20:02:16.851, 14532007004125, vstest.console.dll, AssemblyResolver.AddSearchDirectories: Adding more searchDirectories C:\Program Files\dotnet\sdk\7.0.100\Extensions,C:\Program Files\dotnet\sdk\7.0.100
TpTrace Verbose: 0 : 8296, 1, 2022/12/04, 20:02:16.851, 14532007004680, vstest.console.dll, TestPluginCache.DiscoverTestExtensions: Discovering the extensions using extension path.
TpTrace Verbose: 0 : 8296, 1, 2022/12/04, 20:02:16.851, 14532007004926, vstest.console.dll, TestPluginCache.GetExtensionPaths: Filtered extension paths: 
TpTrace Verbose: 0 : 8296, 1, 2022/12/04, 20:02:16.851, 14532007005177, vstest.console.dll, TestPluginCache.GetExtensionPaths: Added default extension paths: C:\Program Files\dotnet\sdk\7.0.100\Extensions\Microsoft.Diagnostics.NETCore.Client.dll
C:\Program Files\dotnet\sdk\7.0.100\Extensions\Microsoft.TestPlatform.Extensions.BlameDataCollector.dll
C:\Program Files\dotnet\sdk\7.0.100\Extensions\Microsoft.TestPlatform.Extensions.EventLogCollector.dll
C:\Program Files\dotnet\sdk\7.0.100\Extensions\Microsoft.TestPlatform.TestHostRuntimeProvider.dll
C:\Program Files\dotnet\sdk\7.0.100\Extensions\Microsoft.VisualStudio.TestPlatform.Extensions.Html.TestLogger.dll
C:\Program Files\dotnet\sdk\7.0.100\Extensions\Microsoft.VisualStudio.TestPlatform.Extensions.Trx.TestLogger.dll
TpTrace Verbose: 0 : 8296, 1, 2022/12/04, 20:02:16.851, 14532007005357, vstest.console.dll, TestPluginCache.GetExtensionPaths: Added unfilterableExtensionPaths: 
TpTrace Verbose: 0 : 8296, 1, 2022/12/04, 20:02:16.851, 14532007005583, vstest.console.dll, TestPluginCache.DiscoverTestExtensions: Discovering the extensions using allExtensionPaths: C:\Program Files\dotnet\sdk\7.0.100\Extensions\Microsoft.Diagnostics.NETCore.Client.dll
C:\Program Files\dotnet\sdk\7.0.100\Extensions\Microsoft.TestPlatform.Extensions.BlameDataCollector.dll
C:\Program Files\dotnet\sdk\7.0.100\Extensions\Microsoft.TestPlatform.Extensions.EventLogCollector.dll
C:\Program Files\dotnet\sdk\7.0.100\Extensions\Microsoft.TestPlatform.TestHostRuntimeProvider.dll
C:\Program Files\dotnet\sdk\7.0.100\Extensions\Microsoft.VisualStudio.TestPlatform.Extensions.Html.TestLogger.dll
C:\Program Files\dotnet\sdk\7.0.100\Extensions\Microsoft.VisualStudio.TestPlatform.Extensions.Trx.TestLogger.dll
TpTrace Information: 0 : 8296, 1, 2022/12/04, 20:02:16.851, 14532007006576, vstest.console.dll, AssemblyResolver.AddSearchDirectories: Adding more searchDirectories C:\Program Files\dotnet\sdk\7.0.100\Extensions,C:\Program Files\dotnet\sdk\7.0.100
TpTrace Information: 0 : 8296, 1, 2022/12/04, 20:02:16.851, 14532007006922, vstest.console.dll, AssemblyResolver.AddSearchDirectories: Adding more searchDirectories C:\Program Files\dotnet\sdk\7.0.100\Extensions,C:\Program Files\dotnet\sdk\7.0.100
TpTrace Information: 0 : 8296, 1, 2022/12/04, 20:02:16.851, 14532007007172, vstest.console.dll, AssemblyResolver.AddSearchDirectories: Adding more searchDirectories C:\Program Files\dotnet\sdk\7.0.100\Extensions,C:\Program Files\dotnet\sdk\7.0.100
TpTrace Information: 0 : 8296, 1, 2022/12/04, 20:02:16.851, 14532007007561, vstest.console.dll, AssemblyResolver.AddSearchDirectories: Adding more searchDirectories C:\Program Files\dotnet\sdk\7.0.100\Extensions,C:\Program Files\dotnet\sdk\7.0.100
TpTrace Information: 0 : 8296, 1, 2022/12/04, 20:02:16.851, 14532007007881, vstest.console.dll, AssemblyResolver.AddSearchDirectories: Adding more searchDirectories C:\Program Files\dotnet\sdk\7.0.100\Extensions,C:\Program Files\dotnet\sdk\7.0.100
TpTrace Information: 0 : 8296, 1, 2022/12/04, 20:02:16.851, 14532007008060, vstest.console.dll, AssemblyResolver.AddSearchDirectories: Adding more searchDirectories C:\Program Files\dotnet\sdk\7.0.100\Extensions,C:\Program Files\dotnet\sdk\7.0.100
TpTrace Verbose: 0 : 8296, 1, 2022/12/04, 20:02:16.851, 14532007008956, vstest.console.dll, MetadataReaderExtensionsHelper: Discovering extensions inside assembly 'Microsoft.Diagnostics.NETCore.Client, Version=0.2.6.42401, Culture=neutral, PublicKeyToken=31bf3856ad364e35' file path 'C:\Program Files\dotnet\sdk\7.0.100\Extensions\Microsoft.Diagnostics.NETCore.Client.dll'
TpTrace Information: 0 : 8296, 1, 2022/12/04, 20:02:16.852, 14532007015155, vstest.console.dll, AssemblyResolver.OnResolve: Microsoft.Bcl.AsyncInterfaces: Resolving assembly.
TpTrace Information: 0 : 8296, 1, 2022/12/04, 20:02:16.852, 14532007015677, vstest.console.dll, AssemblyResolver.OnResolve: Microsoft.Bcl.AsyncInterfaces: Resolved from cache.
TpTrace Verbose: 0 : 8296, 1, 2022/12/04, 20:02:16.852, 14532007015878, vstest.console.dll, CurrentDomainAssemblyResolve: Resolving assembly 'Microsoft.Bcl.AsyncInterfaces'.
TpTrace Information: 0 : 8296, 1, 2022/12/04, 20:02:16.852, 14532007016230, vstest.console.dll, AssemblyResolver.OnResolve: Microsoft.Bcl.AsyncInterfaces: Resolving assembly.
TpTrace Information: 0 : 8296, 1, 2022/12/04, 20:02:16.852, 14532007016406, vstest.console.dll, AssemblyResolver.OnResolve: Microsoft.Bcl.AsyncInterfaces: Resolved from cache.
TpTrace Verbose: 0 : 8296, 1, 2022/12/04, 20:02:16.852, 14532007016558, vstest.console.dll, CurrentDomainAssemblyResolve: Resolving assembly 'Microsoft.Bcl.AsyncInterfaces'.
TpTrace Verbose: 0 : 8296, 1, 2022/12/04, 20:02:16.852, 14532007016752, vstest.console.dll, CurrentDomainAssemblyResolve: Failed to resolve assembly 'Microsoft.Bcl.AsyncInterfaces'.
TpTrace Verbose: 0 : 8296, 1, 2022/12/04, 20:02:16.852, 14532007017740, vstest.console.dll, CurrentDomainAssemblyResolve: Failed to resolve assembly 'Microsoft.Bcl.AsyncInterfaces'.
TpTrace Warning: 0 : 8296, 1, 2022/12/04, 20:02:16.852, 14532007019978, vstest.console.dll, TestPluginDiscoverer: Failed to get types from assembly 'Microsoft.Diagnostics.NETCore.Client, Version=0.2.6.42401, Culture=neutral, PublicKeyToken=31bf3856ad364e35'. Error: System.Reflection.ReflectionTypeLoadException: Unable to load one or more of the requested types.
Could not load file or assembly 'Microsoft.Bcl.AsyncInterfaces, Version=1.0.0.0, Culture=neutral, PublicKeyToken=cc7b13ffcd2ddd51'. The system cannot find the file specified.
   at System.Reflection.RuntimeModule.GetTypes(RuntimeModule module)
   at System.Reflection.Assembly.GetTypes()
   at Microsoft.VisualStudio.TestPlatform.Common.ExtensionFramework.TestPluginDiscoverer.GetTestExtensionsFromAssembly[TPluginInfo,TExtension](Assembly assembly, Dictionary`2 pluginInfos, String filePath)
System.IO.FileNotFoundException: Could not load file or assembly 'Microsoft.Bcl.AsyncInterfaces, Version=1.0.0.0, Culture=neutral, PublicKeyToken=cc7b13ffcd2ddd51'. The system cannot find the file specified.
File name: 'Microsoft.Bcl.AsyncInterfaces, Version=1.0.0.0, Culture=neutral, PublicKeyToken=cc7b13ffcd2ddd51'
 ---> System.IO.FileNotFoundException: Could not load file or assembly 'Microsoft.Bcl.AsyncInterfaces, Culture=neutral, PublicKeyToken=null'. The system cannot find the file specified.
File name: 'Microsoft.Bcl.AsyncInterfaces, Culture=neutral, PublicKeyToken=null'
   at System.Reflection.RuntimeAssembly.InternalLoad(AssemblyName assemblyName, StackCrawlMark& stackMark, AssemblyLoadContext assemblyLoadContext, RuntimeAssembly requestingAssembly, Boolean throwOnFileNotFound)
   at System.Reflection.Assembly.Load(AssemblyName assemblyRef)
   at Microsoft.VisualStudio.TestPlatform.Common.ExtensionFramework.TestPluginCache.CurrentDomainAssemblyResolve(Object sender, AssemblyResolveEventArgs args)
   at System.Runtime.Loader.AssemblyLoadContext.GetFirstResolvedAssemblyFromResolvingEvent(AssemblyName assemblyName)
   at System.Runtime.Loader.AssemblyLoadContext.ResolveUsingEvent(AssemblyName assemblyName)
   at System.Runtime.Loader.AssemblyLoadContext.ResolveUsingResolvingEvent(IntPtr gchManagedAssemblyLoadContext, AssemblyName assemblyName)
TpTrace Warning: 0 : 8296, 1, 2022/12/04, 20:02:16.853, 14532007021112, vstest.console.dll, LoaderExceptions: System.IO.FileNotFoundException: Could not load file or assembly 'Microsoft.Bcl.AsyncInterfaces, Version=1.0.0.0, Culture=neutral, PublicKeyToken=cc7b13ffcd2ddd51'. The system cannot find the file specified.
File name: 'Microsoft.Bcl.AsyncInterfaces, Version=1.0.0.0, Culture=neutral, PublicKeyToken=cc7b13ffcd2ddd51'
 ---> System.IO.FileNotFoundException: Could not load file or assembly 'Microsoft.Bcl.AsyncInterfaces, Culture=neutral, PublicKeyToken=null'. The system cannot find the file specified.
File name: 'Microsoft.Bcl.AsyncInterfaces, Culture=neutral, PublicKeyToken=null'
   at System.Reflection.RuntimeAssembly.InternalLoad(AssemblyName assemblyName, StackCrawlMark& stackMark, AssemblyLoadContext assemblyLoadContext, RuntimeAssembly requestingAssembly, Boolean throwOnFileNotFound)
   at System.Reflection.Assembly.Load(AssemblyName assemblyRef)
   at Microsoft.VisualStudio.TestPlatform.Common.ExtensionFramework.TestPluginCache.CurrentDomainAssemblyResolve(Object sender, AssemblyResolveEventArgs args)
   at System.Runtime.Loader.AssemblyLoadContext.GetFirstResolvedAssemblyFromResolvingEvent(AssemblyName assemblyName)
   at System.Runtime.Loader.AssemblyLoadContext.ResolveUsingEvent(AssemblyName assemblyName)
   at System.Runtime.Loader.AssemblyLoadContext.ResolveUsingResolvingEvent(IntPtr gchManagedAssemblyLoadContext, AssemblyName assemblyName)
TpTrace Verbose: 0 : 8296, 1, 2022/12/04, 20:02:16.853, 14532007021734, vstest.console.dll, MetadataReaderExtensionsHelper: Discovering extensions inside assembly 'Microsoft.TestPlatform.Extensions.BlameDataCollector, Version=15.0.0.0, Culture=neutral, PublicKeyToken=b03f5f7f11d50a3a' file path 'C:\Program Files\dotnet\sdk\7.0.100\Extensions\Microsoft.TestPlatform.Extensions.BlameDataCollector.dll'
TpTrace Information: 0 : 8296, 1, 2022/12/04, 20:02:16.853, 14532007024907, vstest.console.dll, GetTestExtensionFromType: Register extension with identifier data 'logger://Microsoft/TestPlatform/Extensions/Blame/v1' and type 'Microsoft.TestPlatform.Extensions.BlameDataCollector.BlameLogger, Microsoft.TestPlatform.Extensions.BlameDataCollector, Version=15.0.0.0, Culture=neutral, PublicKeyToken=b03f5f7f11d50a3a' inside file 'C:\Program Files\dotnet\sdk\7.0.100\Extensions\Microsoft.TestPlatform.Extensions.BlameDataCollector.dll'
TpTrace Verbose: 0 : 8296, 1, 2022/12/04, 20:02:16.853, 14532007025390, vstest.console.dll, MetadataReaderExtensionsHelper: Discovering extensions inside assembly 'Microsoft.TestPlatform.Extensions.EventLogCollector, Version=15.0.0.0, Culture=neutral, PublicKeyToken=b03f5f7f11d50a3a' file path 'C:\Program Files\dotnet\sdk\7.0.100\Extensions\Microsoft.TestPlatform.Extensions.EventLogCollector.dll'
TpTrace Verbose: 0 : 8296, 1, 2022/12/04, 20:02:16.853, 14532007027307, vstest.console.dll, MetadataReaderExtensionsHelper: Discovering extensions inside assembly 'Microsoft.TestPlatform.TestHostRuntimeProvider, Version=15.0.0.0, Culture=neutral, PublicKeyToken=b03f5f7f11d50a3a' file path 'C:\Program Files\dotnet\sdk\7.0.100\Extensions\Microsoft.TestPlatform.TestHostRuntimeProvider.dll'
TpTrace Verbose: 0 : 8296, 1, 2022/12/04, 20:02:16.853, 14532007029372, vstest.console.dll, MetadataReaderExtensionsHelper: Discovering extensions inside assembly 'Microsoft.VisualStudio.TestPlatform.Extensions.Html.TestLogger, Version=15.0.0.0, Culture=neutral, PublicKeyToken=b03f5f7f11d50a3a' file path 'C:\Program Files\dotnet\sdk\7.0.100\Extensions\Microsoft.VisualStudio.TestPlatform.Extensions.Html.TestLogger.dll'
TpTrace Information: 0 : 8296, 1, 2022/12/04, 20:02:16.854, 14532007032465, vstest.console.dll, GetTestExtensionFromType: Register extension with identifier data 'logger://Microsoft/TestPlatform/HtmlLogger/v1' and type 'Microsoft.VisualStudio.TestPlatform.Extensions.HtmlLogger.HtmlLogger, Microsoft.VisualStudio.TestPlatform.Extensions.Html.TestLogger, Version=15.0.0.0, Culture=neutral, PublicKeyToken=b03f5f7f11d50a3a' inside file 'C:\Program Files\dotnet\sdk\7.0.100\Extensions\Microsoft.VisualStudio.TestPlatform.Extensions.Html.TestLogger.dll'
TpTrace Verbose: 0 : 8296, 1, 2022/12/04, 20:02:16.854, 14532007032962, vstest.console.dll, MetadataReaderExtensionsHelper: Discovering extensions inside assembly 'Microsoft.VisualStudio.TestPlatform.Extensions.Trx.TestLogger, Version=15.0.0.0, Culture=neutral, PublicKeyToken=b03f5f7f11d50a3a' file path 'C:\Program Files\dotnet\sdk\7.0.100\Extensions\Microsoft.VisualStudio.TestPlatform.Extensions.Trx.TestLogger.dll'
TpTrace Information: 0 : 8296, 1, 2022/12/04, 20:02:16.854, 14532007035283, vstest.console.dll, GetTestExtensionFromType: Register extension with identifier data 'logger://Microsoft/TestPlatform/TrxLogger/v1' and type 'Microsoft.VisualStudio.TestPlatform.Extensions.TrxLogger.TrxLogger, Microsoft.VisualStudio.TestPlatform.Extensions.Trx.TestLogger, Version=15.0.0.0, Culture=neutral, PublicKeyToken=b03f5f7f11d50a3a' inside file 'C:\Program Files\dotnet\sdk\7.0.100\Extensions\Microsoft.VisualStudio.TestPlatform.Extensions.Trx.TestLogger.dll'
TpTrace Verbose: 0 : 8296, 1, 2022/12/04, 20:02:16.854, 14532007035862, vstest.console.dll, TestPluginCache: Discovered the extensions using extension path ''.
TpTrace Verbose: 0 : 8296, 1, 2022/12/04, 20:02:16.854, 14532007036073, vstest.console.dll, TestPluginCache: Discoverers are ''.
TpTrace Verbose: 0 : 8296, 1, 2022/12/04, 20:02:16.854, 14532007036248, vstest.console.dll, TestPluginCache: Executors are ''.
TpTrace Verbose: 0 : 8296, 1, 2022/12/04, 20:02:16.854, 14532007036391, vstest.console.dll, TestPluginCache: Executors2 are ''.
TpTrace Verbose: 0 : 8296, 1, 2022/12/04, 20:02:16.854, 14532007036531, vstest.console.dll, TestPluginCache: Setting providers are ''.
TpTrace Verbose: 0 : 8296, 1, 2022/12/04, 20:02:16.854, 14532007036924, vstest.console.dll, TestPluginCache: Loggers are 'logger://Microsoft/TestPlatform/Extensions/Blame/v1,logger://Microsoft/TestPlatform/HtmlLogger/v1,logger://Microsoft/TestPlatform/TrxLogger/v1'.
TpTrace Verbose: 0 : 8296, 1, 2022/12/04, 20:02:16.854, 14532007037136, vstest.console.dll, TestPluginCache: TestHosts are 'HostProvider://DefaultTestHost,HostProvider://DotnetTestHost'.
TpTrace Verbose: 0 : 8296, 1, 2022/12/04, 20:02:16.854, 14532007037290, vstest.console.dll, TestPluginCache: DataCollectors are ''.
TpTrace Information: 0 : 8296, 1, 2022/12/04, 20:02:16.855, 14532007043447, vstest.console.dll, TestPluginManager.CreateTestExtension: Attempting to load test extension: Microsoft.TestPlatform.Extensions.BlameDataCollector.BlameLogger
TpTrace Verbose: 0 : 8296, 1, 2022/12/04, 20:02:16.860, 14532007092793, vstest.console.dll, TestEngine: Initializing Parallel Execution as MaxCpuCount is set to: 1
TpTrace Information: 0 : 8296, 1, 2022/12/04, 20:02:16.861, 14532007104191, vstest.console.dll, TestPluginManager.CreateTestExtension: Attempting to load test extension: Microsoft.VisualStudio.TestPlatform.CrossPlatEngine.Hosting.DefaultTestHostManager
TpTrace Information: 0 : 8296, 1, 2022/12/04, 20:02:16.862, 14532007111489, vstest.console.dll, TestPluginManager.CreateTestExtension: Attempting to load test extension: Microsoft.VisualStudio.TestPlatform.CrossPlatEngine.Hosting.DotnetTestHostManager
TpTrace Information: 0 : 8296, 1, 2022/12/04, 20:02:16.862, 14532007115749, vstest.console.dll, InferRunSettingsHelper.IsTestSettingsEnabled: Unable to navigate to RunSettings/MSTest. Current node: RunSettings
TpTrace Verbose: 0 : 8296, 1, 2022/12/04, 20:02:16.865, 14532007141083, vstest.console.dll, TestEngine.GetExecutionManager: Chosen execution manager 'Microsoft.VisualStudio.TestPlatform.CrossPlatEngine.Client.Parallel.ParallelProxyExecutionManager, Microsoft.TestPlatform.CrossPlatEngine, Version=15.0.0.0, Culture=neutral, PublicKeyToken=b03f5f7f11d50a3a' ParallelLevel '1'.
TpTrace Verbose: 0 : 8296, 1, 2022/12/04, 20:02:16.865, 14532007142174, vstest.console.dll, TestRunRequest.ExecuteAsync: Creating test run request.
TpTrace Verbose: 0 : 8296, 1, 2022/12/04, 20:02:16.865, 14532007143659, vstest.console.dll, TestRunRequest.ExecuteAsync: Starting.
TpTrace Information: 0 : 8296, 1, 2022/12/04, 20:02:16.865, 14532007145344, vstest.console.dll, TestRunRequest.ExecuteAsync: Starting run with settings:TestRunCriteria:
   KeepAlive=False,FrequencyOfRunStatsChangeEvent=10,RunStatsChangeEventTimeout=00:00:01.5000000,TestCaseFilter=,TestExecutorLauncher=
   Settingsxml=<RunSettings>
  <RunConfiguration>
    <ResultsDirectory>C:\EAD\ProjectTime\ProjectTimeWebApp.Test\bin\Debug\net6.0\fine-code-coverage\coverage-tool-output</ResultsDirectory>
    <TargetPlatform>X64</TargetPlatform>
    <TargetFrameworkVersion>.NETCoreApp,Version=v6.0</TargetFrameworkVersion>
    <DesignMode>False</DesignMode>
    <CollectSourceInformation>False</CollectSourceInformation>
  </RunConfiguration>
  <LoggerRunSettings>
    <Loggers>
      <Logger friendlyName="blame" enabled="True" />
      <Logger friendlyName="Console" uri="logger://microsoft/TestPlatform/ConsoleLogger/v1" assemblyQualifiedName="Microsoft.VisualStudio.TestPlatform.CommandLine.Internal.ConsoleLogger, vstest.console, Version=15.0.0.0, Culture=neutral, PublicKeyToken=b03f5f7f11d50a3a" codeBase="C:\Program Files\dotnet\sdk\7.0.100\vstest.console.dll" enabled="True" />
    </Loggers>
  </LoggerRunSettings>
  <DataCollectionRunSettings>
    <DataCollectors>
      <DataCollector friendlyName="blame" enabled="True">
        <Configuration>
          <ResultsDirectory>C:\EAD\ProjectTime\ProjectTimeWebApp.Test\bin\Debug\net6.0\fine-code-coverage\coverage-tool-output</ResultsDirectory>
        </Configuration>
      </DataCollector>
    </DataCollectors>
  </DataCollectionRunSettings>
</RunSettings>

TpTrace Verbose: 0 : 8296, 1, 2022/12/04, 20:02:16.865, 14532007145702, vstest.console.dll, TestRunRequest.ExecuteAsync: Wait for the first run request is over.
TpTrace Verbose: 0 : 8296, 1, 2022/12/04, 20:02:16.865, 14532007147485, vstest.console.dll, MulticastDelegateUtilities.SafeInvoke: TestRun.TestRunStart: Invoking callbacks was skipped because there are no subscribers.
TpTrace Verbose: 0 : 8296, 4, 2022/12/04, 20:02:16.866, 14532007150329, vstest.console.dll, MulticastDelegateUtilities.SafeInvoke: InternalTestLoggerEvents.SendTestRunStart: Invoking callback 1/1 for Microsoft.VisualStudio.TestPlatform.CommandLine.Internal.ConsoleLogger., took 0 ms.
TpTrace Verbose: 0 : 8296, 1, 2022/12/04, 20:02:16.866, 14532007156512, vstest.console.dll, ParallelProxyExecutionManager: Start execution. Total sources: 1
TpTrace Verbose: 0 : 8296, 1, 2022/12/04, 20:02:16.867, 14532007168857, vstest.console.dll, TestRequestSender is acting as server.
TpTrace Verbose: 0 : 8296, 1, 2022/12/04, 20:02:16.868, 14532007177468, vstest.console.dll, DataCollectionRequestSender.InitializeCommunication : Initialize communication. 
TpTrace Information: 0 : 8296, 1, 2022/12/04, 20:02:16.872, 14532007213886, vstest.console.dll, Listening on Endpoint : 127.0.0.1:63556
TpTrace Verbose: 0 : 8296, 1, 2022/12/04, 20:02:16.877, 14532007266448, vstest.console.dll, DotnetDataCollectionLauncher: Adding  --runtimeconfig "C:\Program Files\dotnet\sdk\7.0.100\datacollector.runtimeconfig.json" in args
TpTrace Verbose: 0 : 8296, 1, 2022/12/04, 20:02:16.877, 14532007267761, vstest.console.dll, DotnetDataCollectionLauncher: Adding  --depsfile "C:\Program Files\dotnet\sdk\7.0.100\datacollector.deps.json" in args
TpTrace Verbose: 0 : 8296, 1, 2022/12/04, 20:02:16.877, 14532007268809, vstest.console.dll, DotnetDataCollectionLauncher: Full path of dotnet.exe is C:\Program Files\dotnet\dotnet.exe
TpTrace Information: 0 : 8296, 1, 2022/12/04, 20:02:16.923, 14532007720513, vstest.console.dll, ProxyDataCollectionManager.Initialize: Launched datacollector processId: 9920 port: 63556
TpTrace Information: 0 : 8296, 1, 2022/12/04, 20:02:16.923, 14532007722731, vstest.console.dll, ProxyDataCollectionManager.Initialize: waiting for connection with timeout: 90 seconds
TpTrace Verbose: 0 : 8296, 1, 2022/12/04, 20:02:16.923, 14532007723310, vstest.console.dll, DataCollectionRequestSender.WaitForRequestHandlerConnection : Waiting for connection with timeout: 90000
TpTrace Information: 0 : 8296, 7, 2022/12/04, 20:02:17.074, 14532009238416, vstest.console.dll, Using the buffer size of 16384 bytes
TpTrace Verbose: 0 : 8296, 1, 2022/12/04, 20:02:17.074, 14532009238529, vstest.console.dll, SocketCommunicationManager.WaitForClientConnection took: 151 ms, with 90000 ms timeout, and finished with True.
TpTrace Information: 0 : 8296, 7, 2022/12/04, 20:02:17.074, 14532009239558, vstest.console.dll, Accepted Client request and set the flag
TpTrace Verbose: 0 : 8296, 1, 2022/12/04, 20:02:17.075, 14532009240914, vstest.console.dll, ProxyDataCollectionManager.InvokeDataCollectionServiceAction: Starting.
TpTrace Information: 0 : 8296, 1, 2022/12/04, 20:02:17.075, 14532009241644, vstest.console.dll, ProxyDataCollectionManager.BeforeTestRunStart: Get environment variable and port for datacollector processId: 9920 port: 63556
TpTrace Verbose: 0 : 8296, 1, 2022/12/04, 20:02:17.075, 14532009243156, vstest.console.dll, DataCollectionRequestSender.SendBeforeTestRunStartAndGetResult: Send BeforeTestRunStart message with settingsXml <RunSettings><RunConfiguration><ResultsDirectory>C:\EAD\ProjectTime\ProjectTimeWebApp.Test\bin\Debug\net6.0\fine-code-coverage\coverage-tool-output</ResultsDirectory><TargetPlatform>X64</TargetPlatform><TargetFrameworkVersion>.NETCoreApp,Version=v6.0</TargetFrameworkVersion><DesignMode>False</DesignMode><CollectSourceInformation>False</CollectSourceInformation><TestAdaptersPaths>C:\Program Files\dotnet\sdk\7.0.100\Extensions</TestAdaptersPaths></RunConfiguration><LoggerRunSettings><Loggers><Logger friendlyName="blame" enabled="True" /><Logger friendlyName="Console" uri="logger://microsoft/TestPlatform/ConsoleLogger/v1" assemblyQualifiedName="Microsoft.VisualStudio.TestPlatform.CommandLine.Internal.ConsoleLogger, vstest.console, Version=15.0.0.0, Culture=neutral, PublicKeyToken=b03f5f7f11d50a3a" codeBase="C:\Program Files\dotnet\sdk\7.0.100\vstest.console.dll" enabled="True" /></Loggers></LoggerRunSettings><DataCollectionRunSettings><DataCollectors><DataCollector friendlyName="blame" enabled="True"><Configuration><ResultsDirectory>C:\EAD\ProjectTime\ProjectTimeWebApp.Test\bin\Debug\net6.0\fine-code-coverage\coverage-tool-output</ResultsDirectory></Configuration></DataCollector></DataCollectors></DataCollectionRunSettings></RunSettings> and sources System.Collections.Generic.List`1[System.String]: 
TpTrace Verbose: 0 : 8296, 1, 2022/12/04, 20:02:17.123, 14532009730099, vstest.console.dll, DataCollectionRequestSender.SendBeforeTestRunStartAndGetResult: Received message: (DataCollection.SendMessage) -> {"MessageType":"DataCollection.SendMessage","Payload":{"FriendlyName":null,"Uri":null,"TestCaseId":"00000000-0000-0000-0000-000000000000","Message":"Logging DataCollector Diagnostics in file: C:\\EAD\\ProjectTime\\ProjectTimeWebApp.Test\\bin\\Debug\\net6.0\\fine-code-coverage\\coverage-tool-output\\diagnostics.datacollector.22-12-04_20-02-16_87737_1.log","Level":0}}
TpTrace Verbose: 0 : 8296, 1, 2022/12/04, 20:02:17.174, 14532010239121, vstest.console.dll, DataCollectionRequestSender.SendBeforeTestRunStartAndGetResult: Received message: (DataCollection.BeforeTestRunStartResult) -> {"MessageType":"DataCollection.BeforeTestRunStartResult","Payload":{"EnvironmentVariables":{},"DataCollectionEventsPort":63558}}
TpTrace Information: 0 : 8296, 1, 2022/12/04, 20:02:17.177, 14532010268985, vstest.console.dll, ProxyDataCollectionManager.BeforeTestRunStart: SendBeforeTestRunStartAndGetResult successful, env variable from datacollector:   and testhost port: 63558
TpTrace Information: 0 : 8296, 1, 2022/12/04, 20:02:17.177, 14532010269492, vstest.console.dll, ProxyDataCollectionManager.InvokeDataCollectionServiceAction: Completed.
TpTrace Verbose: 0 : 8296, 1, 2022/12/04, 20:02:17.178, 14532010270352, vstest.console.dll, ProxyParallelExecutionManager: No sources available for execution.
TpTrace Verbose: 0 : 8296, 7, 2022/12/04, 20:02:17.178, 14532010270714, vstest.console.dll, ParallelProxyExecutionManager: Execution started. Started clients: 1
TpTrace Information: 0 : 8296, 1, 2022/12/04, 20:02:17.178, 14532010270832, vstest.console.dll, TestRunRequest.ExecuteAsync: Started.
TpTrace Verbose: 0 : 8296, 1, 2022/12/04, 20:02:17.178, 14532010271881, vstest.console.dll, TestRunRequest.WaitForCompletion: Waiting with timeout -1.
TpTrace Verbose: 0 : 8296, 7, 2022/12/04, 20:02:17.178, 14532010272618, vstest.console.dll, TestRunRequest:SendTestRunMessage: Starting.
TpTrace Verbose: 0 : 8296, 7, 2022/12/04, 20:02:17.178, 14532010273503, vstest.console.dll, MulticastDelegateUtilities.SafeInvoke: TestRun.LogMessages: Invoking callback 1/1 for Microsoft.VisualStudio.TestPlatform.CommandLine.TestRunResultAggregator., took 0 ms.
TpTrace Information: 0 : 8296, 7, 2022/12/04, 20:02:17.178, 14532010273714, vstest.console.dll, TestRunRequest:SendTestRunMessage: Completed.
TpTrace Verbose: 0 : 8296, 7, 2022/12/04, 20:02:17.178, 14532010274766, vstest.console.dll, ProxyExecutionManager: Test host is always Lazy initialize.
TpTrace Verbose: 0 : 8296, 4, 2022/12/04, 20:02:17.178, 14532010275065, vstest.console.dll, MulticastDelegateUtilities.SafeInvoke: InternalTestLoggerEvents.SendTestRunMessage: Invoking callback 1/1 for Microsoft.VisualStudio.TestPlatform.CommandLine.Internal.ConsoleLogger., took 0 ms.
TpTrace Verbose: 0 : 8296, 7, 2022/12/04, 20:02:17.178, 14532010276101, vstest.console.dll, TestRequestSender.InitializeCommunication: initialize communication. 
TpTrace Information: 0 : 8296, 7, 2022/12/04, 20:02:17.178, 14532010279266, vstest.console.dll, SocketServer.Start: Listening on endpoint : 127.0.0.1:63559
TpTrace Verbose: 0 : 8296, 7, 2022/12/04, 20:02:17.179, 14532010284016, vstest.console.dll, DotnetTestHostmanager.GetTestHostProcessStartInfo: Platform environment 'X64' target architecture 'X64' framework '.NETCoreApp,Version=v6.0' OS 'Windows'
TpTrace Verbose: 0 : 8296, 7, 2022/12/04, 20:02:17.179, 14532010285836, vstest.console.dll, DotnetTestHostmanager: Adding  --runtimeconfig "C:\EAD\ProjectTime\ProjectTimeWebApp.Test\bin\Debug\net6.0\fine-code-coverage\build-output\ProjectTimeWebApp.Test.runtimeconfig.json" in args
TpTrace Verbose: 0 : 8296, 7, 2022/12/04, 20:02:17.179, 14532010286607, vstest.console.dll, DotnetTestHostmanager: Adding  --depsfile "C:\EAD\ProjectTime\ProjectTimeWebApp.Test\bin\Debug\net6.0\fine-code-coverage\build-output\ProjectTimeWebApp.Test.deps.json" in args
TpTrace Verbose: 0 : 8296, 7, 2022/12/04, 20:02:17.179, 14532010287815, vstest.console.dll, DotnetTestHostmanager.IsWinOnArm: Current PROCESSOR_ARCHITECTURE from environment variable 'AMD64'
TpTrace Verbose: 0 : 8296, 7, 2022/12/04, 20:02:17.179, 14532010288195, vstest.console.dll, DotnetTestHostmanager.IsWinOnArm: Is Windows on ARM 'False'
TpTrace Verbose: 0 : 8296, 7, 2022/12/04, 20:02:17.179, 14532010288881, vstest.console.dll, DotnetTestHostManager: testhost.exe found at path: C:\EAD\ProjectTime\ProjectTimeWebApp.Test\bin\Debug\net6.0\fine-code-coverage\build-output\testhost.exe
TpTrace Verbose: 0 : 8296, 7, 2022/12/04, 20:02:17.179, 14532010289112, vstest.console.dll, DotnetTestHostmanager: Full path of host exe is C:\EAD\ProjectTime\ProjectTimeWebApp.Test\bin\Debug\net6.0\fine-code-coverage\build-output\testhost.exe
TpTrace Verbose: 0 : 8296, 7, 2022/12/04, 20:02:17.179, 14532010289834, vstest.console.dll, DotnetTestHostmanager.LaunchTestHostAsync: Found 'VSTEST_WINAPPHOST_DOTNET_ROOT' in env variables, value 'C:\Program Files\dotnet', forwarding to 'DOTNET_ROOT'
TpTrace Verbose: 0 : 8296, 7, 2022/12/04, 20:02:17.180, 14532010290696, vstest.console.dll, DotnetTestHostManager: Starting process 'C:\EAD\ProjectTime\ProjectTimeWebApp.Test\bin\Debug\net6.0\fine-code-coverage\build-output\testhost.exe' with command line ' --runtimeconfig "C:\EAD\ProjectTime\ProjectTimeWebApp.Test\bin\Debug\net6.0\fine-code-coverage\build-output\ProjectTimeWebApp.Test.runtimeconfig.json" --depsfile "C:\EAD\ProjectTime\ProjectTimeWebApp.Test\bin\Debug\net6.0\fine-code-coverage\build-output\ProjectTimeWebApp.Test.deps.json" --port 63559 --endpoint 127.0.0.1:063559 --role client --parentprocessid 8296 --diag "C:\EAD\ProjectTime\ProjectTimeWebApp.Test\bin\Debug\net6.0\fine-code-coverage\coverage-tool-output\diagnostics.host.22-12-04_20-02-17_17914_7.log" --tracelevel 4 --datacollectionport 63558 --telemetryoptedin false'
TpTrace Verbose: 0 : 8296, 7, 2022/12/04, 20:02:17.219, 14532010689851, vstest.console.dll, MulticastDelegateUtilities.SafeInvoke: HostProviderEvents.OnHostLaunched: Invoking callback 1/2 for Microsoft.VisualStudio.TestPlatform.CrossPlatEngine.Client.ProxyExecutionManagerWithDataCollection., took 0 ms.
TpTrace Verbose: 0 : 8296, 7, 2022/12/04, 20:02:17.220, 14532010691831, vstest.console.dll, Test Runtime launched
TpTrace Verbose: 0 : 8296, 7, 2022/12/04, 20:02:17.220, 14532010692427, vstest.console.dll, MulticastDelegateUtilities.SafeInvoke: HostProviderEvents.OnHostLaunched: Invoking callback 2/2 for Microsoft.VisualStudio.TestPlatform.CrossPlatEngine.Client.ProxyOperationManager., took 0 ms.
TpTrace Verbose: 0 : 8296, 7, 2022/12/04, 20:02:17.220, 14532010693318, vstest.console.dll, TestRequestSender.WaitForRequestHandlerConnection: waiting for connection with timeout: 90000.
TpTrace Verbose: 0 : 8296, 7, 2022/12/04, 20:02:17.399, 14532012483251, vstest.console.dll, TestRequestSender.WaitForRequestHandlerConnection: waiting took 178 ms, with timeout 90000 ms, and result 0, which is success.
TpTrace Verbose: 0 : 8296, 13, 2022/12/04, 20:02:17.399, 14532012483250, vstest.console.dll, MulticastDelegateUtilities.SafeInvoke: SocketServer: ClientConnected: Invoking callback 1/1 for Microsoft.VisualStudio.TestPlatform.CommunicationUtilities.TestRequestSender., took 0 ms.
TpTrace Verbose: 0 : 8296, 13, 2022/12/04, 20:02:17.399, 14532012485206, vstest.console.dll, SocketServer.OnClientConnected: Client connected for endPoint: 127.0.0.1:63559, starting MessageLoopAsync:
TpTrace Verbose: 0 : 8296, 13, 2022/12/04, 20:02:17.399, 14532012487230, vstest.console.dll, TcpClientExtensions.MessageLoopAsync: Polling on remoteEndPoint: 127.0.0.1:63560 localEndPoint: 127.0.0.1:63559
TpTrace Verbose: 0 : 8296, 7, 2022/12/04, 20:02:17.400, 14532012492301, vstest.console.dll, TestRequestSender.CheckVersionWithTestHost: Sending check version message: {"MessageType":"ProtocolVersion","Payload":7}
TpTrace Verbose: 0 : 8296, 13, 2022/12/04, 20:02:17.511, 14532013601850, vstest.console.dll, TcpClientExtensions.MessageLoopAsync: NotifyDataAvailable remoteEndPoint: 127.0.0.1:63560 localEndPoint: 127.0.0.1:63559
TpTrace Verbose: 0 : 8296, 13, 2022/12/04, 20:02:17.511, 14532013605303, vstest.console.dll, TestRequestSender.CheckVersionWithTestHost: onMessageReceived received message: (ProtocolVersion) -> {"MessageType":"ProtocolVersion","Payload":5}
TpTrace Verbose: 0 : 8296, 13, 2022/12/04, 20:02:17.512, 14532013614904, vstest.console.dll, MulticastDelegateUtilities.SafeInvoke: LengthPrefixCommunicationChannel: MessageReceived: Invoking callback 1/1 for Microsoft.VisualStudio.TestPlatform.CommunicationUtilities.TestRequestSender+<>c__DisplayClass26_0., took 1 ms.
TpTrace Verbose: 0 : 8296, 7, 2022/12/04, 20:02:17.512, 14532013615745, vstest.console.dll, TestPluginCache.GetExtensionPaths: Filtered extension paths: 
TpTrace Verbose: 0 : 8296, 13, 2022/12/04, 20:02:17.512, 14532013616060, vstest.console.dll, TcpClientExtensions.MessageLoopAsync: Polling on remoteEndPoint: 127.0.0.1:63560 localEndPoint: 127.0.0.1:63559
TpTrace Verbose: 0 : 8296, 7, 2022/12/04, 20:02:17.512, 14532013616431, vstest.console.dll, TestPluginCache.GetExtensionPaths: Added default extension paths: C:\Program Files\dotnet\sdk\7.0.100\Extensions\Microsoft.Diagnostics.NETCore.Client.dll
C:\Program Files\dotnet\sdk\7.0.100\Extensions\Microsoft.TestPlatform.Extensions.BlameDataCollector.dll
C:\Program Files\dotnet\sdk\7.0.100\Extensions\Microsoft.TestPlatform.Extensions.EventLogCollector.dll
C:\Program Files\dotnet\sdk\7.0.100\Extensions\Microsoft.TestPlatform.TestHostRuntimeProvider.dll
C:\Program Files\dotnet\sdk\7.0.100\Extensions\Microsoft.VisualStudio.TestPlatform.Extensions.Html.TestLogger.dll
C:\Program Files\dotnet\sdk\7.0.100\Extensions\Microsoft.VisualStudio.TestPlatform.Extensions.Trx.TestLogger.dll
TpTrace Verbose: 0 : 8296, 7, 2022/12/04, 20:02:17.512, 14532013617657, vstest.console.dll, TestPluginCache.GetExtensionPaths: Added unfilterableExtensionPaths: 
TpTrace Verbose: 0 : 8296, 7, 2022/12/04, 20:02:17.516, 14532013650215, vstest.console.dll, TestRequestSender.InitializeExecution: Sending initialize execution with message: {"Version":5,"MessageType":"TestExecution.Initialize","Payload":["C:\\EAD\\ProjectTime\\ProjectTimeWebApp.Test\\bin\\Debug\\net6.0\\fine-code-coverage\\build-output\\Microsoft.VisualStudio.TestPlatform.MSTest.TestAdapter.dll","C:\\EAD\\ProjectTime\\ProjectTimeWebApp.Test\\bin\\Debug\\net6.0\\fine-code-coverage\\build-output\\NUnit3.TestAdapter.dll","C:\\EAD\\ProjectTime\\ProjectTimeWebApp.Test\\bin\\Debug\\net6.0\\fine-code-coverage\\build-output\\xunit.runner.visualstudio.dotnetcore.testadapter.dll"]}
TpTrace Warning: 0 : 8296, 7, 2022/12/04, 20:02:17.516, 14532013656031, vstest.console.dll, InferRunSettingsHelper.MakeRunsettingsCompatible: Removing the following settings: TargetPlatform from RunSettings file. To use those settings please move to latest version of Microsoft.NET.Test.Sdk
TpTrace Verbose: 0 : 8296, 13, 2022/12/04, 20:02:17.521, 14532013702940, vstest.console.dll, TcpClientExtensions.MessageLoopAsync: NotifyDataAvailable remoteEndPoint: 127.0.0.1:63560 localEndPoint: 127.0.0.1:63559
TpTrace Verbose: 0 : 8296, 13, 2022/12/04, 20:02:17.521, 14532013706784, vstest.console.dll, TestRequestSender.OnExecutionMessageReceived: Received message: {"Version":5,"MessageType":"TestSession.Message","Payload":{"MessageLevel":0,"Message":"Logging TestHost Diagnostics in file: C:\\EAD\\ProjectTime\\ProjectTimeWebApp.Test\\bin\\Debug\\net6.0\\fine-code-coverage\\coverage-tool-output\\diagnostics.host.22-12-04_20-02-17_17914_7.log"}}
TpTrace Verbose: 0 : 8296, 7, 2022/12/04, 20:02:17.523, 14532013725162, vstest.console.dll, TestRequestSender.StartTestRun: Sending test run with message: {"Version":5,"MessageType":"TestExecution.StartWithSources","Payload":{"AdapterSourceMap":{"_none_":["C:\\EAD\\ProjectTime\\ProjectTimeWebApp.Test\\bin\\Debug\\net6.0\\fine-code-coverage\\build-output\\ProjectTimeWebApp.Test.dll"]},"RunSettings":"<RunSettings>\r\n  <RunConfiguration>\r\n    <ResultsDirectory>C:\\EAD\\ProjectTime\\ProjectTimeWebApp.Test\\bin\\Debug\\net6.0\\fine-code-coverage\\coverage-tool-output</ResultsDirectory>\r\n    <TargetFrameworkVersion>.NETCoreApp,Version=v6.0</TargetFrameworkVersion>\r\n    <DesignMode>False</DesignMode>\r\n    <CollectSourceInformation>False</CollectSourceInformation>\r\n  </RunConfiguration>\r\n  <LoggerRunSettings>\r\n    <Loggers>\r\n      <Logger friendlyName=\"blame\" enabled=\"True\" />\r\n      <Logger friendlyName=\"Console\" uri=\"logger://microsoft/TestPlatform/ConsoleLogger/v1\" assemblyQualifiedName=\"Microsoft.VisualStudio.TestPlatform.CommandLine.Internal.ConsoleLogger, vstest.console, Version=15.0.0.0, Culture=neutral, PublicKeyToken=b03f5f7f11d50a3a\" codeBase=\"C:\\Program Files\\dotnet\\sdk\\7.0.100\\vstest.console.dll\" enabled=\"True\" />\r\n    </Loggers>\r\n  </LoggerRunSettings>\r\n  <DataCollectionRunSettings>\r\n    <DataCollectors>\r\n      <DataCollector friendlyName=\"blame\" enabled=\"True\">\r\n        <Configuration>\r\n          <ResultsDirectory>C:\\EAD\\ProjectTime\\ProjectTimeWebApp.Test\\bin\\Debug\\net6.0\\fine-code-coverage\\coverage-tool-output</ResultsDirectory>\r\n        </Configuration>\r\n      </DataCollector>\r\n    </DataCollectors>\r\n  </DataCollectionRunSettings>\r\n</RunSettings>","TestExecutionContext":{"FrequencyOfRunStatsChangeEvent":10,"RunStatsChangeEventTimeout":"00:00:01.5000000","InIsolation":false,"KeepAlive":false,"AreTestCaseLevelEventsRequired":false,"IsDebug":false,"TestCaseFilter":null,"FilterOptions":null},"Package":null}}
TpTrace Verbose: 0 : 8296, 13, 2022/12/04, 20:02:17.523, 14532013726011, vstest.console.dll, TestRunRequest:SendTestRunMessage: Starting.
TpTrace Verbose: 0 : 8296, 13, 2022/12/04, 20:02:17.523, 14532013729259, vstest.console.dll, MulticastDelegateUtilities.SafeInvoke: TestRun.LogMessages: Invoking callback 1/1 for Microsoft.VisualStudio.TestPlatform.CommandLine.TestRunResultAggregator., took 0 ms.
TpTrace Information: 0 : 8296, 13, 2022/12/04, 20:02:17.523, 14532013729597, vstest.console.dll, TestRunRequest:SendTestRunMessage: Completed.
TpTrace Verbose: 0 : 8296, 13, 2022/12/04, 20:02:17.523, 14532013729971, vstest.console.dll, MulticastDelegateUtilities.SafeInvoke: LengthPrefixCommunicationChannel: MessageReceived: Invoking callback 1/1 for Microsoft.VisualStudio.TestPlatform.CommunicationUtilities.TestRequestSender+<>c__DisplayClass31_0., took 2 ms.
TpTrace Verbose: 0 : 8296, 13, 2022/12/04, 20:02:17.524, 14532013730261, vstest.console.dll, TcpClientExtensions.MessageLoopAsync: Polling on remoteEndPoint: 127.0.0.1:63560 localEndPoint: 127.0.0.1:63559
TpTrace Verbose: 0 : 8296, 4, 2022/12/04, 20:02:17.523, 14532013729668, vstest.console.dll, MulticastDelegateUtilities.SafeInvoke: InternalTestLoggerEvents.SendTestRunMessage: Invoking callback 1/1 for Microsoft.VisualStudio.TestPlatform.CommandLine.Internal.ConsoleLogger., took 0 ms.
TpTrace Verbose: 0 : 8296, 13, 2022/12/04, 20:02:17.741, 14532015908852, vstest.console.dll, TcpClientExtensions.MessageLoopAsync: NotifyDataAvailable remoteEndPoint: 127.0.0.1:63560 localEndPoint: 127.0.0.1:63559
TpTrace Verbose: 0 : 8296, 13, 2022/12/04, 20:02:17.742, 14532015911310, vstest.console.dll, TestRequestSender.OnExecutionMessageReceived: Received message: {"Version":5,"MessageType":"TestSession.Message","Payload":{"MessageLevel":0,"Message":"NUnit Adapter 4.2.0.0: Test execution started"}}
TpTrace Verbose: 0 : 8296, 13, 2022/12/04, 20:02:17.742, 14532015915023, vstest.console.dll, TestRunRequest:SendTestRunMessage: Starting.
TpTrace Verbose: 0 : 8296, 13, 2022/12/04, 20:02:17.742, 14532015916073, vstest.console.dll, MulticastDelegateUtilities.SafeInvoke: TestRun.LogMessages: Invoking callback 1/1 for Microsoft.VisualStudio.TestPlatform.CommandLine.TestRunResultAggregator., took 0 ms.
TpTrace Information: 0 : 8296, 13, 2022/12/04, 20:02:17.742, 14532015916404, vstest.console.dll, TestRunRequest:SendTestRunMessage: Completed.
TpTrace Verbose: 0 : 8296, 4, 2022/12/04, 20:02:17.742, 14532015916367, vstest.console.dll, MulticastDelegateUtilities.SafeInvoke: InternalTestLoggerEvents.SendTestRunMessage: Invoking callback 1/1 for Microsoft.VisualStudio.TestPlatform.CommandLine.Internal.ConsoleLogger., took 0 ms.
TpTrace Verbose: 0 : 8296, 13, 2022/12/04, 20:02:17.742, 14532015917301, vstest.console.dll, MulticastDelegateUtilities.SafeInvoke: LengthPrefixCommunicationChannel: MessageReceived: Invoking callback 1/1 for Microsoft.VisualStudio.TestPlatform.CommunicationUtilities.TestRequestSender+<>c__DisplayClass31_0., took 0 ms.
TpTrace Verbose: 0 : 8296, 13, 2022/12/04, 20:02:17.742, 14532015917753, vstest.console.dll, TcpClientExtensions.MessageLoopAsync: Polling on remoteEndPoint: 127.0.0.1:63560 localEndPoint: 127.0.0.1:63559
TpTrace Verbose: 0 : 8296, 13, 2022/12/04, 20:02:17.763, 14532016126804, vstest.console.dll, TcpClientExtensions.MessageLoopAsync: NotifyDataAvailable remoteEndPoint: 127.0.0.1:63560 localEndPoint: 127.0.0.1:63559
TpTrace Verbose: 0 : 8296, 13, 2022/12/04, 20:02:17.763, 14532016128429, vstest.console.dll, TestRequestSender.OnExecutionMessageReceived: Received message: {"Version":5,"MessageType":"TestSession.Message","Payload":{"MessageLevel":0,"Message":"Running all tests in C:\\EAD\\ProjectTime\\ProjectTimeWebApp.Test\\bin\\Debug\\net6.0\\fine-code-coverage\\build-output\\ProjectTimeWebApp.Test.dll"}}
TpTrace Verbose: 0 : 8296, 13, 2022/12/04, 20:02:17.763, 14532016129653, vstest.console.dll, TestRunRequest:SendTestRunMessage: Starting.
TpTrace Verbose: 0 : 8296, 13, 2022/12/04, 20:02:17.764, 14532016130193, vstest.console.dll, MulticastDelegateUtilities.SafeInvoke: TestRun.LogMessages: Invoking callback 1/1 for Microsoft.VisualStudio.TestPlatform.CommandLine.TestRunResultAggregator., took 0 ms.
TpTrace Verbose: 0 : 8296, 4, 2022/12/04, 20:02:17.764, 14532016130424, vstest.console.dll, MulticastDelegateUtilities.SafeInvoke: InternalTestLoggerEvents.SendTestRunMessage: Invoking callback 1/1 for Microsoft.VisualStudio.TestPlatform.CommandLine.Internal.ConsoleLogger., took 0 ms.
TpTrace Information: 0 : 8296, 13, 2022/12/04, 20:02:17.764, 14532016130458, vstest.console.dll, TestRunRequest:SendTestRunMessage: Completed.
TpTrace Verbose: 0 : 8296, 13, 2022/12/04, 20:02:17.764, 14532016131312, vstest.console.dll, MulticastDelegateUtilities.SafeInvoke: LengthPrefixCommunicationChannel: MessageReceived: Invoking callback 1/1 for Microsoft.VisualStudio.TestPlatform.CommunicationUtilities.TestRequestSender+<>c__DisplayClass31_0., took 0 ms.
TpTrace Verbose: 0 : 8296, 13, 2022/12/04, 20:02:17.764, 14532016131610, vstest.console.dll, TcpClientExtensions.MessageLoopAsync: Polling on remoteEndPoint: 127.0.0.1:63560 localEndPoint: 127.0.0.1:63559
TpTrace Verbose: 0 : 8296, 13, 2022/12/04, 20:02:17.866, 14532017150844, vstest.console.dll, TcpClientExtensions.MessageLoopAsync: NotifyDataAvailable remoteEndPoint: 127.0.0.1:63560 localEndPoint: 127.0.0.1:63559
TpTrace Verbose: 0 : 8296, 13, 2022/12/04, 20:02:17.866, 14532017152364, vstest.console.dll, TestRequestSender.OnExecutionMessageReceived: Received message: {"Version":5,"MessageType":"TestSession.Message","Payload":{"MessageLevel":0,"Message":"   NUnit3TestExecutor discovered 64 of 64 NUnit test cases using Current Discovery mode, Non-Explicit run"}}
TpTrace Verbose: 0 : 8296, 13, 2022/12/04, 20:02:17.866, 14532017153366, vstest.console.dll, TestRunRequest:SendTestRunMessage: Starting.
TpTrace Verbose: 0 : 8296, 13, 2022/12/04, 20:02:17.866, 14532017153833, vstest.console.dll, MulticastDelegateUtilities.SafeInvoke: TestRun.LogMessages: Invoking callback 1/1 for Microsoft.VisualStudio.TestPlatform.CommandLine.TestRunResultAggregator., took 0 ms.
TpTrace Information: 0 : 8296, 13, 2022/12/04, 20:02:17.866, 14532017154013, vstest.console.dll, TestRunRequest:SendTestRunMessage: Completed.
TpTrace Verbose: 0 : 8296, 13, 2022/12/04, 20:02:17.866, 14532017154174, vstest.console.dll, MulticastDelegateUtilities.SafeInvoke: LengthPrefixCommunicationChannel: MessageReceived: Invoking callback 1/1 for Microsoft.VisualStudio.TestPlatform.CommunicationUtilities.TestRequestSender+<>c__DisplayClass31_0., took 0 ms.
TpTrace Verbose: 0 : 8296, 13, 2022/12/04, 20:02:17.866, 14532017154349, vstest.console.dll, TcpClientExtensions.MessageLoopAsync: Polling on remoteEndPoint: 127.0.0.1:63560 localEndPoint: 127.0.0.1:63559
TpTrace Verbose: 0 : 8296, 4, 2022/12/04, 20:02:17.866, 14532017154392, vstest.console.dll, MulticastDelegateUtilities.SafeInvoke: InternalTestLoggerEvents.SendTestRunMessage: Invoking callback 1/1 for Microsoft.VisualStudio.TestPlatform.CommandLine.Internal.ConsoleLogger., took 0 ms.
TpTrace Verbose: 0 : 8296, 13, 2022/12/04, 20:02:18.819, 14532026686942, vstest.console.dll, TcpClientExtensions.MessageLoopAsync: NotifyDataAvailable remoteEndPoint: 127.0.0.1:63560 localEndPoint: 127.0.0.1:63559
TpTrace Verbose: 0 : 8296, 13, 2022/12/04, 20:02:18.820, 14532026690758, vstest.console.dll, TestRequestSender.OnExecutionMessageReceived: Received message: {"Version":5,"MessageType":"TestExecution.StatsChange","Payload":{"NewTestResults":[{"TestCase":{"Id":"5f846a91-aa12-3eeb-1746-c88b6dfe54cd","FullyQualifiedName":"ProjectTimeWebApp.Test.Controller.TestActualVEstimateController.Test_Controller_Index_ReturnsSuccess()","DisplayName":"Test_Controller_Index_ReturnsSuccess()","ExecutorUri":"executor://NUnit3TestExecutor","Source":"C:\\EAD\\ProjectTime\\ProjectTimeWebApp.Test\\bin\\Debug\\net6.0\\fine-code-coverage\\build-output\\ProjectTimeWebApp.Test.dll","CodeFilePath":null,"LineNumber":0,"Properties":[{"Key":{"Id":"NUnit.Seed","Label":"Seed","Category":"","Description":"","Attributes":0,"ValueType":"System.String"},"Value":"1554519382"}]},"Attachments":[],"Outcome":1,"ErrorMessage":null,"ErrorStackTrace":null,"DisplayName":"Test_Controller_Index_ReturnsSuccess()","Messages":[],"ComputerName":"UPE002616","Duration":"00:00:00.0098590","StartTime":"2022-12-04T20:02:18.448423+00:00","EndTime":"2022-12-04T20:02:18.4582304+00:00","Properties":[{"Key":{"Id":"NUnit.Seed","Label":"Seed","Category":"","Description":"","Attributes":0,"ValueType":"System.String"},"Value":"1554519382"}]},{"TestCase":{"Id":"2c73cce8-d685-a192-e844-7fa54b081437","FullyQualifiedName":"ProjectTimeWebApp.Test.Controller.TestActualVEstimateController.Test_Controller_IndexProjectTracker_ReturnsSuccess()","DisplayName":"Test_Controller_IndexProjectTracker_ReturnsSuccess()","ExecutorUri":"executor://NUnit3TestExecutor","Source":"C:\\EAD\\ProjectTime\\ProjectTimeWebApp.Test\\bin\\Debug\\net6.0\\fine-code-coverage\\build-output\\ProjectTimeWebApp.Test.dll","CodeFilePath":null,"LineNumber":0,"Properties":[{"Key":{"Id":"NUnit.Seed","Label":"Seed","Category":"","Description":"","Attributes":0,"ValueType":"System.String"},"Value":"2051753270"}]},"Attachments":[],"Outcome":1,"ErrorMessage":null,"ErrorStackTrace":null,"DisplayName":"Test_Controller_IndexProjectTracker_ReturnsSuccess()","Messages":[],"ComputerName":"UPE002616","Duration":"00:00:00.1613840","StartTime":"2022-12-04T20:02:18.4605657+00:00","EndTime":"2022-12-04T20:02:18.6219491+00:00","Properties":[{"Key":{"Id":"NUnit.Seed","Label":"Seed","Category":"","Description":"","Attributes":0,"ValueType":"System.String"},"Value":"2051753270"}]},{"TestCase":{"Id":"5b5a6a38-09e4-02a8-9fd3-c378cba2877f","FullyQualifiedName":"ProjectTimeWebApp.Test.Controller.TestActualVEstimateController.Test_Controller_IndexProjectTrackerCost_ReturnsSuccess()","DisplayName":"Test_Controller_IndexProjectTrackerCost_ReturnsSuccess()","ExecutorUri":"executor://NUnit3TestExecutor","Source":"C:\\EAD\\ProjectTime\\ProjectTimeWebApp.Test\\bin\\Debug\\net6.0\\fine-code-coverage\\build-output\\ProjectTimeWebApp.Test.dll","CodeFilePath":null,"LineNumber":0,"Properties":[{"Key":{"Id":"NUnit.Seed","Label":"Seed","Category":"","Description":"","Attributes":0,"ValueType":"System.String"},"Value":"1936264753"}]},"Attachments":[],"Outcome":1,"ErrorMessage":null,"ErrorStackTrace":null,"DisplayName":"Test_Controller_IndexProjectTrackerCost_ReturnsSuccess()","Messages":[],"ComputerName":"UPE002616","Duration":"00:00:00.0020230","StartTime":"2022-12-04T20:02:18.6220194+00:00","EndTime":"2022-12-04T20:02:18.624042+00:00","Properties":[{"Key":{"Id":"NUnit.Seed","Label":"Seed","Category":"","Description":"","Attributes":0,"ValueType":"System.String"},"Value":"1936264753"}]},{"TestCase":{"Id":"43d22218-4203-88ea-aaa1-e899b1f43b82","FullyQualifiedName":"ProjectTimeWebApp.Test.Controller.TestDepartmentController.Test_CreateDepartmentPost_WithResponse","DisplayName":"Test_CreateDepartmentPost_WithResponse","ExecutorUri":"executor://NUnit3TestExecutor","Source":"C:\\EAD\\ProjectTime\\ProjectTimeWebApp.Test\\bin\\Debug\\net6.0\\fine-code-coverage\\build-output\\ProjectTimeWebApp.Test.dll","CodeFilePath":null,"LineNumber":0,"Properties":[{"Key":{"Id":"NUnit.Seed","Label":"Seed","Category":"","Description":"","Attributes":0,"ValueType":"System.String"},"Value":"888074965"}]},"Attachments":[],"Outcome":1,"ErrorMessage":null,"ErrorStackTrace":null,"DisplayName":"Test_CreateDepartmentPost_WithResponse","Messages":[],"ComputerName":"UPE002616","Duration":"00:00:00.0313170","StartTime":"2022-12-04T20:02:18.7414755+00:00","EndTime":"2022-12-04T20:02:18.7727934+00:00","Properties":[{"Key":{"Id":"NUnit.Seed","Label":"Seed","Category":"","Description":"","Attributes":0,"ValueType":"System.String"},"Value":"888074965"}]},{"TestCase":{"Id":"531e941e-d3e5-2067-ba3c-bdf19d286fa7","FullyQualifiedName":"ProjectTimeWebApp.Test.Controller.TestDepartmentController.Test_CreateControllerGet_ReturnsSuccess","DisplayName":"Test_CreateControllerGet_ReturnsSuccess","ExecutorUri":"executor://NUnit3TestExecutor","Source":"C:\\EAD\\ProjectTime\\ProjectTimeWebApp.Test\\bin\\Debug\\net6.0\\fine-code-coverage\\build-output\\ProjectTimeWebApp.Test.dll","CodeFilePath":null,"LineNumber":0,"Properties":[{"Key":{"Id":"NUnit.Seed","Label":"Seed","Category":"","Description":"","Attributes":0,"ValueType":"System.String"},"Value":"465651963"}]},"Attachments":[],"Outcome":1,"ErrorMessage":null,"ErrorStackTrace":null,"DisplayName":"Test_CreateControllerGet_ReturnsSuccess","Messages":[],"ComputerName":"UPE002616","Duration":"00:00:00.0013000","StartTime":"2022-12-04T20:02:18.7728353+00:00","EndTime":"2022-12-04T20:02:18.774135+00:00","Properties":[{"Key":{"Id":"NUnit.Seed","Label":"Seed","Category":"","Description":"","Attributes":0,"ValueType":"System.String"},"Value":"465651963"}]},{"TestCase":{"Id":"8de5d3c3-e2d1-2caa-c9bd-ac99e0b2a30c","FullyQualifiedName":"ProjectTimeWebApp.Test.Controller.TestDepartmentController.Test_DepartmentController_Index_ReturnsSuccess","DisplayName":"Test_DepartmentController_Index_ReturnsSuccess","ExecutorUri":"executor://NUnit3TestExecutor","Source":"C:\\EAD\\ProjectTime\\ProjectTimeWebApp.Test\\bin\\Debug\\net6.0\\fine-code-coverage\\build-output\\ProjectTimeWebApp.Test.dll","CodeFilePath":null,"LineNumber":0,"Properties":[{"Key":{"Id":"NUnit.Seed","Label":"Seed","Category":"","Description":"","Attributes":0,"ValueType":"System.String"},"Value":"1868253961"}]},"Attachments":[],"Outcome":1,"ErrorMessage":null,"ErrorStackTrace":null,"DisplayName":"Test_DepartmentController_Index_ReturnsSuccess","Messages":[],"ComputerName":"UPE002616","Duration":"00:00:00.0007490","StartTime":"2022-12-04T20:02:18.7741518+00:00","EndTime":"2022-12-04T20:02:18.7749009+00:00","Properties":[{"Key":{"Id":"NUnit.Seed","Label":"Seed","Category":"","Description":"","Attributes":0,"ValueType":"System.String"},"Value":"1868253961"}]},{"TestCase":{"Id":"0b1fe11f-41a4-e6fa-3f93-e5e4ceb0427a","FullyQualifiedName":"ProjectTimeWebApp.Test.Controller.TestDepartmentController.Test_DeleteDepartmentGet_WithResponse","DisplayName":"Test_DeleteDepartmentGet_WithResponse","ExecutorUri":"executor://NUnit3TestExecutor","Source":"C:\\EAD\\ProjectTime\\ProjectTimeWebApp.Test\\bin\\Debug\\net6.0\\fine-code-coverage\\build-output\\ProjectTimeWebApp.Test.dll","CodeFilePath":null,"LineNumber":0,"Properties":[{"Key":{"Id":"NUnit.Seed","Label":"Seed","Category":"","Description":"","Attributes":0,"ValueType":"System.String"},"Value":"1941111674"}]},"Attachments":[],"Outcome":1,"ErrorMessage":null,"ErrorStackTrace":null,"DisplayName":"Test_DeleteDepartmentGet_WithResponse","Messages":[],"ComputerName":"UPE002616","Duration":"00:00:00.0055400","StartTime":"2022-12-04T20:02:18.77491+00:00","EndTime":"2022-12-04T20:02:18.7804492+00:00","Properties":[{"Key":{"Id":"NUnit.Seed","Label":"Seed","Category":"","Description":"","Attributes":0,"ValueType":"System.String"},"Value":"1941111674"}]},{"TestCase":{"Id":"f79e7f21-b43f-c48e-d463-0fc041ace2b5","FullyQualifiedName":"ProjectTimeWebApp.Test.Controller.TestDepartmentController.Test_DeleteDepartmentPost_WithResponse","DisplayName":"Test_DeleteDepartmentPost_WithResponse","ExecutorUri":"executor://NUnit3TestExecutor","Source":"C:\\EAD\\ProjectTime\\ProjectTimeWebApp.Test\\bin\\Debug\\net6.0\\fine-code-coverage\\build-output\\ProjectTimeWebApp.Test.dll","CodeFilePath":null,"LineNumber":0,"Properties":[{"Key":{"Id":"NUnit.Seed","Label":"Seed","Category":"","Description":"","Attributes":0,"ValueType":"System.String"},"Value":"79106864"}]},"Attachments":[],"Outcome":1,"ErrorMessage":null,"ErrorStackTrace":null,"DisplayName":"Test_DeleteDepartmentPost_WithResponse","Messages":[],"ComputerName":"UPE002616","Duration":"00:00:00.0020750","StartTime":"2022-12-04T20:02:18.7804718+00:00","EndTime":"2022-12-04T20:02:18.7825465+00:00","Properties":[{"Key":{"Id":"NUnit.Seed","Label":"Seed","Category":"","Description":"","Attributes":0,"ValueType":"System.String"},"Value":"79106864"}]},{"TestCase":{"Id":"147dd41f-815d-3d68-6c94-7a93b8d47320","FullyQualifiedName":"ProjectTimeWebApp.Test.Controller.TestDepartmentController.Test_EditDepartmentPost_WithResponse","DisplayName":"Test_EditDepartmentPost_WithResponse","ExecutorUri":"executor://NUnit3TestExecutor","Source":"C:\\EAD\\ProjectTime\\ProjectTimeWebApp.Test\\bin\\Debug\\net6.0\\fine-code-coverage\\build-output\\ProjectTimeWebApp.Test.dll","CodeFilePath":null,"LineNumber":0,"Properties":[{"Key":{"Id":"NUnit.Seed","Label":"Seed","Category":"","Description":"","Attributes":0,"ValueType":"System.String"},"Value":"1908512458"}]},"Attachments":[],"Outcome":1,"ErrorMessage":null,"ErrorStackTrace":null,"DisplayName":"Test_EditDepartmentPost_WithResponse","Messages":[],"ComputerName":"UPE002616","Duration":"00:00:00.0135550","StartTime":"2022-12-04T20:02:18.7825593+00:00","EndTime":"2022-12-04T20:02:18.7961139+00:00","Properties":[{"Key":{"Id":"NUnit.Seed","Label":"Seed","Category":"","Description":"","Attributes":0,"ValueType":"System.String"},"Value":"1908512458"}]}],"TestRunStatistics":{"ExecutedTests":9,"Stats":{"Passed":9}},"ActiveTests":[{"Id":"4c55138a-684f-5583-c827-637bd8c03d68","FullyQualifiedName":"ProjectTimeWebApp.Test.Controller.TestDepartmentController.Test_EditDepartmentGet_WithResponse","DisplayName":"Test_EditDepartmentGet_WithResponse","ExecutorUri":"executor://NUnit3TestExecutor","Source":"C:\\EAD\\ProjectTime\\ProjectTimeWebApp.Test\\bin\\Debug\\net6.0\\fine-code-coverage\\build-output\\ProjectTimeWebApp.Test.dll","CodeFilePath":null,"LineNumber":0,"Properties":[{"Key":{"Id":"NUnit.Seed","Label":"Seed","Category":"","Description":"","Attributes":0,"ValueType":"System.String"},"Value":"2004435745"}]}]}}
TpTrace Verbose: 0 : 8296, 13, 2022/12/04, 20:02:18.847, 14532026967834, vstest.console.dll, TestRunRequest:SendTestRunStatsChange: Starting.
TpTrace Verbose: 0 : 8296, 13, 2022/12/04, 20:02:18.847, 14532026969321, vstest.console.dll, InProgress is Test_EditDepartmentGet_WithResponse
TpTrace Verbose: 0 : 8296, 13, 2022/12/04, 20:02:18.848, 14532026971355, vstest.console.dll, MulticastDelegateUtilities.SafeInvoke: TestRun.RunStatsChanged: Invoking callbacks was skipped because there are no subscribers.
TpTrace Information: 0 : 8296, 13, 2022/12/04, 20:02:18.848, 14532026971627, vstest.console.dll, TestRunRequest:SendTestRunStatsChange: Completed.
TpTrace Verbose: 0 : 8296, 13, 2022/12/04, 20:02:18.848, 14532026971853, vstest.console.dll, MulticastDelegateUtilities.SafeInvoke: LengthPrefixCommunicationChannel: MessageReceived: Invoking callback 1/1 for Microsoft.VisualStudio.TestPlatform.CommunicationUtilities.TestRequestSender+<>c__DisplayClass31_0., took 28 ms.
TpTrace Verbose: 0 : 8296, 13, 2022/12/04, 20:02:18.848, 14532026972038, vstest.console.dll, TcpClientExtensions.MessageLoopAsync: Polling on remoteEndPoint: 127.0.0.1:63560 localEndPoint: 127.0.0.1:63559
TpTrace Verbose: 0 : 8296, 4, 2022/12/04, 20:02:18.849, 14532026985947, vstest.console.dll, MulticastDelegateUtilities.SafeInvoke: InternalTestLoggerEvents.SendTestResult: Invoking callback 1/1 for Microsoft.VisualStudio.TestPlatform.CommandLine.Internal.ConsoleLogger., took 1 ms.
TpTrace Verbose: 0 : 8296, 4, 2022/12/04, 20:02:18.849, 14532026987951, vstest.console.dll, MulticastDelegateUtilities.SafeInvoke: InternalTestLoggerEvents.SendTestResult: Invoking callback 1/1 for Microsoft.VisualStudio.TestPlatform.CommandLine.Internal.ConsoleLogger., took 0 ms.
TpTrace Verbose: 0 : 8296, 4, 2022/12/04, 20:02:18.849, 14532026988398, vstest.console.dll, MulticastDelegateUtilities.SafeInvoke: InternalTestLoggerEvents.SendTestResult: Invoking callback 1/1 for Microsoft.VisualStudio.TestPlatform.CommandLine.Internal.ConsoleLogger., took 0 ms.
TpTrace Verbose: 0 : 8296, 4, 2022/12/04, 20:02:18.849, 14532026988611, vstest.console.dll, MulticastDelegateUtilities.SafeInvoke: InternalTestLoggerEvents.SendTestResult: Invoking callback 1/1 for Microsoft.VisualStudio.TestPlatform.CommandLine.Internal.ConsoleLogger., took 0 ms.
TpTrace Verbose: 0 : 8296, 4, 2022/12/04, 20:02:18.849, 14532026988788, vstest.console.dll, MulticastDelegateUtilities.SafeInvoke: InternalTestLoggerEvents.SendTestResult: Invoking callback 1/1 for Microsoft.VisualStudio.TestPlatform.CommandLine.Internal.ConsoleLogger., took 0 ms.
TpTrace Verbose: 0 : 8296, 4, 2022/12/04, 20:02:18.849, 14532026988965, vstest.console.dll, MulticastDelegateUtilities.SafeInvoke: InternalTestLoggerEvents.SendTestResult: Invoking callback 1/1 for Microsoft.VisualStudio.TestPlatform.CommandLine.Internal.ConsoleLogger., took 0 ms.
TpTrace Verbose: 0 : 8296, 4, 2022/12/04, 20:02:18.849, 14532026989155, vstest.console.dll, MulticastDelegateUtilities.SafeInvoke: InternalTestLoggerEvents.SendTestResult: Invoking callback 1/1 for Microsoft.VisualStudio.TestPlatform.CommandLine.Internal.ConsoleLogger., took 0 ms.
TpTrace Verbose: 0 : 8296, 4, 2022/12/04, 20:02:18.849, 14532026989383, vstest.console.dll, MulticastDelegateUtilities.SafeInvoke: InternalTestLoggerEvents.SendTestResult: Invoking callback 1/1 for Microsoft.VisualStudio.TestPlatform.CommandLine.Internal.ConsoleLogger., took 0 ms.
TpTrace Verbose: 0 : 8296, 4, 2022/12/04, 20:02:18.849, 14532026989595, vstest.console.dll, MulticastDelegateUtilities.SafeInvoke: InternalTestLoggerEvents.SendTestResult: Invoking callback 1/1 for Microsoft.VisualStudio.TestPlatform.CommandLine.Internal.ConsoleLogger., took 0 ms.
TpTrace Verbose: 0 : 8296, 13, 2022/12/04, 20:02:18.870, 14532027198227, vstest.console.dll, TcpClientExtensions.MessageLoopAsync: NotifyDataAvailable remoteEndPoint: 127.0.0.1:63560 localEndPoint: 127.0.0.1:63559
TpTrace Verbose: 0 : 8296, 13, 2022/12/04, 20:02:18.871, 14532027200217, vstest.console.dll, TestRequestSender.OnExecutionMessageReceived: Received message: {"Version":5,"MessageType":"TestExecution.StatsChange","Payload":{"NewTestResults":[{"TestCase":{"Id":"4c55138a-684f-5583-c827-637bd8c03d68","FullyQualifiedName":"ProjectTimeWebApp.Test.Controller.TestDepartmentController.Test_EditDepartmentGet_WithResponse","DisplayName":"Test_EditDepartmentGet_WithResponse","ExecutorUri":"executor://NUnit3TestExecutor","Source":"C:\\EAD\\ProjectTime\\ProjectTimeWebApp.Test\\bin\\Debug\\net6.0\\fine-code-coverage\\build-output\\ProjectTimeWebApp.Test.dll","CodeFilePath":null,"LineNumber":0,"Properties":[{"Key":{"Id":"NUnit.Seed","Label":"Seed","Category":"","Description":"","Attributes":0,"ValueType":"System.String"},"Value":"2004435745"}]},"Attachments":[],"Outcome":1,"ErrorMessage":null,"ErrorStackTrace":null,"DisplayName":"Test_EditDepartmentGet_WithResponse","Messages":[],"ComputerName":"UPE002616","Duration":"00:00:00.0007930","StartTime":"2022-12-04T20:02:18.7961524+00:00","EndTime":"2022-12-04T20:02:18.7969457+00:00","Properties":[{"Key":{"Id":"NUnit.Seed","Label":"Seed","Category":"","Description":"","Attributes":0,"ValueType":"System.String"},"Value":"2004435745"}]},{"TestCase":{"Id":"3dd3992a-b4bf-0f6e-5db4-3124cd9755f3","FullyQualifiedName":"ProjectTimeWebApp.Test.Controller.TestHomeController.Test_HomeControllerIndex_WithResponse","DisplayName":"Test_HomeControllerIndex_WithResponse","ExecutorUri":"executor://NUnit3TestExecutor","Source":"C:\\EAD\\ProjectTime\\ProjectTimeWebApp.Test\\bin\\Debug\\net6.0\\fine-code-coverage\\build-output\\ProjectTimeWebApp.Test.dll","CodeFilePath":null,"LineNumber":0,"Properties":[{"Key":{"Id":"NUnit.Seed","Label":"Seed","Category":"","Description":"","Attributes":0,"ValueType":"System.String"},"Value":"58449196"}]},"Attachments":[],"Outcome":1,"ErrorMessage":null,"ErrorStackTrace":null,"DisplayName":"Test_HomeControllerIndex_WithResponse","Messages":[],"ComputerName":"UPE002616","Duration":"00:00:00.0019990","StartTime":"2022-12-04T20:02:18.7971625+00:00","EndTime":"2022-12-04T20:02:18.7991614+00:00","Properties":[{"Key":{"Id":"NUnit.Seed","Label":"Seed","Category":"","Description":"","Attributes":0,"ValueType":"System.String"},"Value":"58449196"}]},{"TestCase":{"Id":"796d0a99-6e74-4f43-0588-c97b6cdf41a0","FullyQualifiedName":"ProjectTimeWebApp.Test.Controller.TestHomeController.Test_PrivacyControllerIndex_WithResponse","DisplayName":"Test_PrivacyControllerIndex_WithResponse","ExecutorUri":"executor://NUnit3TestExecutor","Source":"C:\\EAD\\ProjectTime\\ProjectTimeWebApp.Test\\bin\\Debug\\net6.0\\fine-code-coverage\\build-output\\ProjectTimeWebApp.Test.dll","CodeFilePath":null,"LineNumber":0,"Properties":[{"Key":{"Id":"NUnit.Seed","Label":"Seed","Category":"","Description":"","Attributes":0,"ValueType":"System.String"},"Value":"15991627"}]},"Attachments":[],"Outcome":1,"ErrorMessage":null,"ErrorStackTrace":null,"DisplayName":"Test_PrivacyControllerIndex_WithResponse","Messages":[],"ComputerName":"UPE002616","Duration":"00:00:00.0003070","StartTime":"2022-12-04T20:02:18.7991743+00:00","EndTime":"2022-12-04T20:02:18.7994808+00:00","Properties":[{"Key":{"Id":"NUnit.Seed","Label":"Seed","Category":"","Description":"","Attributes":0,"ValueType":"System.String"},"Value":"15991627"}]},{"TestCase":{"Id":"719ef39b-a56c-3847-6e0e-4ae6ac9332c4","FullyQualifiedName":"ProjectTimeWebApp.Test.Controller.TestNonWorkingDaysController.Test_Controller_Index_ReturnsSuccess()","DisplayName":"Test_Controller_Index_ReturnsSuccess()","ExecutorUri":"executor://NUnit3TestExecutor","Source":"C:\\EAD\\ProjectTime\\ProjectTimeWebApp.Test\\bin\\Debug\\net6.0\\fine-code-coverage\\build-output\\ProjectTimeWebApp.Test.dll","CodeFilePath":null,"LineNumber":0,"Properties":[{"Key":{"Id":"NUnit.Seed","Label":"Seed","Category":"","Description":"","Attributes":0,"ValueType":"System.String"},"Value":"771784685"}]},"Attachments":[],"Outcome":1,"ErrorMessage":null,"ErrorStackTrace":null,"DisplayName":"Test_Controller_Index_ReturnsSuccess()","Messages":[],"ComputerName":"UPE002616","Duration":"00:00:00.0012590","StartTime":"2022-12-04T20:02:18.8342027+00:00","EndTime":"2022-12-04T20:02:18.8354617+00:00","Properties":[{"Key":{"Id":"NUnit.Seed","Label":"Seed","Category":"","Description":"","Attributes":0,"ValueType":"System.String"},"Value":"771784685"}]},{"TestCase":{"Id":"cd8abbe4-df00-9d87-7dd2-5ef70ba515f6","FullyQualifiedName":"ProjectTimeWebApp.Test.Controller.TestNonWorkingDaysController.Test_CreateControllerGet_ReturnsSuccess","DisplayName":"Test_CreateControllerGet_ReturnsSuccess","ExecutorUri":"executor://NUnit3TestExecutor","Source":"C:\\EAD\\ProjectTime\\ProjectTimeWebApp.Test\\bin\\Debug\\net6.0\\fine-code-coverage\\build-output\\ProjectTimeWebApp.Test.dll","CodeFilePath":null,"LineNumber":0,"Properties":[{"Key":{"Id":"NUnit.Seed","Label":"Seed","Category":"","Description":"","Attributes":0,"ValueType":"System.String"},"Value":"2101590028"}]},"Attachments":[],"Outcome":1,"ErrorMessage":null,"ErrorStackTrace":null,"DisplayName":"Test_CreateControllerGet_ReturnsSuccess","Messages":[],"ComputerName":"UPE002616","Duration":"00:00:00.0004900","StartTime":"2022-12-04T20:02:18.8354865+00:00","EndTime":"2022-12-04T20:02:18.835976+00:00","Properties":[{"Key":{"Id":"NUnit.Seed","Label":"Seed","Category":"","Description":"","Attributes":0,"ValueType":"System.String"},"Value":"2101590028"}]},{"TestCase":{"Id":"f2dfd5e4-e312-2dd1-1afb-b0b5493e6957","FullyQualifiedName":"ProjectTimeWebApp.Test.Controller.TestNonWorkingDaysController.Test_CreateControllerPost_WithResponse","DisplayName":"Test_CreateControllerPost_WithResponse","ExecutorUri":"executor://NUnit3TestExecutor","Source":"C:\\EAD\\ProjectTime\\ProjectTimeWebApp.Test\\bin\\Debug\\net6.0\\fine-code-coverage\\build-output\\ProjectTimeWebApp.Test.dll","CodeFilePath":null,"LineNumber":0,"Properties":[{"Key":{"Id":"NUnit.Seed","Label":"Seed","Category":"","Description":"","Attributes":0,"ValueType":"System.String"},"Value":"981726975"}]},"Attachments":[],"Outcome":1,"ErrorMessage":null,"ErrorStackTrace":null,"DisplayName":"Test_CreateControllerPost_WithResponse","Messages":[],"ComputerName":"UPE002616","Duration":"00:00:00.0104050","StartTime":"2022-12-04T20:02:18.8359897+00:00","EndTime":"2022-12-04T20:02:18.8463939+00:00","Properties":[{"Key":{"Id":"NUnit.Seed","Label":"Seed","Category":"","Description":"","Attributes":0,"ValueType":"System.String"},"Value":"981726975"}]},{"TestCase":{"Id":"8dd81402-30b1-b336-56c6-c49c5ad15b47","FullyQualifiedName":"ProjectTimeWebApp.Test.Controller.TestNonWorkingDaysController.Test_EditNWDsPost_WithResponse","DisplayName":"Test_EditNWDsPost_WithResponse","ExecutorUri":"executor://NUnit3TestExecutor","Source":"C:\\EAD\\ProjectTime\\ProjectTimeWebApp.Test\\bin\\Debug\\net6.0\\fine-code-coverage\\build-output\\ProjectTimeWebApp.Test.dll","CodeFilePath":null,"LineNumber":0,"Properties":[{"Key":{"Id":"NUnit.Seed","Label":"Seed","Category":"","Description":"","Attributes":0,"ValueType":"System.String"},"Value":"408689035"}]},"Attachments":[],"Outcome":1,"ErrorMessage":null,"ErrorStackTrace":null,"DisplayName":"Test_EditNWDsPost_WithResponse","Messages":[],"ComputerName":"UPE002616","Duration":"00:00:00.0110330","StartTime":"2022-12-04T20:02:18.8464182+00:00","EndTime":"2022-12-04T20:02:18.8574503+00:00","Properties":[{"Key":{"Id":"NUnit.Seed","Label":"Seed","Category":"","Description":"","Attributes":0,"ValueType":"System.String"},"Value":"408689035"}]},{"TestCase":{"Id":"72784ad8-e89d-26f2-5c68-cbd3e71e58a7","FullyQualifiedName":"ProjectTimeWebApp.Test.Controller.TestNonWorkingDaysController.Test_EditNWDsGet_WithResponse","DisplayName":"Test_EditNWDsGet_WithResponse","ExecutorUri":"executor://NUnit3TestExecutor","Source":"C:\\EAD\\ProjectTime\\ProjectTimeWebApp.Test\\bin\\Debug\\net6.0\\fine-code-coverage\\build-output\\ProjectTimeWebApp.Test.dll","CodeFilePath":null,"LineNumber":0,"Properties":[{"Key":{"Id":"NUnit.Seed","Label":"Seed","Category":"","Description":"","Attributes":0,"ValueType":"System.String"},"Value":"124898275"}]},"Attachments":[],"Outcome":1,"ErrorMessage":null,"ErrorStackTrace":null,"DisplayName":"Test_EditNWDsGet_WithResponse","Messages":[],"ComputerName":"UPE002616","Duration":"00:00:00.0052119","StartTime":"2022-12-04T20:02:18.8574748+00:00","EndTime":"2022-12-04T20:02:18.8626864+00:00","Properties":[{"Key":{"Id":"NUnit.Seed","Label":"Seed","Category":"","Description":"","Attributes":0,"ValueType":"System.String"},"Value":"124898275"}]},{"TestCase":{"Id":"c6d47ef6-e637-7b8a-932f-24fe828bb9f4","FullyQualifiedName":"ProjectTimeWebApp.Test.Controller.TestNonWorkingDaysController.Test_DeleteNWDsGet_WithResponse","DisplayName":"Test_DeleteNWDsGet_WithResponse","ExecutorUri":"executor://NUnit3TestExecutor","Source":"C:\\EAD\\ProjectTime\\ProjectTimeWebApp.Test\\bin\\Debug\\net6.0\\fine-code-coverage\\build-output\\ProjectTimeWebApp.Test.dll","CodeFilePath":null,"LineNumber":0,"Properties":[{"Key":{"Id":"NUnit.Seed","Label":"Seed","Category":"","Description":"","Attributes":0,"ValueType":"System.String"},"Value":"360825997"}]},"Attachments":[],"Outcome":1,"ErrorMessage":null,"ErrorStackTrace":null,"DisplayName":"Test_DeleteNWDsGet_WithResponse","Messages":[],"ComputerName":"UPE002616","Duration":"00:00:00.0011019","StartTime":"2022-12-04T20:02:18.8627196+00:00","EndTime":"2022-12-04T20:02:18.8638215+00:00","Properties":[{"Key":{"Id":"NUnit.Seed","Label":"Seed","Category":"","Description":"","Attributes":0,"ValueType":"System.String"},"Value":"360825997"}]}],"TestRunStatistics":{"ExecutedTests":18,"Stats":{"Passed":18}},"ActiveTests":[{"Id":"e763a97b-824a-7f4e-68cf-1b5765bb4e93","FullyQualifiedName":"ProjectTimeWebApp.Test.Controller.TestNonWorkingDaysController.Test_DeleteNWDsPost_WithResponse","DisplayName":"Test_DeleteNWDsPost_WithResponse","ExecutorUri":"executor://NUnit3TestExecutor","Source":"C:\\EAD\\ProjectTime\\ProjectTimeWebApp.Test\\bin\\Debug\\net6.0\\fine-code-coverage\\build-output\\ProjectTimeWebApp.Test.dll","CodeFilePath":null,"LineNumber":0,"Properties":[{"Key":{"Id":"NUnit.Seed","Label":"Seed","Category":"","Description":"","Attributes":0,"ValueType":"System.String"},"Value":"1799588537"}]}]}}
TpTrace Verbose: 0 : 8296, 13, 2022/12/04, 20:02:18.872, 14532027216133, vstest.console.dll, TestRunRequest:SendTestRunStatsChange: Starting.
TpTrace Verbose: 0 : 8296, 13, 2022/12/04, 20:02:18.872, 14532027216772, vstest.console.dll, InProgress is Test_DeleteNWDsPost_WithResponse
TpTrace Verbose: 0 : 8296, 13, 2022/12/04, 20:02:18.872, 14532027217578, vstest.console.dll, MulticastDelegateUtilities.SafeInvoke: TestRun.RunStatsChanged: Invoking callbacks was skipped because there are no subscribers.
TpTrace Information: 0 : 8296, 13, 2022/12/04, 20:02:18.872, 14532027217849, vstest.console.dll, TestRunRequest:SendTestRunStatsChange: Completed.
TpTrace Verbose: 0 : 8296, 13, 2022/12/04, 20:02:18.872, 14532027218156, vstest.console.dll, MulticastDelegateUtilities.SafeInvoke: LengthPrefixCommunicationChannel: MessageReceived: Invoking callback 1/1 for Microsoft.VisualStudio.TestPlatform.CommunicationUtilities.TestRequestSender+<>c__DisplayClass31_0., took 1 ms.
TpTrace Verbose: 0 : 8296, 4, 2022/12/04, 20:02:18.872, 14532027218193, vstest.console.dll, MulticastDelegateUtilities.SafeInvoke: InternalTestLoggerEvents.SendTestResult: Invoking callback 1/1 for Microsoft.VisualStudio.TestPlatform.CommandLine.Internal.ConsoleLogger., took 0 ms.
TpTrace Verbose: 0 : 8296, 13, 2022/12/04, 20:02:18.872, 14532027218447, vstest.console.dll, TcpClientExtensions.MessageLoopAsync: Polling on remoteEndPoint: 127.0.0.1:63560 localEndPoint: 127.0.0.1:63559
TpTrace Verbose: 0 : 8296, 4, 2022/12/04, 20:02:18.872, 14532027219144, vstest.console.dll, MulticastDelegateUtilities.SafeInvoke: InternalTestLoggerEvents.SendTestResult: Invoking callback 1/1 for Microsoft.VisualStudio.TestPlatform.CommandLine.Internal.ConsoleLogger., took 0 ms.
TpTrace Verbose: 0 : 8296, 4, 2022/12/04, 20:02:18.872, 14532027219761, vstest.console.dll, MulticastDelegateUtilities.SafeInvoke: InternalTestLoggerEvents.SendTestResult: Invoking callback 1/1 for Microsoft.VisualStudio.TestPlatform.CommandLine.Internal.ConsoleLogger., took 0 ms.
TpTrace Verbose: 0 : 8296, 4, 2022/12/04, 20:02:18.873, 14532027227559, vstest.console.dll, MulticastDelegateUtilities.SafeInvoke: InternalTestLoggerEvents.SendTestResult: Invoking callback 1/1 for Microsoft.VisualStudio.TestPlatform.CommandLine.Internal.ConsoleLogger., took 0 ms.
TpTrace Verbose: 0 : 8296, 4, 2022/12/04, 20:02:18.873, 14532027228313, vstest.console.dll, MulticastDelegateUtilities.SafeInvoke: InternalTestLoggerEvents.SendTestResult: Invoking callback 1/1 for Microsoft.VisualStudio.TestPlatform.CommandLine.Internal.ConsoleLogger., took 0 ms.
TpTrace Verbose: 0 : 8296, 4, 2022/12/04, 20:02:18.873, 14532027228731, vstest.console.dll, MulticastDelegateUtilities.SafeInvoke: InternalTestLoggerEvents.SendTestResult: Invoking callback 1/1 for Microsoft.VisualStudio.TestPlatform.CommandLine.Internal.ConsoleLogger., took 0 ms.
TpTrace Verbose: 0 : 8296, 4, 2022/12/04, 20:02:18.873, 14532027229055, vstest.console.dll, MulticastDelegateUtilities.SafeInvoke: InternalTestLoggerEvents.SendTestResult: Invoking callback 1/1 for Microsoft.VisualStudio.TestPlatform.CommandLine.Internal.ConsoleLogger., took 0 ms.
TpTrace Verbose: 0 : 8296, 4, 2022/12/04, 20:02:18.873, 14532027229359, vstest.console.dll, MulticastDelegateUtilities.SafeInvoke: InternalTestLoggerEvents.SendTestResult: Invoking callback 1/1 for Microsoft.VisualStudio.TestPlatform.CommandLine.Internal.ConsoleLogger., took 0 ms.
TpTrace Verbose: 0 : 8296, 4, 2022/12/04, 20:02:18.873, 14532027229577, vstest.console.dll, MulticastDelegateUtilities.SafeInvoke: InternalTestLoggerEvents.SendTestResult: Invoking callback 1/1 for Microsoft.VisualStudio.TestPlatform.CommandLine.Internal.ConsoleLogger., took 0 ms.
TpTrace Verbose: 0 : 8296, 13, 2022/12/04, 20:02:18.970, 14532028199941, vstest.console.dll, TcpClientExtensions.MessageLoopAsync: NotifyDataAvailable remoteEndPoint: 127.0.0.1:63560 localEndPoint: 127.0.0.1:63559
TpTrace Verbose: 0 : 8296, 13, 2022/12/04, 20:02:18.971, 14532028202520, vstest.console.dll, TestRequestSender.OnExecutionMessageReceived: Received message: {"Version":5,"MessageType":"TestExecution.StatsChange","Payload":{"NewTestResults":[{"TestCase":{"Id":"e763a97b-824a-7f4e-68cf-1b5765bb4e93","FullyQualifiedName":"ProjectTimeWebApp.Test.Controller.TestNonWorkingDaysController.Test_DeleteNWDsPost_WithResponse","DisplayName":"Test_DeleteNWDsPost_WithResponse","ExecutorUri":"executor://NUnit3TestExecutor","Source":"C:\\EAD\\ProjectTime\\ProjectTimeWebApp.Test\\bin\\Debug\\net6.0\\fine-code-coverage\\build-output\\ProjectTimeWebApp.Test.dll","CodeFilePath":null,"LineNumber":0,"Properties":[{"Key":{"Id":"NUnit.Seed","Label":"Seed","Category":"","Description":"","Attributes":0,"ValueType":"System.String"},"Value":"1799588537"}]},"Attachments":[],"Outcome":1,"ErrorMessage":null,"ErrorStackTrace":null,"DisplayName":"Test_DeleteNWDsPost_WithResponse","Messages":[],"ComputerName":"UPE002616","Duration":"00:00:00.0106750","StartTime":"2022-12-04T20:02:18.8638341+00:00","EndTime":"2022-12-04T20:02:18.8745078+00:00","Properties":[{"Key":{"Id":"NUnit.Seed","Label":"Seed","Category":"","Description":"","Attributes":0,"ValueType":"System.String"},"Value":"1799588537"}]},{"TestCase":{"Id":"2aa38865-7438-228d-729b-13deac7ad58b","FullyQualifiedName":"ProjectTimeWebApp.Test.Controller.TestProjectController.Test_CreateConrollerPost_WithResponse","DisplayName":"Test_CreateConrollerPost_WithResponse","ExecutorUri":"executor://NUnit3TestExecutor","Source":"C:\\EAD\\ProjectTime\\ProjectTimeWebApp.Test\\bin\\Debug\\net6.0\\fine-code-coverage\\build-output\\ProjectTimeWebApp.Test.dll","CodeFilePath":null,"LineNumber":0,"Properties":[{"Key":{"Id":"NUnit.Seed","Label":"Seed","Category":"","Description":"","Attributes":0,"ValueType":"System.String"},"Value":"1328088262"}]},"Attachments":[],"Outcome":1,"ErrorMessage":null,"ErrorStackTrace":null,"DisplayName":"Test_CreateConrollerPost_WithResponse","Messages":[],"ComputerName":"UPE002616","Duration":"00:00:00.0122890","StartTime":"2022-12-04T20:02:18.8947014+00:00","EndTime":"2022-12-04T20:02:18.9069901+00:00","Properties":[{"Key":{"Id":"NUnit.Seed","Label":"Seed","Category":"","Description":"","Attributes":0,"ValueType":"System.String"},"Value":"1328088262"}]},{"TestCase":{"Id":"86ccd76d-b13d-1f02-b0da-cdac2699f2e2","FullyQualifiedName":"ProjectTimeWebApp.Test.Controller.TestProjectController.Test_CreateControllerGet_ReturnsSuccess","DisplayName":"Test_CreateControllerGet_ReturnsSuccess","ExecutorUri":"executor://NUnit3TestExecutor","Source":"C:\\EAD\\ProjectTime\\ProjectTimeWebApp.Test\\bin\\Debug\\net6.0\\fine-code-coverage\\build-output\\ProjectTimeWebApp.Test.dll","CodeFilePath":null,"LineNumber":0,"Properties":[{"Key":{"Id":"NUnit.Seed","Label":"Seed","Category":"","Description":"","Attributes":0,"ValueType":"System.String"},"Value":"358857451"}]},"Attachments":[],"Outcome":1,"ErrorMessage":null,"ErrorStackTrace":null,"DisplayName":"Test_CreateControllerGet_ReturnsSuccess","Messages":[],"ComputerName":"UPE002616","Duration":"00:00:00.0005230","StartTime":"2022-12-04T20:02:18.9070156+00:00","EndTime":"2022-12-04T20:02:18.9075379+00:00","Properties":[{"Key":{"Id":"NUnit.Seed","Label":"Seed","Category":"","Description":"","Attributes":0,"ValueType":"System.String"},"Value":"358857451"}]},{"TestCase":{"Id":"96a6d3cb-32bd-8568-27b5-7c4719c90892","FullyQualifiedName":"ProjectTimeWebApp.Test.Controller.TestProjectController.Test_ProjectController_Index_ReturnsSuccess","DisplayName":"Test_ProjectController_Index_ReturnsSuccess","ExecutorUri":"executor://NUnit3TestExecutor","Source":"C:\\EAD\\ProjectTime\\ProjectTimeWebApp.Test\\bin\\Debug\\net6.0\\fine-code-coverage\\build-output\\ProjectTimeWebApp.Test.dll","CodeFilePath":null,"LineNumber":0,"Properties":[{"Key":{"Id":"NUnit.Seed","Label":"Seed","Category":"","Description":"","Attributes":0,"ValueType":"System.String"},"Value":"1606913071"}]},"Attachments":[],"Outcome":1,"ErrorMessage":null,"ErrorStackTrace":null,"DisplayName":"Test_ProjectController_Index_ReturnsSuccess","Messages":[],"ComputerName":"UPE002616","Duration":"00:00:00.0090340","StartTime":"2022-12-04T20:02:18.9075472+00:00","EndTime":"2022-12-04T20:02:18.9165803+00:00","Properties":[{"Key":{"Id":"NUnit.Seed","Label":"Seed","Category":"","Description":"","Attributes":0,"ValueType":"System.String"},"Value":"1606913071"}]},{"TestCase":{"Id":"2b0d0817-ded4-a640-e95b-ec9661be0d7a","FullyQualifiedName":"ProjectTimeWebApp.Test.Controller.TestProjectController.Test_DeleteProjectGet_WithResponse","DisplayName":"Test_DeleteProjectGet_WithResponse","ExecutorUri":"executor://NUnit3TestExecutor","Source":"C:\\EAD\\ProjectTime\\ProjectTimeWebApp.Test\\bin\\Debug\\net6.0\\fine-code-coverage\\build-output\\ProjectTimeWebApp.Test.dll","CodeFilePath":null,"LineNumber":0,"Properties":[{"Key":{"Id":"NUnit.Seed","Label":"Seed","Category":"","Description":"","Attributes":0,"ValueType":"System.String"},"Value":"241737668"}]},"Attachments":[],"Outcome":1,"ErrorMessage":null,"ErrorStackTrace":null,"DisplayName":"Test_DeleteProjectGet_WithResponse","Messages":[],"ComputerName":"UPE002616","Duration":"00:00:00.0039769","StartTime":"2022-12-04T20:02:18.9166004+00:00","EndTime":"2022-12-04T20:02:18.9205775+00:00","Properties":[{"Key":{"Id":"NUnit.Seed","Label":"Seed","Category":"","Description":"","Attributes":0,"ValueType":"System.String"},"Value":"241737668"}]},{"TestCase":{"Id":"8fc45136-5e0e-ffe4-46c5-870c487cd1e1","FullyQualifiedName":"ProjectTimeWebApp.Test.Controller.TestProjectController.Test_DeleteProjectPost_WithResponse","DisplayName":"Test_DeleteProjectPost_WithResponse","ExecutorUri":"executor://NUnit3TestExecutor","Source":"C:\\EAD\\ProjectTime\\ProjectTimeWebApp.Test\\bin\\Debug\\net6.0\\fine-code-coverage\\build-output\\ProjectTimeWebApp.Test.dll","CodeFilePath":null,"LineNumber":0,"Properties":[{"Key":{"Id":"NUnit.Seed","Label":"Seed","Category":"","Description":"","Attributes":0,"ValueType":"System.String"},"Value":"2009255882"}]},"Attachments":[],"Outcome":1,"ErrorMessage":null,"ErrorStackTrace":null,"DisplayName":"Test_DeleteProjectPost_WithResponse","Messages":[],"ComputerName":"UPE002616","Duration":"00:00:00.0018830","StartTime":"2022-12-04T20:02:18.9205905+00:00","EndTime":"2022-12-04T20:02:18.9224737+00:00","Properties":[{"Key":{"Id":"NUnit.Seed","Label":"Seed","Category":"","Description":"","Attributes":0,"ValueType":"System.String"},"Value":"2009255882"}]},{"TestCase":{"Id":"85bbb0d4-b793-d2de-67c8-b545c8db429d","FullyQualifiedName":"ProjectTimeWebApp.Test.Controller.TestProjectController.Test_EditProjectPost_WithResponse","DisplayName":"Test_EditProjectPost_WithResponse","ExecutorUri":"executor://NUnit3TestExecutor","Source":"C:\\EAD\\ProjectTime\\ProjectTimeWebApp.Test\\bin\\Debug\\net6.0\\fine-code-coverage\\build-output\\ProjectTimeWebApp.Test.dll","CodeFilePath":null,"LineNumber":0,"Properties":[{"Key":{"Id":"NUnit.Seed","Label":"Seed","Category":"","Description":"","Attributes":0,"ValueType":"System.String"},"Value":"943995227"}]},"Attachments":[],"Outcome":1,"ErrorMessage":null,"ErrorStackTrace":null,"DisplayName":"Test_EditProjectPost_WithResponse","Messages":[],"ComputerName":"UPE002616","Duration":"00:00:00.0189800","StartTime":"2022-12-04T20:02:18.9224889+00:00","EndTime":"2022-12-04T20:02:18.9414684+00:00","Properties":[{"Key":{"Id":"NUnit.Seed","Label":"Seed","Category":"","Description":"","Attributes":0,"ValueType":"System.String"},"Value":"943995227"}]},{"TestCase":{"Id":"310e351a-462e-2e13-977c-39eaefe51dc3","FullyQualifiedName":"ProjectTimeWebApp.Test.Controller.TestProjectController.Test_EditProjectGet_WithResponse","DisplayName":"Test_EditProjectGet_WithResponse","ExecutorUri":"executor://NUnit3TestExecutor","Source":"C:\\EAD\\ProjectTime\\ProjectTimeWebApp.Test\\bin\\Debug\\net6.0\\fine-code-coverage\\build-output\\ProjectTimeWebApp.Test.dll","CodeFilePath":null,"LineNumber":0,"Properties":[{"Key":{"Id":"NUnit.Seed","Label":"Seed","Category":"","Description":"","Attributes":0,"ValueType":"System.String"},"Value":"616597649"}]},"Attachments":[],"Outcome":1,"ErrorMessage":null,"ErrorStackTrace":null,"DisplayName":"Test_EditProjectGet_WithResponse","Messages":[],"ComputerName":"UPE002616","Duration":"00:00:00.0019390","StartTime":"2022-12-04T20:02:18.941547+00:00","EndTime":"2022-12-04T20:02:18.943485+00:00","Properties":[{"Key":{"Id":"NUnit.Seed","Label":"Seed","Category":"","Description":"","Attributes":0,"ValueType":"System.String"},"Value":"616597649"}]},{"TestCase":{"Id":"b8d8f1de-cbea-6da8-d338-945dc197e426","FullyQualifiedName":"ProjectTimeWebApp.Test.Controller.TestProjectEstimateController.Test_Controller_Index_ReturnsSuccess()","DisplayName":"Test_Controller_Index_ReturnsSuccess()","ExecutorUri":"executor://NUnit3TestExecutor","Source":"C:\\EAD\\ProjectTime\\ProjectTimeWebApp.Test\\bin\\Debug\\net6.0\\fine-code-coverage\\build-output\\ProjectTimeWebApp.Test.dll","CodeFilePath":null,"LineNumber":0,"Properties":[{"Key":{"Id":"NUnit.Seed","Label":"Seed","Category":"","Description":"","Attributes":0,"ValueType":"System.String"},"Value":"662828413"}]},"Attachments":[],"Outcome":1,"ErrorMessage":null,"ErrorStackTrace":null,"DisplayName":"Test_Controller_Index_ReturnsSuccess()","Messages":[],"ComputerName":"UPE002616","Duration":"00:00:00.0009440","StartTime":"2022-12-04T20:02:18.9671612+00:00","EndTime":"2022-12-04T20:02:18.9681051+00:00","Properties":[{"Key":{"Id":"NUnit.Seed","Label":"Seed","Category":"","Description":"","Attributes":0,"ValueType":"System.String"},"Value":"662828413"}]}],"TestRunStatistics":{"ExecutedTests":27,"Stats":{"Passed":27}},"ActiveTests":[{"Id":"135cd1c3-cd35-8d9f-b8a6-e5cc534000eb","FullyQualifiedName":"ProjectTimeWebApp.Test.Controller.TestProjectEstimateController.Test_Controller_IndexProjectEstimate_ReturnsSuccess()","DisplayName":"Test_Controller_IndexProjectEstimate_ReturnsSuccess()","ExecutorUri":"executor://NUnit3TestExecutor","Source":"C:\\EAD\\ProjectTime\\ProjectTimeWebApp.Test\\bin\\Debug\\net6.0\\fine-code-coverage\\build-output\\ProjectTimeWebApp.Test.dll","CodeFilePath":null,"LineNumber":0,"Properties":[{"Key":{"Id":"NUnit.Seed","Label":"Seed","Category":"","Description":"","Attributes":0,"ValueType":"System.String"},"Value":"2115051296"}]}]}}
TpTrace Verbose: 0 : 8296, 13, 2022/12/04, 20:02:18.972, 14532028213959, vstest.console.dll, TestRunRequest:SendTestRunStatsChange: Starting.
TpTrace Verbose: 0 : 8296, 13, 2022/12/04, 20:02:18.972, 14532028214725, vstest.console.dll, InProgress is Test_Controller_IndexProjectEstimate_ReturnsSuccess()
TpTrace Verbose: 0 : 8296, 13, 2022/12/04, 20:02:18.972, 14532028215266, vstest.console.dll, MulticastDelegateUtilities.SafeInvoke: TestRun.RunStatsChanged: Invoking callbacks was skipped because there are no subscribers.
TpTrace Information: 0 : 8296, 13, 2022/12/04, 20:02:18.972, 14532028215478, vstest.console.dll, TestRunRequest:SendTestRunStatsChange: Completed.
TpTrace Verbose: 0 : 8296, 13, 2022/12/04, 20:02:18.972, 14532028215686, vstest.console.dll, MulticastDelegateUtilities.SafeInvoke: LengthPrefixCommunicationChannel: MessageReceived: Invoking callback 1/1 for Microsoft.VisualStudio.TestPlatform.CommunicationUtilities.TestRequestSender+<>c__DisplayClass31_0., took 1 ms.
TpTrace Verbose: 0 : 8296, 4, 2022/12/04, 20:02:18.972, 14532028215751, vstest.console.dll, MulticastDelegateUtilities.SafeInvoke: InternalTestLoggerEvents.SendTestResult: Invoking callback 1/1 for Microsoft.VisualStudio.TestPlatform.CommandLine.Internal.ConsoleLogger., took 0 ms.
TpTrace Verbose: 0 : 8296, 13, 2022/12/04, 20:02:18.972, 14532028215935, vstest.console.dll, TcpClientExtensions.MessageLoopAsync: Polling on remoteEndPoint: 127.0.0.1:63560 localEndPoint: 127.0.0.1:63559
TpTrace Verbose: 0 : 8296, 4, 2022/12/04, 20:02:18.972, 14532028216292, vstest.console.dll, MulticastDelegateUtilities.SafeInvoke: InternalTestLoggerEvents.SendTestResult: Invoking callback 1/1 for Microsoft.VisualStudio.TestPlatform.CommandLine.Internal.ConsoleLogger., took 0 ms.
TpTrace Verbose: 0 : 8296, 4, 2022/12/04, 20:02:18.972, 14532028217272, vstest.console.dll, MulticastDelegateUtilities.SafeInvoke: InternalTestLoggerEvents.SendTestResult: Invoking callback 1/1 for Microsoft.VisualStudio.TestPlatform.CommandLine.Internal.ConsoleLogger., took 0 ms.
TpTrace Verbose: 0 : 8296, 4, 2022/12/04, 20:02:18.972, 14532028217497, vstest.console.dll, MulticastDelegateUtilities.SafeInvoke: InternalTestLoggerEvents.SendTestResult: Invoking callback 1/1 for Microsoft.VisualStudio.TestPlatform.CommandLine.Internal.ConsoleLogger., took 0 ms.
TpTrace Verbose: 0 : 8296, 4, 2022/12/04, 20:02:18.972, 14532028217682, vstest.console.dll, MulticastDelegateUtilities.SafeInvoke: InternalTestLoggerEvents.SendTestResult: Invoking callback 1/1 for Microsoft.VisualStudio.TestPlatform.CommandLine.Internal.ConsoleLogger., took 0 ms.
TpTrace Verbose: 0 : 8296, 4, 2022/12/04, 20:02:18.972, 14532028217881, vstest.console.dll, MulticastDelegateUtilities.SafeInvoke: InternalTestLoggerEvents.SendTestResult: Invoking callback 1/1 for Microsoft.VisualStudio.TestPlatform.CommandLine.Internal.ConsoleLogger., took 0 ms.
TpTrace Verbose: 0 : 8296, 4, 2022/12/04, 20:02:18.972, 14532028218130, vstest.console.dll, MulticastDelegateUtilities.SafeInvoke: InternalTestLoggerEvents.SendTestResult: Invoking callback 1/1 for Microsoft.VisualStudio.TestPlatform.CommandLine.Internal.ConsoleLogger., took 0 ms.
TpTrace Verbose: 0 : 8296, 4, 2022/12/04, 20:02:18.972, 14532028218355, vstest.console.dll, MulticastDelegateUtilities.SafeInvoke: InternalTestLoggerEvents.SendTestResult: Invoking callback 1/1 for Microsoft.VisualStudio.TestPlatform.CommandLine.Internal.ConsoleLogger., took 0 ms.
TpTrace Verbose: 0 : 8296, 4, 2022/12/04, 20:02:18.972, 14532028218528, vstest.console.dll, MulticastDelegateUtilities.SafeInvoke: InternalTestLoggerEvents.SendTestResult: Invoking callback 1/1 for Microsoft.VisualStudio.TestPlatform.CommandLine.Internal.ConsoleLogger., took 0 ms.
TpTrace Verbose: 0 : 8296, 13, 2022/12/04, 20:02:19.176, 14532030256038, vstest.console.dll, TcpClientExtensions.MessageLoopAsync: NotifyDataAvailable remoteEndPoint: 127.0.0.1:63560 localEndPoint: 127.0.0.1:63559
TpTrace Verbose: 0 : 8296, 13, 2022/12/04, 20:02:19.176, 14532030257184, vstest.console.dll, TestRequestSender.OnExecutionMessageReceived: Received message: {"Version":5,"MessageType":"TestExecution.StatsChange","Payload":{"NewTestResults":[{"TestCase":{"Id":"135cd1c3-cd35-8d9f-b8a6-e5cc534000eb","FullyQualifiedName":"ProjectTimeWebApp.Test.Controller.TestProjectEstimateController.Test_Controller_IndexProjectEstimate_ReturnsSuccess()","DisplayName":"Test_Controller_IndexProjectEstimate_ReturnsSuccess()","ExecutorUri":"executor://NUnit3TestExecutor","Source":"C:\\EAD\\ProjectTime\\ProjectTimeWebApp.Test\\bin\\Debug\\net6.0\\fine-code-coverage\\build-output\\ProjectTimeWebApp.Test.dll","CodeFilePath":null,"LineNumber":0,"Properties":[{"Key":{"Id":"NUnit.Seed","Label":"Seed","Category":"","Description":"","Attributes":0,"ValueType":"System.String"},"Value":"2115051296"}]},"Attachments":[],"Outcome":1,"ErrorMessage":null,"ErrorStackTrace":null,"DisplayName":"Test_Controller_IndexProjectEstimate_ReturnsSuccess()","Messages":[],"ComputerName":"UPE002616","Duration":"00:00:00.0882260","StartTime":"2022-12-04T20:02:18.9681646+00:00","EndTime":"2022-12-04T20:02:19.0563901+00:00","Properties":[{"Key":{"Id":"NUnit.Seed","Label":"Seed","Category":"","Description":"","Attributes":0,"ValueType":"System.String"},"Value":"2115051296"}]},{"TestCase":{"Id":"9308290c-f007-84cd-458e-8b9857888636","FullyQualifiedName":"ProjectTimeWebApp.Test.Controller.TestProjectEstimateController.Test_CreateControllerGet_ReturnsSuccess","DisplayName":"Test_CreateControllerGet_ReturnsSuccess","ExecutorUri":"executor://NUnit3TestExecutor","Source":"C:\\EAD\\ProjectTime\\ProjectTimeWebApp.Test\\bin\\Debug\\net6.0\\fine-code-coverage\\build-output\\ProjectTimeWebApp.Test.dll","CodeFilePath":null,"LineNumber":0,"Properties":[{"Key":{"Id":"NUnit.Seed","Label":"Seed","Category":"","Description":"","Attributes":0,"ValueType":"System.String"},"Value":"1263381065"}]},"Attachments":[],"Outcome":1,"ErrorMessage":null,"ErrorStackTrace":null,"DisplayName":"Test_CreateControllerGet_ReturnsSuccess","Messages":[],"ComputerName":"UPE002616","Duration":"00:00:00.0460310","StartTime":"2022-12-04T20:02:19.056445+00:00","EndTime":"2022-12-04T20:02:19.1024749+00:00","Properties":[{"Key":{"Id":"NUnit.Seed","Label":"Seed","Category":"","Description":"","Attributes":0,"ValueType":"System.String"},"Value":"1263381065"}]},{"TestCase":{"Id":"03602bac-7c2e-5f43-63b7-333fcc8e076d","FullyQualifiedName":"ProjectTimeWebApp.Test.Controller.TestProjectEstimateController.Test_CreateControllerPost_WithResponseAsync","DisplayName":"Test_CreateControllerPost_WithResponseAsync","ExecutorUri":"executor://NUnit3TestExecutor","Source":"C:\\EAD\\ProjectTime\\ProjectTimeWebApp.Test\\bin\\Debug\\net6.0\\fine-code-coverage\\build-output\\ProjectTimeWebApp.Test.dll","CodeFilePath":null,"LineNumber":0,"Properties":[{"Key":{"Id":"NUnit.Seed","Label":"Seed","Category":"","Description":"","Attributes":0,"ValueType":"System.String"},"Value":"1645327274"}]},"Attachments":[],"Outcome":1,"ErrorMessage":null,"ErrorStackTrace":null,"DisplayName":"Test_CreateControllerPost_WithResponseAsync","Messages":[],"ComputerName":"UPE002616","Duration":"00:00:00.0162480","StartTime":"2022-12-04T20:02:19.1025134+00:00","EndTime":"2022-12-04T20:02:19.1187603+00:00","Properties":[{"Key":{"Id":"NUnit.Seed","Label":"Seed","Category":"","Description":"","Attributes":0,"ValueType":"System.String"},"Value":"1645327274"}]},{"TestCase":{"Id":"cf449d01-e9aa-8293-2a1a-cbe75b0818b4","FullyQualifiedName":"ProjectTimeWebApp.Test.Controller.TestProjectEstimateController.Test_EditPost_WithResponse","DisplayName":"Test_EditPost_WithResponse","ExecutorUri":"executor://NUnit3TestExecutor","Source":"C:\\EAD\\ProjectTime\\ProjectTimeWebApp.Test\\bin\\Debug\\net6.0\\fine-code-coverage\\build-output\\ProjectTimeWebApp.Test.dll","CodeFilePath":null,"LineNumber":0,"Properties":[{"Key":{"Id":"NUnit.Seed","Label":"Seed","Category":"","Description":"","Attributes":0,"ValueType":"System.String"},"Value":"991836835"}]},"Attachments":[],"Outcome":1,"ErrorMessage":null,"ErrorStackTrace":null,"DisplayName":"Test_EditPost_WithResponse","Messages":[],"ComputerName":"UPE002616","Duration":"00:00:00.0032429","StartTime":"2022-12-04T20:02:19.1187948+00:00","EndTime":"2022-12-04T20:02:19.1220373+00:00","Properties":[{"Key":{"Id":"NUnit.Seed","Label":"Seed","Category":"","Description":"","Attributes":0,"ValueType":"System.String"},"Value":"991836835"}]},{"TestCase":{"Id":"2903add4-2326-38bc-429d-2a5188101b23","FullyQualifiedName":"ProjectTimeWebApp.Test.Controller.TestProjectEstimateController.Test_EditGet_WithResponse","DisplayName":"Test_EditGet_WithResponse","ExecutorUri":"executor://NUnit3TestExecutor","Source":"C:\\EAD\\ProjectTime\\ProjectTimeWebApp.Test\\bin\\Debug\\net6.0\\fine-code-coverage\\build-output\\ProjectTimeWebApp.Test.dll","CodeFilePath":null,"LineNumber":0,"Properties":[{"Key":{"Id":"NUnit.Seed","Label":"Seed","Category":"","Description":"","Attributes":0,"ValueType":"System.String"},"Value":"577311854"}]},"Attachments":[],"Outcome":1,"ErrorMessage":null,"ErrorStackTrace":null,"DisplayName":"Test_EditGet_WithResponse","Messages":[],"ComputerName":"UPE002616","Duration":"00:00:00.0050159","StartTime":"2022-12-04T20:02:19.1220614+00:00","EndTime":"2022-12-04T20:02:19.1270765+00:00","Properties":[{"Key":{"Id":"NUnit.Seed","Label":"Seed","Category":"","Description":"","Attributes":0,"ValueType":"System.String"},"Value":"577311854"}]},{"TestCase":{"Id":"71ca04e4-8484-3baf-5138-9050aa2ca453","FullyQualifiedName":"ProjectTimeWebApp.Test.Controller.TestProjectEstimateController.Test_DeleteGet_WithResponse","DisplayName":"Test_DeleteGet_WithResponse","ExecutorUri":"executor://NUnit3TestExecutor","Source":"C:\\EAD\\ProjectTime\\ProjectTimeWebApp.Test\\bin\\Debug\\net6.0\\fine-code-coverage\\build-output\\ProjectTimeWebApp.Test.dll","CodeFilePath":null,"LineNumber":0,"Properties":[{"Key":{"Id":"NUnit.Seed","Label":"Seed","Category":"","Description":"","Attributes":0,"ValueType":"System.String"},"Value":"1231915616"}]},"Attachments":[],"Outcome":1,"ErrorMessage":null,"ErrorStackTrace":null,"DisplayName":"Test_DeleteGet_WithResponse","Messages":[],"ComputerName":"UPE002616","Duration":"00:00:00.0061500","StartTime":"2022-12-04T20:02:19.1271019+00:00","EndTime":"2022-12-04T20:02:19.1332515+00:00","Properties":[{"Key":{"Id":"NUnit.Seed","Label":"Seed","Category":"","Description":"","Attributes":0,"ValueType":"System.String"},"Value":"1231915616"}]},{"TestCase":{"Id":"d4f864a3-1825-083c-7233-324fd396f0fe","FullyQualifiedName":"ProjectTimeWebApp.Test.Controller.TestProjectEstimateController.Test_DeletePost_WithResponse","DisplayName":"Test_DeletePost_WithResponse","ExecutorUri":"executor://NUnit3TestExecutor","Source":"C:\\EAD\\ProjectTime\\ProjectTimeWebApp.Test\\bin\\Debug\\net6.0\\fine-code-coverage\\build-output\\ProjectTimeWebApp.Test.dll","CodeFilePath":null,"LineNumber":0,"Properties":[{"Key":{"Id":"NUnit.Seed","Label":"Seed","Category":"","Description":"","Attributes":0,"ValueType":"System.String"},"Value":"451258756"}]},"Attachments":[],"Outcome":1,"ErrorMessage":null,"ErrorStackTrace":null,"DisplayName":"Test_DeletePost_WithResponse","Messages":[],"ComputerName":"UPE002616","Duration":"00:00:00.0271040","StartTime":"2022-12-04T20:02:19.1332756+00:00","EndTime":"2022-12-04T20:02:19.1603794+00:00","Properties":[{"Key":{"Id":"NUnit.Seed","Label":"Seed","Category":"","Description":"","Attributes":0,"ValueType":"System.String"},"Value":"451258756"}]},{"TestCase":{"Id":"7e4568cf-47cc-6796-1bbf-5526bebe96b4","FullyQualifiedName":"ProjectTimeWebApp.Test.Controller.TestProjectStageController.Test_Controller_Index_ReturnsSuccess()","DisplayName":"Test_Controller_Index_ReturnsSuccess()","ExecutorUri":"executor://NUnit3TestExecutor","Source":"C:\\EAD\\ProjectTime\\ProjectTimeWebApp.Test\\bin\\Debug\\net6.0\\fine-code-coverage\\build-output\\ProjectTimeWebApp.Test.dll","CodeFilePath":null,"LineNumber":0,"Properties":[{"Key":{"Id":"NUnit.Seed","Label":"Seed","Category":"","Description":"","Attributes":0,"ValueType":"System.String"},"Value":"934409450"}]},"Attachments":[],"Outcome":1,"ErrorMessage":null,"ErrorStackTrace":null,"DisplayName":"Test_Controller_Index_ReturnsSuccess()","Messages":[],"ComputerName":"UPE002616","Duration":"00:00:00.0003940","StartTime":"2022-12-04T20:02:19.1728399+00:00","EndTime":"2022-12-04T20:02:19.1732335+00:00","Properties":[{"Key":{"Id":"NUnit.Seed","Label":"Seed","Category":"","Description":"","Attributes":0,"ValueType":"System.String"},"Value":"934409450"}]},{"TestCase":{"Id":"94447c16-2ef2-1368-494e-9cde85490ac3","FullyQualifiedName":"ProjectTimeWebApp.Test.Controller.TestProjectStageController.Test_CreateControllerGet_ReturnsSuccess","DisplayName":"Test_CreateControllerGet_ReturnsSuccess","ExecutorUri":"executor://NUnit3TestExecutor","Source":"C:\\EAD\\ProjectTime\\ProjectTimeWebApp.Test\\bin\\Debug\\net6.0\\fine-code-coverage\\build-output\\ProjectTimeWebApp.Test.dll","CodeFilePath":null,"LineNumber":0,"Properties":[{"Key":{"Id":"NUnit.Seed","Label":"Seed","Category":"","Description":"","Attributes":0,"ValueType":"System.String"},"Value":"1100948161"}]},"Attachments":[],"Outcome":1,"ErrorMessage":null,"ErrorStackTrace":null,"DisplayName":"Test_CreateControllerGet_ReturnsSuccess","Messages":[],"ComputerName":"UPE002616","Duration":"00:00:00.0003800","StartTime":"2022-12-04T20:02:19.1732549+00:00","EndTime":"2022-12-04T20:02:19.1736349+00:00","Properties":[{"Key":{"Id":"NUnit.Seed","Label":"Seed","Category":"","Description":"","Attributes":0,"ValueType":"System.String"},"Value":"1100948161"}]}],"TestRunStatistics":{"ExecutedTests":36,"Stats":{"Passed":36}},"ActiveTests":[{"Id":"c5a2b1ac-c28f-f2eb-5947-9d8c8f0c9a74","FullyQualifiedName":"ProjectTimeWebApp.Test.Controller.TestProjectStageController.Test_CreateControllerPost_WithResponse","DisplayName":"Test_CreateControllerPost_WithResponse","ExecutorUri":"executor://NUnit3TestExecutor","Source":"C:\\EAD\\ProjectTime\\ProjectTimeWebApp.Test\\bin\\Debug\\net6.0\\fine-code-coverage\\build-output\\ProjectTimeWebApp.Test.dll","CodeFilePath":null,"LineNumber":0,"Properties":[{"Key":{"Id":"NUnit.Seed","Label":"Seed","Category":"","Description":"","Attributes":0,"ValueType":"System.String"},"Value":"1722923052"}]}]}}
TpTrace Verbose: 0 : 8296, 13, 2022/12/04, 20:02:19.177, 14532030262967, vstest.console.dll, TestRunRequest:SendTestRunStatsChange: Starting.
TpTrace Verbose: 0 : 8296, 13, 2022/12/04, 20:02:19.177, 14532030263383, vstest.console.dll, InProgress is Test_CreateControllerPost_WithResponse
TpTrace Verbose: 0 : 8296, 13, 2022/12/04, 20:02:19.177, 14532030263668, vstest.console.dll, MulticastDelegateUtilities.SafeInvoke: TestRun.RunStatsChanged: Invoking callbacks was skipped because there are no subscribers.
TpTrace Information: 0 : 8296, 13, 2022/12/04, 20:02:19.177, 14532030263802, vstest.console.dll, TestRunRequest:SendTestRunStatsChange: Completed.
TpTrace Verbose: 0 : 8296, 13, 2022/12/04, 20:02:19.177, 14532030263958, vstest.console.dll, MulticastDelegateUtilities.SafeInvoke: LengthPrefixCommunicationChannel: MessageReceived: Invoking callback 1/1 for Microsoft.VisualStudio.TestPlatform.CommunicationUtilities.TestRequestSender+<>c__DisplayClass31_0., took 0 ms.
TpTrace Verbose: 0 : 8296, 13, 2022/12/04, 20:02:19.177, 14532030264116, vstest.console.dll, TcpClientExtensions.MessageLoopAsync: Polling on remoteEndPoint: 127.0.0.1:63560 localEndPoint: 127.0.0.1:63559
TpTrace Verbose: 0 : 8296, 4, 2022/12/04, 20:02:19.177, 14532030264341, vstest.console.dll, MulticastDelegateUtilities.SafeInvoke: InternalTestLoggerEvents.SendTestResult: Invoking callback 1/1 for Microsoft.VisualStudio.TestPlatform.CommandLine.Internal.ConsoleLogger., took 0 ms.
TpTrace Verbose: 0 : 8296, 4, 2022/12/04, 20:02:19.177, 14532030264718, vstest.console.dll, MulticastDelegateUtilities.SafeInvoke: InternalTestLoggerEvents.SendTestResult: Invoking callback 1/1 for Microsoft.VisualStudio.TestPlatform.CommandLine.Internal.ConsoleLogger., took 0 ms.
TpTrace Verbose: 0 : 8296, 4, 2022/12/04, 20:02:19.177, 14532030264919, vstest.console.dll, MulticastDelegateUtilities.SafeInvoke: InternalTestLoggerEvents.SendTestResult: Invoking callback 1/1 for Microsoft.VisualStudio.TestPlatform.CommandLine.Internal.ConsoleLogger., took 0 ms.
TpTrace Verbose: 0 : 8296, 4, 2022/12/04, 20:02:19.177, 14532030265111, vstest.console.dll, MulticastDelegateUtilities.SafeInvoke: InternalTestLoggerEvents.SendTestResult: Invoking callback 1/1 for Microsoft.VisualStudio.TestPlatform.CommandLine.Internal.ConsoleLogger., took 0 ms.
TpTrace Verbose: 0 : 8296, 4, 2022/12/04, 20:02:19.177, 14532030265282, vstest.console.dll, MulticastDelegateUtilities.SafeInvoke: InternalTestLoggerEvents.SendTestResult: Invoking callback 1/1 for Microsoft.VisualStudio.TestPlatform.CommandLine.Internal.ConsoleLogger., took 0 ms.
TpTrace Verbose: 0 : 8296, 4, 2022/12/04, 20:02:19.177, 14532030265497, vstest.console.dll, MulticastDelegateUtilities.SafeInvoke: InternalTestLoggerEvents.SendTestResult: Invoking callback 1/1 for Microsoft.VisualStudio.TestPlatform.CommandLine.Internal.ConsoleLogger., took 0 ms.
TpTrace Verbose: 0 : 8296, 4, 2022/12/04, 20:02:19.177, 14532030265670, vstest.console.dll, MulticastDelegateUtilities.SafeInvoke: InternalTestLoggerEvents.SendTestResult: Invoking callback 1/1 for Microsoft.VisualStudio.TestPlatform.CommandLine.Internal.ConsoleLogger., took 0 ms.
TpTrace Verbose: 0 : 8296, 4, 2022/12/04, 20:02:19.177, 14532030265838, vstest.console.dll, MulticastDelegateUtilities.SafeInvoke: InternalTestLoggerEvents.SendTestResult: Invoking callback 1/1 for Microsoft.VisualStudio.TestPlatform.CommandLine.Internal.ConsoleLogger., took 0 ms.
TpTrace Verbose: 0 : 8296, 4, 2022/12/04, 20:02:19.177, 14532030266577, vstest.console.dll, MulticastDelegateUtilities.SafeInvoke: InternalTestLoggerEvents.SendTestResult: Invoking callback 1/1 for Microsoft.VisualStudio.TestPlatform.CommandLine.Internal.ConsoleLogger., took 0 ms.
TpTrace Verbose: 0 : 8296, 13, 2022/12/04, 20:02:19.258, 14532031071444, vstest.console.dll, TcpClientExtensions.MessageLoopAsync: NotifyDataAvailable remoteEndPoint: 127.0.0.1:63560 localEndPoint: 127.0.0.1:63559
TpTrace Verbose: 0 : 8296, 13, 2022/12/04, 20:02:19.258, 14532031072911, vstest.console.dll, TestRequestSender.OnExecutionMessageReceived: Received message: {"Version":5,"MessageType":"TestExecution.StatsChange","Payload":{"NewTestResults":[{"TestCase":{"Id":"c5a2b1ac-c28f-f2eb-5947-9d8c8f0c9a74","FullyQualifiedName":"ProjectTimeWebApp.Test.Controller.TestProjectStageController.Test_CreateControllerPost_WithResponse","DisplayName":"Test_CreateControllerPost_WithResponse","ExecutorUri":"executor://NUnit3TestExecutor","Source":"C:\\EAD\\ProjectTime\\ProjectTimeWebApp.Test\\bin\\Debug\\net6.0\\fine-code-coverage\\build-output\\ProjectTimeWebApp.Test.dll","CodeFilePath":null,"LineNumber":0,"Properties":[{"Key":{"Id":"NUnit.Seed","Label":"Seed","Category":"","Description":"","Attributes":0,"ValueType":"System.String"},"Value":"1722923052"}]},"Attachments":[],"Outcome":1,"ErrorMessage":null,"ErrorStackTrace":null,"DisplayName":"Test_CreateControllerPost_WithResponse","Messages":[],"ComputerName":"UPE002616","Duration":"00:00:00.0069040","StartTime":"2022-12-04T20:02:19.173647+00:00","EndTime":"2022-12-04T20:02:19.1805502+00:00","Properties":[{"Key":{"Id":"NUnit.Seed","Label":"Seed","Category":"","Description":"","Attributes":0,"ValueType":"System.String"},"Value":"1722923052"}]},{"TestCase":{"Id":"655b7622-5f3f-2e4a-8db8-9b0a7846dcbc","FullyQualifiedName":"ProjectTimeWebApp.Test.Controller.TestProjectStageController.Test_EditControllerPost_WithResponse","DisplayName":"Test_EditControllerPost_WithResponse","ExecutorUri":"executor://NUnit3TestExecutor","Source":"C:\\EAD\\ProjectTime\\ProjectTimeWebApp.Test\\bin\\Debug\\net6.0\\fine-code-coverage\\build-output\\ProjectTimeWebApp.Test.dll","CodeFilePath":null,"LineNumber":0,"Properties":[{"Key":{"Id":"NUnit.Seed","Label":"Seed","Category":"","Description":"","Attributes":0,"ValueType":"System.String"},"Value":"277544259"}]},"Attachments":[],"Outcome":1,"ErrorMessage":null,"ErrorStackTrace":null,"DisplayName":"Test_EditControllerPost_WithResponse","Messages":[],"ComputerName":"UPE002616","Duration":"00:00:00.0004560","StartTime":"2022-12-04T20:02:19.1805735+00:00","EndTime":"2022-12-04T20:02:19.1810293+00:00","Properties":[{"Key":{"Id":"NUnit.Seed","Label":"Seed","Category":"","Description":"","Attributes":0,"ValueType":"System.String"},"Value":"277544259"}]},{"TestCase":{"Id":"12736a3e-ec9b-6063-5f5d-c427fb6159e7","FullyQualifiedName":"ProjectTimeWebApp.Test.Controller.TestProjectStageController.Test_EditGet_WithResponse","DisplayName":"Test_EditGet_WithResponse","ExecutorUri":"executor://NUnit3TestExecutor","Source":"C:\\EAD\\ProjectTime\\ProjectTimeWebApp.Test\\bin\\Debug\\net6.0\\fine-code-coverage\\build-output\\ProjectTimeWebApp.Test.dll","CodeFilePath":null,"LineNumber":0,"Properties":[{"Key":{"Id":"NUnit.Seed","Label":"Seed","Category":"","Description":"","Attributes":0,"ValueType":"System.String"},"Value":"1019417388"}]},"Attachments":[],"Outcome":1,"ErrorMessage":null,"ErrorStackTrace":null,"DisplayName":"Test_EditGet_WithResponse","Messages":[],"ComputerName":"UPE002616","Duration":"00:00:00.0059840","StartTime":"2022-12-04T20:02:19.1810404+00:00","EndTime":"2022-12-04T20:02:19.1870239+00:00","Properties":[{"Key":{"Id":"NUnit.Seed","Label":"Seed","Category":"","Description":"","Attributes":0,"ValueType":"System.String"},"Value":"1019417388"}]},{"TestCase":{"Id":"1dc6ef10-3e68-62b7-5778-6f78f27ccd35","FullyQualifiedName":"ProjectTimeWebApp.Test.Controller.TestProjectStageController.Test_DeleteControllerGet_WithResponse","DisplayName":"Test_DeleteControllerGet_WithResponse","ExecutorUri":"executor://NUnit3TestExecutor","Source":"C:\\EAD\\ProjectTime\\ProjectTimeWebApp.Test\\bin\\Debug\\net6.0\\fine-code-coverage\\build-output\\ProjectTimeWebApp.Test.dll","CodeFilePath":null,"LineNumber":0,"Properties":[{"Key":{"Id":"NUnit.Seed","Label":"Seed","Category":"","Description":"","Attributes":0,"ValueType":"System.String"},"Value":"1610840034"}]},"Attachments":[],"Outcome":1,"ErrorMessage":null,"ErrorStackTrace":null,"DisplayName":"Test_DeleteControllerGet_WithResponse","Messages":[],"ComputerName":"UPE002616","Duration":"00:00:00.0007370","StartTime":"2022-12-04T20:02:19.1870424+00:00","EndTime":"2022-12-04T20:02:19.1877789+00:00","Properties":[{"Key":{"Id":"NUnit.Seed","Label":"Seed","Category":"","Description":"","Attributes":0,"ValueType":"System.String"},"Value":"1610840034"}]},{"TestCase":{"Id":"676d2e43-6f7c-5cab-3d92-a454448cca61","FullyQualifiedName":"ProjectTimeWebApp.Test.Controller.TestProjectStageController.Test_DeleteControllerPost_WithResponse","DisplayName":"Test_DeleteControllerPost_WithResponse","ExecutorUri":"executor://NUnit3TestExecutor","Source":"C:\\EAD\\ProjectTime\\ProjectTimeWebApp.Test\\bin\\Debug\\net6.0\\fine-code-coverage\\build-output\\ProjectTimeWebApp.Test.dll","CodeFilePath":null,"LineNumber":0,"Properties":[{"Key":{"Id":"NUnit.Seed","Label":"Seed","Category":"","Description":"","Attributes":0,"ValueType":"System.String"},"Value":"1718505079"}]},"Attachments":[],"Outcome":1,"ErrorMessage":null,"ErrorStackTrace":null,"DisplayName":"Test_DeleteControllerPost_WithResponse","Messages":[],"ComputerName":"UPE002616","Duration":"00:00:00.0015360","StartTime":"2022-12-04T20:02:19.1877872+00:00","EndTime":"2022-12-04T20:02:19.1893229+00:00","Properties":[{"Key":{"Id":"NUnit.Seed","Label":"Seed","Category":"","Description":"","Attributes":0,"ValueType":"System.String"},"Value":"1718505079"}]},{"TestCase":{"Id":"738782a9-e4e6-60e6-3b8c-df35fb345bd9","FullyQualifiedName":"ProjectTimeWebApp.Test.Controller.TestProjectUserController.Test_CreateConrollerPost_WithResponse","DisplayName":"Test_CreateConrollerPost_WithResponse","ExecutorUri":"executor://NUnit3TestExecutor","Source":"C:\\EAD\\ProjectTime\\ProjectTimeWebApp.Test\\bin\\Debug\\net6.0\\fine-code-coverage\\build-output\\ProjectTimeWebApp.Test.dll","CodeFilePath":null,"LineNumber":0,"Properties":[{"Key":{"Id":"NUnit.Seed","Label":"Seed","Category":"","Description":"","Attributes":0,"ValueType":"System.String"},"Value":"583456002"}]},"Attachments":[],"Outcome":1,"ErrorMessage":null,"ErrorStackTrace":null,"DisplayName":"Test_CreateConrollerPost_WithResponse","Messages":[],"ComputerName":"UPE002616","Duration":"00:00:00.0110820","StartTime":"2022-12-04T20:02:19.2006571+00:00","EndTime":"2022-12-04T20:02:19.2117394+00:00","Properties":[{"Key":{"Id":"NUnit.Seed","Label":"Seed","Category":"","Description":"","Attributes":0,"ValueType":"System.String"},"Value":"583456002"}]},{"TestCase":{"Id":"e4b9bd16-60fc-faed-5cdb-fdc862991b38","FullyQualifiedName":"ProjectTimeWebApp.Test.Controller.TestProjectUserController.Test_CreateControllerGet_ReturnsSuccess","DisplayName":"Test_CreateControllerGet_ReturnsSuccess","ExecutorUri":"executor://NUnit3TestExecutor","Source":"C:\\EAD\\ProjectTime\\ProjectTimeWebApp.Test\\bin\\Debug\\net6.0\\fine-code-coverage\\build-output\\ProjectTimeWebApp.Test.dll","CodeFilePath":null,"LineNumber":0,"Properties":[{"Key":{"Id":"NUnit.Seed","Label":"Seed","Category":"","Description":"","Attributes":0,"ValueType":"System.String"},"Value":"550057210"}]},"Attachments":[],"Outcome":1,"ErrorMessage":null,"ErrorStackTrace":null,"DisplayName":"Test_CreateControllerGet_ReturnsSuccess","Messages":[],"ComputerName":"UPE002616","Duration":"00:00:00.0005910","StartTime":"2022-12-04T20:02:19.2117785+00:00","EndTime":"2022-12-04T20:02:19.2123692+00:00","Properties":[{"Key":{"Id":"NUnit.Seed","Label":"Seed","Category":"","Description":"","Attributes":0,"ValueType":"System.String"},"Value":"550057210"}]},{"TestCase":{"Id":"fd91e3ff-1ad6-cc1d-3179-11ad5c9445b6","FullyQualifiedName":"ProjectTimeWebApp.Test.Controller.TestProjectUserController.Test_ProjectUserController_Index_ReturnsSuccess","DisplayName":"Test_ProjectUserController_Index_ReturnsSuccess","ExecutorUri":"executor://NUnit3TestExecutor","Source":"C:\\EAD\\ProjectTime\\ProjectTimeWebApp.Test\\bin\\Debug\\net6.0\\fine-code-coverage\\build-output\\ProjectTimeWebApp.Test.dll","CodeFilePath":null,"LineNumber":0,"Properties":[{"Key":{"Id":"NUnit.Seed","Label":"Seed","Category":"","Description":"","Attributes":0,"ValueType":"System.String"},"Value":"601091899"}]},"Attachments":[],"Outcome":1,"ErrorMessage":null,"ErrorStackTrace":null,"DisplayName":"Test_ProjectUserController_Index_ReturnsSuccess","Messages":[],"ComputerName":"UPE002616","Duration":"00:00:00.0400360","StartTime":"2022-12-04T20:02:19.2123866+00:00","EndTime":"2022-12-04T20:02:19.2524221+00:00","Properties":[{"Key":{"Id":"NUnit.Seed","Label":"Seed","Category":"","Description":"","Attributes":0,"ValueType":"System.String"},"Value":"601091899"}]},{"TestCase":{"Id":"cdeef165-4e36-6b4f-894e-9a10522f7de8","FullyQualifiedName":"ProjectTimeWebApp.Test.Controller.TestProjectUserController.Test_DeleteProjectUserGet_WithResponse","DisplayName":"Test_DeleteProjectUserGet_WithResponse","ExecutorUri":"executor://NUnit3TestExecutor","Source":"C:\\EAD\\ProjectTime\\ProjectTimeWebApp.Test\\bin\\Debug\\net6.0\\fine-code-coverage\\build-output\\ProjectTimeWebApp.Test.dll","CodeFilePath":null,"LineNumber":0,"Properties":[{"Key":{"Id":"NUnit.Seed","Label":"Seed","Category":"","Description":"","Attributes":0,"ValueType":"System.String"},"Value":"877264414"}]},"Attachments":[],"Outcome":1,"ErrorMessage":null,"ErrorStackTrace":null,"DisplayName":"Test_DeleteProjectUserGet_WithResponse","Messages":[],"ComputerName":"UPE002616","Duration":"00:00:00.0040810","StartTime":"2022-12-04T20:02:19.2524413+00:00","EndTime":"2022-12-04T20:02:19.2565222+00:00","Properties":[{"Key":{"Id":"NUnit.Seed","Label":"Seed","Category":"","Description":"","Attributes":0,"ValueType":"System.String"},"Value":"877264414"}]}],"TestRunStatistics":{"ExecutedTests":45,"Stats":{"Passed":45}},"ActiveTests":[{"Id":"30ec68c4-8663-0daa-c796-dccdeb1b3bd1","FullyQualifiedName":"ProjectTimeWebApp.Test.Controller.TestProjectUserController.Test_DeleteProjectUserPost_WithResponse","DisplayName":"Test_DeleteProjectUserPost_WithResponse","ExecutorUri":"executor://NUnit3TestExecutor","Source":"C:\\EAD\\ProjectTime\\ProjectTimeWebApp.Test\\bin\\Debug\\net6.0\\fine-code-coverage\\build-output\\ProjectTimeWebApp.Test.dll","CodeFilePath":null,"LineNumber":0,"Properties":[{"Key":{"Id":"NUnit.Seed","Label":"Seed","Category":"","Description":"","Attributes":0,"ValueType":"System.String"},"Value":"1960998477"}]}]}}
TpTrace Verbose: 0 : 8296, 13, 2022/12/04, 20:02:19.258, 14532031079448, vstest.console.dll, TestRunRequest:SendTestRunStatsChange: Starting.
TpTrace Verbose: 0 : 8296, 13, 2022/12/04, 20:02:19.258, 14532031079803, vstest.console.dll, InProgress is Test_DeleteProjectUserPost_WithResponse
TpTrace Verbose: 0 : 8296, 13, 2022/12/04, 20:02:19.258, 14532031080022, vstest.console.dll, MulticastDelegateUtilities.SafeInvoke: TestRun.RunStatsChanged: Invoking callbacks was skipped because there are no subscribers.
TpTrace Information: 0 : 8296, 13, 2022/12/04, 20:02:19.259, 14532031080168, vstest.console.dll, TestRunRequest:SendTestRunStatsChange: Completed.
TpTrace Verbose: 0 : 8296, 13, 2022/12/04, 20:02:19.259, 14532031080314, vstest.console.dll, MulticastDelegateUtilities.SafeInvoke: LengthPrefixCommunicationChannel: MessageReceived: Invoking callback 1/1 for Microsoft.VisualStudio.TestPlatform.CommunicationUtilities.TestRequestSender+<>c__DisplayClass31_0., took 0 ms.
TpTrace Verbose: 0 : 8296, 13, 2022/12/04, 20:02:19.259, 14532031080479, vstest.console.dll, TcpClientExtensions.MessageLoopAsync: Polling on remoteEndPoint: 127.0.0.1:63560 localEndPoint: 127.0.0.1:63559
TpTrace Verbose: 0 : 8296, 4, 2022/12/04, 20:02:19.259, 14532031081028, vstest.console.dll, MulticastDelegateUtilities.SafeInvoke: InternalTestLoggerEvents.SendTestResult: Invoking callback 1/1 for Microsoft.VisualStudio.TestPlatform.CommandLine.Internal.ConsoleLogger., took 0 ms.
TpTrace Verbose: 0 : 8296, 4, 2022/12/04, 20:02:19.259, 14532031082206, vstest.console.dll, MulticastDelegateUtilities.SafeInvoke: InternalTestLoggerEvents.SendTestResult: Invoking callback 1/1 for Microsoft.VisualStudio.TestPlatform.CommandLine.Internal.ConsoleLogger., took 0 ms.
TpTrace Verbose: 0 : 8296, 4, 2022/12/04, 20:02:19.259, 14532031082821, vstest.console.dll, MulticastDelegateUtilities.SafeInvoke: InternalTestLoggerEvents.SendTestResult: Invoking callback 1/1 for Microsoft.VisualStudio.TestPlatform.CommandLine.Internal.ConsoleLogger., took 0 ms.
TpTrace Verbose: 0 : 8296, 4, 2022/12/04, 20:02:19.259, 14532031083152, vstest.console.dll, MulticastDelegateUtilities.SafeInvoke: InternalTestLoggerEvents.SendTestResult: Invoking callback 1/1 for Microsoft.VisualStudio.TestPlatform.CommandLine.Internal.ConsoleLogger., took 0 ms.
TpTrace Verbose: 0 : 8296, 4, 2022/12/04, 20:02:19.259, 14532031083425, vstest.console.dll, MulticastDelegateUtilities.SafeInvoke: InternalTestLoggerEvents.SendTestResult: Invoking callback 1/1 for Microsoft.VisualStudio.TestPlatform.CommandLine.Internal.ConsoleLogger., took 0 ms.
TpTrace Verbose: 0 : 8296, 4, 2022/12/04, 20:02:19.259, 14532031083747, vstest.console.dll, MulticastDelegateUtilities.SafeInvoke: InternalTestLoggerEvents.SendTestResult: Invoking callback 1/1 for Microsoft.VisualStudio.TestPlatform.CommandLine.Internal.ConsoleLogger., took 0 ms.
TpTrace Verbose: 0 : 8296, 4, 2022/12/04, 20:02:19.259, 14532031084028, vstest.console.dll, MulticastDelegateUtilities.SafeInvoke: InternalTestLoggerEvents.SendTestResult: Invoking callback 1/1 for Microsoft.VisualStudio.TestPlatform.CommandLine.Internal.ConsoleLogger., took 0 ms.
TpTrace Verbose: 0 : 8296, 4, 2022/12/04, 20:02:19.259, 14532031084294, vstest.console.dll, MulticastDelegateUtilities.SafeInvoke: InternalTestLoggerEvents.SendTestResult: Invoking callback 1/1 for Microsoft.VisualStudio.TestPlatform.CommandLine.Internal.ConsoleLogger., took 0 ms.
TpTrace Verbose: 0 : 8296, 4, 2022/12/04, 20:02:19.259, 14532031084599, vstest.console.dll, MulticastDelegateUtilities.SafeInvoke: InternalTestLoggerEvents.SendTestResult: Invoking callback 1/1 for Microsoft.VisualStudio.TestPlatform.CommandLine.Internal.ConsoleLogger., took 0 ms.
TpTrace Verbose: 0 : 8296, 13, 2022/12/04, 20:02:19.295, 14532031449546, vstest.console.dll, TcpClientExtensions.MessageLoopAsync: NotifyDataAvailable remoteEndPoint: 127.0.0.1:63560 localEndPoint: 127.0.0.1:63559
TpTrace Verbose: 0 : 8296, 13, 2022/12/04, 20:02:19.296, 14532031451810, vstest.console.dll, TestRequestSender.OnExecutionMessageReceived: Received message: {"Version":5,"MessageType":"TestExecution.StatsChange","Payload":{"NewTestResults":[{"TestCase":{"Id":"30ec68c4-8663-0daa-c796-dccdeb1b3bd1","FullyQualifiedName":"ProjectTimeWebApp.Test.Controller.TestProjectUserController.Test_DeleteProjectUserPost_WithResponse","DisplayName":"Test_DeleteProjectUserPost_WithResponse","ExecutorUri":"executor://NUnit3TestExecutor","Source":"C:\\EAD\\ProjectTime\\ProjectTimeWebApp.Test\\bin\\Debug\\net6.0\\fine-code-coverage\\build-output\\ProjectTimeWebApp.Test.dll","CodeFilePath":null,"LineNumber":0,"Properties":[{"Key":{"Id":"NUnit.Seed","Label":"Seed","Category":"","Description":"","Attributes":0,"ValueType":"System.String"},"Value":"1960998477"}]},"Attachments":[],"Outcome":1,"ErrorMessage":null,"ErrorStackTrace":null,"DisplayName":"Test_DeleteProjectUserPost_WithResponse","Messages":[],"ComputerName":"UPE002616","Duration":"00:00:00.0158770","StartTime":"2022-12-04T20:02:19.2565369+00:00","EndTime":"2022-12-04T20:02:19.2724133+00:00","Properties":[{"Key":{"Id":"NUnit.Seed","Label":"Seed","Category":"","Description":"","Attributes":0,"ValueType":"System.String"},"Value":"1960998477"}]},{"TestCase":{"Id":"c97a66b5-81a0-0269-c976-fefba20a17af","FullyQualifiedName":"ProjectTimeWebApp.Test.Controller.TestProjectUserController.Test_EditProjectUserPost_WithResponse","DisplayName":"Test_EditProjectUserPost_WithResponse","ExecutorUri":"executor://NUnit3TestExecutor","Source":"C:\\EAD\\ProjectTime\\ProjectTimeWebApp.Test\\bin\\Debug\\net6.0\\fine-code-coverage\\build-output\\ProjectTimeWebApp.Test.dll","CodeFilePath":null,"LineNumber":0,"Properties":[{"Key":{"Id":"NUnit.Seed","Label":"Seed","Category":"","Description":"","Attributes":0,"ValueType":"System.String"},"Value":"303342444"}]},"Attachments":[],"Outcome":1,"ErrorMessage":null,"ErrorStackTrace":null,"DisplayName":"Test_EditProjectUserPost_WithResponse","Messages":[],"ComputerName":"UPE002616","Duration":"00:00:00.0104250","StartTime":"2022-12-04T20:02:19.2724364+00:00","EndTime":"2022-12-04T20:02:19.2828609+00:00","Properties":[{"Key":{"Id":"NUnit.Seed","Label":"Seed","Category":"","Description":"","Attributes":0,"ValueType":"System.String"},"Value":"303342444"}]},{"TestCase":{"Id":"d6d43b8c-5e7b-a8eb-8526-f9f76ef0c000","FullyQualifiedName":"ProjectTimeWebApp.Test.Controller.TestProjectUserController.Test_EditProjectUserGet_WithResponse","DisplayName":"Test_EditProjectUserGet_WithResponse","ExecutorUri":"executor://NUnit3TestExecutor","Source":"C:\\EAD\\ProjectTime\\ProjectTimeWebApp.Test\\bin\\Debug\\net6.0\\fine-code-coverage\\build-output\\ProjectTimeWebApp.Test.dll","CodeFilePath":null,"LineNumber":0,"Properties":[{"Key":{"Id":"NUnit.Seed","Label":"Seed","Category":"","Description":"","Attributes":0,"ValueType":"System.String"},"Value":"1277494342"}]},"Attachments":[],"Outcome":1,"ErrorMessage":null,"ErrorStackTrace":null,"DisplayName":"Test_EditProjectUserGet_WithResponse","Messages":[],"ComputerName":"UPE002616","Duration":"00:00:00.0013940","StartTime":"2022-12-04T20:02:19.2828874+00:00","EndTime":"2022-12-04T20:02:19.2842807+00:00","Properties":[{"Key":{"Id":"NUnit.Seed","Label":"Seed","Category":"","Description":"","Attributes":0,"ValueType":"System.String"},"Value":"1277494342"}]},{"TestCase":{"Id":"cfdf3ed5-02ba-b4af-1f3a-15ef0d9a7e78","FullyQualifiedName":"ProjectTimeWebApp.Test.Controller.TestReportsController.Test_Controller_TimeLogReport_ReturnsSuccess()","DisplayName":"Test_Controller_TimeLogReport_ReturnsSuccess()","ExecutorUri":"executor://NUnit3TestExecutor","Source":"C:\\EAD\\ProjectTime\\ProjectTimeWebApp.Test\\bin\\Debug\\net6.0\\fine-code-coverage\\build-output\\ProjectTimeWebApp.Test.dll","CodeFilePath":null,"LineNumber":0,"Properties":[{"Key":{"Id":"NUnit.Seed","Label":"Seed","Category":"","Description":"","Attributes":0,"ValueType":"System.String"},"Value":"2082641261"}]},"Attachments":[],"Outcome":1,"ErrorMessage":null,"ErrorStackTrace":null,"DisplayName":"Test_Controller_TimeLogReport_ReturnsSuccess()","Messages":[],"ComputerName":"UPE002616","Duration":"00:00:00.0004190","StartTime":"2022-12-04T20:02:19.2845212+00:00","EndTime":"2022-12-04T20:02:19.2849399+00:00","Properties":[{"Key":{"Id":"NUnit.Seed","Label":"Seed","Category":"","Description":"","Attributes":0,"ValueType":"System.String"},"Value":"2082641261"}]},{"TestCase":{"Id":"75d7f2ae-62cc-57d9-c862-494a967b509f","FullyQualifiedName":"ProjectTimeWebApp.Test.Controller.TestReportsController.Test_Controller_ProjectEstimateSummaryReport_ReturnsSuccess()","DisplayName":"Test_Controller_ProjectEstimateSummaryReport_ReturnsSuccess()","ExecutorUri":"executor://NUnit3TestExecutor","Source":"C:\\EAD\\ProjectTime\\ProjectTimeWebApp.Test\\bin\\Debug\\net6.0\\fine-code-coverage\\build-output\\ProjectTimeWebApp.Test.dll","CodeFilePath":null,"LineNumber":0,"Properties":[{"Key":{"Id":"NUnit.Seed","Label":"Seed","Category":"","Description":"","Attributes":0,"ValueType":"System.String"},"Value":"1180435477"}]},"Attachments":[],"Outcome":1,"ErrorMessage":null,"ErrorStackTrace":null,"DisplayName":"Test_Controller_ProjectEstimateSummaryReport_ReturnsSuccess()","Messages":[],"ComputerName":"UPE002616","Duration":"00:00:00.0002490","StartTime":"2022-12-04T20:02:19.2849725+00:00","EndTime":"2022-12-04T20:02:19.285221+00:00","Properties":[{"Key":{"Id":"NUnit.Seed","Label":"Seed","Category":"","Description":"","Attributes":0,"ValueType":"System.String"},"Value":"1180435477"}]},{"TestCase":{"Id":"5c92e74f-daff-3da9-1dcc-863abe0f1c55","FullyQualifiedName":"ProjectTimeWebApp.Test.Controller.TestReportsController.Test_Controller_ProjectEstimateReport_ReturnsSuccess()","DisplayName":"Test_Controller_ProjectEstimateReport_ReturnsSuccess()","ExecutorUri":"executor://NUnit3TestExecutor","Source":"C:\\EAD\\ProjectTime\\ProjectTimeWebApp.Test\\bin\\Debug\\net6.0\\fine-code-coverage\\build-output\\ProjectTimeWebApp.Test.dll","CodeFilePath":null,"LineNumber":0,"Properties":[{"Key":{"Id":"NUnit.Seed","Label":"Seed","Category":"","Description":"","Attributes":0,"ValueType":"System.String"},"Value":"1283582087"}]},"Attachments":[],"Outcome":1,"ErrorMessage":null,"ErrorStackTrace":null,"DisplayName":"Test_Controller_ProjectEstimateReport_ReturnsSuccess()","Messages":[],"ComputerName":"UPE002616","Duration":"00:00:00.0002040","StartTime":"2022-12-04T20:02:19.2852482+00:00","EndTime":"2022-12-04T20:02:19.2854518+00:00","Properties":[{"Key":{"Id":"NUnit.Seed","Label":"Seed","Category":"","Description":"","Attributes":0,"ValueType":"System.String"},"Value":"1283582087"}]},{"TestCase":{"Id":"92904dea-0490-d2ef-72d8-898ebde87590","FullyQualifiedName":"ProjectTimeWebApp.Test.Controller.TestReportsController.Test_Controller_ActualVEstimateEffortReport_ReturnsSuccess()","DisplayName":"Test_Controller_ActualVEstimateEffortReport_ReturnsSuccess()","ExecutorUri":"executor://NUnit3TestExecutor","Source":"C:\\EAD\\ProjectTime\\ProjectTimeWebApp.Test\\bin\\Debug\\net6.0\\fine-code-coverage\\build-output\\ProjectTimeWebApp.Test.dll","CodeFilePath":null,"LineNumber":0,"Properties":[{"Key":{"Id":"NUnit.Seed","Label":"Seed","Category":"","Description":"","Attributes":0,"ValueType":"System.String"},"Value":"517611472"}]},"Attachments":[],"Outcome":1,"ErrorMessage":null,"ErrorStackTrace":null,"DisplayName":"Test_Controller_ActualVEstimateEffortReport_ReturnsSuccess()","Messages":[],"ComputerName":"UPE002616","Duration":"00:00:00.0001930","StartTime":"2022-12-04T20:02:19.2854771+00:00","EndTime":"2022-12-04T20:02:19.2856704+00:00","Properties":[{"Key":{"Id":"NUnit.Seed","Label":"Seed","Category":"","Description":"","Attributes":0,"ValueType":"System.String"},"Value":"517611472"}]},{"TestCase":{"Id":"9e1e7dec-f6b5-8aa2-8393-cfcd5ffef076","FullyQualifiedName":"ProjectTimeWebApp.Test.Controller.TestReportsController.Test_Controller_ActualVEstimateVarianceReport_ReturnsSuccess()","DisplayName":"Test_Controller_ActualVEstimateVarianceReport_ReturnsSuccess()","ExecutorUri":"executor://NUnit3TestExecutor","Source":"C:\\EAD\\ProjectTime\\ProjectTimeWebApp.Test\\bin\\Debug\\net6.0\\fine-code-coverage\\build-output\\ProjectTimeWebApp.Test.dll","CodeFilePath":null,"LineNumber":0,"Properties":[{"Key":{"Id":"NUnit.Seed","Label":"Seed","Category":"","Description":"","Attributes":0,"ValueType":"System.String"},"Value":"2095231574"}]},"Attachments":[],"Outcome":1,"ErrorMessage":null,"ErrorStackTrace":null,"DisplayName":"Test_Controller_ActualVEstimateVarianceReport_ReturnsSuccess()","Messages":[],"ComputerName":"UPE002616","Duration":"00:00:00.0001990","StartTime":"2022-12-04T20:02:19.2856979+00:00","EndTime":"2022-12-04T20:02:19.2858972+00:00","Properties":[{"Key":{"Id":"NUnit.Seed","Label":"Seed","Category":"","Description":"","Attributes":0,"ValueType":"System.String"},"Value":"2095231574"}]},{"TestCase":{"Id":"cf695297-318c-f53d-5a94-e50ba8df94ac","FullyQualifiedName":"ProjectTimeWebApp.Test.Controller.TestReportsController.Test_Controller_ActualVEstimateSummaryReport_ReturnsSuccess()","DisplayName":"Test_Controller_ActualVEstimateSummaryReport_ReturnsSuccess()","ExecutorUri":"executor://NUnit3TestExecutor","Source":"C:\\EAD\\ProjectTime\\ProjectTimeWebApp.Test\\bin\\Debug\\net6.0\\fine-code-coverage\\build-output\\ProjectTimeWebApp.Test.dll","CodeFilePath":null,"LineNumber":0,"Properties":[{"Key":{"Id":"NUnit.Seed","Label":"Seed","Category":"","Description":"","Attributes":0,"ValueType":"System.String"},"Value":"1845739371"}]},"Attachments":[],"Outcome":1,"ErrorMessage":null,"ErrorStackTrace":null,"DisplayName":"Test_Controller_ActualVEstimateSummaryReport_ReturnsSuccess()","Messages":[],"ComputerName":"UPE002616","Duration":"00:00:00.0002130","StartTime":"2022-12-04T20:02:19.2859243+00:00","EndTime":"2022-12-04T20:02:19.286137+00:00","Properties":[{"Key":{"Id":"NUnit.Seed","Label":"Seed","Category":"","Description":"","Attributes":0,"ValueType":"System.String"},"Value":"1845739371"}]}],"TestRunStatistics":{"ExecutedTests":54,"Stats":{"Passed":54}},"ActiveTests":[{"Id":"b97d69d4-4cc3-dd64-f480-e97ec5f913d3","FullyQualifiedName":"ProjectTimeWebApp.Test.Controller.TestReportsController.Test_Controller_RescourcingReport_ReturnsSuccess()","DisplayName":"Test_Controller_RescourcingReport_ReturnsSuccess()","ExecutorUri":"executor://NUnit3TestExecutor","Source":"C:\\EAD\\ProjectTime\\ProjectTimeWebApp.Test\\bin\\Debug\\net6.0\\fine-code-coverage\\build-output\\ProjectTimeWebApp.Test.dll","CodeFilePath":null,"LineNumber":0,"Properties":[{"Key":{"Id":"NUnit.Seed","Label":"Seed","Category":"","Description":"","Attributes":0,"ValueType":"System.String"},"Value":"279643742"}]}]}}
TpTrace Verbose: 0 : 8296, 13, 2022/12/04, 20:02:19.296, 14532031458470, vstest.console.dll, TestRunRequest:SendTestRunStatsChange: Starting.
TpTrace Verbose: 0 : 8296, 13, 2022/12/04, 20:02:19.296, 14532031458830, vstest.console.dll, InProgress is Test_Controller_RescourcingReport_ReturnsSuccess()
TpTrace Verbose: 0 : 8296, 13, 2022/12/04, 20:02:19.296, 14532031459105, vstest.console.dll, MulticastDelegateUtilities.SafeInvoke: TestRun.RunStatsChanged: Invoking callbacks was skipped because there are no subscribers.
TpTrace Information: 0 : 8296, 13, 2022/12/04, 20:02:19.296, 14532031459244, vstest.console.dll, TestRunRequest:SendTestRunStatsChange: Completed.
TpTrace Verbose: 0 : 8296, 13, 2022/12/04, 20:02:19.296, 14532031459398, vstest.console.dll, MulticastDelegateUtilities.SafeInvoke: LengthPrefixCommunicationChannel: MessageReceived: Invoking callback 1/1 for Microsoft.VisualStudio.TestPlatform.CommunicationUtilities.TestRequestSender+<>c__DisplayClass31_0., took 0 ms.
TpTrace Verbose: 0 : 8296, 13, 2022/12/04, 20:02:19.296, 14532031459570, vstest.console.dll, TcpClientExtensions.MessageLoopAsync: Polling on remoteEndPoint: 127.0.0.1:63560 localEndPoint: 127.0.0.1:63559
TpTrace Verbose: 0 : 8296, 4, 2022/12/04, 20:02:19.296, 14532031459648, vstest.console.dll, MulticastDelegateUtilities.SafeInvoke: InternalTestLoggerEvents.SendTestResult: Invoking callback 1/1 for Microsoft.VisualStudio.TestPlatform.CommandLine.Internal.ConsoleLogger., took 0 ms.
TpTrace Verbose: 0 : 8296, 4, 2022/12/04, 20:02:19.297, 14532031460399, vstest.console.dll, MulticastDelegateUtilities.SafeInvoke: InternalTestLoggerEvents.SendTestResult: Invoking callback 1/1 for Microsoft.VisualStudio.TestPlatform.CommandLine.Internal.ConsoleLogger., took 0 ms.
TpTrace Verbose: 0 : 8296, 4, 2022/12/04, 20:02:19.297, 14532031460809, vstest.console.dll, MulticastDelegateUtilities.SafeInvoke: InternalTestLoggerEvents.SendTestResult: Invoking callback 1/1 for Microsoft.VisualStudio.TestPlatform.CommandLine.Internal.ConsoleLogger., took 0 ms.
TpTrace Verbose: 0 : 8296, 4, 2022/12/04, 20:02:19.297, 14532031461120, vstest.console.dll, MulticastDelegateUtilities.SafeInvoke: InternalTestLoggerEvents.SendTestResult: Invoking callback 1/1 for Microsoft.VisualStudio.TestPlatform.CommandLine.Internal.ConsoleLogger., took 0 ms.
TpTrace Verbose: 0 : 8296, 4, 2022/12/04, 20:02:19.297, 14532031461411, vstest.console.dll, MulticastDelegateUtilities.SafeInvoke: InternalTestLoggerEvents.SendTestResult: Invoking callback 1/1 for Microsoft.VisualStudio.TestPlatform.CommandLine.Internal.ConsoleLogger., took 0 ms.
TpTrace Verbose: 0 : 8296, 4, 2022/12/04, 20:02:19.297, 14532031461825, vstest.console.dll, MulticastDelegateUtilities.SafeInvoke: InternalTestLoggerEvents.SendTestResult: Invoking callback 1/1 for Microsoft.VisualStudio.TestPlatform.CommandLine.Internal.ConsoleLogger., took 0 ms.
TpTrace Verbose: 0 : 8296, 4, 2022/12/04, 20:02:19.297, 14532031462157, vstest.console.dll, MulticastDelegateUtilities.SafeInvoke: InternalTestLoggerEvents.SendTestResult: Invoking callback 1/1 for Microsoft.VisualStudio.TestPlatform.CommandLine.Internal.ConsoleLogger., took 0 ms.
TpTrace Verbose: 0 : 8296, 4, 2022/12/04, 20:02:19.297, 14532031462507, vstest.console.dll, MulticastDelegateUtilities.SafeInvoke: InternalTestLoggerEvents.SendTestResult: Invoking callback 1/1 for Microsoft.VisualStudio.TestPlatform.CommandLine.Internal.ConsoleLogger., took 0 ms.
TpTrace Verbose: 0 : 8296, 4, 2022/12/04, 20:02:19.297, 14532031462844, vstest.console.dll, MulticastDelegateUtilities.SafeInvoke: InternalTestLoggerEvents.SendTestResult: Invoking callback 1/1 for Microsoft.VisualStudio.TestPlatform.CommandLine.Internal.ConsoleLogger., took 0 ms.
TpTrace Verbose: 0 : 8296, 13, 2022/12/04, 20:02:19.427, 14532032768985, vstest.console.dll, TcpClientExtensions.MessageLoopAsync: NotifyDataAvailable remoteEndPoint: 127.0.0.1:63560 localEndPoint: 127.0.0.1:63559
TpTrace Verbose: 0 : 8296, 13, 2022/12/04, 20:02:19.428, 14532032770588, vstest.console.dll, TestRequestSender.OnExecutionMessageReceived: Received message: {"Version":5,"MessageType":"TestExecution.StatsChange","Payload":{"NewTestResults":[{"TestCase":{"Id":"b97d69d4-4cc3-dd64-f480-e97ec5f913d3","FullyQualifiedName":"ProjectTimeWebApp.Test.Controller.TestReportsController.Test_Controller_RescourcingReport_ReturnsSuccess()","DisplayName":"Test_Controller_RescourcingReport_ReturnsSuccess()","ExecutorUri":"executor://NUnit3TestExecutor","Source":"C:\\EAD\\ProjectTime\\ProjectTimeWebApp.Test\\bin\\Debug\\net6.0\\fine-code-coverage\\build-output\\ProjectTimeWebApp.Test.dll","CodeFilePath":null,"LineNumber":0,"Properties":[{"Key":{"Id":"NUnit.Seed","Label":"Seed","Category":"","Description":"","Attributes":0,"ValueType":"System.String"},"Value":"279643742"}]},"Attachments":[],"Outcome":1,"ErrorMessage":null,"ErrorStackTrace":null,"DisplayName":"Test_Controller_RescourcingReport_ReturnsSuccess()","Messages":[],"ComputerName":"UPE002616","Duration":"00:00:00.0002100","StartTime":"2022-12-04T20:02:19.2861694+00:00","EndTime":"2022-12-04T20:02:19.2863795+00:00","Properties":[{"Key":{"Id":"NUnit.Seed","Label":"Seed","Category":"","Description":"","Attributes":0,"ValueType":"System.String"},"Value":"279643742"}]},{"TestCase":{"Id":"2fc725bf-5c23-3179-6a9f-66bacf5acb66","FullyQualifiedName":"ProjectTimeWebApp.Test.Controller.TestReportsController.Test_Controller_TimeLogSummaryReport_ReturnsSuccess()","DisplayName":"Test_Controller_TimeLogSummaryReport_ReturnsSuccess()","ExecutorUri":"executor://NUnit3TestExecutor","Source":"C:\\EAD\\ProjectTime\\ProjectTimeWebApp.Test\\bin\\Debug\\net6.0\\fine-code-coverage\\build-output\\ProjectTimeWebApp.Test.dll","CodeFilePath":null,"LineNumber":0,"Properties":[{"Key":{"Id":"NUnit.Seed","Label":"Seed","Category":"","Description":"","Attributes":0,"ValueType":"System.String"},"Value":"502113722"}]},"Attachments":[],"Outcome":1,"ErrorMessage":null,"ErrorStackTrace":null,"DisplayName":"Test_Controller_TimeLogSummaryReport_ReturnsSuccess()","Messages":[],"ComputerName":"UPE002616","Duration":"00:00:00.0001979","StartTime":"2022-12-04T20:02:19.286411+00:00","EndTime":"2022-12-04T20:02:19.2866085+00:00","Properties":[{"Key":{"Id":"NUnit.Seed","Label":"Seed","Category":"","Description":"","Attributes":0,"ValueType":"System.String"},"Value":"502113722"}]},{"TestCase":{"Id":"7982cd1d-10d8-f878-f40a-a772c5c4eb14","FullyQualifiedName":"ProjectTimeWebApp.Test.Controller.TestTimeLogController.Test_Controller_Index_ReturnsSuccess()","DisplayName":"Test_Controller_Index_ReturnsSuccess()","ExecutorUri":"executor://NUnit3TestExecutor","Source":"C:\\EAD\\ProjectTime\\ProjectTimeWebApp.Test\\bin\\Debug\\net6.0\\fine-code-coverage\\build-output\\ProjectTimeWebApp.Test.dll","CodeFilePath":null,"LineNumber":0,"Properties":[{"Key":{"Id":"NUnit.Seed","Label":"Seed","Category":"","Description":"","Attributes":0,"ValueType":"System.String"},"Value":"810269784"}]},"Attachments":[],"Outcome":1,"ErrorMessage":null,"ErrorStackTrace":null,"DisplayName":"Test_Controller_Index_ReturnsSuccess()","Messages":[],"ComputerName":"UPE002616","Duration":"00:00:00.0448039","StartTime":"2022-12-04T20:02:19.2999217+00:00","EndTime":"2022-12-04T20:02:19.3447256+00:00","Properties":[{"Key":{"Id":"NUnit.Seed","Label":"Seed","Category":"","Description":"","Attributes":0,"ValueType":"System.String"},"Value":"810269784"}]},{"TestCase":{"Id":"fb62690b-60f9-3bdb-9184-5eeca0860706","FullyQualifiedName":"ProjectTimeWebApp.Test.Controller.TestTimeLogController.Test_Controller_IndexTimeLog_ReturnsSuccess()","DisplayName":"Test_Controller_IndexTimeLog_ReturnsSuccess()","ExecutorUri":"executor://NUnit3TestExecutor","Source":"C:\\EAD\\ProjectTime\\ProjectTimeWebApp.Test\\bin\\Debug\\net6.0\\fine-code-coverage\\build-output\\ProjectTimeWebApp.Test.dll","CodeFilePath":null,"LineNumber":0,"Properties":[{"Key":{"Id":"NUnit.Seed","Label":"Seed","Category":"","Description":"","Attributes":0,"ValueType":"System.String"},"Value":"962850528"}]},"Attachments":[],"Outcome":1,"ErrorMessage":null,"ErrorStackTrace":null,"DisplayName":"Test_Controller_IndexTimeLog_ReturnsSuccess()","Messages":[],"ComputerName":"UPE002616","Duration":"00:00:00.0004440","StartTime":"2022-12-04T20:02:19.3447877+00:00","EndTime":"2022-12-04T20:02:19.3452317+00:00","Properties":[{"Key":{"Id":"NUnit.Seed","Label":"Seed","Category":"","Description":"","Attributes":0,"ValueType":"System.String"},"Value":"962850528"}]},{"TestCase":{"Id":"a15635b3-3b2d-9a6a-66c2-854ffaf7c4f9","FullyQualifiedName":"ProjectTimeWebApp.Test.Controller.TestTimeLogController.Test_CreateControllerGet_ReturnsSuccess","DisplayName":"Test_CreateControllerGet_ReturnsSuccess","ExecutorUri":"executor://NUnit3TestExecutor","Source":"C:\\EAD\\ProjectTime\\ProjectTimeWebApp.Test\\bin\\Debug\\net6.0\\fine-code-coverage\\build-output\\ProjectTimeWebApp.Test.dll","CodeFilePath":null,"LineNumber":0,"Properties":[{"Key":{"Id":"NUnit.Seed","Label":"Seed","Category":"","Description":"","Attributes":0,"ValueType":"System.String"},"Value":"314766048"}]},"Attachments":[],"Outcome":1,"ErrorMessage":null,"ErrorStackTrace":null,"DisplayName":"Test_CreateControllerGet_ReturnsSuccess","Messages":[],"ComputerName":"UPE002616","Duration":"00:00:00.0087379","StartTime":"2022-12-04T20:02:19.3452501+00:00","EndTime":"2022-12-04T20:02:19.3539874+00:00","Properties":[{"Key":{"Id":"NUnit.Seed","Label":"Seed","Category":"","Description":"","Attributes":0,"ValueType":"System.String"},"Value":"314766048"}]},{"TestCase":{"Id":"ef8eaaf2-d8e5-74cb-c6ed-5a81dc87210e","FullyQualifiedName":"ProjectTimeWebApp.Test.Controller.TestTimeLogController.Test_CreateControllerPost_WithResponseAsync","DisplayName":"Test_CreateControllerPost_WithResponseAsync","ExecutorUri":"executor://NUnit3TestExecutor","Source":"C:\\EAD\\ProjectTime\\ProjectTimeWebApp.Test\\bin\\Debug\\net6.0\\fine-code-coverage\\build-output\\ProjectTimeWebApp.Test.dll","CodeFilePath":null,"LineNumber":0,"Properties":[{"Key":{"Id":"NUnit.Seed","Label":"Seed","Category":"","Description":"","Attributes":0,"ValueType":"System.String"},"Value":"455689637"}]},"Attachments":[],"Outcome":1,"ErrorMessage":null,"ErrorStackTrace":null,"DisplayName":"Test_CreateControllerPost_WithResponseAsync","Messages":[],"ComputerName":"UPE002616","Duration":"00:00:00.0253229","StartTime":"2022-12-04T20:02:19.3540086+00:00","EndTime":"2022-12-04T20:02:19.3793315+00:00","Properties":[{"Key":{"Id":"NUnit.Seed","Label":"Seed","Category":"","Description":"","Attributes":0,"ValueType":"System.String"},"Value":"455689637"}]},{"TestCase":{"Id":"57ae7b6d-d496-1bb5-b1db-caf7dd450b3f","FullyQualifiedName":"ProjectTimeWebApp.Test.Controller.TestTimeLogController.Test_EditTimeLogPost_WithResponse","DisplayName":"Test_EditTimeLogPost_WithResponse","ExecutorUri":"executor://NUnit3TestExecutor","Source":"C:\\EAD\\ProjectTime\\ProjectTimeWebApp.Test\\bin\\Debug\\net6.0\\fine-code-coverage\\build-output\\ProjectTimeWebApp.Test.dll","CodeFilePath":null,"LineNumber":0,"Properties":[{"Key":{"Id":"NUnit.Seed","Label":"Seed","Category":"","Description":"","Attributes":0,"ValueType":"System.String"},"Value":"2110486497"}]},"Attachments":[],"Outcome":1,"ErrorMessage":null,"ErrorStackTrace":null,"DisplayName":"Test_EditTimeLogPost_WithResponse","Messages":[],"ComputerName":"UPE002616","Duration":"00:00:00.0126890","StartTime":"2022-12-04T20:02:19.3793539+00:00","EndTime":"2022-12-04T20:02:19.3920426+00:00","Properties":[{"Key":{"Id":"NUnit.Seed","Label":"Seed","Category":"","Description":"","Attributes":0,"ValueType":"System.String"},"Value":"2110486497"}]},{"TestCase":{"Id":"01921568-e17b-87f0-07d6-ced6351ee828","FullyQualifiedName":"ProjectTimeWebApp.Test.Controller.TestTimeLogController.Test_EditTimeLogtGet_WithResponse","DisplayName":"Test_EditTimeLogtGet_WithResponse","ExecutorUri":"executor://NUnit3TestExecutor","Source":"C:\\EAD\\ProjectTime\\ProjectTimeWebApp.Test\\bin\\Debug\\net6.0\\fine-code-coverage\\build-output\\ProjectTimeWebApp.Test.dll","CodeFilePath":null,"LineNumber":0,"Properties":[{"Key":{"Id":"NUnit.Seed","Label":"Seed","Category":"","Description":"","Attributes":0,"ValueType":"System.String"},"Value":"533943052"}]},"Attachments":[],"Outcome":1,"ErrorMessage":null,"ErrorStackTrace":null,"DisplayName":"Test_EditTimeLogtGet_WithResponse","Messages":[],"ComputerName":"UPE002616","Duration":"00:00:00.0299250","StartTime":"2022-12-04T20:02:19.3920745+00:00","EndTime":"2022-12-04T20:02:19.421999+00:00","Properties":[{"Key":{"Id":"NUnit.Seed","Label":"Seed","Category":"","Description":"","Attributes":0,"ValueType":"System.String"},"Value":"533943052"}]},{"TestCase":{"Id":"1a99562d-47cc-688a-d96d-a1b8fe06cc6b","FullyQualifiedName":"ProjectTimeWebApp.Test.Controller.TestTimeLogController.Test_DeleteTimeLogtGet_WithResponse","DisplayName":"Test_DeleteTimeLogtGet_WithResponse","ExecutorUri":"executor://NUnit3TestExecutor","Source":"C:\\EAD\\ProjectTime\\ProjectTimeWebApp.Test\\bin\\Debug\\net6.0\\fine-code-coverage\\build-output\\ProjectTimeWebApp.Test.dll","CodeFilePath":null,"LineNumber":0,"Properties":[{"Key":{"Id":"NUnit.Seed","Label":"Seed","Category":"","Description":"","Attributes":0,"ValueType":"System.String"},"Value":"959875391"}]},"Attachments":[],"Outcome":1,"ErrorMessage":null,"ErrorStackTrace":null,"DisplayName":"Test_DeleteTimeLogtGet_WithResponse","Messages":[],"ComputerName":"UPE002616","Duration":"00:00:00.0044430","StartTime":"2022-12-04T20:02:19.422021+00:00","EndTime":"2022-12-04T20:02:19.4264641+00:00","Properties":[{"Key":{"Id":"NUnit.Seed","Label":"Seed","Category":"","Description":"","Attributes":0,"ValueType":"System.String"},"Value":"959875391"}]}],"TestRunStatistics":{"ExecutedTests":63,"Stats":{"Passed":63}},"ActiveTests":[{"Id":"265c29b4-c14a-551f-23c5-182ba4084bb1","FullyQualifiedName":"ProjectTimeWebApp.Test.Controller.TestTimeLogController.Test_DeleteTimeLogPost_WithResponse","DisplayName":"Test_DeleteTimeLogPost_WithResponse","ExecutorUri":"executor://NUnit3TestExecutor","Source":"C:\\EAD\\ProjectTime\\ProjectTimeWebApp.Test\\bin\\Debug\\net6.0\\fine-code-coverage\\build-output\\ProjectTimeWebApp.Test.dll","CodeFilePath":null,"LineNumber":0,"Properties":[{"Key":{"Id":"NUnit.Seed","Label":"Seed","Category":"","Description":"","Attributes":0,"ValueType":"System.String"},"Value":"618014457"}]}]}}
TpTrace Verbose: 0 : 8296, 13, 2022/12/04, 20:02:19.428, 14532032775016, vstest.console.dll, TestRunRequest:SendTestRunStatsChange: Starting.
TpTrace Verbose: 0 : 8296, 13, 2022/12/04, 20:02:19.428, 14532032775400, vstest.console.dll, InProgress is Test_DeleteTimeLogPost_WithResponse
TpTrace Verbose: 0 : 8296, 13, 2022/12/04, 20:02:19.428, 14532032775739, vstest.console.dll, MulticastDelegateUtilities.SafeInvoke: TestRun.RunStatsChanged: Invoking callbacks was skipped because there are no subscribers.
TpTrace Information: 0 : 8296, 13, 2022/12/04, 20:02:19.428, 14532032775889, vstest.console.dll, TestRunRequest:SendTestRunStatsChange: Completed.
TpTrace Verbose: 0 : 8296, 13, 2022/12/04, 20:02:19.428, 14532032776125, vstest.console.dll, MulticastDelegateUtilities.SafeInvoke: LengthPrefixCommunicationChannel: MessageReceived: Invoking callback 1/1 for Microsoft.VisualStudio.TestPlatform.CommunicationUtilities.TestRequestSender+<>c__DisplayClass31_0., took 0 ms.
TpTrace Verbose: 0 : 8296, 13, 2022/12/04, 20:02:19.428, 14532032776327, vstest.console.dll, TcpClientExtensions.MessageLoopAsync: Polling on remoteEndPoint: 127.0.0.1:63560 localEndPoint: 127.0.0.1:63559
TpTrace Verbose: 0 : 8296, 4, 2022/12/04, 20:02:19.428, 14532032776306, vstest.console.dll, MulticastDelegateUtilities.SafeInvoke: InternalTestLoggerEvents.SendTestResult: Invoking callback 1/1 for Microsoft.VisualStudio.TestPlatform.CommandLine.Internal.ConsoleLogger., took 0 ms.
TpTrace Verbose: 0 : 8296, 4, 2022/12/04, 20:02:19.428, 14532032777209, vstest.console.dll, MulticastDelegateUtilities.SafeInvoke: InternalTestLoggerEvents.SendTestResult: Invoking callback 1/1 for Microsoft.VisualStudio.TestPlatform.CommandLine.Internal.ConsoleLogger., took 0 ms.
TpTrace Verbose: 0 : 8296, 4, 2022/12/04, 20:02:19.428, 14532032777737, vstest.console.dll, MulticastDelegateUtilities.SafeInvoke: InternalTestLoggerEvents.SendTestResult: Invoking callback 1/1 for Microsoft.VisualStudio.TestPlatform.CommandLine.Internal.ConsoleLogger., took 0 ms.
TpTrace Verbose: 0 : 8296, 4, 2022/12/04, 20:02:19.428, 14532032778335, vstest.console.dll, MulticastDelegateUtilities.SafeInvoke: InternalTestLoggerEvents.SendTestResult: Invoking callback 1/1 for Microsoft.VisualStudio.TestPlatform.CommandLine.Internal.ConsoleLogger., took 0 ms.
TpTrace Verbose: 0 : 8296, 4, 2022/12/04, 20:02:19.428, 14532032778657, vstest.console.dll, MulticastDelegateUtilities.SafeInvoke: InternalTestLoggerEvents.SendTestResult: Invoking callback 1/1 for Microsoft.VisualStudio.TestPlatform.CommandLine.Internal.ConsoleLogger., took 0 ms.
TpTrace Verbose: 0 : 8296, 4, 2022/12/04, 20:02:19.428, 14532032778957, vstest.console.dll, MulticastDelegateUtilities.SafeInvoke: InternalTestLoggerEvents.SendTestResult: Invoking callback 1/1 for Microsoft.VisualStudio.TestPlatform.CommandLine.Internal.ConsoleLogger., took 0 ms.
TpTrace Verbose: 0 : 8296, 4, 2022/12/04, 20:02:19.428, 14532032779380, vstest.console.dll, MulticastDelegateUtilities.SafeInvoke: InternalTestLoggerEvents.SendTestResult: Invoking callback 1/1 for Microsoft.VisualStudio.TestPlatform.CommandLine.Internal.ConsoleLogger., took 0 ms.
TpTrace Verbose: 0 : 8296, 4, 2022/12/04, 20:02:19.428, 14532032779662, vstest.console.dll, MulticastDelegateUtilities.SafeInvoke: InternalTestLoggerEvents.SendTestResult: Invoking callback 1/1 for Microsoft.VisualStudio.TestPlatform.CommandLine.Internal.ConsoleLogger., took 0 ms.
TpTrace Verbose: 0 : 8296, 4, 2022/12/04, 20:02:19.428, 14532032779937, vstest.console.dll, MulticastDelegateUtilities.SafeInvoke: InternalTestLoggerEvents.SendTestResult: Invoking callback 1/1 for Microsoft.VisualStudio.TestPlatform.CommandLine.Internal.ConsoleLogger., took 0 ms.
TpTrace Verbose: 0 : 8296, 13, 2022/12/04, 20:02:19.457, 14532033063361, vstest.console.dll, TcpClientExtensions.MessageLoopAsync: NotifyDataAvailable remoteEndPoint: 127.0.0.1:63560 localEndPoint: 127.0.0.1:63559
TpTrace Verbose: 0 : 8296, 13, 2022/12/04, 20:02:19.457, 14532033064447, vstest.console.dll, TestRequestSender.OnExecutionMessageReceived: Received message: {"Version":5,"MessageType":"TestSession.Message","Payload":{"MessageLevel":0,"Message":"NUnit Adapter 4.2.0.0: Test execution complete"}}
TpTrace Verbose: 0 : 8296, 13, 2022/12/04, 20:02:19.457, 14532033065251, vstest.console.dll, TestRunRequest:SendTestRunMessage: Starting.
TpTrace Verbose: 0 : 8296, 13, 2022/12/04, 20:02:19.457, 14532033065779, vstest.console.dll, MulticastDelegateUtilities.SafeInvoke: TestRun.LogMessages: Invoking callback 1/1 for Microsoft.VisualStudio.TestPlatform.CommandLine.TestRunResultAggregator., took 0 ms.
TpTrace Information: 0 : 8296, 13, 2022/12/04, 20:02:19.457, 14532033065933, vstest.console.dll, TestRunRequest:SendTestRunMessage: Completed.
TpTrace Verbose: 0 : 8296, 13, 2022/12/04, 20:02:19.457, 14532033066104, vstest.console.dll, MulticastDelegateUtilities.SafeInvoke: LengthPrefixCommunicationChannel: MessageReceived: Invoking callback 1/1 for Microsoft.VisualStudio.TestPlatform.CommunicationUtilities.TestRequestSender+<>c__DisplayClass31_0., took 0 ms.
TpTrace Verbose: 0 : 8296, 13, 2022/12/04, 20:02:19.457, 14532033066315, vstest.console.dll, TcpClientExtensions.MessageLoopAsync: Polling on remoteEndPoint: 127.0.0.1:63560 localEndPoint: 127.0.0.1:63559
TpTrace Verbose: 0 : 8296, 4, 2022/12/04, 20:02:19.457, 14532033066675, vstest.console.dll, MulticastDelegateUtilities.SafeInvoke: InternalTestLoggerEvents.SendTestRunMessage: Invoking callback 1/1 for Microsoft.VisualStudio.TestPlatform.CommandLine.Internal.ConsoleLogger., took 0 ms.
TpTrace Verbose: 0 : 8296, 13, 2022/12/04, 20:02:19.469, 14532033182513, vstest.console.dll, TcpClientExtensions.MessageLoopAsync: NotifyDataAvailable remoteEndPoint: 127.0.0.1:63560 localEndPoint: 127.0.0.1:63559
TpTrace Verbose: 0 : 8296, 13, 2022/12/04, 20:02:19.469, 14532033183759, vstest.console.dll, TestRequestSender.OnExecutionMessageReceived: Received message: {"Version":5,"MessageType":"TestExecution.Completed","Payload":{"TestRunCompleteArgs":{"TestRunStatistics":{"ExecutedTests":64,"Stats":{"Passed":64}},"IsCanceled":false,"IsAborted":false,"Error":null,"AttachmentSets":[],"ElapsedTimeInRunningTests":"00:00:01.7787826","Metrics":{}},"LastRunTests":{"NewTestResults":[{"TestCase":{"Id":"265c29b4-c14a-551f-23c5-182ba4084bb1","FullyQualifiedName":"ProjectTimeWebApp.Test.Controller.TestTimeLogController.Test_DeleteTimeLogPost_WithResponse","DisplayName":"Test_DeleteTimeLogPost_WithResponse","ExecutorUri":"executor://NUnit3TestExecutor","Source":"C:\\EAD\\ProjectTime\\ProjectTimeWebApp.Test\\bin\\Debug\\net6.0\\fine-code-coverage\\build-output\\ProjectTimeWebApp.Test.dll","CodeFilePath":null,"LineNumber":0,"Properties":[{"Key":{"Id":"NUnit.Seed","Label":"Seed","Category":"","Description":"","Attributes":0,"ValueType":"System.String"},"Value":"618014457"}]},"Attachments":[],"Outcome":1,"ErrorMessage":null,"ErrorStackTrace":null,"DisplayName":"Test_DeleteTimeLogPost_WithResponse","Messages":[],"ComputerName":"UPE002616","Duration":"00:00:00.0210740","StartTime":"2022-12-04T20:02:19.4264814+00:00","EndTime":"2022-12-04T20:02:19.4475546+00:00","Properties":[{"Key":{"Id":"NUnit.Seed","Label":"Seed","Category":"","Description":"","Attributes":0,"ValueType":"System.String"},"Value":"618014457"}]}],"TestRunStatistics":{"ExecutedTests":64,"Stats":{"Passed":64}},"ActiveTests":[]},"RunAttachments":[],"ExecutorUris":["executor://nunit3testexecutor/"]}}
TpTrace Verbose: 0 : 8296, 13, 2022/12/04, 20:02:19.469, 14532033184581, vstest.console.dll, TestRequestSender.EndSession: Sending end session.
TpTrace Verbose: 0 : 8296, 13, 2022/12/04, 20:02:19.469, 14532033186129, vstest.console.dll, ProxyOperationManager.Close: waiting for test host to exit for 100 ms
TpTrace Warning: 0 : 8296, 11, 2022/12/04, 20:02:19.532, 14532033815785, vstest.console.dll, TestHostManagerCallbacks.ErrorReceivedCallback Test host standard error line: 
TpTrace Verbose: 0 : 8296, 11, 2022/12/04, 20:02:19.542, 14532033918602, vstest.console.dll, TestHostProvider.ExitCallBack: Host exited starting callback.
TpTrace Information: 0 : 8296, 11, 2022/12/04, 20:02:19.543, 14532033920180, vstest.console.dll, TestHostManagerCallbacks.ExitCallBack: Testhost processId: 1668 exited with exitcode: 0 error: ''
TpTrace Verbose: 0 : 8296, 11, 2022/12/04, 20:02:19.543, 14532033920457, vstest.console.dll, DotnetTestHostManager.OnHostExited: invoking OnHostExited callback
TpTrace Verbose: 0 : 8296, 11, 2022/12/04, 20:02:19.543, 14532033920758, vstest.console.dll, CrossPlatEngine.TestHostManagerHostExited: calling on client process exit callback.
TpTrace Information: 0 : 8296, 11, 2022/12/04, 20:02:19.543, 14532033921078, vstest.console.dll, TestRequestSender.OnClientProcessExit: Test host process exited. Standard error: 
TpTrace Information: 0 : 8296, 11, 2022/12/04, 20:02:19.543, 14532033921295, vstest.console.dll, SocketServer.Stop: Stop server endPoint: 127.0.0.1:63559
TpTrace Information: 0 : 8296, 11, 2022/12/04, 20:02:19.543, 14532033921437, vstest.console.dll, SocketServer.Stop: Cancellation requested. Stopping message loop.
TpTrace Verbose: 0 : 8296, 11, 2022/12/04, 20:02:19.543, 14532033922137, vstest.console.dll, MulticastDelegateUtilities.SafeInvoke: HostProviderEvents.OnHostExited: Invoking callback 1/1 for Microsoft.VisualStudio.TestPlatform.CrossPlatEngine.Client.ProxyOperationManager., took 0 ms.
TpTrace Information: 0 : 8296, 13, 2022/12/04, 20:02:19.543, 14532033922555, vstest.console.dll, SocketServer.Stop: Stop server endPoint: 127.0.0.1:63559
TpTrace Information: 0 : 8296, 13, 2022/12/04, 20:02:19.543, 14532033923034, vstest.console.dll, SocketServer.Stop: Cancellation requested. Stopping message loop.
TpTrace Information: 0 : 8296, 13, 2022/12/04, 20:02:19.543, 14532033923391, vstest.console.dll, Closing the connection
TpTrace Verbose: 0 : 8296, 13, 2022/12/04, 20:02:19.543, 14532033924952, vstest.console.dll, ProxyDataCollectionManager.InvokeDataCollectionServiceAction: Starting.
TpTrace Information: 0 : 8296, 13, 2022/12/04, 20:02:19.543, 14532033925208, vstest.console.dll, ProxyDataCollectionManager.AfterTestRunEnd: Get attachment set and invoked data collectors processId: 9920 port: 63556
TpTrace Verbose: 0 : 8296, 13, 2022/12/04, 20:02:19.543, 14532033925490, vstest.console.dll, DataCollectionRequestSender.SendAfterTestRunStartAndGetResult: Send AfterTestRunEnd message with isCancelled: False
TpTrace Verbose: 0 : 8296, 13, 2022/12/04, 20:02:19.550, 14532033990925, vstest.console.dll, DataCollectionRequestSender.SendAfterTestRunStartAndGetResult: Received message: (DataCollection.AfterTestRunEndResult) -> {"MessageType":"DataCollection.AfterTestRunEndResult","Payload":{"AttachmentSets":[],"InvokedDataCollectors":[{"Uri":"datacollector://Microsoft/TestPlatform/Extensions/Blame/v1","FriendlyName":"Blame","AssemblyQualifiedName":"Microsoft.TestPlatform.Extensions.BlameDataCollector.BlameCollector, Microsoft.TestPlatform.Extensions.BlameDataCollector, Version=15.0.0.0, Culture=neutral, PublicKeyToken=b03f5f7f11d50a3a","FilePath":"C:\\Program Files\\dotnet\\sdk\\7.0.100\\Extensions\\Microsoft.TestPlatform.Extensions.BlameDataCollector.dll","HasAttachmentProcessor":false}],"Metrics":{}}}
TpTrace Information: 0 : 8296, 13, 2022/12/04, 20:02:19.553, 14532034028782, vstest.console.dll, ProxyDataCollectionManager.InvokeDataCollectionServiceAction: Completed.
TpTrace Verbose: 0 : 8296, 13, 2022/12/04, 20:02:19.576, 14532034258748, vstest.console.dll, TestRunRequest:SendTestRunStatsChange: Starting.
TpTrace Verbose: 0 : 8296, 13, 2022/12/04, 20:02:19.576, 14532034259726, vstest.console.dll, MulticastDelegateUtilities.SafeInvoke: TestRun.RunStatsChanged: Invoking callbacks was skipped because there are no subscribers.
TpTrace Information: 0 : 8296, 13, 2022/12/04, 20:02:19.576, 14532034259904, vstest.console.dll, TestRunRequest:SendTestRunStatsChange: Completed.
TpTrace Verbose: 0 : 8296, 4, 2022/12/04, 20:02:19.577, 14532034261202, vstest.console.dll, MulticastDelegateUtilities.SafeInvoke: InternalTestLoggerEvents.SendTestResult: Invoking callback 1/1 for Microsoft.VisualStudio.TestPlatform.CommandLine.Internal.ConsoleLogger., took 0 ms.
TpTrace Verbose: 0 : 8296, 13, 2022/12/04, 20:02:19.577, 14532034262707, vstest.console.dll, ParallelProxyExecutionManager: HandlePartialRunComplete: Total completed clients = 1, Run complete = True, Run canceled: False.
TpTrace Verbose: 0 : 8296, 4, 2022/12/04, 20:02:19.586, 14532034355472, vstest.console.dll, MulticastDelegateUtilities.SafeInvoke: InternalTestLoggerEvents.SendTestRunComplete: Invoking callback 1/2 for Microsoft.TestPlatform.Extensions.BlameDataCollector.BlameLogger., took 0 ms.
TpTrace Verbose: 0 : 8296, 4, 2022/12/04, 20:02:19.592, 14532034414124, vstest.console.dll, MulticastDelegateUtilities.SafeInvoke: InternalTestLoggerEvents.SendTestRunComplete: Invoking callback 2/2 for Microsoft.VisualStudio.TestPlatform.CommandLine.Internal.ConsoleLogger., took 5 ms.
TpTrace Verbose: 0 : 8296, 13, 2022/12/04, 20:02:19.592, 14532034418953, vstest.console.dll, TestRunRequest:TestRunComplete: Starting. IsAborted:False IsCanceled:False.
TpTrace Verbose: 0 : 8296, 13, 2022/12/04, 20:02:19.593, 14532034428206, vstest.console.dll, TestLoggerManager.HandleTestRunComplete: Ignoring as the object is disposed.
TpTrace Verbose: 0 : 8296, 13, 2022/12/04, 20:02:19.593, 14532034429963, vstest.console.dll, MulticastDelegateUtilities.SafeInvoke: TestRun.TestRunComplete: Invoking callback 1/2 for Microsoft.VisualStudio.TestPlatform.CommandLine.TestRunResultAggregator., took 0 ms.
TpTrace Verbose: 0 : 8296, 13, 2022/12/04, 20:02:19.594, 14532034430987, vstest.console.dll, MulticastDelegateUtilities.SafeInvoke: TestRun.TestRunComplete: Invoking callback 2/2 for Microsoft.VisualStudio.TestPlatform.CommandLine.Processors.RunTestsArgumentExecutor+TestRunRequestEventsRegistrar., took 0 ms.
TpTrace Information: 0 : 8296, 13, 2022/12/04, 20:02:19.594, 14532034432044, vstest.console.dll, TestRunRequest:TestRunComplete: Completed.
TpTrace Verbose: 0 : 8296, 13, 2022/12/04, 20:02:19.594, 14532034432459, vstest.console.dll, TestRequestSender.SetOperationComplete: Setting operation complete.
TpTrace Information: 0 : 8296, 13, 2022/12/04, 20:02:19.594, 14532034432793, vstest.console.dll, SocketServer.Stop: Stop server endPoint: 127.0.0.1:63559
TpTrace Information: 0 : 8296, 13, 2022/12/04, 20:02:19.594, 14532034433115, vstest.console.dll, SocketServer.Stop: Cancellation requested. Stopping message loop.
TpTrace Verbose: 0 : 8296, 1, 2022/12/04, 20:02:19.594, 14532034432938, vstest.console.dll, TestRunRequest.Dispose: Starting.
TpTrace Information: 0 : 8296, 1, 2022/12/04, 20:02:19.594, 14532034433952, vstest.console.dll, TestRunRequest.Dispose: Completed.
TpTrace Verbose: 0 : 8296, 13, 2022/12/04, 20:02:19.594, 14532034434033, vstest.console.dll, MulticastDelegateUtilities.SafeInvoke: LengthPrefixCommunicationChannel: MessageReceived: Invoking callback 1/1 for Microsoft.VisualStudio.TestPlatform.CommunicationUtilities.TestRequestSender+<>c__DisplayClass31_0., took 125 ms.
TpTrace Information: 0 : 8296, 1, 2022/12/04, 20:02:19.594, 14532034434345, vstest.console.dll, TestRequestManager.RunTests: run tests completed.
TpTrace Information: 0 : 8296, 13, 2022/12/04, 20:02:19.594, 14532034435109, vstest.console.dll, SocketServer.PrivateStop: Stopping server endPoint: 127.0.0.1:63559 error: 
TpTrace Information: 0 : 8296, 1, 2022/12/04, 20:02:19.594, 14532034436922, vstest.console.dll, RunTestsArgumentProcessor:Execute: Test run is completed.
TpTrace Verbose: 0 : 8296, 1, 2022/12/04, 20:02:19.594, 14532034439394, vstest.console.dll, Executor.Execute: Exiting with exit code of 0
TpTrace Verbose: 0 : 8296, 13, 2022/12/04, 20:02:19.595, 14532034440884, vstest.console.dll, LengthPrefixCommunicationChannel.Dispose: Dispose reader and writer.
TpTrace Information: 0 : 8296, 13, 2022/12/04, 20:02:19.595, 14532034441439, vstest.console.dll, SocketServer.Stop: Raise disconnected event endPoint: 127.0.0.1:63559 error: 
TpTrace Verbose: 0 : 8296, 13, 2022/12/04, 20:02:19.595, 14532034441968, vstest.console.dll, TestRequestSender: OnTestRunAbort: Operation is already complete. Skip error message.
TpTrace Verbose: 0 : 8296, 13, 2022/12/04, 20:02:19.595, 14532034442215, vstest.console.dll, MulticastDelegateUtilities.SafeInvoke: SocketServer: ClientDisconnected: Invoking callback 1/1 for Microsoft.VisualStudio.TestPlatform.CommunicationUtilities.TestRequestSender., took 0 ms.
TpTrace Verbose: 0 : 8296, 13, 2022/12/04, 20:02:19.595, 14532034442372, vstest.console.dll, TcpClientExtensions.MessageLoopAsync: exiting MessageLoopAsync remoteEndPoint: 127.0.0.1:63560 localEndPoint: 127.0.0.1:63559
